%% MetaTwinsDoubleBlind_behave_Conf for '_notguess': starting at laimixue (       50.0000000000).0-Jan-2019 12:27:337.374455e+05 for '
record = [
%  n dir coh resp isc conf    osti      rtime     oconf     ctime     oisi       iti   total
   1  4   15   2   0    1    2.499041 1.900726   4.564767 1.218190   5.897485 2.101770   6  
   2  4   15   4   1    5    8.496313 1.183373   9.812374 0.253058  10.178885 3.817634   6  
   3  3   15   3   1    6   14.493594 1.967375  16.575981 0.254835  16.942488 3.051342   6  
   4  2   15   2   1    1   20.490864 1.533104  22.190116 0.551247  22.856462 3.134579   6  
   5  2   15   4   0    6   26.504821 1.567588  28.220698 0.770340  29.103632 2.901382   6  
   6  2   15   2   1    3   32.502090 1.649770  34.284630 0.528645  34.934314 3.067916   6  
   7  1   15   1   1    5   38.499379 1.667398  40.298558 1.122512  41.531337 2.468308   6  
   8  2   15   4   0    6   44.496642 1.683107  46.312505 0.310200  46.728987 3.267770   6  
   9  4   15   4   1    6   50.493929 1.300910  51.943268 0.308346  52.359782 3.634376   6  
  10  3   15   3   1    7   56.491209 1.283293  57.890562 0.302601  58.307050 3.684232   6  
  11  3   15   3   1    5   62.488487 1.750535  64.387634 0.410846  64.904073 3.084634   6  
  12  1   15   1   1    7   68.502424 1.699740  70.351621 0.502136  70.967979 3.034672   6  
  13  1   15   1   1    6   74.516377 1.935011  76.598755 0.713574  77.431718 2.584865   6  
  14  4   15   4   1    7   80.513642 1.249984  81.896373 0.453865  82.462770 3.551099   6  
  15  4   15   4   1    5   86.510919 1.700623  88.343420 0.584701  89.043127 2.968046   6  
  16  2   15   1   0    2   92.508192 1.866394  94.490508 0.317943  94.923789 3.084637   6  
  17  1   15   1   1    5   98.505536 1.617644 100.271349 0.346263 100.737799 3.267929   6  
  18  1   15   2   0    3  104.502762 1.766589 106.418347 0.819234 107.351464 2.651516   6  
  19  2   15   4   0    5  110.500042 1.700602 112.332543 0.345881 112.798993 3.201301   6  
  20  1   15   1   1    5  116.497310 1.849742 118.479760 0.738761 119.329353 2.668179   6  
  21  4   15   4   1    6  122.511222 1.401022 124.060551 0.469967 124.643635 3.367844   6  
  22  2   15   1   0    2  128.508586 1.849770 130.524308 0.408799 131.040704 2.968058   6  
  23  1   15   2   0    1  134.505819 1.900620 136.621568 1.125810 137.854291 2.151771   6  
  24  1   15   1   1    6  140.503088 1.633198 142.268957 0.268498 142.652110 3.351209   6  
  25  2   15   2   1    1  146.500380 1.750922 148.449488 0.594734 149.149167 2.851422   6  
  26  3   15   3   1    7  152.497653 1.449752 154.113606 0.239907 154.463412 3.534466   6  
  27  1   15   1   1    6  158.494926 1.484075 160.144178 0.496536 160.760570 3.234579   6  
  28  2   15   3   0    2  164.492208 1.799877 166.474653 0.969338 167.557477 2.434944   6  
  29  2   15   2   1    1  170.506154 1.700599 172.388636 0.580014 173.088316 2.918110   6  
  30  2   15   3   0    1  176.503421 1.733053 178.385895 0.526341 179.018937 2.984673   6  
  31  4   15   2   0    1  182.500709 1.501344 184.199946 0.856876 185.166172 2.834769   6  
  32  1   15   1   1    6  188.497979 1.216625 189.830706 0.350790 190.297184 3.700950   6  
  33  1   15   3   0    2  194.495267 2.101956 196.744238 0.482014 197.343974 2.651518   6  
  34  3   15   3   1    6  200.492533 2.099710 202.724853 0.281628 203.124684 2.867972   6  
  35  4   15   4   1    7  206.489827 1.167564 207.789248 0.231489 208.139079 3.850851   6  
  36  3   15   3   1    7  212.487093 1.599894 214.219674 0.267294 214.602797 3.384381   6  
  37  3   15   3   1    5  218.501037 2.067396 220.700040 0.728112 221.533002 2.468247   6  
  38  3   15   1   0    2  224.514962 2.182835 226.847251 0.315938 227.280383 2.734814   6  
  39  3   15   3   1    5  230.512251 1.817685 232.478033 0.896403 233.494236 2.518269   6  
  40  4   15   4   1    6  236.509551 1.333301 237.975541 0.279561 238.375372 3.634387   6  
  41  2   15   2   1    5  242.506818 1.901609 244.555879 0.520913 245.188933 2.818129   6  
  42  3   15   3   1    5  248.504077 1.933107 250.569824 1.035311 251.719286 2.285025   6  
  43  4   15   4   1    7  254.501377 1.367367 256.000692 0.394453 256.500467 3.501158   6  
  44  3   15   3   1    6  260.498642 1.949752 262.614379 0.222375 262.947535 3.051327   6  
  45  3   15   3   1    6  266.512602 1.350736 267.995252 0.296514 268.411736 3.601099   6  
  46  3   15   2   0    1  272.509863 1.949817 274.642258 0.336196 275.092029 2.918065   6  
  47  2   15   2   1    3  278.507159 1.351000 280.039786 1.102435 281.255902 2.751472   6  
  48  1   15   1   1    6  284.504419 1.333228 285.953765 0.676623 286.736741 3.267916   6  
  49  4   15   4   1    6  290.501705 1.483969 292.117665 0.221434 292.450818 3.551111   6  
  50  3   15   4   0    6  296.498977 1.699749 298.348154 0.362843 298.831249 3.167960   6  
  51  4   15   4   1    5  302.496271 1.900499 304.511930 0.376769 304.995130 3.001344   6  
  52  4   15   2   0    1  308.493538 1.883027 310.525951 0.547270 311.192307 2.801465   6  
  53  4   15   3   0    2  314.507490 2.017473 316.739800 0.687649 317.539437 2.468267   6  
  54  3   15   3   1    7  320.504747 1.400010 322.037413 0.355626 322.503843 3.501134   6  
  55  2   15   4   0    5  326.502037 1.584267 328.217945 0.250947 328.584425 3.417840   6  
  56  1   15   1   1    2  332.499305 1.583197 334.265205 1.047125 335.431317 2.568197   6  
  57  4   15   4   1    5  338.496606 1.267754 339.879302 0.184170 340.179181 3.817695   6  
  58  1   15   4   0    5  344.493871 1.599926 346.226447 0.487092 346.826137 3.167894   6  
  59  2   15   2   1    1  350.491151 1.700651 352.340324 0.347051 352.806782 3.184557   6  
  60  4   15   4   1    5  356.488422 1.583383 358.221000 0.191339 358.520842 3.467708   6  
  61  1   15   3   0    2  362.502372 2.084028 364.734643 0.269445 365.117848 2.884798   6  
  62  2   15   3   0    2  368.499638 1.549914 370.232203 0.711961 371.065159 2.934592   6  
  63  1   15   1   1    5  374.496938 1.400796 376.046238 1.097515 377.262338 2.734823   6  
  64  4   15   4   1    7  380.494209 1.199907 381.826953 0.313049 382.260064 3.734206   6  
  65  3   15   3   1    7  386.508158 1.367654 388.007472 0.448800 388.573882 3.434486   6  
  66  3   15   3   1    7  392.505418 1.866426 394.504517 0.207225 394.821065 3.184584   6  
  67  2   15   2   1    1  398.502766 2.100523 400.768360 0.392692 401.268113 2.734824   6  
  68  1   15   2   0    1  404.499972 1.399747 406.082596 0.368707 406.565702 3.434503   6  
  69  2   15   3   0    2  410.513969 1.851607 412.529671 0.484495 413.129402 2.884769   6  
  70  3   15   2   0    1  416.511188 1.300028 417.977236 0.321700 418.410371 3.601040   6  
  71  4   15   4   1    5  422.508495 1.917132 424.557549 0.241312 424.907393 3.101315   6  
  72  1   15   1   1    5  428.505754 1.783175 430.421557 0.766639 431.304491 2.701491   6  
  73  1   15   3   0    2  434.503047 2.417879 437.085198 0.570995 437.768221 2.235062   6  
  74  3   15   3   1    7  440.500302 1.583221 442.216221 0.185659 442.516045 3.484490   6  
  75  4   15   2   0    5  446.497648 1.884161 448.546664 0.283601 448.946541 3.051279   6  
  76  3   15   3   1    5  452.494865 2.049646 454.693884 0.355458 455.160330 2.834770   6  
  77  1   15   1   1    5  458.508816 1.884069 460.557859 0.741161 461.407509 2.601520   6  
  78  1   15   3   0    1  464.506095 2.232959 466.871689 0.315948 467.304808 2.701500   6  
  79  4   15   4   1    5  470.503373 1.934035 472.585807 0.175288 472.868972 3.134651   6  
  80  4   15   2   0    5  476.500635 1.666585 478.333160 0.661791 479.116137 2.884732   6  
  81  1   15   1   1    5  482.497974 1.434161 484.080578 0.903329 485.096752 2.901455   6  
  82  2   15   2   1    6  488.495201 1.866273 490.544283 0.564718 491.227318 2.768093   6  
  83  2   15   3   0    1  494.492491 2.267247 496.941365 0.443530 497.491134 2.501586   6  
  84  3   15   2   0    1  500.489764 2.399540 503.055269 0.276364 503.438418 2.551506   6  
  85  3   15   3   1    7  506.503705 1.384304 508.019697 0.304740 508.436158 3.567825   6  
  86  4   15   2   0    5  512.500984 1.783012 514.483441 0.458133 515.049817 2.951302   6  
  87  3   15   3   1    7  518.498320 1.300870 519.930968 0.348361 520.397469 3.601023   6  
  88  4   15   4   1    5  524.495528 1.533319 526.161461 0.555658 526.827811 3.167834   6  
  89  2   15   2   1    6  530.492821 1.784178 532.425273 0.626972 533.158278 2.834764   6  
  90  2   15   3   0    5  536.490101 2.149650 538.805741 0.318537 539.238841 2.751321   6  
]; % This session completes at 20-Jan-2019 12:37:02, 544.003s after session start, 540s on 90 trials, totally 568.597s.

