%% MetaTwins_RDMsc_training for 'laimixue': starting at _feedback (       50.0000000000).0-Jan-2019 11:26:19 for '7.374455e+05': starting at 
record = [
%  n coh dir resp isc ckey conf    osti    dsti oopt   rtime     oconf     ctime     oisi       isi       ofb       oiti       iti   total
   1  11  4    4   1    0    8    2.499294   0    0  1.884073   4.498397 0.856202   5.464604 0.999560   6.464164   7.463712 0.535817   6  
   2  11  4    4   1    0    7    8.496581   0    0  1.866331  10.479009 0.719068  11.311959 0.999551  12.311510  13.311065 0.685733   6  
   3  10  3    4   0    0    6   14.493861   0    0  2.300373  16.909488 0.250574  17.275946 0.999529  18.275476  19.275013 0.719085   6  
   4  10  4   -1   0    0    4   20.491117   0    0  0.000000  23.006659 0.025632  23.139936 0.999561  24.139497  25.139045 0.852278   6  
   5  10  2    2   1    0    7   26.505084   0    0  1.683664  28.304303 0.444438  28.854019 0.999595  29.853613  30.853097 1.152207   6  
   6  10  2    1   0    0    7   32.502351   0    0  2.366363  35.017884 0.193853  35.317753 0.999527  36.317280  37.316839 0.685665   6  
   7  10  1    1   1    0    8   38.499632   0    0  1.117705  39.732414 0.586405  40.432094 0.999549  41.431643  42.431175 0.568687   5  
   8  10  2    1   0    0    7   43.497364   0    0  1.000443  44.646856 0.391206  45.146617 0.999544  46.146161  47.145720 0.851782   5  
   9  10  4    1   0    0    5   48.495101   0    0  2.300877  50.927359 0.580641  51.627005 0.999559  52.626564  53.626095 1.369243   7  
  10  11  4   -1   0    0    1   55.491913   0    0  0.000000  58.007451 0.017168  58.140714 0.999542  59.140256  60.139805 0.852213   6  
  11  11  4    4   1    0    6   61.489217   0    0  1.700619  63.305117 0.363381  63.788165 0.999596  64.787761  65.787247 1.202182   6  
  12  11  2    2   1    0    6   67.486484   0    0  1.633192  69.252375 0.594535  69.952027 0.999546  70.951572  71.951121 1.035428   6  
  13  10  3   -1   0    0    1   73.500424   0    0  0.000000  76.015952 0.144131  76.265826 0.999555  77.265382  78.264926 0.735696   6  
  14  10  1    1   1    0    6   79.497696   0    0  2.449626  82.079863 0.599731  82.796194 0.999558  83.795751  84.795235 1.202505   7  
  15  10  1    1   1    0    6   86.511191   0    0  1.717247  88.360347 0.420828  88.893444 0.999544  89.892988  90.892521 1.118910   6  
  16   9  2    4   0    0    6   92.508464   0    0  1.899688  94.524205 0.324854  94.957345 0.999547  95.956892  96.956448 1.052251   6  
  17   9  3    2   0    0    6   98.505743   0    0  2.300638 100.954624 0.717764 101.787569 0.999566 102.787135 103.786669 1.219313   7  
  18  10  2    3   0    0    4  105.502550   0    0  2.432868 108.051425 0.011207 108.168021 0.999546 109.167567 110.167113 0.835671   6  
  19  10  1    1   1    0    7  111.499847   0    0  1.601847 113.215718 0.622724 113.948736 0.999547 114.948283 115.947824 1.052253   6  
  20  10  1    1   1    0    5  117.513782   0    0  1.849830 119.512890 0.520239 120.145911 0.999561 121.145472 122.145031 0.868979   6  
  21   9  2    2   1    0    7  123.511058   0    0  1.467613 125.110340 0.247270 125.476837 0.999551 126.476388 127.475926 0.535385   5  
  22   9  3   -1   0    0    2  128.508791   0    0  0.000000 131.024325 0.115797 131.257538 0.999558 132.257095 133.256649 0.752373   6  
  23   9  3    2   0    0    5  134.506075   0    0  1.617443 136.255287 0.238213 136.605133 0.999546 137.604679 138.604215 1.402090   6  
  24   9  3    3   1    0    7  140.503353   0    0  2.066226 142.702344 0.376433 143.185469 0.999550 144.185020 145.184571 0.819006   6  
  25   9  2   -1   0    0    1  146.500643   0    0  0.000000 149.016159 0.000426 149.132780 0.999546 150.132326 151.131866 0.869004   6  
  26   9  1    2   0    0    6  152.497909   0    0  2.083107 154.730255 0.373625 155.213340 0.999555 156.212894 157.212444 0.785697   6  
  27   9  3    1   0    0    1  158.495188   0    0  2.417449 161.094015 0.755968 161.960274 0.999560 162.959834 163.959365 1.036041   7  
  28  10  4   -1   0    0    4  165.508670   0    0  0.000000 168.024204 0.364382 168.507316 0.999531 169.506846 170.506406 0.502496   6  
  29  10  3    2   0    0    1  171.505961   0    0  1.866563 173.538386 1.141196 174.787783 0.999560 175.787343 176.786882 1.219306   7  
  30  10  3    3   1    0    5  178.502779   0    0  1.949693 180.585174 0.869406 181.568048 0.999551 182.567599 183.567150 1.435862   7  
  31  10  1   -1   0    0    4  185.499617   0    0  0.000000 188.015129 0.036139 188.165066 0.999545 189.164611 190.164158 0.835675   6  
  32  10  1   -1   0    0    1  191.496884   0    0  0.000000 194.012407 0.000506 194.129021 0.999549 195.128569 196.128114 0.868972   6  
  33  10  1    2   0    0    7  197.494164   0    0  1.934219 199.593208 0.258057 199.959719 0.999597 200.959316 201.958808 1.035583   6  
  34  10  4    2   0    0    6  203.491440   0    0  2.232763 205.890360 0.454729 206.456777 0.999535 207.456311 208.455855 0.535760   6  
  35  11  1    2   0    0    6  209.505390   0    0  1.650588 211.304564 0.956168 212.370750 0.999548 213.370298 214.369831 0.635838   6  
  36  11  2    4   0    0    6  215.502664   0    0  2.116188 217.751642 0.416575 218.284731 0.999544 219.284274 220.283834 0.718974   6  
  37  12  4    2   0    0    2  221.499941   0    0  2.217034 223.865536 0.596864 224.581881 0.999540 225.581422 226.580956 1.419183   7  
  38  12  2   -1   0    0    2  228.496745   0    0  0.000000 231.012314 0.033023 231.162232 0.999548 232.161780 233.161312 0.835577   6  
  39  12  2    2   1    0    1  234.494050   0    0  1.601038 236.226587 0.294218 236.626420 0.999531 237.625951 238.625502 1.368783   6  
  40  12  2    1   0    0    2  240.491325   0    0  2.199721 242.806929 0.790618 243.706524 0.999568 244.706092 245.705636 1.285771   7  
  41  12  4   -1   0    0    1  247.488146   0    0  0.000000 250.003674 0.670110 250.786653 0.999554 251.786207 252.785730 1.202626   7  
  42  12  1   -1   0    0    1  254.501635   0    0  0.000000 257.017158 0.814004 257.950059 0.999555 258.949614 259.949192 1.052490   7  
  43  12  3    2   0    0    1  261.515119   0    0  0.969001 262.614623 0.414317 263.147721 0.999546 264.147267 265.146790 0.868551   5  
  44  13  1    2   0    0    1  266.512848   0    0  2.116299 268.795163 0.542986 269.444837 0.999567 270.444404 271.443947 0.569135   6  
  45  13  4    4   1    0    5  272.510131   0    0  1.783988 274.409275 0.411306 274.925699 0.999538 275.925237 276.924788 1.085577   6  
  46  13  3    3   1    0    6  278.507405   0    0  1.733162 280.356525 0.727235 281.189520 0.999457 282.188977 283.188621 0.819008   6  
  47  12  2    4   0    0    1  284.504687   0    0  2.416968 287.036885 0.152085 287.303425 0.999543 288.302968 289.302502 0.702417   6  
  48  12  4    4   1    0    6  290.501962   0    0  1.483103 292.117903 0.313217 292.551030 0.999545 293.550575 294.550130 1.452060   6  
  49  12  3    3   1    0    6  296.499258   0    0  1.434416 298.065214 0.508698 298.681597 0.999543 299.681139 300.680675 1.318795   6  
  50  11  1    1   1    0    6  302.513176   0    0  1.166807 303.812596 0.400866 304.329026 0.999541 305.328567 306.328112 0.685287   5  
  51  11  1    1   1    0    6  307.510926   0    0  1.301317 308.943569 0.243190 309.293436 0.999556 310.292992 311.292534 0.718610   5  
  52  10  3    3   1    0    6  312.508641   0    0  1.283361 313.908004 0.200746 314.224528 0.999548 315.224077 316.223630 0.785246   5  
  53  10  4    4   1    0    6  317.506396   0    0  1.567495 319.188967 0.187686 319.488812 0.999559 320.488372 321.487915 0.518690   5  
  54   9  4    4   1    0    6  322.504114   0    0  1.666458 324.286626 0.216579 324.619812 0.999553 325.619365 326.618912 1.385424   6  
  55   9  2    1   0    0    4  328.501392   0    0  1.867552 330.517141 0.795541 331.433308 0.999638 332.432946 333.432478 0.569143   6  
  56   9  3    4   0    0    5  334.498663   0    0  1.666547 336.297858 1.411163 337.813851 0.999532 338.813384 339.812939 1.185950   7  
  57  10  1    4   0    0    6  341.495483   0    0  1.183599 342.811566 0.300851 343.228055 0.999524 344.227579 345.227138 0.768571   5  
  58  10  2    2   1    0    1  346.509912   0    0  1.983939 348.642265 0.235641 348.992102 0.999540 349.991642 350.991249 1.018860   6  
  59  10  3    3   1    0    5  352.507186   0    0  1.866382 354.522954 0.671910 355.305908 0.999525 356.305433 357.304999 0.702402   6  
  60   9  4    4   1    0    5  358.504426   0    0  1.417822 360.037093 1.006757 361.153251 0.999544 362.152794 363.152329 0.852348   6  
]; % This session completes at 20-Jan-2019 11:32:53, 366.003s after session start, 362s on 60 trials, totally 393.687s, correctness is 43.333%.

