%% MetaTwins_RDMsc_training for 'liukai': starting at _nofeedback (       48.0000000000).7-Apr-2019 16:12:32 for '7.375227e+05': starting at 
record = [
%  n coh dir resp isc ckey conf    osti    dsti oopt   rtime     oconf     ctime     oisi    isi ofb    oiti       iti   total
   1  15  3    2   0    0    8    2.499010   0    0  2.232836   4.864609 0.105657   5.081189  0   0    5.081189 0.918044   4  
   2  15  3    3   1    0    8    6.497203   0    0  2.166133   8.779496 0.047304   8.946079  0   0    8.946079 1.051343   4  
   3  15  3    3   1    0    8   10.495390   0    0  2.266257  12.877630 0.042525  13.027565  0   0   13.027565 0.968023   4  
   4  14  1    2   0    0    8   14.493567   0    0  2.449412  17.092238 0.020602  17.225652  0   0   17.225652 0.768115   4  
   5  14  1    1   1    0    1   18.491738   0    0  2.182876  20.857342 0.291864  21.257158  0   0   21.257158 0.734761   4  
   6  14  4    2   0    0    8   22.489935   0    0  2.282858  24.922019 0.078633  25.122071  0   0   25.122071 0.868017   4  
   7  14  3    3   1    0    1   26.504758   0    0  2.449253  29.070262 0.705376  29.886573  0   0   29.886573 1.118353   5  
   8  14  2    2   1    0    8   31.502500   0    0  1.899709  33.534900 0.062212  33.718160  0   0   33.718160 1.284480   4  
   9  13  3    3   1    0    8   35.500684   0    0  1.833050  37.449791 0.055810  37.616383  0   0   37.616383 1.384433   4  
  10  13  3    2   0    0    6   39.498859   0    0  2.466102  42.114335 1.076294  43.297120  0   0   43.297120 0.701854   5  
  11  13  1    3   0    0    8   44.496581   0    0  2.382837  46.995450 0.798816  47.911706  0   0   47.911706 1.084987   5  
  12  14  4    3   0    0   -1   49.494315   0    0  2.416153  52.043149 0.000000  54.042204  0   0   54.042204 0.952195   6  
  13  14  4    3   0    0    8   55.491585   0    0  2.466140  58.090414 0.205600  58.406929  0   0   58.406929 0.584736   4  
  14  14  2    2   1    0    8   59.489773   0    0  2.499249  62.121748 0.539218  62.771610  0   0   62.771610 1.218222   5  
  15  14  2    2   1    0    1   64.504158   0    0  2.499530  67.136236 1.426670  68.668925  0   0   68.668925 1.335467   6  
  16  13  2   -1   0    0    2   70.501420   0    0  0.000000  73.016963 0.055702  73.183550  0   0   73.183550 0.818105   4  
  17  13  3    2   0    0    8   74.516264   0    0  1.766370  76.448725 0.370061  76.931834  0   0   76.931834 1.084664   4  
  18  13  2   -1   0    0    4   78.514456   0    0  0.000000  81.029995 0.520048  81.663016  0   0   81.663016 1.351667   5  
  19  13  3    3   1    0    8   83.512180   0    0  1.533466  85.194747 0.304504  85.611226  0   0   85.611226 1.401175   4  
  20  13  3   -1   0    0    3   87.510360   0    0  0.000000  90.025903 0.773860  90.908822  0   0   90.908822 1.101761   5  
  21  13  2    2   1    0    8   92.508093   0    0  1.150787  93.840816 0.105798  94.057385  0   0   94.057385 0.950923   3  
  22  12  3    2   0    0    8   95.506735   0    0  1.983012  97.639095 0.087956  97.838999  0   0   97.838999 1.167963   4  
  23  12  2    3   0    0    8   99.504905   0    0  1.683125 101.320752 0.093395 101.520649  0   0  101.520649 1.484498   4  
  24  13  2    2   1    0    6  103.503090   0    0  1.816433 105.502181 0.467902 106.085251  0   0  106.085251 0.918064   4  
  25  13  4    3   0    0    1  107.501272   0    0  2.049490 109.666959 0.236734 110.016795  0   0  110.016795 0.984716   4  
  26  13  4    2   0    0    7  111.499450   0    0  2.232768 113.898356 0.457088 114.464781  0   0  114.464781 0.534899   4  
  27  14  4    3   0    0    8  115.497637   0    0  2.166048 117.813257 0.771896 118.696184  0   0  118.696184 1.301691   5  
  28  14  1    2   0    0    8  120.495359   0    0  1.649876 122.327861 0.954830 123.394052  0   0  123.394052 0.601549   4  
  29  15  1   -1   0    0    3  124.510201   0    0  0.000000 127.025734 0.484100 127.625449  0   0  127.625449 1.384981   5  
  30  15  4    2   0    0    8  129.507927   0    0  1.716552 131.390415 0.161519 131.656947  0   0  131.656947 1.351215   4  
  31  15  4    2   0    0    8  133.506103   0    0  1.999644 135.654981 0.136651 135.905021  0   0  135.905021 1.101319   4  
  32  16  1    3   0    0    8  137.504296   0    0  2.366127 140.003173 0.209855 140.319689  0   0  140.319689 0.684842   4  
  33  16  3    3   1    0    8  141.502487   0    0  1.932963 143.568214 0.069078 143.751455  0   0  143.751455 1.251266   4  
  34  16  4    2   0    0    7  145.500665   0    0  1.483166 147.166495 0.146860 147.433131  0   0  147.433131 0.567759   3  
  35  16  3    3   1    0    8  148.499291   0    0  1.583122 150.231778 0.044998 150.381772  0   0  150.381772 0.617752   3  
  36  16  1    1   1    0    1  151.497932   0    0  1.599848 153.280378 0.908831 154.296658  0   0  154.296658 0.701504   4  
  37  14  1    1   1    0    8  155.496121   0    0  1.483257 157.145229 0.178696 157.428560  0   0  157.428560 0.567777   3  
  38  14  1    2   0    0    1  158.494766   0    0  1.683085 160.343907 1.293191 161.743278  0   0  161.743278 1.251700   5  
  39  14  2    1   0    0    8  163.492480   0    0  1.666508 165.341642 0.310742 165.758112  0   0  165.758112 1.234572   4  
  40  15  1    1   1    0    8  167.490664   0    0  1.749777 169.423121 0.211922 169.739644  0   0  169.739644 1.251216   4  
  41  15  1    1   1    0    8  171.505506   0    0  1.749745 173.437807 0.204846 173.754480  0   0  173.754480 1.251193   4  
  42  14  4    1   0    0    7  175.503680   0    0  2.366187 178.052474 0.679122 178.852154  0   0  178.852154 1.151703   5  
  43  14  3    1   0    0    8  180.501423   0    0  1.649762 182.333782 0.912710 183.366772  0   0  183.366772 0.634801   4  
  44  15  2    2   1    0    8  184.499592   0    0  1.999557 186.681941 0.148832 186.948484  0   0  186.948484 1.051263   4  
  45  15  2    2   1    0    8  188.497771   0    0  2.049494 190.696602 0.209654 191.013316  0   0  191.013316 0.984595   4  
  46  14  4    1   0    0    1  192.495963   0    0  2.449415 195.144733 1.568378 196.827325  0   0  196.827325 1.168754   6  
  47  14  2    2   1    0    7  198.493235   0    0  2.466059 201.108638 0.794940 202.024969  0   0  202.024969 0.968357   5  
  48  14  2    3   0    0    8  203.490954   0    0  2.416171 206.039652 0.047828 206.206382  0   0  206.206382 0.784653   4  
  49  14  1    2   0    0    8  207.489135   0    0  1.799773 209.438207 0.087776 209.638167  0   0  209.638167 1.351041   4  
  50  15  3    2   0    0    8  211.487320   0    0  1.816342 213.453000 0.347743 213.919549  0   0  213.919549 1.067836   4  
  51  15  4    2   0    0    8  215.502166   0    0  2.082782 217.734481 0.362476 218.217608  0   0  218.217608 0.784813   4  
  52  16  4    2   0    0    8  219.517008   0    0  2.149669 221.849286 0.278933 222.249095  0   0  222.249095 0.768145   4  
  53  16  1   -1   0    0    1  223.515187   0    0  0.000000 226.030725 0.148527 226.297257  0   0  226.297257 0.718159   4  
  54  16  2    2   1    0    8  227.513374   0    0  1.866342 229.562437 0.157859 229.828995  0   0  229.828995 1.184607   4  
  55  16  1    1   1    0    8  231.511555   0    0  2.166245 233.860487 0.259121 234.226992  0   0  234.226992 0.784784   4  
  56  14  4    1   0    0    8  235.509737   0    0  2.049533 237.742055 0.168655 238.025254  0   0  238.025254 0.984705   4  
  57  14  1    1   1    0    8  239.507911   0    0  1.849797 241.523533 0.344730 241.973472  0   0  241.973472 1.034677   4  
  58  14  3    2   0    0    8  243.506098   0    0  2.266181 245.921537 0.257838 246.288166  0   0  246.288166 0.718154   4  
  59  14  4    1   0    0    8  247.504268   0    0  2.149572 249.819893 0.238830 250.169743  0   0  250.169743 0.834759   4  
  60  15  2    2   1    0    8  251.502455   0    0  2.299325 253.984662 0.293500 254.384491  0   0  254.384491 0.618205   4  
]; % This session completes at 07-Apr-2019 16:17:21, 257.003s after session start, 253s on 60 trials, totally 288.965s, correctness is 40.000%.

