%% MetaTwins_RDMsc_training for 'liukai': starting at _nofeedback (       48.0000000000).7-Apr-2019 16:20:13 for '7.375227e+05': starting at 
record = [
%  n coh dir resp isc ckey conf    osti    dsti oopt   rtime     oconf     ctime     oisi    isi ofb    oiti       iti   total
   1  15  4    2   0    0    8    2.498867   0    0  1.916415   4.581258 0.139949   4.831142  0   0    4.831142 1.167938   4  
   2  15  1   -1   0    0    3    6.497050   0    0  0.000000   9.012581 0.209652   9.329084  0   0    9.329084 0.668148   4  
   3  15  2    2   1    0    8   10.495217   0    0  0.984109  11.644708 0.000670  11.761326  0   0   11.761326 1.234073   3  
   4  15  2    2   1    0    8   13.493858   0    0  1.583068  15.226414 0.000606  15.343015  0   0   15.343015 0.651003   3  
   5  14  3    3   1    0    8   16.492502   0    0  1.366852  17.975162 0.014273  18.108439  0   0   18.108439 0.884186   3  
   6  14  2    2   1    0    8   19.491140   0    0  1.633201  21.240304 0.009929  21.356953  0   0   21.356953 0.634299   3  
   7  13  4    2   0    0    8   22.489764   0    0  1.966365  24.572164 0.027150  24.705431  0   0   24.705431 1.284451   4  
   8  13  3    3   1    0    8   26.487953   0    0  2.099573  28.703613 0.430265  29.253362  0   0   29.253362 0.734665   4  
   9  13  1    2   0    0    1   30.502791   0    0  1.866400  32.535105 0.185643  32.835073  0   0   32.835073 1.167951   4  
  10  13  4    3   0    0    8   34.500986   0    0  1.849659  36.466678 0.114903  36.699984  0   0   36.699984 1.301226   4  
  11  14  4    2   0    0    1   38.515820   0    0  2.482791  41.147960 0.404152  41.664377  0   0   41.664377 1.351663   5  
  12  14  2   -1   0    0    1   43.513541   0    0  0.000000  46.029075 0.257586  46.395574  0   0   46.395574 0.618197   4  
  13  14  3    3   1    0    8   47.511725   0    0  1.834339  49.494003 0.384450  49.993935  0   0   49.993935 1.018021   4  
  14  14  2    2   1    0    8   51.509903   0    0  1.999617  53.658935 0.120710  53.892156  0   0   53.892156 1.117979   4  
  15  13  3    3   1    0    8   55.508081   0    0  2.083131  57.723752 0.118511  57.956977  0   0   57.956977 1.051347   4  
  16  13  4    2   0    0    8   59.506271   0    0  1.749693  61.422071 0.008997  61.538688  0   0   61.538688 1.467816   4  
  17  13  3    3   1    0    8   63.504453   0    0  1.333129  64.953793 0.001998  65.070405  0   0   65.070405 0.934272   3  
  18  13  3    2   0    0    8   66.503091   0    0  1.999593  68.652123 0.007728  68.768723  0   0   68.768723 1.234592   4  
  19  13  3    3   1    0    8   70.501275   0    0  1.766418  72.383762 0.044886  72.533678  0   0   72.533678 1.467826   4  
  20  13  1    1   1    0    8   74.499448   0    0  2.299498  76.948341 0.074155  77.131595  0   0   77.131595 0.868091   4  
  21  12  4    2   0    0    8   78.497638   0    0  2.049574  80.696634 0.037578  80.846573  0   0   80.846573 1.151268   4  
  22  12  3   -1   0    0    2   82.495821   0    0  0.000000  85.011350 0.053119  85.177930  0   0   85.177930 0.818066   4  
  23  12  1    1   1    0    8   86.493993   0    0  1.799754  88.459768 0.513089  89.092826  0   0   89.092826 0.901326   4  
  24  12  3   -1   0    0    2   90.492194   0    0  0.000000  93.007710 0.023327  93.140978  0   0   93.140978 0.851334   4  
  25  12  2    3   0    0    1   94.490365   0    0  2.132886  96.739346 0.135048  96.989236  0   0   96.989236 1.001225   4  
  26  12  3    2   0    0    8   98.488551   0    0  1.883078 100.537631 0.092848 100.737533  0   0  100.737533 1.251094   4  
  27  13  2    3   0    0    1  102.486737   0    0  2.182847 104.802338 0.145973 105.068889  0   0  105.068889 0.917900   4  
  28  13  2    2   1    0    8  106.501576   0    0  1.533152 108.184156 0.040779 108.334068  0   0  108.334068 0.667742   3  
  29  13  4   -1   0    0    1  109.500212   0    0  0.000000 112.015746 1.282285 113.415094  0   0  113.415094 0.585336   5  
  30  13  1    2   0    0    8  114.514591   0    0  1.350012 116.047228 0.083097 116.247149  0   0  116.247149 0.767665   3  
  31  13  4    3   0    0    8  117.513237   0    0  1.999575 119.678925 0.131512 119.928801  0   0  119.928801 1.084661   4  
  32  14  4    4   1    0    8  121.511411   0    0  2.399476 124.093561 0.139772 124.343462  0   0  124.343462 0.668177   4  
  33  14  1    1   1    0    8  125.509592   0    0  1.883016 127.558668 0.240947 127.908508  0   0  127.908508 1.101322   4  
  34  13  1    2   0    0    8  129.507785   0    0  1.916177 131.590163 0.005419 131.706782  0   0  131.706782 1.301225   4  
  35  13  4    1   0    0    8  133.505956   0    0  2.083019 135.754952 0.361567 136.221391  0   0  136.221391 0.784800   4  
  36  14  2    2   1    0    1  137.504139   0    0  2.216221 139.852955 0.905890 140.869270  0   0  140.869270 1.135104   5  
  37  14  1    1   1    0    8  142.501875   0    0  1.999593 144.634086 1.007412 145.750384  0   0  145.750384 1.251720   5  
  38  13  2    2   1    0    8  147.499601   0    0  1.899742 149.531922 0.153269 149.798548  0   0  149.798548 1.201260   4  
  39  13  1    1   1    0    8  151.497782   0    0  1.799801 153.463408 0.117978 153.696771  0   0  153.696771 1.301213   4  
  40  12  1    1   1    0    8  155.495953   0    0  1.949679 157.578329 0.085940 157.778269  0   0  157.778269 1.217858   4  
  41  12  2    2   1    0    8  159.494140   0    0  2.199571 161.859726 0.177202 162.142941  0   0  162.142941 0.851355   4  
  42  11  3    3   1    0    8  163.492328   0    0  1.566532 165.191555 0.035665 165.341485  0   0  165.341485 0.650970   3  
  43  11  2    2   1    0    8  166.490966   0    0  2.083448 168.773266 0.337213 169.223062  0   0  169.223062 0.768008   4  
  44  10  4    3   0    0    8  170.489139   0    0  2.149600 172.804764 0.043913 172.954685  0   0  172.954685 1.034543   4  
  45  10  1    2   0    0    8  174.487322   0    0  1.999684 176.686178 0.106362 176.902887  0   0  176.902887 1.084503   4  
  46  11  4    3   0    0    8  178.502175   0    0  1.733103 180.367992 0.150944 180.634540  0   0  180.634540 1.367858   4  
  47  11  4   -1   0    0    2  182.500348   0    0  0.000000 185.015879 0.121323 185.249097  0   0  185.249097 0.751492   4  
  48  11  1    1   1    0    8  186.515187   0    0  2.166249 188.830723 0.305134 189.247277  0   0  189.247277 0.768149   4  
  49  11  2   -1   0    0    2  190.513374   0    0  0.000000 193.028898 0.064349 193.212160  0   0  193.212160 0.801438   4  
  50  11  3    3   1    0    8  194.511561   0    0  2.099576 196.760537 0.057886 196.927138  0   0  196.927138 1.084656   4  
  51  10  3    2   0    0    8  198.509737   0    0  1.783001 200.458856 0.180544 200.758714  0   0  200.758714 1.251245   4  
  52  10  1    3   0    0    8  202.507923   0    0  1.783168 204.423716 0.095302 204.640291  0   0  204.640291 1.367853   4  
  53  11  3    3   1    0    8  206.506100   0    0  1.449885 208.088701 0.103871 208.305280  0   0  208.305280 0.701049   3  
  54  11  1    2   0    0    8  209.504730   0    0  1.349950 211.037372 0.064123 211.220632  0   0  211.220632 0.784338   3  
  55  11  2    3   0    0    8  212.503373   0    0  1.416704 214.052527 0.210563 214.369190  0   0  214.369190 0.634406   3  
  56  12  1    1   1    0    1  215.502008   0    0  1.616517 217.284531 0.145411 217.534427  0   0  217.534427 1.467815   4  
  57  12  3    2   0    0    8  219.500193   0    0  1.666572 221.332689 0.155689 221.599233  0   0  221.599233 1.401187   4  
  58  12  4    3   0    0    8  223.498374   0    0  1.416542 225.047518 0.157791 225.314208  0   0  225.314208 0.684378   3  
  59  13  4    2   0    0    8  226.497014   0    0  1.416581 228.046138 0.348659 228.512758  0   0  228.512758 1.484430   4  
  60  13  2    1   0    0    8  230.495188   0    0  1.349959 231.994510 0.038283 232.144442  0   0  232.144442 0.850902   3  
]; % This session completes at 07-Apr-2019 16:24:20, 235.003s after session start, 231s on 60 trials, totally 247.046s, correctness is 45.000%.

