%% MetaTwins_RDMsc_training for 'panyufan': starting at _nofeedback (       49.0000000000).3-Apr-2019 11:50:51 for '7.375285e+05': starting at 
record = [
%  n coh dir resp isc ckey conf    osti    dsti oopt   rtime     oconf     ctime     oisi    isi ofb    oiti       iti   total
   1   7  3    3   1    0    8    2.498869   0    0  1.033478   3.714977 0.141383   3.981517  0   0    3.981517 1.017548   3  
   2   7  1    1   1    0    7    5.497494   0    0  1.983111   7.613214 0.621882   8.362863  0   0    8.362863 0.634810   4  
   3   6  2    2   1    0    8    9.495689   0    0  0.850250  10.495235 0.191877  10.811753  0   0   10.811753 1.184077   3  
   4   6  3    3   1    0    8   12.494327   0    0  0.783400  13.460551 0.192084  13.777071  0   0   13.777071 1.217355   3  
   5   5  3   -1   0    0    1   15.492960   0    0  0.000000  18.008522 0.116090  18.241711  0   0   18.241711 0.751320   4  
   6   5  2    1   0    0    6   19.507805   0    0  1.150107  20.790571 0.787274  21.706807  0   0   21.706807 1.301238   4  
   7   5  4    3   0    0    6   23.506002   0    0  2.116144  25.804967 0.895589  26.821156  0   0   26.821156 1.185062   5  
   8   6  1    2   0    0    7   28.503728   0    0  1.949713  30.619438 1.707774  32.451938  0   0   32.451938 0.552018   5  
   9   6  4    3   0    0    8   33.501444   0    0  2.199624  35.883645 0.810621  36.816616  0   0   36.816616 1.185075   5  
  10   7  2    2   1    0    8   38.499190   0    0  1.133333  39.781944 0.528989  40.431653  0   0   40.431653 0.567772   3  
  11   7  4    4   1    0    8   41.497817   0    0  1.300003  42.963835 0.222330  43.313662  0   0   43.313662 0.684373   3  
  12   6  1    1   1    0    7   44.496464   0    0  1.283326  45.895826 1.056383  47.078620  0   0   47.078620 0.918028   4  
  13   6  2    3   0    0    8   48.494647   0    0  1.083489  49.810725 0.373364  50.310502  0   0   50.310502 0.684288   3  
  14   6  2    2   1    0    8   51.493286   0    0  1.100105  52.759313 0.227789  53.109233  0   0   53.109233 0.884167   3  
  15   6  4    1   0    0    7   54.491931   0    0  1.949764  56.574311 0.236512  56.924168  0   0   56.924168 1.067831   4  
  16   6  4    4   1    0    8   58.506773   0    0  1.699831  60.389218 0.166264  60.672454  0   0   60.672454 1.334546   4  
  17   6  1    2   0    0    7   62.504946   0    0  1.466604  64.154212 0.229567  64.504053  0   0   64.504053 0.501143   3  
  18   6  1    1   1    0    6   65.503605   0    0  2.316281  68.019109 0.363723  68.502237  0   0   68.502237 0.501584   4  
  19   6  2    2   1    0    7   69.501771   0    0  1.766486  71.434236 0.316224  71.867374  0   0   71.867374 1.134630   4  
  20   5  3    3   1    0    7   73.499973   0    0  1.266617  74.949316 0.151531  75.215885  0   0   75.215885 0.784319   3  
  21   5  3    2   0    0    8   76.498601   0    0  1.083308  77.731386 0.171241  78.031250  0   0   78.031250 0.967586   3  
  22   5  3    1   0    0    7   79.497236   0    0  1.233386  80.913274 0.550878  81.579646  0   0   81.579646 1.417831   4  
  23   6  1    2   0    0    7   83.495428   0    0  2.083050  85.744399 0.558290  86.427433  0   0   86.427433 0.568183   4  
  24   6  3    2   0    0    7   87.493621   0    0  1.250042  88.892839 0.450386  89.459401  0   0   89.459401 0.534377   3  
  25   7  2    2   1    0    7   90.492263   0    0  1.783115  92.408066 0.374834  92.907826  0   0   92.907826 1.084549   4  
  26   7  3    2   0    0    6   94.490445   0    0  1.749793  96.406143 0.275236  96.806050  0   0   96.806050 1.184465   4  
  27   7  1    2   0    0    7   98.505288   0    0  1.633161 100.287711 0.821016 101.237378  0   0  101.237378 0.768136   4  
  28   8  3    2   0    0    6  102.503475   0    0  2.316236 104.952371 0.780465 105.851972  0   0  105.851972 1.151722   5  
  29   8  1    2   0    0    5  107.501206   0    0  1.649892 109.350376 0.416217 109.883459  0   0  109.883459 1.117972   4  
  30   9  1    1   1    0    7  111.499380   0    0  1.100235 112.798814 0.216894 113.131984  0   0  113.131984 0.867642   3  
  31   9  1    2   0    0    7  114.498018   0    0  1.216745 115.864083 0.218957 116.197259  0   0  116.197259 0.800992   3  
  32   9  4    2   0    0    1  117.496662   0    0  2.449501 120.128811 1.025070 121.278282  0   0  121.278282 0.718623   5  
  33  10  4   -1   0    0    3  122.494389   0    0  0.000000 125.009948 0.000512 125.126536  0   0  125.126536 0.868060   4  
  34  10  4    4   1    0    8  126.492598   0    0  0.966764 127.641996 0.199627 127.958584  0   0  127.958584 1.034152   3  
  35  10  1    1   1    0    7  129.491218   0    0  1.850462 131.490316 0.713617 132.323261  0   0  132.323261 0.668089   4  
  36   9  2    3   0    0    1  133.489414   0    0  1.999758 135.671720 0.766753 136.554682  0   0  136.554682 1.434802   5  
  37   9  1    2   0    0    7  138.503808   0    0  2.299593 140.952679 0.448977 141.519107  0   0  141.519107 1.484929   5  
  38  10  3    3   1    0    8  143.501527   0    0  1.566624 145.250767 0.159472 145.533942  0   0  145.533942 1.467822   4  
  39  10  2    2   1    0    8  147.499709   0    0  1.083513 148.715834 0.172702 149.015705  0   0  149.015705 0.984247   3  
  40   9  1    1   1    0    7  150.498348   0    0  2.049551 152.697179 0.446788 153.263770  0   0  153.263770 0.734822   4  
  41   9  4    2   0    0    7  154.496544   0    0  1.450442 156.079080 0.214908 156.412339  0   0  156.412339 0.584427   3  
  42   9  2    2   1    0    7  157.495172   0    0  2.049694 159.660718 0.263554 160.044027  0   0  160.044027 0.951384   4  
  43   9  4    4   1    0    8  161.493354   0    0  1.366528 163.025845 0.509925 163.659049  0   0  163.659049 1.334523   4  
  44   8  4    2   0    0    7  165.491549   0    0  1.333429 166.974221 0.165509 167.257413  0   0  167.257413 0.734300   3  
  45   8  4    4   1    0    8  168.490195   0    0  1.633126 170.272709 0.387666 170.789145  0   0  170.789145 1.201179   4  
  46   8  3    1   0    0    6  172.488380   0    0  2.482758 175.120481 1.270031 176.503228  0   0  176.503228 1.485219   6  
  47   8  4    4   1    0    8  178.502302   0    0  1.166796 179.835041 0.220542 180.168220  0   0  180.168220 0.834325   3  
  48   8  1    3   0    0    7  181.500946   0    0  1.666496 183.366782 0.688376 184.183073  0   0  184.183073 0.818117   4  
  49   8  4    4   1    0    8  185.499137   0    0  0.900156 186.565322 0.189025 186.881840  0   0  186.881840 1.117525   3  
  50   8  3    3   1    0    8  188.497780   0    0  1.466606 190.130382 0.164632 190.413579  0   0  190.413579 0.584420   3  
  51   7  2    3   0    0    1  191.496403   0    0  2.016254 193.678682 0.755399 194.561691  0   0  194.561691 1.434951   5  
  52   7  1   -1   0    0    2  196.494147   0    0  0.000000 199.009685 0.014011 199.142941  0   0  199.142941 0.851445   4  
  53   7  3    2   0    0    7  200.492335   0    0  1.566587 202.174907 0.270927 202.574718  0   0  202.574718 1.417839   4  
  54   8  4    4   1    0    8  204.490521   0    0  1.383302 206.039824 0.107676 206.273051  0   0  206.273051 0.717637   3  
  55   8  2    1   0    0    7  207.489148   0    0  1.966371 209.588214 0.267121 209.971358  0   0  209.971358 1.017953   4  
  56   8  2    2   1    0    7  211.487340   0    0  1.483211 213.119927 0.280349 213.519751  0   0  213.519751 1.467693   4  
  57   8  2    2   1    0    6  215.502186   0    0  2.432825 218.067544 0.516019 218.700729  0   0  218.700729 1.301683   5  
  58   7  3    1   0    0    6  220.499915   0    0  2.349533 223.015368 0.226613 223.365282  0   0  223.365282 0.634862   4  
  59   7  2    2   1    0    6  224.498091   0    0  2.282780 226.946858 1.283007 228.346364  0   0  228.346364 0.651961   5  
  60   7  3    2   0    0    7  229.495831   0    0  2.133015 231.778046 0.309563 232.211263  0   0  232.211263 0.784802   4  
]; % This session completes at 13-Apr-2019 11:54:55, 235.003s after session start, 231s on 60 trials, totally 244.281s, correctness is 48.333%.

