%% MetaTwinsDoubleBlind_behave_Conf for '_notguess': starting at lipeilu (       48.0000000000).2-Mar-2019 12:52:157.374865e+05 for '
record = [
%  n dir coh resp isc conf    osti      rtime     oconf     ctime     oisi       iti   total
   1  1   10   4   0    5    2.498860 1.351688   3.964857 1.024766   5.097695 2.901393   6  
   2  1   10   2   0    3    8.496134 1.183431   9.812208 1.693561  11.611402 2.384935   6  
   3  4   10   4   1    5   14.493422 1.403473  16.009412 0.807246  16.925673 3.067931   6  
   4  2   10   4   0    5   20.490719 1.402020  22.006702 0.951691  23.072875 2.917981   6  
   5  1   10   2   0    4   26.487987 1.833398  28.470432 1.257681  29.836483 2.151649   6  
   6  3   10   4   0    4   32.501936 1.982794  34.634313 1.301904  36.050332 1.951707   6  
   7  4   10   2   0    3   38.499229 1.449751  40.065127 0.898614  41.081390 2.917907   6  
   8  2   10   4   0    5   44.513154 1.616349  46.279040 1.055518  47.445183 2.568202   6  
   9  3   10   3   1    5   50.510442 2.132953  52.759427 0.765643  53.642363 2.368311   6  
  10  1   10   4   0    5   56.507728 1.366710  58.007061 0.697009  58.823364 3.184601   6  
  11  3   10   2   0    3   62.504990 0.850672  63.487920 1.090733  64.687384 3.317854   6  
  12  1   10   2   0    2   68.502296 1.867981  70.501391 0.660380  71.267720 2.734811   6  
  13  3   10   3   1    5   74.499577 1.899856  76.532004 0.921974  77.564869 2.434938   6  
  14  2   10   3   0    2   80.496856 2.266154  82.929098 1.170980  84.211861 1.785234   6  
  15  2   10   2   1    5   86.510813 1.183342  87.810229 1.002367  88.926387 3.084648   6  
  16  2   10   4   0    2   92.508103 1.982925  94.607142 0.919534  95.640011 2.368310   6  
  17  2   10   4   0    5   98.505384 2.066362 100.721040 0.888812 101.720589 2.285017   6  
  18  3   10   2   0    5  104.502665 1.949603 106.601631 0.316109 107.034848 2.968044   6  
  19  2   10   2   1    3  110.499960 2.116239 112.765589 1.179464 114.065003 1.935168   6  
  20  4   10   4   1    7  116.497229 1.350367 117.979835 0.143007 118.229783 3.767649   6  
  21  1   10   2   0    3  122.494502 2.349351 124.976621 1.097988 126.192839 1.801837   6  
  22  4   10   4   1    5  128.491794 0.933705 129.557990 0.237917 129.907809 4.084146   6  
  23  2   10   4   0    3  134.489082 2.449386 137.054585 1.354411 138.520588 1.468614   6  
  24  1   10   3   0    5  140.503021 1.716294 142.335525 0.120068 142.568757 3.434361   6  
  25  3   10  -1   0    1  146.500316 0.000000 149.015860 0.374986 149.498960 2.501422   6  
  26  1   10   1   1    5  152.497587 1.966269 154.596646 1.119026 155.829418 2.168223   6  
  27  2   10   3   0    4  158.511527 2.182814 160.827072 1.128357 162.076586 1.935183   6  
  28  4   10   4   1    7  164.508812 1.283336 165.908189 1.101273 167.124304 2.884740   6  
  29  2   10   1   0    2  170.506104 1.782961 172.438520 1.011655 173.571373 2.434947   6  
  30  4   10   3   0    2  176.503379 1.799578 178.502497 1.114596 179.735247 2.268362   6  
  31  3   10   2   0    2  182.500670 1.933163 184.549689 0.527827 185.182786 2.818115   6  
  32  4   10   4   1    7  188.497952 1.000035 189.647394 0.779634 190.547025 3.451166   6  
  33  4   10   4   1    7  194.495240 1.716330 196.327705 0.663168 197.110711 2.884764   6  
  34  1   10   4   0    5  200.509162 1.966199 202.608226 0.745511 203.474508 2.534895   6  
  35  4   10   2   0    5  206.506464 1.949614 208.572189 1.555427 210.238103 1.768595   6  
  36  1   10   3   0    3  212.503739 2.232906 214.852686 0.921686 215.885543 2.118428   6  
  37  3   10   2   0    2  218.501020 2.216086 220.849975 0.540278 221.499672 2.501588   6  
  38  3   10   4   0    2  224.498318 1.966195 226.597367 1.727630 228.429866 1.568635   6  
  39  4   10   2   0    2  230.495604 1.751198 232.361422 1.249219 233.727464 2.268303   6  
  40  1   10   1   1    1  236.492885 2.332845 238.975037 0.582352 239.674776 2.318236   6  
  41  2   10   3   0    5  242.490165 1.899692 244.539238 1.803208 246.455041 1.535249   6  
  42  4   10   4   1    5  248.487453 1.716305 250.336498 1.163210 251.619366 2.368178   6  
  43  1   10   2   0    6  254.501404 1.716329 256.333895 1.209734 257.649970 2.351482   6  
  44  2   10   3   0    2  260.515340 2.349603 262.980879 0.595590 263.697234 2.318325   6  
  45  4   10   2   0    5  266.512623 1.966249 268.594999 1.502032 270.210931 1.801924   6  
  46  1   10   3   0   -1  272.509902 2.399272 275.042082 0.000000 277.041126 0.969003   6  
  47  1   10   3   0    5  278.507181 2.066233 280.706194 1.248383 282.072232 1.935189   6  
  48  1   10   2   0    3  284.504476 1.633158 286.270345 1.197197 287.586414 2.418283   6  
  49  2   10   4   0    5  290.501761 1.966168 292.617469 0.766722 293.500401 2.501575   6  
  50  1   10   3   0    2  296.499039 2.016182 298.648063 0.572718 299.331077 2.668188   6  
  51  2   10   2   1    4  302.496336 2.016176 304.628690 1.531833 306.277943 1.718605   6  
  52  1   10   2   0    3  308.510269 2.249398 310.875757 0.872057 311.858750 2.151740   6  
  53  2   10   3   0    2  314.507551 1.666411 316.290073 0.621692 317.023076 2.984709   6  
  54  4   10   4   1    6  320.504838 1.099879 321.720958 0.966955 322.803795 3.201276   6  
  55  4   10   2   0    5  326.502117 2.416191 329.034285 0.997123 330.150462 1.851867   6  
  56  2   10   4   0    5  332.499397 1.550019 334.181974 0.662871 334.964947 3.034649   6  
  57  2   10   2   1    5  338.496671 1.766435 340.379170 1.268575 341.761865 2.235004   6  
  58  1   10   3   0    2  344.493984 2.116944 346.759468 0.705503 347.575904 2.418209   6  
  59  2   10   2   1    2  350.491254 2.300296 352.906835 0.856656 353.873055 2.118315   6  
  60  1   10   4   0    5  356.488539 1.633818 358.237737 0.782227 359.137328 2.851305   6  
  61  2   10   3   0    2  362.485820 2.432936 365.034502 1.553409 366.700583 1.285311   6  
  62  1   10   2   0    2  368.516433 1.884263 370.515519 0.606831 371.231861 2.784793   6  
  63  4   10   3   0    3  374.513696 2.367351 377.029226 0.794792 377.928823 2.085100   6  
  64  3   10   2   0    2  380.510994 1.933150 382.560019 0.114116 382.793294 3.217924   6  
  65  2   10  -1   0    2  386.508268 0.000000 389.023803 0.000719 389.140411 2.868103   6  
  66  4   10   2   0    3  392.505575 2.482564 395.104384 1.353316 396.570376 1.435418   6  
  67  2   10   3   0    2  398.502821 1.966226 400.585223 0.868650 401.568128 2.434942   6  
  68  4   10   2   0    6  404.500150 1.599781 406.216020 0.735794 407.065631 2.934726   6  
  69  2   10   4   0    7  410.497413 1.383187 411.996724 0.184160 412.296594 3.701049   6  
  70  3   10   3   1    5  416.494697 1.501698 418.127128 0.766001 419.010221 2.984709   6  
  71  3   10   3   1    5  422.508633 1.917223 424.540877 0.779201 425.440640 2.568226   6  
  72  3   10   3   1    5  428.505919 2.049475 430.671597 1.281165 432.070966 1.935182   6  
  73  3   10   3   1    5  434.503205 2.100097 436.735521 0.923798 437.768386 2.235040   6  
  74  4   10   4   1    7  440.500487 1.133303 441.766586 0.560960 442.432946 3.567748   6  
  75  3   10   2   0    4  446.497774 1.999517 448.646801 1.279407 450.046173 1.951770   6  
  76  4   10   4   1    7  452.495048 1.016803 453.627868 0.396999 454.144304 3.850897   6  
  77  3   10   3   1    6  458.492342 1.000397 459.641822 0.756171 460.508078 3.484407   6  
  78  3   10   3   1    3  464.489661 1.999529 466.605321 0.891500 467.604880 2.384845   6  
  79  1   10   3   0    6  470.486899 1.233374 471.869606 1.201635 473.185684 2.801289   6  
  80  3   10   3   1    5  476.517504 1.216580 477.883540 0.651735 478.649879 3.367865   6  
  81  4   10   1   0    2  482.514790 2.382658 485.063637 0.819682 485.996560 2.018450   6  
  82  4   10   3   0    2  488.512064 2.232974 490.861000 0.661431 491.643985 2.368315   6  
  83  2   10   2   1    4  494.509356 2.000062 496.625064 1.040720 497.774540 2.235093   6  
  84  3   10   2   0    2  500.506646 2.166239 502.788949 1.098216 504.005082 2.001788   6  
  85  3   10   2   0    2  506.503926 2.282877 508.902845 0.482359 509.502576 2.501580   6  
  86  3   10   3   1    4  512.501212 1.899585 514.516965 1.302874 515.933008 2.068434   6  
  87  4   10   3   0    2  518.498492 2.315993 520.930734 0.676730 521.713700 2.285028   6  
  88  4   10   4   1    4  524.495781 1.133336 525.745222 1.066110 526.927996 3.068012   6  
  89  3   10   3   1    7  530.493059 1.283273 531.892438 1.093983 533.091890 2.901407   6  
  90  1   10   1   1    7  536.507008 1.316474 537.972928 1.022432 539.105838 2.901401   6  
]; % This session completes at 02-Mar-2019 13:01:38, 544.005s after session start, 540s on 90 trials, totally 562.796s.

