%% MetaTwinsTri_behave_Conf for '_notguess': starting at yinyuhang (       50.0000000000).0-Mar-2019 12:15:427.375045e+05 for '
record = [
%  n dir coh resp isc conf    osti      rtime     oconf     ctime     oisi       iti   total
   1  2   11   3   0    2    2.498865 1.316801   3.931544 1.370341   5.414220 2.584871   6  
   2  2   11   1   0    5    8.496161 0.751078   9.362437 0.623309  10.095431 3.900943   6  
   3  2   11   4   0    2   14.510085 1.316745  15.959448 0.261790  16.325928 3.684384   6  
   4  2   11   4   0    2   20.507417 1.351901  21.973378 0.717606  22.806338 3.201260   6  
   5  2   11   4   0    5   26.504633 1.899524  28.520408 0.633627  29.270059 2.734815   6  
   6  4   11   4   1    5   32.501943 1.250454  33.867976 0.280792  34.267807 3.734354   6  
   7  3   11   3   1    6   38.499206 1.433382  40.048373 0.773044  40.931438 3.067853   6  
   8  3   11  -1   0    2   44.496445 0.000000  47.012025 0.092898  47.211939 2.784669   6  
   9  4   11   4   1    5   50.493759 1.233329  51.843169 0.347667  52.309614 3.684348   6  
  10  4   11   4   1    5   56.507774 1.318110  57.957058 0.905359  58.973270 3.034673   6  
  11  2   11   2   1    4   62.504994 2.032865  64.687349 0.872633  65.670234 2.334997   6  
  12  1   11   1   1    5   68.502283 0.900925  69.601785 0.565238  70.284814 3.717689   6  
  13  2   11   3   0    5   74.499552 1.633249  76.265389 0.285172  76.665238 3.334558   6  
  14  1   11   1   1    5   80.513518 0.984376  81.679635 0.492317  82.279369 3.734366   6  
  15  3   11   3   1    4   86.510779 1.466668  88.093404 0.391043  88.593150 3.417851   6  
  16  4   11   4   1    6   92.508119 1.602075  94.257277 0.326772  94.690416 3.317880   6  
  17  1   11   1   1    6   98.488687 1.016654  99.671496 0.312558 100.104616 3.884167   6  
  18  1   11   1   1    5  104.502612 1.499936 106.151874 0.222635 106.485064 3.517832   6  
  19  1   11   3   0    6  110.499928 1.300853 111.915924 0.483932 112.515684 3.484506   6  
  20  1   11   1   1    6  116.497185 1.600754 118.229738 0.383175 118.729502 3.267912   6  
  21  2   11   4   0    5  122.494519 2.100664 124.759991 0.413842 125.293193 2.701498   6  
  22  3   11   2   0    5  128.508416 2.216184 130.874019 0.445622 131.440408 2.568221   6  
  23  3   11   3   1    6  134.505688 1.550883 136.188264 0.326664 136.621401 3.384524   6  
  24  3   11   1   0    5  140.502974 1.233307 141.919000 0.579845 142.618680 3.384510   6  
  25  2   11   4   0    5  146.516931 1.534015 148.199472 0.589244 148.899168 3.117980   6  
  26  4   11   2   0    5  152.497531 1.899562 154.513276 0.122552 154.746522 3.251093   6  
  27  3   11   2   0    3  158.494823 1.868083 160.477215 0.463115 161.060327 2.934650   6  
  28  4   11   4   1    5  164.492102 1.066832 165.724849 0.129662 165.974754 4.017514   6  
  29  1   11   1   1    4  170.506041 1.400676 172.038723 0.420048 172.571784 3.434476   6  
  30  4   11   4   1    4  176.503313 1.366620 177.985938 0.426103 178.519067 3.484474   6  
  31  4   11   4   1    5  182.500606 1.733970 184.349816 0.327152 184.782909 3.217922   6  
  32  2   11   4   0    2  188.497873 1.516521 190.147145 0.149632 190.413667 3.584444   6  
  33  1   11   2   0    2  194.511874 2.300767 196.927391 0.252074 197.293888 2.718158   6  
  34  3   11   3   1    5  200.509100 2.282930 202.908014 0.165859 203.191217 2.818112   6  
  35  3   11   1   0    5  206.506446 1.467481 208.089061 0.048622 208.255644 3.750964   6  
  36  1   11   3   0    4  212.486994 1.866416 214.469461 0.297793 214.885984 3.101125   6  
  37  4   11   2   0    5  218.500992 1.700652 220.333501 0.161647 220.599988 3.401234   6  
  38  3   11   4   0    5  224.498214 1.833156 226.480664 0.061805 226.647245 3.351178   6  
  39  1   11   2   0    5  230.495519 1.251792 231.861558 0.180138 232.161465 3.834273   6  
  40  2   11   2   1    3  236.509445 0.983457 237.608941 0.247742 237.975457 4.034209   6  
  41  1   11   2   0    2  242.506728 1.349810 244.022711 0.282188 244.422523 3.584440   6  
  42  4   11   4   1    4  248.504059 1.584299 250.236553 0.584975 250.936265 3.067973   6  
  43  1   11   2   0    5  254.501286 1.349801 255.983958 0.216199 256.317136 3.684393   6  
  44  3   11   1   0    5  260.515240 1.917417 262.547696 0.137726 262.797593 3.217857   6  
  45  4   11   2   0    2  266.495858 2.282755 268.894769 0.510221 269.511149 2.484788   6  
  46  3   11   1   0    4  272.493386 1.417363 274.092420 1.076805 275.275210 2.718166   6  
  47  2   11   3   0    1  278.490409 1.833413 280.456201 0.171479 280.739389 3.251214   6  
  48  1   11   2   0    2  284.504366 1.733481 286.403504 0.508192 287.019897 2.984743   6  
  49  1   11   3   0    5  290.501630 2.083135 292.717306 0.168660 293.000507 3.001369   6  
  50  1   11  -1   0    2  296.498927 0.000000 299.014439 0.003181 299.131070 2.868071   6  
  51  3   11   2   0    2  302.512845 2.433068 305.061708 0.096285 305.278274 2.734814   6  
  52  2   11   4   0    2  308.510112 1.167493 309.809549 0.198659 310.126083 3.884277   6  
  53  2   11   1   0    5  314.507423 1.349774 315.973426 0.139306 316.223302 3.784353   6  
  54  4   11   4   1    3  320.504755 1.633964 322.253958 0.668074 323.036895 2.968044   6  
  55  4   11   4   1    6  326.501983 1.633050 328.251204 0.209474 328.567710 3.434386   6  
  56  3   11   3   1    5  332.499272 1.650974 334.265137 0.389407 334.764923 3.234582   6  
  57  4   11   4   1    6  338.496540 1.083460 339.695880 0.150924 339.962537 4.034210   6  
  58  4   11   4   1    5  344.493765 0.867998 345.476779 0.164423 345.759972 4.234084   6  
  59  3   11   3   1    5  350.507767 1.533172 352.157016 0.205617 352.473541 3.534451   6  
  60  2   11   3   0    6  356.505104 1.767252 358.387548 0.238032 358.737390 3.267882   6  
]; % This session completes at 20-Mar-2019 12:22:02, 364.004s after session start, 360s on 60 trials, totally 380.416s.

