%% MetaTwinsDoubleBlind_behave_Conf for '_notguess': starting at zhangkejing (       49.0000000000).3-Jan-2019 15:09:517.374386e+05 for '
record = [
%  n dir coh resp isc conf    osti      rtime     oconf     ctime     oisi       iti   total
   1  4   12   2   0    4    2.498877 1.316637   3.998197 0.050085   4.164782 3.834295   6  
   2  2   12   2   1    5    8.496153 1.433270  10.078680 0.164994  10.361966 3.634340   6  
   3  1   12   4   0    2   14.493436 1.083434  15.759521 0.076163  15.942785 4.050726   6  
   4  2   12   2   1    4   20.507382 0.983547  21.623409 0.102857  21.840109 4.167484   6  
   5  1   12   4   0    5   26.504656 0.866903  27.537522 0.000906  27.654129 4.350755   6  
   6  4   12   4   1    5   32.501928 0.716987  33.368215 0.004649  33.484820 4.517351   6  
   7  4   12   4   1    5   38.499210 0.800213  39.432129 0.067721  39.615369 4.384083   6  
   8  2   12   2   1    4   44.496496 1.033278  45.729279 0.052366  45.895859 4.100863   6  
   9  4   12   4   1    5   50.493782 0.900378  51.543306 0.019158  51.676573 4.317363   6  
  10  4   12   2   0    5   56.491056 1.233494  57.907092 0.108734  58.123653 3.867516   6  
  11  1   12   1   1    4   62.504996 1.167020  63.871051 0.084616  64.070959 3.934263   6  
  12  3   12   4   0    5   68.502279 0.800286  69.501830 0.000775  69.618456 4.384048   6  
  13  1   12   2   0    4   74.499556 0.916906  75.548976 0.209079  75.865617 4.134172   6  
  14  2   12   1   0    4   80.496839 0.850184  81.496343 0.072547  81.679648 4.317421   6  
  15  2   12   2   1    5   86.494099 1.116606  87.760198 0.148561  88.026762 3.967589   6  
  16  1   12   2   0    4   92.491403 0.916818  93.540822 0.090499  93.740838 4.250746   6  
  17  1   12   4   0    3   98.488699 0.866731  99.654835 0.096900  99.871398 4.117412   6  
  18  4   12   4   1    5  104.502624 0.833587 105.502048 0.010738 105.618798 4.384061   6  
  19  4   12   4   1    5  110.499900 0.883588 111.566054 0.002505 111.682707 4.317432   6  
  20  1   12   1   1    4  116.497200 1.150081 117.879915 0.142057 118.129797 3.867622   6  
  21  4   12   4   1    5  122.511136 1.499938 124.177044 0.000674 124.293661 3.717709   6  
  22  3   12   2   0    4  128.508419 1.100147 129.774521 0.041491 129.924439 4.084206   6  
  23  2   12   1   0    3  134.505708 1.983077 136.787996 0.848799 137.754233 2.251678   6  
  24  4   12   4   1    5  140.502974 0.916876 141.569026 0.012414 141.685787 4.317321   6  
  25  4   12   4   1    5  146.500262 0.767651 147.433174 0.000628 147.549795 4.450522   6  
  26  3   12   4   0   -1  152.514202 1.033359 153.846930 0.000000 155.845953 2.168466   6  
  27  4   12   1   0    4  158.511484 0.666943 159.361105 0.094861 159.561012 4.450697   6  
  28  4   12   4   1    5  164.508760 0.850209 165.524975 0.010187 165.641585 4.367412   6  
  29  1   12   2   0    2  170.506043 1.100097 171.738812 0.065379 171.922070 4.084213   6  
  30  2   12   2   1    5  176.503326 0.767792 177.436245 0.163173 177.719446 4.284087   6  
  31  4   12   4   1    5  182.500607 0.883530 183.550074 0.003011 183.666750 4.334006   6  
  32  1   12   2   0    4  188.497890 0.883713 189.747179 0.131861 189.997211 4.000760   6  
  33  3   12   4   0    5  194.511834 1.167881 195.877823 0.047128 196.044465 3.967591   6  
  34  3   12   3   1    2  200.509102 0.850249 201.525144 0.142044 201.775208 4.234125   6  
  35  4   12   4   1    5  206.506390 0.800237 207.489292 0.000679 207.605899 4.400719   6  
  36  4   12   4   1    6  212.503671 0.883565 213.536531 0.023454 213.669818 4.334086   6  
  37  4   12   1   0    3  218.500950 1.183458 219.916978 0.277468 220.300140 3.701039   6  
  38  1   12   2   0    3  224.498242 1.016736 225.697695 0.061847 225.864294 4.134084   6  
  39  2   12   2   1    3  230.495517 1.100118 231.761453 0.113189 231.994849 4.000769   6  
  40  2   12   3   0   -1  236.509463 0.983552 237.842201 0.000000 239.841221 2.168463   6  
  41  4   12   4   1    5  242.506739 0.800210 243.489632 0.000645 243.606247 4.400717   6  
  42  2   12   2   1    6  248.504025 1.599703 250.286544 0.054397 250.453139 3.551108   6  
  43  3   12   2   0    6  254.501306 1.583184 256.250367 0.032596 256.400452 3.601078   6  
  44  3   12   1   0    4  260.498585 1.033316 261.698031 0.039738 261.847973 4.150848   6  
  45  4   12   4   1    5  266.495863 1.166812 267.811936 0.023773 267.945209 4.050822   6  
  46  2   12   2   1    6  272.493145 0.767042 273.409408 0.008184 273.526009 4.467242   6  
  47  1   12   4   0    2  278.507084 0.816740 279.456524 0.085068 279.656571 4.350739   6  
  48  1   12   2   0    3  284.504363 1.133446 285.787133 0.094777 285.987029 4.017565   6  
  49  1   12   2   0    6  290.501644 1.250042 291.917518 0.127434 292.150914 3.850970   6  
  50  2   12   2   1    6  296.498941 1.183449 297.848317 0.057914 298.014924 3.984246   6  
  51  4   12   4   1    5  302.496201 1.366613 304.028730 0.005281 304.145464 3.850980   6  
  52  3   12   4   0    3  308.493500 1.183277 309.826224 0.033483 309.976162 4.017513   6  
  53  1   12   2   0    3  314.490784 0.833550 315.540187 0.047532 315.706892 4.284008   6  
  54  2   12   3   0    6  320.488072 1.449946 322.070584 0.341116 322.520471 3.467639   6  
  55  3   12   2   0    5  326.501999 1.150129 327.801272 0.119215 328.034636 3.967598   6  
  56  1   12   2   0    5  332.499277 0.983482 333.632055 0.031041 333.782044 4.217468   6  
  57  3   12   3   1    5  338.496569 1.433297 340.145816 0.050851 340.312414 3.684372   6  
  58  2   12   2   1    5  344.493837 1.749866 346.359584 0.043214 346.509598 3.484475   6  
  59  3   12   2   0    3  350.491124 0.783494 351.457364 0.030846 351.607294 4.384029   6  
  60  4   12   4   1    5  356.488410 1.100164 357.737701 0.005848 357.854459 4.134092   6  
  61  1   12   1   1    4  362.485698 1.133416 363.801759 0.120969 364.034982 3.950782   6  
  62  3   12   4   0    1  368.516279 0.933524 369.615797 0.275018 369.998955 4.017551   6  
  63  2   12   2   1    6  374.513570 1.516786 376.179480 0.036319 376.329418 3.684381   6  
  64  1   12   3   0    2  380.510844 1.483293 382.193352 0.020390 382.326701 3.684383   6  
  65  2   12   4   0    5  386.508132 1.250010 387.890678 0.025947 388.024109 3.984262   6  
  66  2   12   1   0    5  392.505413 1.266521 393.887987 0.005253 394.004737 4.000888   6  
  67  3   12   4   0    5  398.502699 1.066832 399.735473 0.000935 399.852088 4.150763   6  
  68  1   12   2   0    5  404.499980 1.183367 405.832707 0.100283 406.049272 3.950801   6  
  69  3   12   2   0    2  410.513916 1.999808 412.679554 0.140862 412.929492 3.084658   6  
  70  1   12   4   0    3  416.511199 1.399936 418.093744 0.051322 418.260412 3.751008   6  
  71  3   12   2   0    6  422.508474 1.633181 424.274348 0.177056 424.557551 3.451159   6  
  72  3   12   2   0    3  428.505763 1.833109 430.754751 0.899117 431.770960 2.235030   6  
  73  1   12   2   0    5  434.503040 1.567116 436.202271 0.021973 436.335547 3.667716   6  
  74  3   12   4   0    5  440.500332 1.233400 441.916349 0.190170 442.216216 3.784284   6  
  75  3   12   2   0    3  446.497611 1.299969 448.330129 0.586367 449.029794 2.967907   6  
  76  2   12   2   1    6  452.511544 1.183191 453.844287 0.097507 454.060845 3.950928   6  
  77  2   12   1   0    4  458.508820 1.216645 459.941515 0.069039 460.124764 3.884288   6  
  78  4   12   4   1    5  464.506105 0.866974 465.538964 0.001128 465.655588 4.350748   6  
  79  3   12   2   0    4  470.503389 1.100088 471.869437 0.004466 471.986047 4.017574   6  
  80  3   12   1   0    4  476.500669 1.116813 477.766774 0.124290 478.000004 4.000896   6  
  81  1   12   3   0    2  482.497966 0.800057 483.497455 0.056537 483.664101 4.334030   6  
  82  2   12   2   1    6  488.495245 2.016320 490.677501 0.044040 490.827513 3.167842   6  
  83  2   12   2   1    6  494.492524 1.100134 495.775272 0.000890 495.891885 4.100684   6  
  84  4   12   4   1    5  500.506445 0.816995 501.489244 0.004573 501.605963 4.400714   6  
  85  1   12   4   0    5  506.503740 0.783551 507.436569 0.003426 507.553268 4.450691   6  
  86  4   12   4   1    5  512.501018 0.716932 513.350660 0.025096 513.483902 4.517352   6  
  87  1   12   2   0    4  518.498289 1.149954 520.114216 1.009499 521.230410 2.768122   6  
  88  2   12   2   1    6  524.495585 1.083500 525.711707 0.051682 525.878283 4.117498   6  
  89  3   12   2   0    6  530.492872 0.833490 531.459100 0.022249 531.592364 4.400634   6  
  90  3   12   4   0    6  536.490136 0.950079 537.589599 0.113343 537.822886 4.167334   6  
]; % This session completes at 13-Jan-2019 15:19:12, 544.005s after session start, 540s on 90 trials, totally 560.851s.

