%% MetaTwins_RDMsc_training for 'lichongyue': starting at _nofeedback (       49.0000000000).0-Mar-2019 12:07:18 for '7.374945e+05': starting at 
record = [
%  n coh dir resp isc ckey conf    osti    dsti oopt   rtime     oconf     ctime     oisi    isi ofb    oiti       iti   total
   1  11  4    2   0    0    8    2.498573   0    0  1.682880   4.397361 0.386006   4.897039  0   0    4.897039 1.101844   4  
   2  11  1    2   0    0    8    6.496032   0    0  1.432846   8.161647 0.200593   8.478099  0   0    8.478099 0.518232   3  
   3  12  4    4   1    0    8    9.494110   0    0  1.515999  11.159732 0.239189  11.509498  0   0   11.509498 1.484913   4  
   4  12  4    2   0    0    8   13.491573   0    0  0.783196  14.457622 0.070727  14.640839  0   0   14.640839 1.351000   3  
   5  12  1    2   0    0    8   16.506316   0    0  1.149711  17.872121 0.294875  18.271863  0   0   18.271863 0.734720   3  
   6  13  3    2   0    0    7   19.504405   0    0  2.099098  21.819612 1.403837  23.335301  0   0   23.335301 0.669375   5  
   7  13  2    2   1    0    8   24.501222   0    0  1.366192  26.050025 0.093763  26.250110  0   0   26.250110 0.751366   3  
   8  13  1    2   0    0    8   27.499315   0    0  1.582775  29.281512 0.189446  29.581321  0   0   29.581321 1.418234   4  
   9  13  3    4   0    0    7   31.496766   0    0  1.832691  33.462198 0.478011  34.061803  0   0   34.061803 0.935181   4  
  10  14  1    1   1    0    8   35.494226   0    0  1.516111  37.143176 0.126420  37.376358  0   0   37.376358 0.618077   3  
  11  14  4    4   1    0    8   38.492304   0    0  1.199543  39.808025 0.189499  40.107950  0   0   40.107950 0.884560   3  
  12  13  2    2   1    0    8   41.490401   0    0  0.949856  42.589707 0.243809  42.939474  0   0   42.939474 1.051110   3  
  13  13  1    1   1    0    8   44.488493   0    0  2.249011  46.903634 0.701544  47.719762  0   0   47.719762 1.268900   5  
  14  12  4    4   1    0    8   49.501969   0    0  0.999873  50.651239 0.178297  50.934389  0   0   50.934389 1.067730   3  
  15  12  3    3   1    0    8   52.500045   0    0  1.716005  54.382092 0.283724  54.781948  0   0   54.781948 1.218264   4  
  16  11  3    1   0    0    8   56.497499   0    0  1.649240  58.329674 0.101223  58.546200  0   0   58.546200 1.451439   4  
  17  11  2    2   1    0    8   60.494965   0    0  1.101266  61.794139 0.116614  62.027319  0   0   62.027319 0.967752   3  
  18  11  1    1   1    0    8   63.493044   0    0  0.816532  64.442436 0.062964  64.625658  0   0   64.625658 1.367497   3  
  19  10  3    2   0    0    8   66.507795   0    0  1.932503  68.639787 0.326701  69.072840  0   0   69.072840 0.935282   4  
  20  10  3    2   0    0    8   70.505252   0    0  1.183928  71.904361 0.000669  72.020945  0   0   72.020945 0.984625   3  
  21  11  3    3   1    0    8   73.503324   0    0  1.116502  74.818951 0.081603  75.019040  0   0   75.019040 0.984617   3  
  22  11  1    1   1    0    8   76.501416   0    0  0.666700  77.300743 0.100521  77.517449  0   0   77.517449 1.484303   3  
  23  10  1    1   1    0    8   79.516171   0    0  1.066460  80.748719 0.000607  80.865311  0   0   80.865311 1.151198   3  
  24  10  2    2   1    0    8   82.514255   0    0  2.198943  84.912520 0.070111  85.095935  0   0   85.095935 0.918646   4  
  25   9  2    2   1    0    8   86.511697   0    0  1.584157  88.310578 0.035554  88.460475  0   0   88.460475 0.551555   3  
  26   9  1    1   1    0    8   89.509804   0    0  1.449502  91.108707 0.103001  91.325315  0   0   91.325315 0.684817   3  
  27   8  4    2   0    0    8   92.507888   0    0  1.399551  94.106888 0.031918  94.256781  0   0   94.256781 0.751434   3  
  28   8  2    3   0    0    8   95.505979   0    0  2.015811  97.721170 0.009960  97.837843  0   0   97.837843 1.168462   4  
  29   9  4    1   0    0    8   99.503434   0    0  2.115773 101.785322 0.000581 101.901901  0   0  101.901901 1.101855   4  
  30   9  4    4   1    0    8  103.500890   0    0  1.116407 104.783428 0.000317 104.899993  0   0  104.899993 1.101223   3  
  31   9  2    2   1    0    8  106.499003   0    0  1.166315 107.864779 0.000628 107.981367  0   0  107.981367 1.017937   3  
  32   8  1    2   0    0    8  109.513722   0    0  2.032391 111.745660 0.000509 111.862225  0   0  111.862225 1.151825   4  
  33   8  4    4   1    0    8  113.511190   0    0  1.082949 114.726889 0.031798 114.876987  0   0  114.876987 1.134519   3  
  34   8  1   -1   0    0    4  116.509270   0    0  0.000000 119.024355 0.022637 119.157590  0   0  119.157590 0.852002   4  
  35   8  2    2   1    0    8  120.506718   0    0  2.399028 123.088334 0.010366 123.205003  0   0  123.205003 0.802044   4  
  36   7  3    4   0    0    8  124.504188   0    0  1.982499 126.619609 0.068793 126.802718  0   0  126.802718 1.201780   4  
  37   7  1    4   0    0    8  128.501624   0    0  1.716037 130.383773 0.000639 130.500353  0   0  130.500353 0.501590   3  
  38   8  3    2   0    0    8  131.499719   0    0  1.532785 133.215299 0.007533 133.331897  0   0  133.331897 0.668148   3  
  39   8  3    2   0    0    8  134.497798   0    0  1.965829 136.629716 0.002677 136.746370  0   0  136.746370 1.251758   4  
  40   9  4    4   1    0    7  138.495259   0    0  1.366140 139.994089 0.342490 140.444017  0   0  140.444017 0.551569   3  
  41   9  2    2   1    0    5  141.510002   0    0  1.632634 143.325538 1.380165 144.824569  0   0  144.824569 1.185755   5  
  42   8  4    4   1    0    8  146.506820   0    0  1.082859 147.722717 0.078586 147.922584  0   0  147.922584 1.084572   3  
  43   8  1    4   0    0    8  149.504918   0    0  1.732717 151.387054 0.066957 151.570275  0   0  151.570275 1.434963   4  
  44   8  2    2   1    0    7  153.502366   0    0  1.949534 155.700979 0.428487 156.250617  0   0  156.250617 0.752088   4  
  45   8  1    1   1    0    8  157.499809   0    0  0.816556 158.465880 0.528519 159.115463  0   0  159.115463 0.884697   3  
  46   7  1    4   0    0    8  160.497900   0    0  1.466103 162.096899 0.438366 162.646542  0   0  162.646542 1.351698   4  
  47   7  4    3   0    0    7  164.495353   0    0  1.899221 166.610691 0.376885 167.093711  0   0  167.093711 0.901985   4  
  48   8  3    2   0    0    6  168.492819   0    0  2.248981 170.907962 0.352080 171.374316  0   0  171.374316 0.618811   4  
  49   8  4    3   0    0    6  172.506921   0    0  2.165741 174.888759 0.176308 175.171893  0   0  175.171893 0.835338   4  
  50   9  4   -1   0    0    6  176.504376   0    0  0.000000 179.019462 1.016806 180.152070  0   0  180.152070 0.852606   5  
  51   9  3    1   0    0    6  181.501201   0    0  1.250317 182.900318 0.234945 183.250079  0   0  183.250079 0.751396   3  
  52   9  2    2   1    0    6  184.499279   0    0  1.416685 186.148232 0.501319 186.764514  0   0  186.764514 1.235055   4  
  53   9  2    1   0    0    6  188.496749   0    0  1.449509 190.079076 0.584842 190.778626  0   0  190.778626 1.218366   4  
  54   9  4    2   0    0    8  192.494196   0    0  2.299014 194.992608 0.580328 195.692163  0   0  195.692163 1.302268   5  
  55  10  3    1   0    0    7  197.491011   0    0  1.549497 199.189838 1.147561 200.455786  0   0  200.455786 0.535456   4  
  56  10  2    2   1    0    8  201.488468   0    0  1.999206 203.686885 0.739660 204.536518  0   0  204.536518 1.452159   5  
  57  10  3    1   0    0    6  206.501934   0    0  1.816009 208.483897 1.827402 210.432768  0   0  210.432768 0.569387   5  
  58  10  2    4   0    0    6  211.498776   0    0  1.949115 213.597432 1.139683 214.846618  0   0  214.846618 1.152316   5  
  59  11  2    2   1    0    7  216.495565   0    0  2.165574 218.793915 0.497850 219.410382  0   0  219.410382 0.585362   4  
  60  11  3    3   1    0    8  220.493026   0    0  1.266299 221.925442 1.519289 223.557737  0   0  223.557737 1.435429   5  
]; % This session completes at 10-Mar-2019 12:11:11, 227.003s after session start, 223s on 60 trials, totally 232.256s, correctness is 48.333%.

