%% MetaTwinsDoubleBlind_behave_Conf for '_guess': starting at xujiawei (       48.0000000000).3-Mar-2019 12:37:177.374875e+05 for '
record = [
%  n dir coh resp isc conf conforig    osti      rtime     oconf     ctime     oisi       iti   total
   1  1   14   1   1    6      7      2.498851 1.832766   4.847788 1.394787   6.347109 1.651979   6  
   2  4   14   2   0    7      6      8.496135 1.266168  10.278657 1.318397  11.711359 2.285021   6  
   3  3   14   1   0    3      3     14.493419 1.849377  16.859012 1.228936  18.208418 1.785222   6  
   4  4   14   1   0    2      2     20.507360 2.066026  23.089521 0.744888  23.939140 2.068461   6  
   5  4   14   2   0    5      6     26.504652 1.416138  28.437106 0.920781  29.469981 2.534895   6  
   6  2   14   3   0    2      1     32.501939 2.132869  35.150736 0.771994  36.033664 1.968499   6  
   7  2   14   2   1    6      1     38.499223 1.249598  40.265087 1.139201  41.514515 2.484936   6  
   8  3   14   3   1    3      2     44.496495 1.649375  46.662189 1.902122  48.677946 1.318796   6  
   9  2   14   3   0    2      1     50.493767 1.966055  52.975986 0.677923  53.758969 2.235049   6  
  10  4   14   3   0    2      1     56.507733 2.182488  59.206509 0.364467  59.689620 2.318333   6  
  11  3   14   3   1    3      3     62.505017 1.832739  64.853946 0.925056  65.886809 2.118436   6  
  12  2   14   2   1    1      2     68.502287 2.432485  71.450970 0.374574  71.934065 2.068465   6  
  13  4   14  -1   0    1      3     74.499583 0.000000  77.015112 0.610688  77.731448 2.268352   6  
  14  1   14   1   1    7      7     80.496854 1.399532  82.412650 0.750826  83.278934 2.718151   6  
  15  4   14   3   0    2      3     86.494141 1.849318  88.859740 0.964117  89.942594 2.051784   6  
  16  4   14   1   0    2      2     92.508086 1.899259  94.923659 0.719780  95.756615 2.251702   6  
  17  4   14   4   1    1      6     98.505378 2.315692 101.337422 0.688103 102.137065 1.868536   6  
  18  4   14   4   1    3      5    104.502661 1.749540 106.768286 1.391215 108.267627 1.735257   6  
  19  3   14   3   1    3      4    110.499940 1.782797 112.798895 0.817695 113.731798 2.268369   6  
  20  1   14   4   0    6      7    116.497219 1.499504 118.512982 0.582854 119.212658 2.784793   6  
  21  2   14   2   1    1      4    122.494509 2.399197 125.409847 0.103061 125.626426 2.368305   6  
  22  1   14   3   0    3      2    128.508444 1.849388 130.874047 1.046728 132.040181 1.968495   6  
  23  3   14   4   0    3      3    134.505735 1.849323 136.871331 0.473661 137.454394 2.551574   6  
  24  2   14   3   0    2      4    140.503018 2.082632 143.101832 0.322736 143.534980 2.468269   6  
  25  1   14   1   1    3      2    146.500300 1.899399 148.915875 0.312118 149.332355 2.668181   6  
  26  2   14   2   1    1      4    152.497589 2.332541 155.346288 0.078381 155.529544 2.468272   6  
  27  1   14   3   0    2      4    158.494869 1.932736 160.943769 0.394128 161.443520 2.551579   6  
  28  1   14   4   0    1      4    164.508813 2.365910 167.390845 0.059156 167.557428 2.451616   6  
  29  3   14   4   0    1      5    170.506097 2.265728 173.288168 0.285627 173.687977 2.318348   6  
  30  3   14   3   1    1      5    176.503380 2.382360 179.402068 0.000700 179.518680 2.484919   6  
  31  4   14   2   0    2      1    182.500660 2.282470 185.299374 0.364410 185.782513 2.218378   6  
  32  1   14   3   0    1      2    188.497944 2.332396 191.346660 0.643157 192.096316 1.901861   6  
  33  3   14  -1   0    1      4    194.495226 0.000000 197.010772 0.505113 197.627153 2.368303   6  
  34  2   14   4   0    6      5    200.509165 1.249523 202.275039 1.419835 203.807673 2.201725   6  
  35  1   14   3   0    2      4    206.506451 2.182515 209.205227 0.367575 209.688354 2.318335   6  
  36  4   14   4   1    2      2    212.503739 2.215743 215.235831 0.289128 215.635658 2.368315   6  
  37  1   14   4   0    2      3    218.501014 2.182659 221.199793 0.440308 221.749563 2.251699   6  
  38  4   14   4   1    2      5    224.498301 2.166098 227.180438 0.059625 227.347018 2.651510   6  
  39  3   14   3   1    5      7    230.495597 1.749452 232.761239 1.367483 234.243904 1.751922   6  
  40  2   14  -1   0    1      3    236.509539 0.000000 239.025083 0.529188 239.674773 2.334984   6  
  41  2   14   4   0    7      7    242.506827 1.049716 244.072777 0.931577 245.122304 2.884750   6  
  42  3   14   3   1    6      6    248.504099 1.316519 250.336604 0.817649 251.269522 2.734808   6  
  43  2   14   2   1    2      5    254.501382 2.149319 257.166858 0.189754 257.466711 2.534914   6  
  44  4   14   2   0    2      6    260.498671 2.149308 263.164137 0.256929 263.530629 2.468269   6  
  45  2   14  -1   0    1      2    266.495954 0.000000 269.011504 0.412683 269.544575 2.451611   6  
  46  3   14   3   1    4      2    272.509909 1.732685 274.758877 1.495212 276.374816 1.635326   6  
  47  3   14   4   0    5      1    278.507159 1.382897 280.406322 1.524175 282.038921 1.968488   6  
  48  2   14   2   1    2      2    284.504459 2.232629 287.253228 0.206345 287.569747 2.434938   6  
  49  3   14   3   1    2      7    290.501726 2.282620 293.300481 0.307426 293.716950 2.285023   6  
  50  1   14   3   0    3      6    296.499037 2.065997 299.081198 0.401769 299.597657 2.401602   6  
  51  1   14   1   1    3      4    302.512979 1.932679 304.961868 0.590205 305.661557 2.351649   6  
  52  4   14   2   0    6      5    308.510267 1.632759 310.659292 1.104123 311.875395 2.135098   6  
  53  1   14   3   0    3      2    314.507545 1.949289 316.973084 0.381748 317.472858 2.534903   6  
  54  1   14   2   0    7      2    320.504818 1.499440 322.520581 0.832430 323.470158 2.534891   6  
  55  4   14   4   1    2      2    326.502118 2.065937 329.084279 1.182646 330.383694 1.618648   6  
  56  4   14   4   1    7      7    332.499389 1.432930 334.448509 0.995237 335.548013 2.451607   6  
  57  3   14   3   1    6      5    338.513336 1.732745 340.762321 1.427804 342.294971 1.718589   6  
  58  4   14   3   0    5      2    344.510617 1.882839 346.909541 0.999825 348.025697 1.985154   6  
  59  1   14   3   0    2      1    350.507897 2.065831 353.090072 0.839197 354.039635 1.968496   6  
  60  2   14   2   1    2      1    356.505197 1.966067 358.987389 1.299811 360.403433 1.601980   6  
  61  1   14   1   1    3      7    362.502479 1.999264 365.017985 0.387290 365.517769 2.484940   6  
  62  4   14   3   0    3      4    368.499757 1.949254 370.965330 0.520047 371.598349 2.401640   6  
  63  4   14   4   1    2      7    374.513702 2.299322 377.329089 0.249273 377.695600 2.318326   6  
  64  2   14   2   1    2      1    380.510996 2.115939 383.143130 0.256468 383.509625 2.501580   6  
  65  3   14   3   1    4      1    386.508261 1.982722 389.007130 1.002892 390.123294 1.885199   6  
  66  3   14   3   1    4      5    392.505547 1.899395 394.921123 1.276265 396.303832 1.701954   6  
  67  3   14   3   1    5      5    398.502826 1.899423 400.918407 1.286421 402.317773 1.685284   6  
  68  3   14   3   1    5      5    404.500113 1.732830 406.749098 0.564038 407.432131 2.568223   6  
  69  3   14   1   0    3      1    410.514067 2.115787 413.146205 1.536990 414.795471 1.218825   6  
  70  1   14   1   1    3      7    416.511322 2.082540 419.110181 0.650876 419.876486 2.135086   6  
  71  1   14   1   1    2      7    422.508623 2.132543 425.157425 0.111108 425.373994 2.634855   6  
  72  2   14   2   1    6      7    428.505917 1.849459 430.871513 0.590691 431.571194 2.434947   6  
  73  3   14   3   1    7      8    434.503200 1.399476 436.418999 0.874452 437.401879 2.601542   6  
  74  4   14   4   1    8      8    440.500473 1.099661 442.116408 0.518755 442.749464 3.251253   6  
  75  2   14   3   0    1      2    446.514433 2.382475 449.413113 0.437057 449.962873 2.051773   6  
  76  1   14   2   0    2      1    452.511711 2.082549 455.110534 0.189479 455.410392 2.601540   6  
  77  2   14   4   0    2      5    458.508992 2.149371 461.174456 0.220287 461.507640 2.501579   6  
  78  2   14   2   1    1      4    464.506269 2.415750 467.438282 0.098851 467.654843 2.351664   6  
  79  4   14   4   1    2      7    470.503563 2.299225 473.318947 0.559038 473.985315 2.018476   6  
  80  1   14   1   1    2      8    476.500843 2.065841 479.083003 0.798292 479.999262 2.001803   6  
  81  1   14   1   1    7      8    482.514778 1.116615 484.147370 0.715356 484.980336 3.034684   6  
  82  3   14   3   1    7      8    488.512067 1.549439 490.577777 1.330908 492.027149 1.985157   6  
  83  2   14   2   1    7      8    494.509343 1.349570 496.375180 0.754503 497.241445 2.768137   6  
  84  1   14   1   1    8      8    500.506638 0.999967 502.022608 0.367292 502.505729 3.501142   6  
  85  4   14   3   0    2      2    506.503915 2.282434 509.302652 0.283241 509.702466 2.301683   6  
  86  3   14   1   0    6      5    512.501204 1.482887 514.500297 0.635656 515.249956 2.751470   6  
  87  4   14   2   0    6      3    518.515140 1.516145 520.547549 0.488417 521.147288 2.868087   6  
  88  3   14   3   1    2      2    524.512421 2.299247 527.327827 0.056619 527.494411 2.518255   6  
  89  2   14   2   1    7      2    530.509717 1.466249 532.492146 0.490291 533.091873 2.918074   6  
  90  2   14   2   1    8      7    536.507005 0.949859 537.972998 0.228020 538.306190 3.701035   6  
]; % This session completes at 03-Mar-2019 12:46:38, 544.005s after session start, 540s on 90 trials, totally 560.956s.

