%% MetaTwinsDoubleBlind_behave_Conf for '_guess': starting at lvhaonan (       49.0000000000).7-Jan-2019 11:43:487.374425e+05 for '
record = [
%  n dir coh resp isc conf conforig    osti      rtime     oconf     ctime     oisi       iti   total
   1  4   10   2   0    7      5      2.498975 0.716998   3.731760 0.992651   4.831257 3.167946   6  
   2  3   10   4   0    6      6      8.496260 0.816674   9.829000 1.043887  10.978474 3.018015   6  
   3  1   10   3   0    7      3     14.510206 1.299850  16.326052 0.794947  17.225638 2.784800   6  
   4  3   10   2   0    8      5     20.507482 0.766782  21.790237 0.797778  22.706490 3.301216   6  
   5  4   10   3   0    5      2     26.504763 2.132712  29.153571 0.447709  29.719978 2.285019   6  
   6  2   10   2   1    6      5     32.502049 1.199752  34.217939 0.400678  34.734376 3.267904   6  
   7  3   10   4   0    7      6     38.515994 0.666475  39.698785 0.859024  40.665010 3.351209   6  
   8  3   10   2   0    6      7     44.513270 0.816685  45.846007 0.476976  46.429082 3.584422   6  
   9  1   10   1   1    3      5     50.493911 1.183130  52.193127 0.532017  52.842833 3.151159   6  
  10  3   10   2   0    2      7     56.491188 1.449500  58.456956 0.837406  59.406523 2.584790   6  
  11  4   10   3   0    2      1     62.505129 1.499767  64.520876 0.851155  65.487104 2.518175   6  
  12  3   10   1   0    4      5     68.502404 1.483041  70.501499 0.984751  71.601002 2.401605   6  
  13  2   10   2   1    6      8     74.499703 1.016698  76.032334 0.655991  76.798658 3.201254   6  
  14  1   10   4   0    3      4     80.496981 0.716521  81.729746 0.590494  82.429423 3.567781   6  
  15  3   10   2   0    7      5     86.510921 1.066572  88.093544 0.371386  88.576646 3.434489   6  
  16  2   10   1   0    3      7     92.508204 1.732779  94.757176 0.138521  95.007058 3.001363   6  
  17  4   10   2   0    4      4     98.505482 1.283100 100.304659 0.448031 100.871079 3.134636   6  
  18  4   10   3   0    5      3    104.502765 1.116357 106.135354 0.455917 106.701774 3.301209   6  
  19  2   10   2   1    2      8    110.500048 0.833359 111.849428 0.416469 112.382543 3.617738   6  
  20  1   10   1   1    6      5    116.513993 1.033290 118.063299 0.507755 118.679670 3.334551   6  
  21  4   10   3   0    6      7    122.494614 1.133173 124.143864 0.327076 124.577000 3.417699   6  
  22  1   10   1   1    5      8    128.491898 1.033261 130.041192 0.268131 130.424356 3.567659   6  
  23  3   10   3   1    4      5    134.489186 1.249781 136.255044 0.303825 136.671530 3.317801   6  
  24  4   10   1   0    6      5    140.503124 1.099780 142.119054 0.254905 142.485559 3.517751   6  
  25  1   10   1   1    3      8    146.500407 0.766699 147.783154 0.150650 148.049698 3.950936   6  
  26  2   10   4   0    6      1    152.497679 1.183193 154.196926 0.297629 154.613394 3.384533   6  
  27  2   10   2   1    7      8    158.494977 0.816518 159.827697 0.307256 160.244180 3.751014   6  
  28  3   10   1   0    2      5    164.508908 1.816282 166.841195 0.366272 167.324306 2.684839   6  
  29  2   10   2   1    6      5    170.506204 0.716648 171.738970 0.373794 172.222099 3.784320   6  
  30  2   10   2   1    5      7    176.503479 0.783299 177.802892 0.327776 178.236019 3.767683   6  
  31  3   10   3   1    3      7    182.500761 1.583078 184.599808 0.000943 184.716426 3.284566   6  
  32  3   10   2   0    4      7    188.514696 0.983295 190.014034 0.388525 190.513805 3.501131   6  
  33  2   10   2   1    6      5    194.495319 0.933337 195.944663 0.924950 196.977527 3.017867   6  
  34  4   10   1   0    5      5    200.492621 1.166493 202.175186 0.421444 202.708274 3.284442   6  
  35  4   10   4   1    3      6    206.489891 1.582992 208.588942 0.379190 209.088717 2.901322   6  
  36  1   10   3   0    6      8    212.503830 1.599591 214.619542 0.463334 215.202607 2.801415   6  
  37  2   10   2   1    5      4    218.501124 1.133204 220.150371 0.618053 220.883377 3.117955   6  
  38  2   10   2   1    5      5    224.498396 0.800010 225.814479 1.086634 227.013925 2.984704   6  
  39  2   10   2   1    7      1    230.495693 1.466345 232.478115 0.657432 233.244438 2.751472   6  
  40  1   10   1   1    7      1    236.509635 0.899711 237.925656 0.457672 238.492060 3.517794   6  
  41  3   10   3   1    6      4    242.506916 1.282853 244.306087 0.328531 244.739230 3.267909   6  
  42  3   10   2   0    5      5    248.504188 0.733317 249.753623 0.331759 250.203433 3.800982   6  
  43  1   10   3   0    3      3    254.501470 1.266395 256.283994 0.324960 256.717133 3.284569   6  
  44  2   10   2   1    5      6    260.515418 0.733259 261.764854 0.064921 261.948099 4.067545   6  
  45  2   10   2   1    6      2    266.496054 0.733190 267.745477 0.795171 268.661735 3.334361   6  
  46  4   10   2   0    4      5    272.493320 0.766518 273.776076 0.290178 274.175906 3.817515   6  
  47  1   10   1   1    6      8    278.490611 0.899919 279.906634 0.286121 280.306464 3.684276   6  
  48  3   10   4   0    4      1    284.504547 1.049845 286.070503 0.285330 286.470330 3.534380   6  
  49  3   10   4   0    6      1    290.501833 2.049346 293.067340 0.472968 293.650404 2.351640   6  
  50  4   10   3   0    7      5    296.499122 1.133089 298.148375 0.447969 298.714780 3.284561   6  
  51  2   10   2   1    2      1    302.496398 0.650013 303.662543 0.300727 304.079016 3.917615   6  
  52  2   10   2   1    6      8    308.510333 0.666599 309.693142 0.000743 309.809762 4.200819   6  
  53  1   10   3   0    5      7    314.507631 1.066419 316.090250 0.645162 316.839903 3.167954   6  
  54  1   10   4   0    6      6    320.504933 1.432803 322.454035 0.302161 322.870509 3.134629   6  
  55  3   10   3   1    6      4    326.502194 1.199847 328.218063 0.357582 328.684526 3.317899   6  
  56  2   10   2   1    6      8    332.516128 0.716665 333.748912 0.631317 334.498575 3.517795   6  
  57  4   10   4   1    4      6    338.513423 1.449815 340.479191 0.623819 341.212201 2.801444   6  
  58  1   10   3   0    3      4    344.494034 1.249788 346.259905 0.403272 346.776332 3.217793   6  
  59  1   10   1   1    2      3    350.491329 1.232920 352.240527 0.299819 352.657009 3.334438   6  
  60  4   10   4   1    3      5    356.488613 0.933171 357.937943 0.350845 358.404406 3.584356   6  
  61  1   10   3   0    6      6    362.502544 1.083084 364.101828 0.325881 364.534973 3.467767   6  
  62  4   10   4   1    6      6    368.499840 1.083034 370.099101 0.576102 370.782125 3.217933   6  
  63  3   10   4   0    3      5    374.497133 0.916535 375.929797 0.330184 376.379602 3.617749   6  
  64  4   10   2   0    6     -1    380.494398 1.632799 382.643422 0.257898 383.009917 2.984699   6  
  65  2   10   2   1    3      4    386.508344 1.066448 388.090957 0.000842 388.207568 3.800991   6  
  66  1   10   1   1    3      6    392.505620 1.482885 394.504719 0.354271 394.971170 3.034677   6  
  67  1   10   3   0    2      6    398.502908 1.882806 400.901818 0.095855 401.118378 2.884751   6  
  68  2   10   4   0    8      6    404.500196 0.933256 405.949533 0.450915 406.515945 3.484471   6  
  69  2   10   2   1    6      7    410.514135 0.733406 411.763570 0.428250 412.296649 3.717712   6  
  70  3   10   4   0    4     -1    416.494756 1.166360 418.177322 0.413349 418.710426 3.284391   6  
  71  1   10   3   0    5      5    422.492049 1.299506 424.307891 0.739784 425.157503 2.834637   6  
  72  1   10   3   0    5      6    428.489314 1.399724 430.405116 0.356239 430.871569 3.117903   6  
  73  4   10   4   1    3      6    434.503274 1.149801 436.169174 0.309899 436.585652 3.417783   6  
  74  4   10   4   1    5      5    440.500534 1.133198 442.149799 0.388661 442.649559 3.351199   6  
  75  4   10   1   0    3      2    446.497828 1.866316 448.880071 0.387808 449.379855 2.618209   6  
  76  4   10   2   0    2      6    452.495104 1.249771 454.260971 0.326488 454.694123 3.301217   6  
  77  2   10   2   1    2      6    458.509049 1.333053 460.358213 0.269740 460.741376 3.267901   6  
  78  1   10   3   0    2      6    464.506332 0.983266 466.005646 0.439275 466.555403 3.451151   6  
  79  3   10   2   0    7      2    470.503622 1.316406 472.336127 0.389382 472.835892 3.167951   6  
  80  4   10   4   1    3      7    476.500902 1.799528 478.816521 0.522167 479.449575 2.551552   6  
  81  1   10   4   0    3      1    482.514850 1.533024 484.563911 0.593704 485.263588 2.751476   6  
  82  4   10   3   0    5      6    488.495461 1.083132 490.094734 0.399746 490.611170 3.384353   6  
  83  3   10   1   0    2      4    494.492754 1.732965 496.741728 0.734376 497.591357 2.401496   6  
  84  1   10   1   1    1      6    500.490031 1.016545 502.022672 0.570601 502.705691 3.284470   6  
  85  3   10   3   1    4      6    506.503991 1.332991 508.353139 0.270831 508.736296 3.267847   6  
  86  4   10   1   0    3      2    512.501261 0.966573 513.983918 0.628759 514.733585 3.267875   6  
  87  2   10   2   1    3      6    518.498548 0.749764 519.764640 0.363106 520.247751 3.751004   6  
  88  3   10   3   1    3      7    524.495826 0.983189 525.995146 0.380876 526.494917 3.501132   6  
  89  2   10   2   1    4      8    530.509769 0.966581 531.992427 0.417540 532.525518 3.484468   6  
  90  4   10   4   1   -1      2    536.507055 1.066608 538.089666 0.000000 540.088723 1.918553   6  
]; % This session completes at 17-Jan-2019 11:53:10, 546.244s after session start, 540s on 90 trials, totally 561.491s.

