%% MetaTwins_RDMsc_training for 'linxiaojia': starting at _feedback (       48.0000000000).1-Jun-2019 10:46:18 for '7.375774e+05': starting at 
record = [
%  n coh dir resp isc ckey conf    osti    dsti oopt   rtime     oconf     ctime     oisi       isi       ofb       oiti       iti   total
   1  40  2    2   1    0    6    2.498990   0    0  1.117289   3.781751 0.947135   4.847919 0.999549   5.847468   6.847037 1.152184   6  
   2  40  4    4   1    0    7    8.496281   0    0  1.284713   9.912316 0.948243  10.978496 0.999556  11.978052  12.977599 1.018915   6  
   3  36  1    1   1    0    6   14.493574   0    0  0.866729  15.526447 0.969765  16.609277 0.999549  17.608826  18.608394 1.385412   6  
   4  36  3    4   0    0    3   20.507528   0    0  1.116720  21.773387 1.143204  23.039707 0.999556  24.039263  25.038825 0.968922   6  
   5  36  2    2   1    0    7   26.504827   0    0  0.984692  27.637633 0.963780  28.720500 0.999532  29.720033  30.719588 1.285450   6  
   6  36  3    3   1    0    7   32.502110   0    0  1.133596  33.801524 0.796979  34.717768 0.999558  35.717326  36.716876 1.285452   6  
   7  32  2    2   1    0    6   38.499411   0    0  1.067801  39.715494 0.698890  40.531833 0.999509  41.531342  42.530915 1.468719   6  
   8  32  1    1   1    0    6   44.496692   0    0  0.950220  45.596201 1.159588  46.878954 0.999540  47.878494  48.878058 1.118864   6  
   9  28  2    2   1    0    7   50.510653   0    0  0.951359  51.626813 1.231937  52.976206 0.999557  53.975763  54.975293 1.035591   6  
  10  28  3    3   1    0    7   56.507938   0    0  1.083482  57.707396 0.773755  58.606999 0.999535  59.606534  60.606089 1.402078   6  
  11  25  4    4   1    0    7   62.505244   0    0  1.135583  63.754676 0.634863  64.504338 0.999350  65.503687  66.503415 0.502042   5  
  12  25  3    3   1    0    7   67.502979   0    0  0.966833  68.602482 0.903125  69.618692 0.999544  70.618235  71.617797 1.385406   6  
  13  22  1    4   0    0    6   73.500274   0    0  1.683164  75.299466 0.717625  76.132413 0.999540  77.131953  78.131518 0.869003   6  
  14  22  4    4   1    0    3   79.514232   0    0  1.117819  80.796969 1.703832  82.612828 0.999539  83.612367  84.611904 1.402544   7  
  15  22  1    1   1    0    6   86.511068   0    0  1.416571  88.110348 1.073950  89.309793 0.999547  90.309340  91.308902 0.702384   6  
  16  19  2    3   0    0    3   92.508362   0    0  1.484711  94.174277 1.293192  95.590308 0.999586  96.589894  97.589382 1.419234   7  
  17  19  1    3   0    0    3   99.505187   0    0  2.182892 101.954091 0.962807 103.036935 0.999547 104.036483 105.036036 0.969385   7  
  18  21  2    4   0    0    5  106.502038   0    0  1.167069 107.801475 0.854596 108.767666 0.999587 109.767253 110.766774 1.235511   6  
  19  21  2    3   0    0    2  112.499321   0    0  1.599862 114.281828 1.571593 115.964445 0.999543 116.963988 117.963538 1.035842   7  
  20  24  2    4   0    0    5  119.496164   0    0  1.349953 121.012155 0.975416 122.111648 0.999561 123.111208 124.110703 0.885683   6  
  21  24  1    1   1    0    5  125.493475   0    0  1.101290 126.726248 0.912412 127.759109 0.999555 128.758664 129.758196 1.235497   6  
  22  24  1    1   1    0    5  131.490744   0    0  1.633307 133.273268 0.625294 134.022934 0.999558 135.022493 136.022047 0.968807   6  
  23  21  1    1   1    0    5  137.488049   0    0  1.601033 139.253922 0.691439 140.070230 0.999537 141.069766 142.069308 0.918977   6  
  24  21  3    3   1    0    5  143.501997   0    0  1.366448 144.984683 0.562523 145.667678 0.999554 146.667232 147.666799 1.335336   6  
  25  18  2   -1   0    0    2  149.499305   0    0  0.000000 152.014818 0.014358 152.148100 0.999538 153.147638 154.147190 0.852335   6  
  26  18  3    3   1    0    5  155.496572   0    0  1.649877 157.279118 0.781337 158.178699 0.999546 159.178245 160.177807 0.818932   6  
  27  18  3    3   1    0    5  161.493867   0    0  1.384314 162.993200 1.069004 164.176010 0.999549 165.175560 166.175084 0.819004   6  
  28  16  4    4   1    0    5  167.491172   0    0  1.066857 168.673959 0.501736 169.290348 0.999549 170.289897 171.289457 0.701899   5  
  29  16  3    3   1    0    6  172.505591   0    0  1.033658 173.655062 0.515531 174.288104 0.999542 175.287646 176.287196 0.718602   5  
  30  14  2    4   0    0    6  177.503308   0    0  1.283415 178.902685 0.573663 179.602359 0.999557 180.601916 181.601469 1.402060   6  
  31  14  3    3   1    0    3  183.500607   0    0  1.135022 184.816668 1.207594 186.149413 0.999561 187.148974 188.148510 0.852324   6  
  32  14  2    4   0    0    3  189.497905   0    0  1.533312 191.180461 1.795334 193.096273 0.999555 194.095828 195.095386 0.902742   7  
  33  14  3    3   1    0    5  196.494744   0    0  2.149541 198.826975 0.483595 199.426749 0.999538 200.426287 201.425857 0.569127   6  
  34  14  4    4   1    0    5  202.508703   0    0  1.350905 203.991355 0.615407 204.724333 0.999582 205.723914 206.723446 1.285468   6  
  35  13  2    2   1    0    5  208.505987   0    0  0.950124 209.638810 0.821741 210.588379 0.999544 211.587923 212.587497 1.418703   6  
  36  13  4    1   0    0    5  214.503285   0    0  1.467065 216.119202 0.482046 216.718951 0.999556 217.718507 218.718048 1.285459   6  
  37  13  3    3   1    0    2  220.500565   0    0  1.766314 222.383088 0.867820 223.365968 0.999512 224.365480 225.365047 0.635747   6  
  38  13  3    4   0    0    5  226.497869   0    0  1.500916 228.130414 0.703389 228.946766 0.999510 229.946276 230.945856 1.052229   6  
  39  13  4    4   1    0    5  232.511804   0    0  1.266787 233.894519 1.275369 235.293889 0.999554 236.293443 237.292992 0.719066   6  
  40  13  4    4   1    0    5  238.509118   0    0  1.684254 240.358269 1.007928 241.491101 0.999543 242.490645 243.490194 0.519137   6  
  41  12  4    4   1    0    5  244.506401   0    0  1.349988 246.005733 0.802523 246.921965 0.999566 247.921530 248.921080 1.085540   6  
  42  12  1    3   0    0    3  250.503750   0    0  1.950555 252.569383 0.778722 253.468931 0.999651 254.468582 255.468113 0.535800   6  
  43  12  2    3   0    0    5  256.500996   0    0  2.116317 258.816615 1.042206 259.982754 0.999533 260.982287 261.981841 1.019375   7  
  44  13  2    3   0    0    2  263.514496   0    0  1.384050 265.047137 1.005039 266.163298 0.999548 267.162847 268.162381 0.852329   6  
  45  13  1    3   0    0    1  269.511784   0    0  1.566593 271.277649 1.024122 272.427121 0.999544 273.426665 274.426229 0.585759   6  
  46  14  4    4   1    0    5  275.509064   0    0  1.201120 276.825149 0.883434 277.824689 0.999535 278.824224 279.823774 1.185522   6  
  47  14  4    4   1    0    5  281.506356   0    0  1.383286 283.005680 0.874872 284.005250 0.999554 285.004804 286.004338 1.002255   6  
  48  13  1    4   0    0    5  287.503655   0    0  1.450975 289.102922 0.914800 290.135802 0.999555 291.135357 292.134898 0.868981   6  
  49  13  3    3   1    0    2  293.500941   0    0  1.583269 295.200175 1.043514 296.366310 0.999577 297.365887 298.365415 0.635591   6  
  50  13  4    4   1    0    5  299.498244   0    0  1.466727 301.080817 0.730898 301.930473 0.999565 302.930038 303.929570 1.068880   6  
  51  12  1    1   1    0    1  305.495526   0    0  1.883394 307.544568 0.734166 308.394232 0.999530 309.393762 310.393325 0.602282   6  
  52  12  1    3   0    0    1  311.492837   0    0  1.600898 313.275332 0.912427 314.308187 0.999593 315.307779 316.307319 0.685693   6  
  53  12  3    3   1    0    6  317.490107   0    0  1.916394 319.522440 1.642871 321.288397 0.999567 322.287964 323.287489 0.702740   7  
  54  12  2    4   0    0    5  324.503609   0    0  2.282875 326.952495 0.725603 327.802138 0.999531 328.801669 329.801229 1.202622   7  
  55  12  1    3   0    0    2  331.500467   0    0  2.100800 333.716122 1.133160 334.965563 0.999553 335.965116 336.964642 1.036045   7  
  56  13  4    4   1    0    5  338.497293   0    0  1.034166 339.680109 0.587366 340.379770 0.999574 341.379343 342.378888 0.618573   5  
  57  13  3    4   0    0    5  343.495048   0    0  1.634476 345.277572 0.807109 346.210501 0.999541 347.210042 348.209577 0.785702   6  
  58  13  1    3   0    0    1  349.492324   0    0  1.749863 351.458129 1.409837 352.974089 0.999567 353.973656 354.973196 1.019332   7  
  59  14  4    4   1    0    7  356.505842   0    0  1.133423 357.821894 1.805889 359.754356 0.999567 360.753923 361.753474 1.252580   7  
  60  14  4    4   1    0    5  363.502664   0    0  2.049635 365.734950 0.873990 366.734545 0.999548 367.734093 368.733647 1.269242   7  
]; % This session completes at 01-Jun-2019 10:52:53, 372.006s after session start, 368s on 60 trials, totally 394.202s, correctness is 63.333%.

