[2019-01-27 11:20:06.591] Calling `MetaTwins_RDMsc_training` for `liurui` at 27-Jan-2019 11:20:06(737452.4722983796).
[2019-01-27 11:20:10.154] Initial coherence is 90 .
                          Running MetaTwins_RDMsc_training('liurui', 1, [2019-01-27 11:20:10.173] Session 1 has 60 trials, requires 454s, 7.5s per trial.
[2019-01-27 11:20:11.159] Trying to open PTB window...
[easyPTB Info] Using 14.0 inch screen with PPI=157.8


PTB-INFO: This is Psychtoolbox-3 for Microsoft Windows, under Matlab 64-Bit (Version 3.0.14 - Build date: Oct  3 2017).
PTB-INFO: Support status on this operating system release: Windows version 10.0 supported and tested to some limited degree.
PTB-INFO: Type 'PsychtoolboxVersion' for more detailed version information.
PTB-INFO: Most parts of the Psychtoolbox distribution are licensed to you under terms of the MIT License, with
PTB-INFO: some restrictions. See file 'License.txt' in the Psychtoolbox root folder for the exact licensing conditions.

PTB-INFO: The detected endline of the vertical blank interval is equal or lower than the startline. This indicates
PTB-INFO: that i couldn't detect the duration of the vertical blank interval and won't be able to correct timestamps
PTB-INFO: for it. This will introduce a very small and constant offset (typically << 1 msec). Read 'help BeampositionQueries'
PTB-INFO: for how to correct this, should you really require that last few microseconds of precision.
PTB-INFO: Btw. this can also mean that your systems beamposition queries are slightly broken. It may help timing precision to
PTB-INFO: enable the beamposition workaround, as explained in 'help ConserveVRAMSettings', section 'kPsychUseBeampositionQueryWorkaround'.


PTB-INFO: OpenGL-Renderer is NVIDIA Corporation :: GeForce 940MX/PCIe/SSE2 :: 4.6.0 NVIDIA 391.25
PTB-INFO: VBL startline = 1080 , VBL Endline = 1080
PTB-INFO: Measured monitor refresh interval from beamposition = 16.659139 ms [60.027113 Hz].
PTB-INFO: Will use beamposition query for accurate Flip time stamping.
PTB-INFO: Measured monitor refresh interval from VBLsync = 16.664978 ms [60.006080 Hz]. (50 valid samples taken, stddev=0.130767 ms.)
PTB-INFO: Reported monitor refresh interval from operating system = 16.666667 ms [60.000000 Hz].
PTB-INFO: Small deviations between reported values are normal and no reason to worry.
PTB-INFO: Anti-Aliasing with 8 samples per pixel enabled.
PTB-INFO: ==============================================================================================================================
PTB-INFO: WINDOWS DWM DESKTOP COMPOSITOR IS ACTIVE. On this Windows-10 or later system, Psychtoolbox can no longer reliably detect if
PTB-INFO: this will cause trouble for timing and integrity of visual stimuli or not. You might be just fine, or you could be in trouble.
PTB-INFO: Use external measurement equipment and independent procedures to verify reliability of timing if you care about proper timing.
PTB-INFO: ==============================================================================================================================
[2019-01-27 11:20:14.128] PTB window opened.
[2019-01-27 11:20:14.475] Preparation slide displayed.
[2019-01-27 11:20:27.353] fMRI trigger recieved. 0 secs before recording, 2 secs before task.
                          time stamp 1462077.9400593233, Flip delay: 0.0169107628.
[2019-01-27 11:26:37.336] 60 trials finished in 368s.
         icoh: 90
      session: 1
      lastcoh: 8
    recentcoh: 7.6000
[2019-01-27 11:26:41.755] This session completes at 27-Jan-2019 11:26:41, 374.254s after session start, 368s on 60 trials, totally 395.009s, correctness is 83.333%.


corr_isc_conf: -0.0607

AUC: 0.5262
[2019-01-27 11:26:41.802] MetaTwins_RDMsc_training ends at 27-Jan-2019 11:26:41(737452.4768727083), totally 6min35.222s passed.



[2019-01-27 11:29:06.010] Calling `MetaTwins_RDMsc_training` for `liurui` at 27-Jan-2019 11:29:06(737452.4785417593).
                          Running MetaTwins_RDMsc_training('liurui', 2, [2019-01-27 11:29:06.028] Session 2 has 60 trials, requires 454s, 7.5s per trial.
[2019-01-27 11:29:07.040] Trying to open PTB window...
[easyPTB Info] Using 14.0 inch screen with PPI=157.8


PTB-INFO: This is Psychtoolbox-3 for Microsoft Windows, under Matlab 64-Bit (Version 3.0.14 - Build date: Oct  3 2017).
PTB-INFO: Support status on this operating system release: Windows version 10.0 supported and tested to some limited degree.
PTB-INFO: Type 'PsychtoolboxVersion' for more detailed version information.
PTB-INFO: Most parts of the Psychtoolbox distribution are licensed to you under terms of the MIT License, with
PTB-INFO: some restrictions. See file 'License.txt' in the Psychtoolbox root folder for the exact licensing conditions.

PTB-INFO: The detected endline of the vertical blank interval is equal or lower than the startline. This indicates
PTB-INFO: that i couldn't detect the duration of the vertical blank interval and won't be able to correct timestamps
PTB-INFO: for it. This will introduce a very small and constant offset (typically << 1 msec). Read 'help BeampositionQueries'
PTB-INFO: for how to correct this, should you really require that last few microseconds of precision.
PTB-INFO: Btw. this can also mean that your systems beamposition queries are slightly broken. It may help timing precision to
PTB-INFO: enable the beamposition workaround, as explained in 'help ConserveVRAMSettings', section 'kPsychUseBeampositionQueryWorkaround'.


PTB-INFO: OpenGL-Renderer is NVIDIA Corporation :: GeForce 940MX/PCIe/SSE2 :: 4.6.0 NVIDIA 391.25
PTB-INFO: VBL startline = 1080 , VBL Endline = 1080
PTB-INFO: Measured monitor refresh interval from beamposition = 16.659094 ms [60.027274 Hz].
PTB-INFO: Will use beamposition query for accurate Flip time stamping.
PTB-INFO: Measured monitor refresh interval from VBLsync = 16.665244 ms [60.005122 Hz]. (50 valid samples taken, stddev=0.132962 ms.)
PTB-INFO: Reported monitor refresh interval from operating system = 16.666667 ms [60.000000 Hz].
PTB-INFO: Small deviations between reported values are normal and no reason to worry.
PTB-INFO: Anti-Aliasing with 8 samples per pixel enabled.
PTB-INFO: ==============================================================================================================================
PTB-INFO: WINDOWS DWM DESKTOP COMPOSITOR IS ACTIVE. On this Windows-10 or later system, Psychtoolbox can no longer reliably detect if
PTB-INFO: this will cause trouble for timing and integrity of visual stimuli or not. You might be just fine, or you could be in trouble.
PTB-INFO: Use external measurement equipment and independent procedures to verify reliability of timing if you care about proper timing.
PTB-INFO: ==============================================================================================================================
[2019-01-27 11:29:10.035] PTB window opened.
[2019-01-27 11:29:10.166] Preparation slide displayed.
[2019-01-27 11:29:16.413] fMRI trigger recieved. 0 secs before recording, 2 secs before task.
                          time stamp 1462607.0002068742, Flip delay: 0.0167365023.
[2019-01-27 11:35:40.396] 60 trials finished in 382s.
         icoh: 90
      session: 2
      lastcoh: 7
    recentcoh: 5.9000
[2019-01-27 11:35:44.752] This session completes at 27-Jan-2019 11:35:42, 386.003s after session start, 382s on 60 trials, totally 396.392s, correctness is 48.333%.


corr_isc_conf: 0.0325

AUC: 0.5099
[2019-01-27 11:35:44.801] MetaTwins_RDMsc_training ends at 27-Jan-2019 11:35:44(737452.4831574074), totally 6min38.792s passed.



[2019-01-27 11:43:12.123] Calling `MetaTwins_RDMsc_training` for `liurui` at 27-Jan-2019 11:43:12(737452.4883347222).
                          Running MetaTwins_RDMsc_training('liurui', 3, [2019-01-27 11:43:12.145] Session 3 has 60 trials, requires 454s, 7.5s per trial.
[2019-01-27 11:43:13.146] Trying to open PTB window...
[easyPTB Info] Using 14.0 inch screen with PPI=157.8


PTB-INFO: This is Psychtoolbox-3 for Microsoft Windows, under Matlab 64-Bit (Version 3.0.14 - Build date: Oct  3 2017).
PTB-INFO: Support status on this operating system release: Windows version 10.0 supported and tested to some limited degree.
PTB-INFO: Type 'PsychtoolboxVersion' for more detailed version information.
PTB-INFO: Most parts of the Psychtoolbox distribution are licensed to you under terms of the MIT License, with
PTB-INFO: some restrictions. See file 'License.txt' in the Psychtoolbox root folder for the exact licensing conditions.

PTB-INFO: The detected endline of the vertical blank interval is equal or lower than the startline. This indicates
PTB-INFO: that i couldn't detect the duration of the vertical blank interval and won't be able to correct timestamps
PTB-INFO: for it. This will introduce a very small and constant offset (typically << 1 msec). Read 'help BeampositionQueries'
PTB-INFO: for how to correct this, should you really require that last few microseconds of precision.
PTB-INFO: Btw. this can also mean that your systems beamposition queries are slightly broken. It may help timing precision to
PTB-INFO: enable the beamposition workaround, as explained in 'help ConserveVRAMSettings', section 'kPsychUseBeampositionQueryWorkaround'.


PTB-INFO: OpenGL-Renderer is NVIDIA Corporation :: GeForce 940MX/PCIe/SSE2 :: 4.6.0 NVIDIA 391.25
PTB-INFO: VBL startline = 1080 , VBL Endline = 1080
PTB-INFO: Measured monitor refresh interval from beamposition = 16.658869 ms [60.028083 Hz].
PTB-INFO: Will use beamposition query for accurate Flip time stamping.
PTB-INFO: Measured monitor refresh interval from VBLsync = 16.665760 ms [60.003264 Hz]. (50 valid samples taken, stddev=0.133682 ms.)
PTB-INFO: Reported monitor refresh interval from operating system = 16.666667 ms [60.000000 Hz].
PTB-INFO: Small deviations between reported values are normal and no reason to worry.
PTB-INFO: Anti-Aliasing with 8 samples per pixel enabled.
PTB-INFO: ==============================================================================================================================
PTB-INFO: WINDOWS DWM DESKTOP COMPOSITOR IS ACTIVE. On this Windows-10 or later system, Psychtoolbox can no longer reliably detect if
PTB-INFO: this will cause trouble for timing and integrity of visual stimuli or not. You might be just fine, or you could be in trouble.
PTB-INFO: Use external measurement equipment and independent procedures to verify reliability of timing if you care about proper timing.
PTB-INFO: ==============================================================================================================================
[2019-01-27 11:43:16.185] PTB window opened.
[2019-01-27 11:43:16.315] Preparation slide displayed.
[2019-01-27 11:43:18.365] fMRI trigger recieved. 0 secs before recording, 2 secs before task.
                          time stamp 1463448.9515234029, Flip delay: 0.0168065343.
[2019-01-27 11:49:31.347] 60 trials finished in 371s.
         icoh: 90
      session: 3
      lastcoh: 8
    recentcoh: 8.3000
[2019-01-27 11:49:35.739] This session completes at 27-Jan-2019 11:49:33, 375.003s after session start, 371s on 60 trials, totally 381.23s, correctness is 45.000%.


corr_isc_conf: 0.0701

AUC: 0.5392
[2019-01-27 11:49:35.788] MetaTwins_RDMsc_training ends at 27-Jan-2019 11:49:35(737452.4927753125), totally 6min23.667s passed.



[2019-01-27 11:50:14.982] Calling `MetaTwins_RDMsc_training` for `liurui` at 27-Jan-2019 11:50:14(737452.4932289352).
[2019-01-27 11:50:21.248] Initial coherence is 15 .
                          Running MetaTwins_RDMsc_training('liurui', 1, [2019-01-27 11:50:21.266] Session 1 has 60 trials, requires 334s, 5.5s per trial.
[2019-01-27 11:50:22.256] Trying to open PTB window...
[easyPTB Info] Using 14.0 inch screen with PPI=157.8


PTB-INFO: This is Psychtoolbox-3 for Microsoft Windows, under Matlab 64-Bit (Version 3.0.14 - Build date: Oct  3 2017).
PTB-INFO: Support status on this operating system release: Windows version 10.0 supported and tested to some limited degree.
PTB-INFO: Type 'PsychtoolboxVersion' for more detailed version information.
PTB-INFO: Most parts of the Psychtoolbox distribution are licensed to you under terms of the MIT License, with
PTB-INFO: some restrictions. See file 'License.txt' in the Psychtoolbox root folder for the exact licensing conditions.

PTB-INFO: The detected endline of the vertical blank interval is equal or lower than the startline. This indicates
PTB-INFO: that i couldn't detect the duration of the vertical blank interval and won't be able to correct timestamps
PTB-INFO: for it. This will introduce a very small and constant offset (typically << 1 msec). Read 'help BeampositionQueries'
PTB-INFO: for how to correct this, should you really require that last few microseconds of precision.
PTB-INFO: Btw. this can also mean that your systems beamposition queries are slightly broken. It may help timing precision to
PTB-INFO: enable the beamposition workaround, as explained in 'help ConserveVRAMSettings', section 'kPsychUseBeampositionQueryWorkaround'.


PTB-INFO: OpenGL-Renderer is NVIDIA Corporation :: GeForce 940MX/PCIe/SSE2 :: 4.6.0 NVIDIA 391.25
PTB-INFO: VBL startline = 1080 , VBL Endline = 1080
PTB-INFO: Measured monitor refresh interval from beamposition = 16.659135 ms [60.027127 Hz].
PTB-INFO: Will use beamposition query for accurate Flip time stamping.
PTB-INFO: Measured monitor refresh interval from VBLsync = 16.661504 ms [60.018591 Hz]. (50 valid samples taken, stddev=0.158518 ms.)
PTB-INFO: Reported monitor refresh interval from operating system = 16.666667 ms [60.000000 Hz].
PTB-INFO: Small deviations between reported values are normal and no reason to worry.
PTB-INFO: Anti-Aliasing with 8 samples per pixel enabled.
PTB-INFO: ==============================================================================================================================
PTB-INFO: WINDOWS DWM DESKTOP COMPOSITOR IS ACTIVE. On this Windows-10 or later system, Psychtoolbox can no longer reliably detect if
PTB-INFO: this will cause trouble for timing and integrity of visual stimuli or not. You might be just fine, or you could be in trouble.
PTB-INFO: Use external measurement equipment and independent procedures to verify reliability of timing if you care about proper timing.
PTB-INFO: ==============================================================================================================================
[2019-01-27 11:50:24.990] PTB window opened.
[2019-01-27 11:50:25.120] Preparation slide displayed.
[2019-01-27 11:50:26.286] fMRI trigger recieved. 0 secs before recording, 2 secs before task.
                          time stamp 1463876.8741452841, Flip delay: 0.0167128146.
[2019-01-27 11:54:21.270] 60 trials finished in 233s.
         icoh: 15
      session: 1
      lastcoh: 8
    recentcoh: 7
[2019-01-27 11:54:25.624] This session completes at 27-Jan-2019 11:54:23, 237.003s after session start, 233s on 60 trials, totally 248.293s, correctness is 58.333%.


corr_isc_conf: 0.3636

AUC: 0.7156
[2019-01-27 11:54:25.666] MetaTwins_RDMsc_training ends at 27-Jan-2019 11:54:25(737452.4961303935), totally 4min10.686s passed.



[2019-01-27 11:54:59.406] Calling `MetaTwins_RDMsc_training` for `liurui` at 27-Jan-2019 11:54:59(737452.4965208797).
                          Running MetaTwins_RDMsc_training('liurui', 2, [2019-01-27 11:54:59.433] Session 2 has 60 trials, requires 334s, 5.5s per trial.
[2019-01-27 11:55:00.427] Trying to open PTB window...
[easyPTB Info] Using 14.0 inch screen with PPI=157.8


PTB-INFO: This is Psychtoolbox-3 for Microsoft Windows, under Matlab 64-Bit (Version 3.0.14 - Build date: Oct  3 2017).
PTB-INFO: Support status on this operating system release: Windows version 10.0 supported and tested to some limited degree.
PTB-INFO: Type 'PsychtoolboxVersion' for more detailed version information.
PTB-INFO: Most parts of the Psychtoolbox distribution are licensed to you under terms of the MIT License, with
PTB-INFO: some restrictions. See file 'License.txt' in the Psychtoolbox root folder for the exact licensing conditions.

PTB-INFO: The detected endline of the vertical blank interval is equal or lower than the startline. This indicates
PTB-INFO: that i couldn't detect the duration of the vertical blank interval and won't be able to correct timestamps
PTB-INFO: for it. This will introduce a very small and constant offset (typically << 1 msec). Read 'help BeampositionQueries'
PTB-INFO: for how to correct this, should you really require that last few microseconds of precision.
PTB-INFO: Btw. this can also mean that your systems beamposition queries are slightly broken. It may help timing precision to
PTB-INFO: enable the beamposition workaround, as explained in 'help ConserveVRAMSettings', section 'kPsychUseBeampositionQueryWorkaround'.


PTB-INFO: OpenGL-Renderer is NVIDIA Corporation :: GeForce 940MX/PCIe/SSE2 :: 4.6.0 NVIDIA 391.25
PTB-INFO: VBL startline = 1080 , VBL Endline = 1080
PTB-INFO: Measured monitor refresh interval from beamposition = 16.659143 ms [60.027098 Hz].
PTB-INFO: Will use beamposition query for accurate Flip time stamping.
PTB-INFO: Measured monitor refresh interval from VBLsync = 16.660572 ms [60.021949 Hz]. (50 valid samples taken, stddev=0.112203 ms.)
PTB-INFO: Reported monitor refresh interval from operating system = 16.666667 ms [60.000000 Hz].
PTB-INFO: Small deviations between reported values are normal and no reason to worry.
PTB-INFO: Anti-Aliasing with 8 samples per pixel enabled.
PTB-INFO: ==============================================================================================================================
PTB-INFO: WINDOWS DWM DESKTOP COMPOSITOR IS ACTIVE. On this Windows-10 or later system, Psychtoolbox can no longer reliably detect if
PTB-INFO: this will cause trouble for timing and integrity of visual stimuli or not. You might be just fine, or you could be in trouble.
PTB-INFO: Use external measurement equipment and independent procedures to verify reliability of timing if you care about proper timing.
PTB-INFO: ==============================================================================================================================
[2019-01-27 11:55:03.497] PTB window opened.
[2019-01-27 11:55:03.627] Preparation slide displayed.
[2019-01-27 11:55:09.408] fMRI trigger recieved. 0 secs before recording, 2 secs before task.
                          time stamp 1464159.9957630858, Flip delay: 0.0166503675.
[2019-01-27 11:59:04.392] 60 trials finished in 233s.
         icoh: 15
      session: 2
      lastcoh: 9
    recentcoh: 7.1000
[2019-01-27 11:59:08.756] This session completes at 27-Jan-2019 11:59:06, 237.003s after session start, 233s on 60 trials, totally 246.991s, correctness is 48.333%.


corr_isc_conf: 0.0660

AUC: 0.5309
[2019-01-27 11:59:08.806] MetaTwins_RDMsc_training ends at 27-Jan-2019 11:59:08(737452.4994074652), totally 4min9.401s passed.



[2019-01-27 12:31:53.616] Calling `MetaTwins_RDMsc_training` for `liurui` at 27-Jan-2019 12:31:53(737452.5221482755).
                          Running MetaTwins_RDMsc_training('liurui', 4, [2019-01-27 12:31:53.638] Session 4 has 60 trials, requires 454s, 7.5s per trial.
[2019-01-27 12:31:54.627] Trying to open PTB window...
[easyPTB Info] Using 14.0 inch screen with PPI=157.8


PTB-INFO: This is Psychtoolbox-3 for Microsoft Windows, under Matlab 64-Bit (Version 3.0.14 - Build date: Oct  3 2017).
PTB-INFO: Support status on this operating system release: Windows version 10.0 supported and tested to some limited degree.
PTB-INFO: Type 'PsychtoolboxVersion' for more detailed version information.
PTB-INFO: Most parts of the Psychtoolbox distribution are licensed to you under terms of the MIT License, with
PTB-INFO: some restrictions. See file 'License.txt' in the Psychtoolbox root folder for the exact licensing conditions.

PTB-INFO: The detected endline of the vertical blank interval is equal or lower than the startline. This indicates
PTB-INFO: that i couldn't detect the duration of the vertical blank interval and won't be able to correct timestamps
PTB-INFO: for it. This will introduce a very small and constant offset (typically << 1 msec). Read 'help BeampositionQueries'
PTB-INFO: for how to correct this, should you really require that last few microseconds of precision.
PTB-INFO: Btw. this can also mean that your systems beamposition queries are slightly broken. It may help timing precision to
PTB-INFO: enable the beamposition workaround, as explained in 'help ConserveVRAMSettings', section 'kPsychUseBeampositionQueryWorkaround'.


PTB-INFO: OpenGL-Renderer is NVIDIA Corporation :: GeForce 940MX/PCIe/SSE2 :: 4.6.0 NVIDIA 391.25
PTB-INFO: VBL startline = 1080 , VBL Endline = 1080
PTB-INFO: Measured monitor refresh interval from beamposition = 16.659112 ms [60.027208 Hz].
PTB-INFO: Will use beamposition query for accurate Flip time stamping.
PTB-INFO: Measured monitor refresh interval from VBLsync = 16.660168 ms [60.023404 Hz]. (50 valid samples taken, stddev=0.158995 ms.)
PTB-INFO: Reported monitor refresh interval from operating system = 16.666667 ms [60.000000 Hz].
PTB-INFO: Small deviations between reported values are normal and no reason to worry.
PTB-INFO: Anti-Aliasing with 8 samples per pixel enabled.
PTB-INFO: ==============================================================================================================================
PTB-INFO: WINDOWS DWM DESKTOP COMPOSITOR IS ACTIVE. On this Windows-10 or later system, Psychtoolbox can no longer reliably detect if
PTB-INFO: this will cause trouble for timing and integrity of visual stimuli or not. You might be just fine, or you could be in trouble.
PTB-INFO: Use external measurement equipment and independent procedures to verify reliability of timing if you care about proper timing.
PTB-INFO: ==============================================================================================================================
[2019-01-27 12:31:57.598] PTB window opened.
[2019-01-27 12:31:57.729] Preparation slide displayed.
[2019-01-27 12:31:59.595] fMRI trigger recieved. 0 secs before recording, 2 secs before task.
                          time stamp 1466370.1936299307, Flip delay: 0.0166611914.
[2019-01-27 12:38:08.577] 60 trials finished in 367s.
         icoh: 90
      session: 4
      lastcoh: 7
    recentcoh: 8.3000
[2019-01-27 12:38:13.021] This session completes at 27-Jan-2019 12:38:10, 371.003s after session start, 367s on 60 trials, totally 376.969s, correctness is 46.667%.


corr_isc_conf: 0.1792

AUC: 0.6007
[2019-01-27 12:38:13.067] MetaTwins_RDMsc_training ends at 27-Jan-2019 12:38:13(737452.5265401274), totally 6min19.456s passed.



