%% MetaTwinsTri_behave_Conf for '_notguess': starting at zhangxingyu (       48.0000000000).6-Jun-2019 17:27:017.375827e+05 for '
record = [
%  n dir coh resp isc conf    osti      rtime     oconf     ctime     oisi       iti   total
   1  3   10   3   1    6    2.498848 1.816449   4.431185 0.183033   4.731173 3.267893   6  
   2  2   10   2   1    7    8.496141 1.083593   9.695587 0.147505   9.962144 4.034160   6  
   3  1   10   2   0    4   14.493421 1.266665  15.926101 1.041424  17.092236 2.901309   6  
   4  4   10   3   0    6   20.490695 1.183398  21.790102 0.209098  22.123297 3.867484   6  
   5  1   10   2   0    5   26.504630 1.249948  27.904005 1.537209  29.553275 2.451591   6  
   6  2   10   3   0    7   32.501906 1.249980  33.867971 0.556466  34.550984 3.451157   6  
   7  2   10   2   1    4   38.499201 1.849561  40.464970 0.640212  41.231291 2.768137   6  
   8  3   10   3   1    5   44.496475 1.549840  46.162394 0.740539  47.028670 2.968031   6  
   9  4   10   3   0    4   50.510417 2.199566  52.826044 0.046460  52.992626 3.018030   6  
  10  3   10   3   1    6   56.507689 1.566622  58.190282 1.045056  59.356413 2.651522   6  
  11  1   10   2   0    2   62.504975 1.383322  64.004300 1.753498  65.870128 2.135073   6  
  12  1   10   3   0   -1   68.502258 1.816414  70.434649 0.000000  72.433769 1.568666   6  
  13  2   10   2   1    5   74.499536 1.266617  75.898904 1.295916  77.314945 2.684732   6  
  14  3   10   2   0    4   80.496819 1.333354  81.946161 1.526795  83.595420 2.401497   6  
  15  3   10   3   1   -1   86.510765 1.816309  88.443222 0.000000  90.442259 1.568728   6  
  16  2   10   2   1    2   92.508031 1.066839  93.690841 0.393184  94.207274 3.800994   6  
  17  2   10   3   0    5   98.505324 1.799773 100.421130 0.652563 101.187442 2.818108   6  
  18  2   10   3   0    2  104.502606 1.899891 106.518351 0.511759 107.151400 2.851433   6  
  19  1   10   2   0    5  110.499882 1.283248 111.899255 0.888525 112.915465 3.084645   6  
  20  2   10   3   0    4  116.497162 1.782962 118.396309 0.938479 119.462500 2.534897   6  
  21  4   10   2   0    6  122.494439 1.433074 124.043744 0.857922 125.026643 2.968034   6  
  22  4   10   2   0    5  128.491734 1.216549 129.824460 1.049099 130.990600 3.001310   6  
  23  1   10   2   0    4  134.489007 1.216687 135.821729 0.769992 136.721323 3.267839   6  
  24  4   10   4   1    8  140.486298 1.516510 142.118883 0.938825 143.185080 2.801306   6  
  25  4   10   2   0    4  146.516888 1.883609 148.515988 0.364933 148.999105 3.018022   6  
  26  4   10   4   1    7  152.514167 1.149989 153.796914 0.198854 154.113456 3.900941   6  
  27  4   10   2   0    5  158.511453 1.316525 159.944129 0.873750 160.943683 3.067993   6  
  28  3   10   4   0    3  164.508720 1.716474 166.341246 0.127990 166.591123 3.417834   6  
  29  3   10   2   0    5  170.506022 1.116626 171.738796 1.348485 173.204785 2.801465   6  
  30  4   10   4   1    6  176.503301 1.833098 178.452413 0.632582 179.202067 2.801457   6  
  31  4   10   4   1    6  182.500573 1.466272 184.083198 0.301797 184.499674 3.501138   6  
  32  2   10   2   1    5  188.497859 1.266510 189.880560 0.753782 190.746840 3.251189   6  
  33  1   10   3   0    6  194.495138 2.016299 196.644169 0.140734 196.910734 3.084548   6  
  34  3   10   4   0    3  200.492428 1.249995 201.858474 0.609413 202.591465 3.401041   6  
  35  3   10   4   0    3  206.506362 1.383236 208.005686 1.557481 209.688258 2.318336   6  
  36  2   10   4   0    5  212.503637 1.183508 213.803043 1.272830 215.202407 2.801462   6  
  37  3   10   3   1    2  218.500922 1.849749 220.466708 1.406787 221.999343 2.001801   6  
  38  1   10   3   0    7  224.498195 2.032981 226.647226 0.750344 227.513510 2.484926   6  
  39  4   10   4   1    8  230.495479 1.200000 231.811559 0.767193 232.694492 3.301213   6  
  40  4   10   2   0    4  236.509418 1.849640 238.475200 0.535333 239.124903 2.884754   6  
  41  4   10   4   1    6  242.506707 1.183343 243.806120 0.511597 244.439159 3.567768   6  
  42  4   10   4   1    7  248.503978 1.366469 249.986646 0.733250 250.836256 3.167906   6  
  43  2   10   2   1    3  254.501269 1.566485 256.183817 1.217266 257.533233 2.468184   6  
  44  1   10   3   0    4  260.498552 2.399456 263.014073 1.751230 264.879898 1.118751   6  
  45  1   10   2   0   -1  266.512481 1.316582 267.945167 0.000000 269.944189 2.068527   6  
  46  3   10   2   0    7  272.509764 1.533195 274.159026 0.640249 274.925338 3.084655   6  
  47  2   10   2   1    5  278.507045 1.266563 279.889733 1.233273 281.239151 2.768127   6  
  48  1   10   1   1    4  284.504325 1.649808 286.336756 0.440134 286.903241 3.101310   6  
  49  2   10   2   1    5  290.501613 1.349879 291.967619 0.724872 292.817235 3.184607   6  
  50  3   10   3   1    4  296.498896 1.533174 298.148152 0.258660 298.531304 3.467826   6  
  51  2   10   3   0    7  302.496180 1.433803 304.062135 0.796521 304.978369 3.018031   6  
  52  1   10   3   0    5  308.493455 1.749894 310.359211 1.514476 311.991864 2.001778   6  
  53  1   10   1   1    4  314.490729 1.383106 315.990054 0.212328 316.323243 3.667628   6  
  54  2   10   3   0    6  320.488027 1.400395 322.020649 0.228385 322.370497 3.617622   6  
  55  1   10   3   0    1  326.501948 2.249414 328.867555 1.296413 330.283568 1.718614   6  
  56  3   10   2   0    6  332.515895 2.266194 334.898151 1.077642 336.097603 1.918524   6  
  57  4   10  -1   0    4  338.513174 0.000000 341.028716 0.198927 341.345233 2.668177   6  
  58  3   10   2   0    6  344.510452 1.733111 346.359585 0.566754 347.042643 2.968039   6  
  59  3   10   2   0    4  350.507733 0.018651 350.641020 0.748835 351.507284 4.500693   6  
  60  1   10   2   0    5  356.505012 1.783135 358.404153 1.047141 359.570305 2.434941   6  
]; % This session completes at 06-Jun-2019 17:33:24, 364.003s after session start, 360s on 60 trials, totally 383.433s.

