%% MetaTwinsDoubleBlind_behave_Conf for '_notguess': starting at xujun (       50.0000000000).3-Jun-2019 12:30:487.375995e+05 for '
record = [
%  n dir coh resp isc conf    osti      rtime     oconf     ctime     oisi       iti   total
   1  1   11   1   1    7    2.498397 1.915967   4.630378 0.476645   5.213340 2.785386   6  
   2  3   11   2   0    5    8.494587 2.049034  10.726419 0.555726  11.392737 2.602170   6  
   3  2   11   2   1    5   14.507419 2.332390  17.039001 0.391755  17.538836 2.468915   6  
   4  4   11   2   0    3   20.503604 1.299609  21.969126 0.211140  22.285803 3.718142   6  
   5  1   11   1   1    5   26.499782 1.316368  28.015498 0.538770  28.665081 3.335034   6  
   6  4   11   2   0    3   32.512623 1.649463  34.361390 1.548476  36.027061 1.985889   6  
   7  2   11   2   1    5   38.508802 1.532667  40.274351 0.544803  40.940601 3.068531   6  
   8  3   11   3   1    7   44.504996 1.399585  46.087152 0.537129  46.736909 3.268402   6  
   9  2   11  -1   0    2   50.501175 0.000000  53.016250 0.092018  53.216120 2.785373   6  
  10  1   11   1   1    8   56.513999 1.182987  57.913142 0.711766  58.745925 3.268409   6  
  11  4   11   2   0    5   62.510192 1.715897  64.458963 0.584338  65.158518 2.851994   6  
  12  4   11   1   0    5   68.489713 1.782623  70.488400 0.482214  71.088059 2.901745   6  
  13  2   11   1   0    5   74.502570 2.365470  77.084255 0.390981  77.583935 2.418762   6  
  14  4   11   2   0    3   80.498744 1.682779  82.397352 0.325503  82.830594 3.168317   6  
  15  4   11   2   0    6   86.494923 1.582636  88.277100 1.002964  89.393074 2.602046   6  
  16  3   11   3   1    7   92.491109 1.899171  94.606427 0.784421  95.505858 2.485475   6  
  17  2   11  -1   0    2   98.503940 0.000000 101.019021 0.023432 101.152243 2.851980   6  
  18  2   11   3   0    3  104.500122 1.633350 106.365604 1.297219 107.781358 2.219062   6  
  19  2   11   1   0    3  110.496296 2.015833 112.711399 1.344518 114.177286 1.819336   6  
  20  3   11   4   0    3  116.509132 2.182403 118.957586 0.782252 119.857008 2.152465   6  
  21  1   11   1   1    5  122.505327 1.482835 124.187589 1.195659 125.503417 2.502231   6  
  22  4   11   3   0    2  128.501511 2.232322 130.899990 0.385649 131.399665 2.602163   6  
  23  2   11   2   1    5  134.497679 1.816050 136.496260 0.798253 137.412503 2.585499   6  
  24  2   11   2   1    2  140.510530 2.398792 143.058911 0.216192 143.392029 2.618809   6  
  25  2   11   3   0    2  146.506701 2.232357 148.888520 0.775178 149.771292 2.235732   6  
  26  1   11   1   1    2  152.502890 2.348897 155.034612 0.441980 155.584266 2.418953   6  
  27  4   11   4   1    7  158.499062 1.749520 160.464258 0.499544 161.080759 2.918636   6  
  28  1   11   1   1    5  164.511905 2.032509 166.743835 0.754974 167.609939 2.402296   6  
  29  3   11   3   1    7  170.508104 1.799312 172.506706 0.573077 173.189712 2.818707   6  
  30  4   11   2   0    5  176.487624 1.982547 178.702881 0.333671 179.152583 2.835127   6  
  31  4   11   1   0    3  182.500460 1.815907 184.515731 0.892139 185.515201 2.485396   6  
  32  2   11   3   0    5  188.496640 2.232361 190.945073 0.825182 191.877816 2.118982   6  
  33  3   11   4   0    6  194.492826 1.716008 196.391604 0.534320 197.041200 2.951824   6  
  34  4   11   1   0    7  200.489003 1.532833 202.187759 0.327425 202.620982 3.368248   6  
  35  3   11   3   1    7  206.501848 1.782639 208.483916 0.559662 209.150154 2.851945   6  
  36  1   11   1   1    5  212.498010 1.416256 214.113552 0.798886 215.029754 2.968566   6  
  37  1   11   1   1    5  218.494209 0.933181 219.626685 0.409126 220.143157 3.851426   6  
  38  4   11   4   1    3  224.507041 2.165678 226.855543 0.929745 227.904886 2.102480   6  
  39  3   11   3   1    6  230.503227 1.932487 232.618337 0.552782 233.284778 2.718769   6  
  40  1   11   1   1    3  236.499403 1.449427 238.165022 0.861856 239.147712 2.852022   6  
  41  3   11   3   1    6  242.495584 1.865918 244.577588 0.895637 245.593618 2.402295   6  
  42  2   11   3   0    7  248.508431 1.532792 250.257248 0.785331 251.156739 2.852008   6  
  43  3   11   3   1    6  254.504614 1.882565 256.603177 0.220597 256.936398 3.068528   6  
  44  3   11   3   1    5  260.500782 1.816066 262.532838 0.459849 263.099133 2.901975   6  
  45  4   11   2   0    4  266.513620 1.866004 268.595444 1.236794 269.944777 2.069185   6  
  46  4   11   4   1    3  272.509805 1.849238 274.591717 0.926989 275.641146 2.368987   6  
  47  1   11   1   1    8  278.505982 0.999797 279.705242 0.789016 280.604727 3.401596   6  
  48  1   11   1   1    6  284.502177 1.816823 286.517555 1.065575 287.700127 2.302360   6  
  49  1   11   1   1    5  290.498359 1.832628 292.547042 0.690255 293.346540 2.651940   6  
  50  2   11   2   1    5  296.494545 1.599491 298.276731 0.446613 298.843047 3.151658   6  
  51  3   11   4   0    3  302.490719 1.299623 304.023071 0.588197 304.722639 3.268281   6  
  52  1   11   1   1    6  308.503559 1.199693 309.919323 0.714526 310.752116 3.251667   6  
  53  2   11   2   1    4  314.499736 1.932564 316.631734 0.901107 317.647731 2.352269   6  
  54  2   11  -1   0    1  320.495910 0.000000 323.011001 0.050845 323.177546 2.818657   6  
  55  1   11   1   1    7  326.492099 1.083054 327.757970 0.693423 328.557460 3.434949   6  
  56  1   11   1   1    7  332.504940 1.332870 334.020654 0.880561 335.019997 2.985264   6  
  57  1   11   2   0    3  338.501124 1.582756 340.299978 1.317331 341.732403 2.269035   6  
  58  3   11   3   1    6  344.497299 1.849243 346.545996 0.472183 347.128974 2.868652   6  
  59  2   11   2   1    4  350.510150 2.032450 352.725402 0.870789 353.708098 2.302370   6  
  60  4   11   4   1    5  356.506337 1.632707 358.321812 0.290850 358.721580 3.285062   6  
  61  3   11   3   1    5  362.502498 1.832614 364.584515 0.484020 365.184131 2.818694   6  
  62  2   11   2   1    3  368.498681 2.065843 370.713959 0.474128 371.296904 2.702106   6  
  63  3   11   2   0    3  374.511526 1.799104 376.443638 0.094488 376.643523 3.368321   6  
  64  4   11   2   0    2  380.507712 1.499472 382.189979 0.124321 382.423161 3.584867   6  
  65  1   11   1   1    7  386.503880 0.883277 387.586541 0.161101 387.853030 4.151183   6  
  66  3   11   3   1    6  392.516738 1.766035 394.482144 0.414261 395.015134 3.001921   6  
  67  3   11   3   1    7  398.496259 1.932558 402.010586 0.522895 402.643618 1.352771   6  
  68  4   11   4   1    5  404.492446 2.332263 407.007515 0.749134 407.873610 2.118989   6  
  69  4   11   4   1    6  410.488633 1.649352 412.320804 0.538121 412.970378 3.018431   6  
  70  4   11   4   1    7  416.501462 1.599439 418.283663 0.503038 418.899920 3.101757   6  
  71  1   11   1   1    8  422.497646 1.099682 423.796816 0.522561 424.429741 3.568146   6  
  72  2   11   3   0    3  428.493813 2.065812 430.742392 0.070267 430.925607 3.068507   6  
  73  2   11   1   0    3  434.506672 1.482849 436.155568 0.254073 436.522039 3.484926   6  
  74  2   11   3   0    7  440.502844 1.482778 442.168451 0.327022 442.601505 3.401668   6  
  75  1   11   2   0    2  446.499027 1.316268 447.998072 0.049240 448.164627 3.834709   6  
  76  4   11   4   1    6  452.495208 1.616080 454.277410 0.826770 455.210138 2.785382   6  
  77  2   11   2   1    2  458.508047 1.449567 460.107026 0.196949 460.423491 3.584877   6  
  78  4   11   3   0    6  464.504227 1.283064 466.053240 1.347507 467.518969 2.485589   6  
  79  1   11   1   1    5  470.500401 1.865764 472.565768 0.481350 473.165368 2.835357   6  
  80  3   11   3   1    5  476.513247 1.799382 478.545285 0.353226 479.011659 3.001914   6  
  81  3   11   3   1    7  482.509432 1.715848 484.441551 0.539068 485.091108 2.918634   6  
  82  1   11   1   1    2  488.505601 1.449344 490.171216 1.280915 491.570324 2.435613   6  
  83  3   11   2   0    5  494.501794 1.399293 496.100784 1.029974 497.250036 2.752079   6  
  84  4   11   1   0    2  500.514630 2.315599 503.013037 0.179737 503.312847 2.702088   6  
  85  3   11   3   1    7  506.494165 1.482834 508.159762 0.613632 508.892620 3.101658   6  
  86  2   11   3   0    3  512.490339 2.315526 514.938784 0.089650 515.138652 2.851851   6  
  87  2   11   1   0    5  518.503184 1.166274 519.868978 1.156527 521.134853 2.868510   6  
  88  1   11   1   1    5  524.499348 1.116300 525.831849 0.736800 526.681304 3.318275   6  
  89  3   11   3   1    6  530.495532 1.633047 532.310846 0.941215 533.360386 2.635398   6  
  90  4   11   4   1    4  536.491719 2.165810 538.823577 0.726895 539.656369 2.335652   6  
]; % This session completes at 23-Jun-2019 12:40:06, 544.004s after session start, 540s on 90 trials, totally 557.456s.

