%% MetaTwins_RDMsc_training for 'zhousiqi': starting at _feedback (       50.0000000000).0-Jan-2019 16:17:34 for '7.374457e+05': starting at 
record = [
%  n coh dir resp isc ckey conf    osti    dsti oopt   rtime     oconf     ctime     oisi       isi       ofb       oiti       iti   total
   1  90  1    1   1    0    1    2.499012   0    0  2.099726   4.731345 1.430284   6.280628 0.999560   7.280188   8.279725 0.719511   7  
   2  90  3   -1   0    0   -1    9.495835   0    0  0.000000  12.011402 0.000000  14.010423 0.999584  15.010007  16.009551 0.986467   8  
   3  90  1    1   1    0    8   17.492216   0    0  1.033467  18.691682 0.867062  19.674556 0.999537  20.674094  21.673641 1.318724   6  
   4  81  2    2   1    0    8   23.489496   0    0  1.433061  25.072114 1.040682  26.238248 0.999543  27.237790  28.237340 0.752280   6  
   5  81  3    3   1    0    8   29.486777   0    0  1.150025  30.786187 1.614604  32.518736 0.999531  33.518267  34.517815 1.469059   7  
   6  72  1    1   1    0    8   36.500257   0    0  0.833448  37.516449 0.861621  38.482682 0.999556  39.482238  40.481783 0.518537   5  
   7  72  4    4   1    0    8   41.514648   0    0  1.549828  43.197100 1.116290  44.429987 0.999548  45.429535  46.429085 0.585787   6  
   8  64  2    2   1    0    8   47.511930   0    0  0.833622  48.494782 0.605942  49.211153 0.999540  50.210693  51.210246 0.801899   5  
   9  64  3    3   1    0    8   52.509655   0    0  0.983540  53.609159 0.508544  54.225543 0.999551  55.225094  56.224637 0.785256   5  
  10  57  1    1   1    0    7   57.507388   0    0  1.016726  58.673535 1.597808  60.389425 0.999537  61.388961  62.388511 0.619116   6  
  11  57  3    3   1    0    8   63.504678   0    0  0.916781  64.537543 1.028622  65.687021 0.999535  66.686556  67.686097 1.318798   6  
  12  51  2    2   1    0    8   69.501948   0    0  0.750259  70.368219 0.547194  71.034591 0.999543  72.034134  73.033681 0.968489   5  
  13  51  1    1   1    0    8   74.499691   0    0  0.966771  75.632343 1.111880  76.848614 0.999540  77.848154  78.847703 1.152213   6  
  14  45  2    2   1    0    8   80.496958   0    0  0.700259  81.346579 0.593800  82.046255 0.999521  83.045776  84.045357 0.951836   5  
  15  45  4    4   1    0   -1   85.494695   0    0  1.649835  87.260562 0.000000  89.259606 0.999594  90.259200  91.258738 0.736190   7  
  16  45  2    2   1    0    8   92.508176   0    0  1.067235  93.707563 1.083419  94.907098 0.999538  95.906635  96.906174 1.102240   6  
  17  40  3    3   1    0    8   98.505460   0    0  0.967008  99.604965 0.758293 100.471228 0.999547 101.470775 102.470328 0.535341   5  
  18  40  2    2   1    0    8  103.503193   0    0  0.666986 104.286178 0.702498 105.102477 0.999535 106.102012 107.101564 0.901821   5  
  19  36  4    3   0    0   -1  108.500921   0    0  1.183474 109.800339 0.000000 111.799371 0.999610 112.798981 113.798516 1.202576   7  
  20  36  3    3   1    0    8  115.497747   0    0  1.116635 116.747188 0.938678 117.796711 0.999546 118.796258 119.795796 1.202094   6  
  21  36  1    1   1    0    6  121.495029   0    0  1.066799 122.744380 1.296787 124.160495 0.999530 125.160025 126.159574 0.835565   6  
  22  32  2    2   1    0    8  127.492311   0    0  0.916741 128.525170 0.476472 129.108250 0.999537 130.107787 131.107330 0.885053   5  
  23  32  3    3   1    0    8  132.506705   0    0  1.033318 133.672843 0.685732 134.472474 0.999552 135.472026 136.471562 0.535367   5  
  24  28  1    2   0    0    2  137.504438   0    0  1.433319 139.153683 1.653989 140.919544 0.999544 141.919089 142.918641 1.086019   7  
  25  28  3    3   1    0    8  144.501265   0    0  1.033425 145.650735 1.042830 146.800216 0.999546 147.799762 148.799303 1.202179   6  
  26  28  3    3   1    0    8  150.498540   0    0  1.000195 151.614698 0.718305 152.447655 0.999535 153.447190 154.446747 0.552029   5  
  27  25  2    2   1    0    8  155.512932   0    0  0.816966 156.479159 0.755391 157.345429 0.999541 158.344970 159.344521 0.668644   5  
  28  25  4    3   0    0    1  160.510657   0    0  1.466685 162.126607 0.917799 163.159459 0.999540 164.159000 165.158547 0.852335   6  
  29  25  1    1   1    0    3  166.507925   0    0  2.216165 168.890194 1.483996 170.489472 0.999544 171.489016 172.488563 0.519611   7  
  30  25  4    2   0    0   -1  173.504765   0    0  2.282718 175.937004 0.000000 177.936050 0.999590 178.935640 179.935171 1.069819   8  
  31  25  4    2   0    0    1  181.501150   0    0  1.299929 182.950490 1.441657 184.499776 0.999552 185.499329 186.498871 0.502508   6  
  32  25  1    1   1    0    8  187.498413   0    0  0.900234 188.531169 0.824266 189.464201 0.999539 190.463740 191.463286 0.535364   5  
  33  25  1    1   1    0    8  192.496156   0    0  1.083373 193.762242 0.913124 194.795107 0.999547 195.794654 196.794198 1.202166   6  
  34  22  3    3   1    0    8  198.493427   0    0  1.249804 199.859475 1.165729 201.142231 0.999543 202.141774 203.141320 0.852291   6  
  35  22  2    2   1    0    8  204.490714   0    0  1.050106 205.656845 0.344118 206.106649 0.999542 207.106191 208.105725 0.885135   5  
  36  19  3    3   1    0    8  209.488440   0    0  1.333273 210.937789 0.280811 211.337606 0.999546 212.337152 213.336703 0.651871   5  
  37  19  3    3   1    0    6  214.502842   0    0  1.216662 215.835413 1.075018 217.018356 0.999555 218.017911 219.017454 0.985491   6  
  38  17  4    1   0    0    1  220.500108   0    0  1.416436 222.099395 0.925821 223.132251 0.999550 224.131801 225.131336 0.868863   6  
  39  17  4    2   0    0    6  226.514046   0    0  1.866293 228.546406 1.378423 230.029138 0.999538 231.028676 232.028221 0.986052   7  
  40  19  4    4   1    0    5  233.510873   0    0  2.366218 236.043065 1.353871 237.509061 0.999544 238.508605 239.508158 0.502950   7  
  41  19  3    3   1    0    7  240.507709   0    0  1.683064 242.323548 1.416217 243.856195 0.999533 244.855728 245.855268 1.152674   7  
  42  17  1    3   0    0    5  247.504531   0    0  1.899734 249.553538 1.739957 251.402757 0.999555 252.402311 253.401859 0.602906   7  
  43  17  1    3   0    0   -1  254.501349   0    0  1.733058 256.367172 0.000000 258.366220 0.999585 259.365805 260.365353 0.636232   7  
  44  17  4    2   0    0    7  261.498186   0    0  1.766530 263.413888 1.614870 265.146526 0.999541 266.146067 267.145612 0.852797   7  
  45  19  3    3   1    0    8  268.495002   0    0  1.133378 269.744439 0.338336 270.194239 0.999539 271.193778 272.193317 0.801925   5  
  46  19  4   -1   0    0    4  273.509408   0    0  0.000000 276.024962 0.152254 276.291461 0.999553 277.291013 278.290569 0.719062   6  
  47  19  2    2   1    0   -1  279.506676   0    0  1.549788 281.205904 0.000000 283.204945 0.999611 284.204556 285.204097 0.802803   7  
  48  19  4    2   0    0    5  286.503506   0    0  1.683061 288.369332 1.230230 289.718719 0.999537 290.718256 291.717809 1.285913   7  
  49  19  2    2   1    0    7  293.500330   0    0  1.250045 294.866373 0.856899 295.832596 0.999553 296.832149 297.831703 1.168802   6  
  50  19  2    2   1    0    8  299.497613   0    0  0.983379 300.597104 0.251007 300.963616 0.999540 301.963156 302.962706 1.035060   5  
  51  17  2    2   1    0    8  304.495343   0    0  0.833623 305.478232 0.153294 305.744773 0.999551 306.744324 307.743872 1.251594   5  
  52  17  4    2   0    0    3  309.493084   0    0  1.699650 311.358911 1.479665 312.958170 0.999547 313.957717 314.957268 1.035916   7  
  53  17  1    3   0    0    4  316.489902   0    0  1.966298 318.572299 1.292247 319.971657 0.999536 320.971194 321.970747 1.019221   7  
  54  19  1    1   1    0    7  323.503392   0    0  1.466386 325.119326 1.129160 326.368751 0.999542 327.368293 328.367852 0.635762   6  
  55  19  3    3   1    0    8  329.500667   0    0  1.449886 331.099945 1.095378 332.316056 0.999549 333.315605 334.315142 0.685756   6  
  56  17  2    2   1    0    8  335.514615   0    0  0.833363 336.464143 0.220394 336.797345 0.999551 337.796896 338.796444 1.218380   5  
  57  17  4    3   0    0    8  340.512325   0    0  1.183347 341.811748 0.166757 342.094951 0.999544 343.094495 344.094044 0.918514   5  
  58  17  1    3   0    0    2  345.510067   0    0  1.966200 347.659103 1.272445 349.041805 0.999531 350.041336 351.040898 0.969402   7  
  59  19  2    2   1    0    8  352.506889   0    0  1.349945 354.006148 0.624737 354.739222 0.999542 355.738764 356.738307 1.268825   6  
  60  19  4    3   0    0    8  358.504180   0    0  1.483174 360.103360 0.716997 360.936402 0.999544 361.935946 362.935493 1.068912   6  
]; % This session completes at 20-Jan-2019 16:23:58, 366.006s after session start, 362s on 60 trials, totally 384.585s, correctness is 70.000%.

