%% MetaTwins_RDMsc_training for 'chengchuan': starting at _nofeedback (       50.0000000000).9-Mar-2019 11:54:21 for '7.375135e+05': starting at 
record = [
%  n coh dir resp isc ckey conf    osti    dsti oopt   rtime     oconf     ctime     oisi    isi ofb    oiti       iti   total
   1  13  3    1   0    0    7    2.498850   0    0  1.549940   4.164765 0.806402   5.081026  0   0    5.081026 0.918054   4  
   2  13  1    1   1    0    2    6.497044   0    0  2.149530   8.762703 0.878519   9.745578  0   0    9.745578 1.251603   5  
   3  13  2    4   0    0    6   11.494790   0    0  1.766422  13.377260 0.954722  14.443451  0   0   14.443451 0.551505   4  
   4  13  2    2   1    0    1   15.492977   0    0  1.583194  17.192216 1.182377  18.491613  0   0   18.491613 0.501594   4  
   5  13  4    4   1    0    8   19.491159   0    0  1.083460  20.690616 0.394690  21.190383  0   0   21.190383 0.800866   3  
   6  12  4    1   0    0    2   22.489799   0    0  2.083043  24.688810 0.590234  25.388486  0   0   25.388486 0.601521   4  
   7  12  4    4   1    0    7   26.504643   0    0  2.266403  28.886900 0.585671  29.586605  0   0   29.586605 1.418262   5  
   8  12  1    3   0    0    1   31.502385   0    0  1.684188  33.301574 1.147863  34.567672  0   0   34.567672 1.434944   5  
   9  12  4    4   1    0    8   36.500115   0    0  1.116621  37.732894 0.109272  37.949483  0   0   37.949483 1.050866   3  
  10  12  2    4   0    0    8   39.498783   0    0  1.816419  41.431228 0.289893  41.831036  0   0   41.831036 1.167912   4  
  11  12  4    2   0    0    2   43.496936   0    0  2.349571  45.962494 0.898008  46.978701  0   0   46.978701 1.018470   5  
  12  13  4    4   1    0    8   48.494691   0    0  0.917558  49.527545 0.146899  49.794097  0   0   49.794097 1.200834   3  
  13  13  2    2   1    0    7   51.509990   0    0  1.684323  53.309174 0.424023  53.842263  0   0   53.842263 1.167926   4  
  14  12  3    3   1    0    6   55.508175   0    0  2.250378  57.873765 0.266303  58.256931  0   0   58.256931 0.751472   4  
  15  12  4    4   1    0    6   59.506359   0    0  1.234417  60.855756 0.076304  61.038995  0   0   61.038995 0.967588   3  
  16  11  1    4   0    0    8   62.504996   0    0  2.317122  64.937240 0.326635  65.370371  0   0   65.370371 0.634797   4  
  17  11  1    2   0    0    6   66.503184   0    0  1.367530  68.002519 0.627941  68.735491  0   0   68.735491 1.267927   4  
  18  12  2    4   0    0    8   70.501383   0    0  1.317403  71.934061 0.735789  72.783673  0   0   72.783673 1.217877   4  
  19  12  1    3   0    0    1   74.499557   0    0  2.066229  76.681924 1.556798  78.347837  0   0   78.347837 0.651859   5  
  20  13  1    1   1    0    7   79.497298   0    0  1.467539  81.079914 0.613298  81.812901  0   0   81.812901 1.184597   4  
  21  13  3    1   0    0    3   83.512145   0    0  1.300414  84.928169 1.244540  86.294211  0   0   86.294211 0.718164   4  
  22  13  1    1   1    0    7   87.510315   0    0  1.050086  88.709789 0.638701  89.459441  0   0   89.459441 0.551131   3  
  23  13  3    3   1    0    8   90.508966   0    0  2.033009  92.657925 0.844194  93.607565  0   0   93.607565 1.401651   5  
  24  12  2    4   0    0    6   95.506704   0    0  1.066814  96.689496 0.473904  97.272569  0   0   97.272569 0.734352   3  
  25  12  4    1   0    0    6   98.505341   0    0  1.516703 100.137951 0.355520 100.604400  0   0  100.604400 1.401198   4  
  26  13  4    3   0    0    5  102.503520   0    0  1.949740 104.569266 1.176118 105.852011  0   0  105.852011 1.151737   5  
  27  13  1    2   0    0    7  107.501267   0    0  1.234204 108.850667 0.382835 109.350468  0   0  109.350468 0.651022   3  
  28  14  3    4   0    0    8  110.499917   0    0  1.068274 111.682730 0.222412 112.015882  0   0  112.015882 0.984237   3  
  29  14  1    1   1    0    8  113.498542   0    0  1.650768 115.264411 0.398874 115.780853  0   0  115.780853 1.217906   4  
  30  14  1    1   1    0    8  117.496744   0    0  1.134143 118.746166 0.243821 119.096019  0   0  119.096019 0.900943   3  
  31  13  1    1   1    0    8  120.495382   0    0  2.068507 122.677729 0.279068 123.077537  0   0  123.077537 0.918071   4  
  32  13  4    2   0    0    6  124.493564   0    0  1.985328 126.592608 1.076060 127.775415  0   0  127.775415 1.218382   5  
  33  13  2    2   1    0    3  129.491279   0    0  1.416466 131.023956 0.936795 132.073455  0   0  132.073455 0.918071   4  
  34  13  3    3   1    0    5  133.489490   0    0  1.717247 135.321986 0.623672 136.054997  0   0  136.054997 0.934579   4  
  35  12  3    2   0    0    7  137.487680   0    0  2.483888 140.086489 0.702294 140.902779  0   0  140.902779 1.085108   5  
  36  12  3    1   0    0    8  142.502071   0    0  1.350024 143.984722 0.242979 144.334560  0   0  144.334560 0.667701   3  
  37  13  4    2   0    0    1  145.500696   0    0  2.099618 147.749705 0.939195 148.799229  0   0  148.799229 1.201729   5  
  38  13  2    3   0    0    2  150.515086   0    0  1.683055 152.364276 0.946081 153.430466  0   0  153.430466 0.584845   4  
  39  14  2    3   0    0    8  154.513307   0    0  1.866338 156.512381 0.682768 157.312019  0   0  157.312019 0.701473   4  
  40  14  2    1   0    0    8  158.511470   0    0  1.949681 160.627209 0.497395 161.243564  0   0  161.243564 0.768125   4  
  41  15  2    2   1    0    6  162.509652   0    0  2.266250 164.891924 0.599786 165.608245  0   0  165.608245 1.401673   5  
  42  15  3    2   0    0    4  167.507387   0    0  1.916242 169.539808 1.211440 170.855864  0   0  170.855864 1.151750   5  
  43  15  4    3   0    0    2  172.505131   0    0  2.333930 174.954030 0.958752 176.020204  0   0  176.020204 0.985163   5  
  44  16  3    1   0    0    8  177.502857   0    0  1.316719 178.952213 0.647867 179.718524  0   0  179.718524 1.284578   4  
  45  16  2    4   0    0    6  181.501059   0    0  1.284542 182.900420 0.653652 183.666739  0   0  183.666739 1.334549   4  
  46  18  4    4   1    0    8  185.499236   0    0  1.083267 186.698687 0.405224 187.215127  0   0  187.215127 0.784326   3  
  47  18  3    3   1    0    8  188.497880   0    0  1.300279 189.913932 0.349945 190.380357  0   0  190.380357 0.617753   3  
  48  16  1    3   0    0    7  191.496533   0    0  2.367400 193.978734 0.259068 194.345224  0   0  194.345224 0.651525   4  
  49  16  1    2   0    0    7  195.494600   0    0  1.400818 197.027352 0.880507 198.026895  0   0  198.026895 0.968037   4  
  50  18  2    4   0    0    8  199.509505   0    0  1.317910 200.942253 0.435007 201.491993  0   0  201.491993 0.517778   3  
  51  18  1    1   1    0    6  202.508196   0    0  1.917192 204.540608 1.107064 205.756720  0   0  205.756720 1.251691   5  
  52  18  3    3   1    0    7  207.505916   0    0  2.032968 209.654942 0.488218 210.254670  0   0  210.254670 0.751503   4  
  53  16  3    3   1    0    7  211.504105   0    0  2.132944 213.753019 0.468067 214.336175  0   0  214.336175 0.668166   4  
  54  16  3    4   0    0    5  215.502301   0    0  1.616502 217.234844 0.397690 217.751274  0   0  217.751274 1.251249   4  
  55  16  4    4   1    0    8  219.500496   0    0  2.033008 221.649527 0.518420 222.282549  0   0  222.282549 0.718184   4  
  56  16  3    3   1    0    6  223.498684   0    0  1.483192 225.097967 0.639336 225.847600  0   0  225.847600 1.151311   4  
  57  14  2    2   1    0    5  227.496874   0    0  1.667541 229.329394 0.852125 230.295566  0   0  230.295566 0.701557   4  
  58  14  4    4   1    0    8  231.495049   0    0  1.284338 232.894412 0.305134 233.310841  0   0  233.310841 0.684454   3  
  59  13  1    4   0    0    7  234.493700   0    0  1.750619 236.359521 0.973277 237.442357  0   0  237.442357 0.551556   4  
  60  13  2    2   1    0    3  238.491884   0    0  1.850565 240.474310 0.376392 240.957436  0   0  240.957436 1.034660   4  
]; % This session completes at 29-Mar-2019 11:58:35, 244.003s after session start, 240s on 60 trials, totally 253.977s, correctness is 46.667%.

