%% MetaTwinsTri_behave_Conf for '_guess': starting at douyunting (       51.0000000000).1-Mar-2019 17:40:027.375157e+05 for '
record = [
%  n dir coh resp isc conf conforig    osti      rtime     oconf     ctime     oisi       iti   total
   1  4   10   4   1    4      8      2.498950 1.699509   4.714613 0.728925   5.564234 2.434945   6  
   2  3   10   1   0    5      8      8.496247 1.083591  10.095529 1.274424  11.478231 2.518298   6  
   3  1   10   1   1    4      8     14.493520 1.632804  16.642551 0.545417  17.308932 2.684816   6  
   4  3   10   3   1    6      8     20.507472 1.866396  22.889719 0.684001  23.689370 2.318353   6  
   5  4   10   1   0    5      7     26.504736 1.249854  28.270606 0.585042  28.970303 3.034679   6  
   6  3   10   1   0    3      3     32.502035 2.116643  35.134184 0.717317  35.967135 2.035116   6  
   7  3   10   3   1    4      7     38.499298 1.816058  40.831573 1.402997  42.347548 1.651989   6  
   8  2   10   2   1    4      7     44.496601 1.733120  46.745574 1.452832  48.311535 1.685280   6  
   9  4   10   4   1    3      7     50.493860 1.716042  52.726205 0.586864  53.425869 2.568238   6  
  10  1   10   1   1    4      7     56.507821 1.316691  58.340326 1.309981  59.756351 2.251692   6  
  11  2   10   4   0    4      7     62.505089 1.832606  64.854015 0.461613  65.420439 2.584874   6  
  12  1   10   1   1    3      7     68.502382 1.066837  70.084991 1.773785  71.967478 2.035125   6  
  13  4   10   4   1    3      7     74.499658 1.466261  76.482086 0.628193  77.215093 2.784784   6  
  14  2   10   1   0    4      7     80.496932 1.699841  82.712603 0.409578  83.229039 2.768116   6  
  15  1   10   1   1    4      7     86.494216 0.816636  87.826938 1.949299  89.892682 2.101751   6  
  16  4   10   1   0    6      7     92.508144 0.799869  93.824226 1.795297  95.740024 2.268372   6  
  17  4   10   4   1    4      7     98.505430 1.516400 100.537839 1.131562 101.787285 2.218370   6  
  18  3   10   1   0    4      7    104.502715 1.967032 106.984923 1.152555 108.251022 1.751908   6  
  19  1   10   1   1    3      7    110.499986 1.999401 113.015529 0.892700 114.015089 1.985131   6  
  20  1   10   1   1    3      7    116.497297 1.533756 118.546350 0.730883 119.395980 2.601519   6  
  21  4   10   4   1    3      6    122.494551 1.866197 124.876826 1.582476 126.576049 1.418734   6  
  22  3   10   3   1    3      4    128.508561 1.749703 130.774149 1.081552 131.973598 2.035121   6  
  23  2   10   2   1    3      7    134.505773 2.016036 137.037963 0.139346 137.287858 2.718158   6  
  24  2   10   2   1    3      4    140.503078 1.350054 142.368898 0.507595 142.985280 3.018007   6  
  25  4   10   3   0    4      2    146.500343 1.866090 148.882593 1.527574 150.515186 1.485376   6  
  26  1   10   1   1    4      2    152.497634 1.383333 154.396767 1.513321 156.029365 1.968499   6  
  27  4   10   4   1    4      4    158.494901 1.799649 160.810518 1.514737 162.443112 1.552014   6  
  28  3   10   4   0    3      3    164.508879 2.183399 167.207634 0.846377 168.173862 1.835218   6  
  29  2   10   1   0    3      4    170.506119 1.266240 172.288654 0.384861 172.788456 3.217897   6  
  30  1   10   1   1    5      6    176.503417 1.466730 178.485853 1.567111 180.168419 1.835233   6  
  31  3   10   2   0   -1      4    182.500692 1.949375 184.966248 0.000000 186.965201 1.035716   6  
  32  2   10   4   0    2      6    188.497976 2.149641 191.163437 0.966888 192.246276 1.751925   6  
  33  1   10   1   1    6      8    194.511904 0.900176 195.927938 1.839877 197.877052 2.135080   6  
  34  3   10   3   1    2      7    200.509195 2.016177 203.041382 1.951296 205.107136 0.902285   6  
  35  1   10   1   1    5      7    206.506485 1.150189 208.172400 0.974421 209.255245 2.751467   6  
  36  2   10   2   1    4      7    212.503753 1.732776 214.752735 0.335071 215.202528 2.801448   6  
  37  1   10   1   1   -1      7    218.501051 0.883594 219.900411 0.000000 221.899505 2.101772   6  
  38  3   10   3   1    4      8    224.498311 1.832931 226.847250 1.155095 228.113341 1.885201   6  
  39  2   10   1   0    5      2    230.512261 1.316867 232.344763 0.790786 233.244366 2.768129   6  
  40  3   10   3   1    5      8    236.509539 1.299721 238.325367 0.603464 239.041724 2.968042   6  
  41  1   10   1   1    5      8    242.506820 1.266822 244.289342 1.071395 245.472162 2.534891   6  
  42  3   10   3   1    5      8    248.504090 1.732809 250.753089 1.178419 252.052490 1.951838   6  
  43  2   10   1   0    6      8    254.501352 1.116722 256.133983 0.883335 257.133532 2.868077   6  
  44  3   10   3   1   -1      6    260.498651 1.582794 262.597714 0.000000 264.596701 1.402187   6  
  45  2   10   2   1    4      3    266.512615 1.766604 268.794931 1.686430 270.594042 1.418804   6  
  46  4   10   1   0    4      7    272.509887 1.599374 274.625604 1.427526 276.158238 1.851884   6  
  47  1   10   1   1    5      3    278.507175 1.266705 280.289707 1.393651 281.789018 2.218380   6  
  48  3   10   3   1    5      6    284.504454 1.582912 286.603501 0.607986 287.319847 2.684833   6  
  49  2   10   2   1    4      1    290.501743 1.966319 292.983941 0.718826 293.816906 2.185061   6  
  50  1   10   1   1    4      7    296.499003 1.516291 298.531419 1.467678 300.114058 1.885180   6  
  51  4   10   1   0    3      7    302.512964 2.266231 305.295025 1.432168 306.844328 1.168841   6  
  52  4   10   4   1    5      6    308.510221 1.582974 310.609274 0.643037 311.358934 2.651520   6  
  53  4   10   4   1    6      6    314.507522 1.016771 316.040149 1.124270 317.272935 2.734836   6  
  54  4   10   1   0   -1      7    320.504793 0.916438 321.937480 0.000000 323.936579 2.068444   6  
  55  1   10   1   1    6      7    326.502076 1.034247 328.051388 1.169272 329.334134 2.668163   6  
  56  2   10   1   0    6      7    332.499358 1.066272 334.081973 0.651642 334.848281 3.151296   6  
  57  4   10   4   1    4      8    338.513299 1.083509 340.112576 0.939667 341.162106 2.851429   6  
  58  2   10   4   0    4      3    344.510573 1.849541 346.876175 0.566922 347.559201 2.451599   6  
  59  2   10   2   1    3      4    350.507874 1.783070 352.806821 0.878804 353.806366 2.201741   6  
  60  3   10   3   1    4      6    356.505143 1.666196 358.687479 1.274584 360.070205 1.935160   6  
]; % This session completes at 31-Mar-2019 17:46:22, 364.003s after session start, 360s on 60 trials, totally 379.688s.

