%% MetaTwinsDoubleBlind_behave_Conf for '_notguess': starting at chenyaru (       49.0000000000).3-Jan-2019 15:34:177.374386e+05 for '
record = [
%  n dir coh resp isc conf    osti      rtime     oconf     ctime     oisi       iti   total
   1  2   10   4   0    7    2.498406 1.401427   4.097406 0.217553   4.430509 3.568223   6  
   2  4   10   2   0    6    8.494586 1.366274  10.060221 0.298211  10.476662 3.518257   6  
   3  1   10   1   1    7   14.507423 1.482818  16.156385 0.276527  16.539468 3.468277   6  
   4  2   10   4   0    3   20.503622 1.899245  22.535443 0.483718  23.135278 2.868664   6  
   5  2   10   3   0    3   26.499796 1.982641  28.648438 0.277682  29.048173 2.951937   6  
   6  1   10   1   1    8   32.512642 1.116259  33.845140 0.370351  34.328145 3.684819   6  
   7  3   10   1   0    7   38.508825 1.815983  40.490895 0.439870  41.040544 2.968604   6  
   8  3   10   3   1    3   44.505007 1.899291  46.553524 0.401573  47.070039 2.935286   6  
   9  3   10   3   1    3   50.501203 2.248913  52.932984 0.237076  53.282764 2.718751   6  
  10  4   10   4   1    3   56.514027 1.849280  58.512759 0.249499  58.879196 3.135162   6  
  11  1   10   1   1    2   62.493568 1.616092  64.258949 0.321122  64.692165 3.301521   6  
  12  3   10   2   0    7   68.489746 2.065676  70.738325 0.229947  71.088089 2.901818   6  
  13  2   10   3   0    6   74.502595 1.765970  76.417987 0.401616  76.934375 3.068421   6  
  14  1   10   3   0    5   80.498782 1.965858  82.614101 0.529910  83.263685 2.735317   6  
  15  2   10   3   0    5   86.494954 2.132473  88.793510 0.384826  89.293173 2.702048   6  
  16  1   10   1   1    7   92.491135 1.016511  93.656879 0.392691  94.156752 3.834698   6  
  17  4   10   3   0    4   98.503991 1.965876 100.585994 0.000654 100.702581 3.301717   6  
  18  1   10   1   1    7  104.500170 2.199101 106.898658 0.227788 107.231760 2.768729   6  
  19  1   10   3   0    2  110.496355 1.815950 112.445118 0.253026 112.811552 3.185123   6  
  20  2   10   1   0    2  116.509194 1.949187 118.691152 0.286379 119.090891 2.918636   6  
  21  1   10   2   0    2  122.505382 1.615900 124.304038 0.480432 124.903851 3.101858   6  
  22  2   10   1   0    2  128.501565 2.265657 130.966646 0.297820 131.383071 2.618818   6  
  23  2   10   3   0    2  134.514398 2.282225 136.946172 0.205547 137.262655 2.752062   6  
  24  2   10   2   1    3  140.510587 1.782652 142.509316 0.619033 143.242194 2.768716   6  
  25  3   10   1   0    7  146.506768 2.348952 149.055165 0.112711 149.288337 2.718770   6  
  26  3   10   3   1    6  152.502971 1.332955 153.968630 0.094620 154.185222 3.818064   6  
  27  2   10   4   0    7  158.499150 1.299601 159.964885 0.170543 160.248028 3.751249   6  
  28  1   10   1   1    8  164.495336 1.016367 165.661265 0.147909 165.927756 4.067748   6  
  29  1   10   3   0    7  170.491509 1.632799 172.257074 0.096597 172.473591 3.518134   6  
  30  1   10   1   1    8  176.504355 0.983018 177.653442 0.103683 177.870160 4.134437   6  
  31  4   10   4   1    7  182.500550 1.466170 184.115991 0.054170 184.282744 3.718083   6  
  32  1   10   1   1    8  188.496720 0.916505 189.579375 0.118062 189.812562 4.184483   6  
  33  1   10   3   0    3  194.492910 1.516125 196.175185 0.357361 196.641546 3.351698   6  
  34  3   10   4   0    6  200.505755 1.282915 201.938113 0.073699 202.121397 3.884678   6  
  35  2   10   4   0    3  206.501932 2.265848 208.900420 0.122214 209.133601 2.868655   6  
  36  1   10   3   0    3  212.498132 1.682669 214.330293 0.255525 214.696725 3.301727   6  
  37  2   10   3   0    2  218.510955 2.098916 220.759345 0.464720 221.342491 2.668797   6  
  38  2   10   3   0    2  224.507144 1.699355 226.405958 0.315130 226.838993 3.168479   6  
  39  3   10   3   1    2  230.503324 2.315617 232.985099 0.203895 233.301555 2.702107   6  
  40  1   10   3   0    6  236.516169 1.699382 238.331465 0.351418 238.798057 3.218438   6  
  41  4   10   4   1    6  242.512364 1.416097 244.077915 0.186152 244.377843 3.634840   6  
  42  4   10   4   1    8  248.491901 1.282855 249.940936 0.097773 250.157497 3.834496   6  
  43  1   10   4   0    8  254.488071 1.499483 256.136839 0.210241 256.453496 3.534710   6  
  44  4   10   3   0    6  260.500911 1.349548 262.016633 0.179742 262.316422 3.684662   6  
  45  4   10   2   0    5  266.497104 1.216385 268.279293 0.189669 268.579133 3.418180   6  
  46  3   10   4   0    7  272.493285 1.349599 273.975674 0.239720 274.325449 3.668088   6  
  47  4   10   4   1    7  278.506121 1.266104 279.921902 0.326495 280.354948 3.651460   6  
  48  2   10   4   0    7  284.502307 1.249686 285.884628 0.204568 286.201240 3.801392   6  
  49  3   10   2   0    2  290.498501 2.132372 292.796944 0.537515 293.446611 2.552206   6  
  50  4   10   4   1    7  296.494668 1.149681 297.793857 0.146776 298.060345 3.934654   6  
  51  3   10  -1   0    1  302.507522 0.000000 305.022560 0.006769 305.139182 2.868672   6  
  52  4   10   4   1    7  308.503699 1.299657 309.936115 0.149470 310.202631 3.801396   6  
  53  4   10   2   0    2  314.499884 2.015733 316.698500 0.239250 317.048282 2.951932   6  
  54  4   10   4   1    7  320.512731 1.082991 321.728538 0.132336 321.978473 4.034573   6  
  55  3   10   3   1    6  326.508910 1.699326 328.374411 0.132042 328.624240 3.384990   6  
  56  2   10   4   0    6  332.505098 1.815959 334.487167 0.095319 334.703703 3.301720   6  
  57  3   10   4   0    6  338.501299 1.782572 340.433387 0.109313 340.649926 3.351684   6  
  58  3   10   3   1    4  344.497464 1.999185 346.679422 0.405831 347.195755 2.801824   6  
  59  3   10   2   0    2  350.493651 2.098963 352.758751 0.185310 353.058687 2.935114   6  
  60  1   10   3   0    5  356.489842 2.149088 358.788374 0.355786 359.254741 2.735278   6  
  61  3   10   2   0    1  362.502675 2.165702 364.867837 0.243171 365.217612 2.785295   6  
  62  4   10   3   0    2  368.498868 2.065781 370.697376 0.242454 371.047244 2.951877   6  
  63  3   10   3   1    2  374.495051 2.099249 376.793601 0.274042 377.176678 2.818661   6  
  64  4   10   4   1    8  380.507909 1.016467 381.690472 0.288806 382.090215 3.918004   6  
  65  1   10   3   0    2  386.504076 2.115910 388.785940 0.218438 389.119077 2.885328   6  
  66  2   10   3   0    2  392.500261 2.015624 394.682185 0.330810 395.131932 2.868650   6  
  67  2   10   2   1    6  398.496448 1.532787 400.211834 0.133179 400.461861 3.534905   6  
  68  2   10   2   1    6  404.509292 1.832517 406.541340 0.179862 406.841141 3.168465   6  
  69  3   10   1   0    2  410.505477 2.182423 412.820613 0.152510 413.087154 2.918629   6  
  70  4   10   3   0    6  416.501658 1.332748 417.984034 0.127951 418.217244 3.784736   6  
  71  2   10   2   1    6  422.514495 2.015803 424.713099 0.141774 424.962945 3.051884   6  
  72  1   10   3   0    5  428.510687 2.298963 430.959123 0.357106 431.425500 2.585510   6  
  73  3   10   2   0    6  434.506876 2.065682 436.788762 0.218469 437.121862 2.885320   6  
  74  1   10   3   0    7  440.486391 1.632742 442.268624 0.285079 442.668351 3.318174   6  
  75  4   10   4   1    8  446.499235 1.399351 448.031554 0.232000 448.381349 3.618042   6  
  76  4   10   4   1    7  452.495426 1.865701 454.510802 0.036308 454.660720 3.334902   6  
  77  4   10   3   0    7  458.491602 2.115809 460.723515 0.229777 461.073303 2.918519   6  
  78  2   10   2   1    4  464.504444 1.516142 466.186710 0.392549 466.686390 3.318330   6  
  79  3   10   3   1    5  470.500629 1.766283 472.382772 0.482028 472.982387 3.018554   6  
  80  2   10   4   0    6  476.496815 2.282109 478.911947 0.092650 479.111825 2.885317   6  
  81  4   10   3   0    6  482.509659 2.415520 485.108012 0.163871 485.391161 2.618823   6  
  82  3   10   3   1    6  488.505842 1.066520 489.705091 0.178577 490.004880 4.001277   6  
  83  2   10   2   1    3  494.502032 1.915811 496.584041 0.389022 497.083722 2.918632   6  
  84  4   10   4   1    7  500.498208 1.233014 501.847260 0.197133 502.163827 3.834711   6  
  85  4   10   4   1    8  506.511059 1.166343 507.810231 0.174857 508.093385 3.917990   6  
  86  1   10   3   0    6  512.507237 1.799228 514.439344 0.217208 514.772469 3.235084   6  
  87  2   10   3   0    7  518.503429 1.533011 520.168982 0.618480 520.901901 3.101840   6  
  88  3   10  -1   0    4  524.516262 0.000000 527.031358 0.040866 527.181224 2.835360   6  
  89  4   10   4   1    7  530.512448 1.066309 531.728281 0.200242 532.044818 3.967951   6  
  90  3   10   3   1    7  536.491978 1.349555 537.957714 0.223391 538.290834 3.701272   6  
]; % This session completes at 13-Jan-2019 15:43:42, 544.006s after session start, 540s on 90 trials, totally 564.955s.

