%% MetaTwinsDoubleBlind_behave_Conf for '_notguess': starting at wuzixing (       49.0000000000).6-Mar-2019 17:45:477.375007e+05 for '
record = [
%  n dir coh resp isc conf    osti      rtime     oconf     ctime     oisi       iti   total
   1  1   13   3   0    6    2.498860 1.633500   4.248076 0.635667   5.014410 2.984699   6  
   2  3   13   2   0    6    8.496151 1.766461  10.395169 0.406663  10.911728 3.084599   6  
   3  2   13   4   0    3   14.493446 2.032959  16.692448 1.313140  18.125124 1.868447   6  
   4  2   13   1   0    6   20.490711 2.183066  22.789683 0.281457  23.189508 2.801318   6  
   5  1   13   4   0    4   26.488002 2.432771  29.036799 1.137451  30.302948 1.685119   6  
   6  4   13   2   0    6   32.501954 1.417990  34.051246 0.412882  34.584344 3.417841   6  
   7  4   13   4   1    7   38.499215 1.316828  39.965214 0.224328  40.298429 3.701037   6  
   8  3   13   3   1    4   44.513168 2.366053  46.995381 0.001029  47.128661 2.884755   6  
   9  3   13   2   0    5   50.510454 2.066158  52.759455 1.330003  54.208805 1.801889   6  
  10  3   13   4   0    4   56.507746 2.366420  58.989876 1.801453  60.905754 1.102227   6  
  11  3   13   3   1    1   62.505027 2.333701  64.953823 0.966230  66.036756 1.968514   6  
  12  1   13   2   0   -1   68.502325 1.799681  70.451433 0.000000  72.450486 1.552045   6  
  13  3   13   1   0    2   74.499608 2.332823  76.965154 1.714593  78.797652 1.202131   6  
  14  3   13   2   0    4   80.496897 1.749737  82.412690 1.666383  84.195213 1.801812   6  
  15  1   13   3   0    4   86.494165 2.316185  88.943066 0.864457  89.925959 2.068337   6  
  16  4   13   4   1    3   92.491447 1.583397  94.190690 1.327418  95.640041 2.351473   6  
  17  1   13   1   1    2   98.505403 2.365980 100.987474 1.362290 102.470280 1.535351   6  
  18  2   13   1   0    1  104.502686 2.416035 107.034881 1.212097 108.367595 1.635324   6  
  19  4   13   2   0    6  110.499964 1.699797 112.365798 0.926266 113.398663 2.601539   6  
  20  1   13   3   0    4  116.497236 1.783081 118.446377 0.854990 119.429263 2.568212   6  
  21  3   13   3   1    1  122.494537 2.299571 124.960090 1.128115 126.209521 1.785256   6  
  22  3   13   4   0    6  128.508489 2.349416 130.974036 1.138884 132.240131 1.768589   6  
  23  4   13   4   1    6  134.505766 2.266167 136.904682 1.453244 138.487292 1.518692   6  
  24  2   13   4   0    4  140.503054 2.266085 142.885312 1.576683 144.584537 1.418683   6  
  25  2   13   4   0    6  146.500343 2.316210 148.965784 1.415075 150.498527 1.501960   6  
  26  4   13  -1   0    2  152.497617 0.000000 155.013174 0.226736 155.363000 2.634713   6  
  27  3   13   3   1    7  158.494903 1.333343 159.960912 0.969408 161.060419 2.934553   6  
  28  2   13   4   0    1  164.508848 2.049608 166.674544 1.413919 168.207180 1.801889   6  
  29  2   13  -1   0    2  170.506123 0.000000 173.021675 0.028698 173.171607 2.834759   6  
  30  4   13   4   1    6  176.503419 1.483170 178.119335 1.241859 179.468749 2.534899   6  
  31  3   13   2   0    5  182.500707 1.649784 184.299902 1.070925 185.499349 2.501587   6  
  32  1   13   1   1    4  188.497987 1.300013 189.914026 1.052595 191.080155 2.918054   6  
  33  1   13   3   0    6  194.495276 1.549733 196.177850 1.469069 197.760458 2.235047   6  
  34  2   13   4   0    7  200.492546 2.051414 202.691509 0.637236 203.457883 2.534891   6  
  35  1   13   3   0    1  206.489842 2.482730 209.088662 1.189544 210.404747 1.585273   6  
  36  2   13   2   1    4  212.503785 1.666298 214.286315 1.654183 216.068843 1.935087   6  
  37  3   13  -1   0    3  218.501075 0.000000 221.016612 0.069118 221.216505 2.784670   6  
  38  1   13   2   0    6  224.498354 1.799881 226.480794 1.719531 228.329955 1.668460   6  
  39  3   13   4   0    7  230.512301 1.333205 231.978316 0.999210 233.094478 2.918046   6  
  40  3   13  -1   0    4  236.509591 0.000000 239.025123 0.027730 239.175052 2.834755   6  
  41  1   13   1   1    6  242.506855 1.516563 244.139489 1.613869 245.872023 2.135080   6  
  42  2   13   3   0    5  248.504156 2.199599 250.853096 0.701634 251.669384 2.335003   6  
  43  1   13   1   1    1  254.501432 2.432784 257.066950 1.021264 258.216436 1.785235   6  
  44  4   13   2   0    4  260.498715 1.666430 262.331155 1.356285 263.813884 2.185068   6  
  45  4   13   4   1    1  266.496007 1.883063 268.495103 1.313849 269.927776 2.068455   6  
  46  1   13   1   1    6  272.493286 1.433209 274.042594 1.217150 275.375330 2.618143   6  
  47  1   13   3   0    6  278.490579 1.849638 280.456358 1.260797 281.839073 2.151642   6  
  48  2   13   4   0    6  284.487870 2.116275 286.720180 0.957582 287.803037 2.184925   6  
  49  4   13  -1   0    2  290.501801 0.000000 293.017362 0.194513 293.333865 2.667997   6  
  50  4   13   4   1    6  296.515754 1.966355 298.631399 1.709587 300.463964 1.552013   6  
  51  2   13   2   1    5  302.513026 1.149950 303.828949 1.194478 305.145183 2.868082   6  
  52  1   13   4   0    6  308.510320 2.299308 310.942477 1.705335 312.775066 1.235491   6  
  53  2   13   2   1   -1  314.507608 1.849908 316.540014 0.000000 318.539051 1.468786   6  
  54  2   13   2   1    5  320.504882 2.232846 322.870482 1.197820 324.186560 1.818559   6  
  55  4   13  -1   0    3  326.502173 0.000000 329.017736 0.325524 329.467503 2.534907   6  
  56  3   13   1   0    5  332.499474 1.433391 334.065417 1.361736 335.548077 2.451611   6  
  57  4   13   2   0    4  338.496739 1.349974 339.962753 1.197734 341.278811 2.718115   6  
  58  2   13   2   1    1  344.494024 2.332755 346.976164 1.663802 348.758752 1.235418   6  
  59  2   13   4   0    6  350.491315 1.400287 352.040612 1.060168 353.223411 2.768010   6  
  60  2   13   4   0    6  356.488592 1.983026 358.604312 1.112057 359.837084 2.151568   6  
  61  4   13   3   0    5  362.502541 2.049552 364.684838 1.387544 366.200863 1.801909   6  
  62  1   13   3   0    4  368.499821 2.182892 370.832103 0.923377 371.881629 2.118426   6  
  63  1   13   1   1    8  374.513771 0.966814 375.596612 0.870128 376.596155 3.417834   6  
  64  1   13   3   0    1  380.511063 2.066225 382.743379 1.074785 383.942829 2.068453   6  
  65  4   13   4   1    6  386.508333 2.183120 388.823776 0.501959 389.440341 2.568226   6  
  66  4   13   2   0    6  392.505616 1.766392 394.437966 0.823649 395.387647 2.618232   6  
  67  1   13   4   0    6  398.502909 2.249563 400.868499 0.929682 401.918020 2.085124   6  
  68  2   13   1   0    6  404.500188 2.233788 406.865792 1.100923 408.081925 1.918452   6  
  69  3   13   3   1    6  410.497484 1.799565 412.429939 1.109323 413.662712 2.334917   6  
  70  1   13   4   0    4  416.494759 1.849608 418.527173 1.747859 420.392995 1.601866   6  
  71  4   13   2   0    4  422.492041 1.866400 424.507676 1.238890 425.873845 2.118263   6  
  72  1   13   1   1    4  428.505994 1.983040 430.604858 1.117499 431.837810 2.168398   6  
  73  4   13   1   0    2  434.503268 2.399962 437.085445 0.719867 437.935055 2.068447   6  
  74  4   13   4   1    5  440.500552 1.932981 442.566245 1.156599 443.849054 2.151737   6  
  75  1   13  -1   0    4  446.497840 0.000000 449.013394 0.173581 449.313255 2.684813   6  
  76  2   13   2   1    3  452.495139 1.749808 454.427436 0.806415 455.360504 2.634851   6  
  77  2   13   4   0    1  458.509076 2.349442 460.991297 1.086104 462.190734 1.818560   6  
  78  1   13   4   0    2  464.506348 2.082867 466.722031 1.279067 468.121383 1.885196   6  
  79  3   13   3   1    2  470.503638 2.299303 473.002505 1.707882 474.835015 1.168812   6  
  80  2   13   2   1    1  476.500925 2.333177 478.999806 1.465245 480.582420 1.418655   6  
  81  3   13   1   0    3  482.498213 1.633009 484.264080 1.300140 485.680092 2.318235   6  
  82  4   13   4   1    7  488.495494 1.266746 489.911517 0.712729 490.744473 3.251099   6  
  83  3   13   2   0    6  494.509422 2.099465 496.825060 0.747030 497.691328 2.318342   6  
  84  3   13   2   0    6  500.506717 1.933032 502.605654 1.117829 503.838552 2.168397   6  
  85  2   13   3   0    5  506.504002 2.299466 508.919583 0.958511 510.002426 2.001809   6  
  86  3   13   4   0    5  512.501296 1.999898 514.633671 1.226363 515.983049 2.018474   6  
  87  4   13   2   0    4  518.498568 2.199528 520.814155 1.439076 522.380146 1.618669   6  
  88  3   13   3   1    2  524.495859 1.999996 526.661547 1.944383 528.727279 1.268824   6  
  89  4   13   2   0    1  530.493152 2.083904 532.758785 1.911770 534.791206 1.202162   6  
  90  3   13   3   1    6  536.490422 1.816384 538.422890 0.960017 539.505718 2.484914   6  
]; % This session completes at 16-Mar-2019 17:55:11, 544.004s after session start, 540s on 90 trials, totally 564.023s.

