%% MetaTwins_RDMsc_training for 'limeijiao': starting at _feedback (       49.0000000000).7-Mar-2019 11:33:07 for '7.375015e+05': starting at 
record = [
%  n coh dir resp isc ckey conf    osti    dsti oopt   rtime     oconf     ctime     oisi       isi       ofb       oiti       iti   total
   1  15  1    2   0    0    8    2.498851   0    0  1.216742   3.831594 0.897457   4.847802 0.999552   5.847354   6.846887 1.152183   6  
   2  15  4    2   0    0    7    8.496138   0    0  1.783149  10.395284 0.549959  11.061645 0.999553  12.061198  13.060741 0.935574   6  
   3  16  3    3   1    0   -1   14.493433   0    0  1.949732  16.559165 0.000000  18.574915 0.999547  19.574461  20.573998 1.419589   8  
   4  16  4    2   0    0   -1   22.489800   0    0  2.299487  24.922039 0.000000  26.921085 0.999603  27.920688  28.920216 1.069705   8  
   5  16  2    2   1    0    7   30.486193   0    0  1.349890  31.952189 0.664247  32.735169 0.999543  33.734711  34.734258 1.251988   6  
   6  16  4    3   0    0    7   36.516784   0    0  2.316248  38.949024 1.004200  40.081847 0.999536  41.081383  42.080926 0.936082   7  
   7  16  3    3   1    0    7   43.513611   0    0  1.783175  45.412766 1.391496  46.928739 0.999556  47.928295  48.927834 1.086030   7  
   8  16  4    2   0    0    6   50.510444   0    0  2.032840  52.659483 0.860112  53.642363 0.999548  54.641911  55.641459 1.369219   7  
   9  16  1    3   0    0    6   57.507288   0    0  1.799803  59.423092 1.837909  61.388866 0.999543  62.388409  63.387947 0.619568   7  
  10  18  1    3   0    0    5   64.504111   0    0  1.933105  66.553198 0.948680  67.619377 0.999541  68.618918  69.618461 1.385881   7  
  11  18  2    2   1    0    6   71.500949   0    0  2.232965  73.883126 1.412193  75.415845 0.999538  76.415383  77.414934 0.586251   7  
  12  18  3    3   1    0    8   78.497776   0    0  1.399872  80.013695 1.455712  81.596376 0.999541  82.595917  83.595471 1.402538   7  
  13  16  1    2   0    0    8   85.494613   0    0  1.150050  86.760704 1.298770  88.176741 0.999549  89.176289  90.175821 0.818990   6  
  14  16  4    3   0    0    5   91.491905   0    0  1.949741  93.557621 1.747500  95.423453 0.999555  96.423007  97.422552 0.569504   7  
  15  18  4    2   0    0    8   98.488730   0    0  1.517115 100.121320 0.623946 100.870984 0.999548 101.870533 102.870087 1.118764   6  
  16  18  3    3   1    0    7  104.502679   0    0  1.749784 106.368499 1.115147 107.601275 0.999539 108.600814 109.600363 1.402402   7  
  17  18  4    4   1    0    7  111.516163   0    0  1.433294 113.065459 0.588180 113.781807 0.999549 114.781356 115.780900 1.235493   6  
  18  16  2    2   1    0    6  117.513439   0    0  1.366621 118.996118 0.748238 119.862380 0.999558 120.861939 121.861473 1.152202   6  
  19  16  1    2   0    0    5  123.510727   0    0  1.933087 125.576471 1.438873 127.142433 0.999533 128.141966 129.141522 0.869448   7  
  20  16  2    2   1    0    7  130.507553   0    0  1.649866 132.273435 1.120402 133.506210 0.999548 134.505757 135.505299 0.502500   6  
  21  16  2    2   1    0    5  136.504864   0    0  1.882964 138.503951 1.283155 139.903324 0.999525 140.902849 141.902414 1.102670   7  
  22  14  4    2   0    0    5  143.501682   0    0  2.166102 145.783920 1.616051 147.516537 0.999540 148.516077 149.515622 1.486289   8  
  23  14  2    3   0    0    5  151.498069   0    0  2.099633 153.713722 0.673702 154.513373 0.999526 155.512899 156.512450 1.485846   7  
  24  15  1    4   0    0    7  158.494922   0    0  1.250003 159.860943 0.627528 160.610622 0.999523 161.610145 162.609703 1.385424   6  
  25  15  3    3   1    0    7  164.492175   0    0  1.633221 166.241394 0.568637 166.924412 0.999547 167.923959 168.923511 1.068859   6  
  26  15  3    3   1    0    7  170.489462   0    0  1.833148 172.438592 0.669757 173.221565 0.999535 174.221100 175.220645 0.768982   6  
  27  14  4    3   0    0    5  176.503416   0    0  1.849787 178.469192 1.492175 180.085115 0.999542 181.084657 182.084209 0.919336   7  
  28  14  3    4   0    0    5  183.500242   0    0  2.116259 185.732563 1.069300 186.915370 0.999543 187.914913 188.914457 1.085877   7  
  29  15  2    2   1    0    8  190.513722   0    0  1.916421 192.545997 0.659706 193.329129 0.999540 194.328669 195.328204 0.685764   6  
  30  15  2    2   1    0    8  196.511027   0    0  1.699770 198.326862 0.594615 199.043205 0.999538 200.042743 201.042292 0.968948   6  
  31  14  1    3   0    0    6  202.508295   0    0  1.982895 204.607357 1.139793 205.873444 0.999543 206.872986 207.872542 1.135982   7  
  32  14  3    3   1    0    8  209.505125   0    0  2.199615 211.820750 0.494381 212.437138 0.999548 213.436686 214.436224 0.569135   6  
  33  14  3    1   0    0    5  215.502425   0    0  2.499450 218.167862 1.284407 219.567244 0.999549 220.566793 221.566330 1.436322   8  
  34  14  2    2   1    0    7  223.498791   0    0  2.082885 225.697800 0.807839 226.630710 0.999547 227.630257 228.629802 1.369219   7  
  35  14  1    1   1    0    5  230.495623   0    0  2.166256 232.777929 1.019975 233.910745 0.999546 234.910291 235.909849 1.086008   7  
  36  13  3    3   1    0    7  237.492450   0    0  1.866266 239.474898 0.489283 240.091291 0.999541 241.090832 242.090381 0.902317   6  
  37  13  2    2   1    0    8  243.506398   0    0  1.766423 245.388889 0.370857 245.888660 0.999554 246.888214 247.887760 1.118846   6  
  38  12  2    2   1    0    8  249.503696   0    0  2.182964 251.802656 0.451015 252.369067 0.999549 253.368615 254.368149 0.635706   6  
  39  12  1    4   0    0    7  255.500974   0    0  1.466387 257.083595 0.269828 257.466753 0.999532 258.466285 259.465843 0.535263   5  
  40  12  3    3   1    0    7  260.498731   0    0  2.099591 262.714383 0.516051 263.347413 0.999557 264.346970 265.346516 0.652296   6  
  41  12  1    2   0    0    5  266.495991   0    0  2.266296 268.878248 0.870473 269.877805 0.999536 270.877341 271.876890 1.119169   7  
  42  12  4    4   1    0    7  273.509492   0    0  2.116379 275.741811 1.214002 277.074551 0.999529 278.074080 279.073633 0.936084   7  
  43  12  3    3   1    0    8  280.506318   0    0  1.616487 282.238868 0.639519 283.005189 0.999548 284.004737 285.004286 1.002265   6  
  44  11  1    3   0    0    5  286.503599   0    0  2.083024 288.702615 0.869469 289.685495 0.999548 290.685043 291.684590 1.319243   7  
  45  11  4    4   1    0    7  293.500433   0    0  1.633166 295.249640 0.391423 295.766083 0.999543 296.765626 297.765170 1.235490   6  
  46  11  4    4   1    0    3  299.497717   0    0  2.149408 301.763362 1.560260 303.445935 0.999546 304.445481 305.445032 0.552912   7  
  47  10  3    3   1    0    8  306.494558   0    0  1.633136 308.243767 0.163537 308.526972 0.999537 309.526510 310.526070 1.468710   6  
  48  10  4    2   0    0    6  312.508494   0    0  2.150179 314.790798 0.590637 315.507137 0.999550 316.506687 317.506226 0.502501   6  
  49  10  2    1   0    0    3  318.505784   0    0  2.249579 320.871379 0.872723 321.870924 0.999551 322.870475 323.870012 1.135988   7  
  50  11  3    4   0    0    7  325.502619   0    0  1.216525 326.835339 0.760542 327.718287 0.999531 328.717819 329.717380 1.285401   6  
  51  11  1    2   0    0    7  331.499904   0    0  1.566592 333.182364 0.251403 333.548979 0.999542 334.548521 335.548069 1.451975   6  
  52  12  4    3   0    0    6  337.497186   0    0  1.966430 339.612889 0.191719 339.929420 0.999539 340.928959 341.928497 1.068806   6  
  53  12  1    3   0    0    6  343.494462   0    0  2.266315 345.876726 0.304266 346.309864 0.999542 347.309406 348.308943 0.685598   6  
  54  13  1    3   0    0    4  349.508409   0    0  1.433305 351.057596 1.188579 352.373791 0.999531 353.373322 354.372875 0.635768   6  
  55  13  4    3   0    0    7  355.505691   0    0  2.033054 357.654724 1.522922 359.303970 0.999543 360.303513 361.303069 0.702857   7  
  56  14  2    2   1    0    8  362.502527   0    0  1.716610 364.351695 0.293768 364.751510 0.999547 365.751057 366.750606 1.252155   6  
  57  14  2    2   1    0   -1  368.499808   0    0  2.033053 370.665507 0.000000 372.664543 0.999593 373.664135 374.663691 1.336354   8  
  58  14  3    3   1    0    8  376.496196   0    0  1.499909 378.112135 0.210851 378.445317 0.999538 379.444855 380.444413 0.552014   5  
  59  13  1    1   1    0    1  381.510608   0    0  2.316133 383.942812 1.552847 385.608733 0.999544 386.608277 387.607829 1.403002   8  
  60  13  2    2   1    0    8  389.506963   0    0  1.399878 391.022951 0.892403 392.039156 0.999547 393.038703 394.038246 0.968962   6  
]; % This session completes at 17-Mar-2019 11:39:49, 397.003s after session start, 393s on 60 trials, totally 402.673s, correctness is 51.667%.

