%% MetaTwinsDoubleBlind_behave_Conf for '_notguess': starting at wangxin (       48.0000000000).7-Apr-2019 17:16:137.375227e+05 for '
record = [
%  n dir coh resp isc conf    osti      rtime     oconf     ctime     oisi       iti   total
   1  1   10   1   1    1    2.498862 1.067019   3.681672 0.094336   3.898221 4.100858   6  
   2  4   10   3   0    7    8.496136 1.434318  10.062110 0.159006  10.345301 3.651075   6  
   3  1   10   2   0    7   14.493398 1.699844  16.342580 0.126906  16.592451 3.401074   6  
   4  1   10   3   0    6   20.490688 1.301145  21.923371 0.793124  22.839608 3.151267   6  
   5  4   10   3   0    5   26.504603 1.800106  28.453674 0.851834  29.419966 2.584856   6  
   6  1   10  -1   0    6   32.501875 0.000000  35.017407 0.940281  36.083581 1.918553   6  
   7  3   10   3   1    8   38.499136 1.333396  39.948478 0.276988  40.348304 3.651062   6  
   8  2   10   4   0    5   44.496428 1.534260  46.178987 0.897407  47.195202 2.801475   6  
   9  3   10   2   0    6   50.493677 2.299358  52.975927 0.597849  53.692236 2.301681   6  
  10  1   10   4   0    6   56.490969 1.518322  58.140203 0.847476  59.106447 2.884737   6  
  11  2   10   2   1    7   62.504879 1.949769  64.603938 0.205616  64.937139 3.067907   6  
  12  2   10   3   0    7   68.502171 1.900918  70.551230 0.168388  70.834442 3.167925   6  
  13  1   10   1   1    8   74.499412 1.533035  76.165351 0.522623  76.815029 3.184468   6  
  14  2   10   2   1    7   80.513369 1.734398  82.362503 0.482555  82.962243 3.051347   6  
  15  2   10   3   0    7   86.510615 1.383831  88.009938 0.135959  88.259821 3.751035   6  
  16  1   10   1   1    7   92.507905 1.517538  94.157144 0.152984  94.423700 3.584427   6  
  17  4   10   4   1    6   98.505159 1.616308 100.237709 0.163785 100.520912 3.484476   6  
  18  4   10   2   0    7  104.502444 1.917752 106.551515 0.100498 106.768071 3.234591   6  
  19  1   10   2   0    7  110.499698 1.783137 112.432168 0.052462 112.598770 3.401149   6  
  20  3   10   3   1    7  116.496986 1.401337 118.029621 0.059378 118.212872 3.784324   6  
  21  3   10   1   0    7  122.494252 1.583102 124.243365 0.164706 124.526648 3.467714   6  
  22  4   10   4   1    5  128.508196 2.019342 130.640541 0.156973 130.923762 3.084660   6  
  23  3   10   1   0    7  134.505452 1.616491 136.254593 0.116206 136.487868 3.517807   6  
  24  4   10   4   1    6  140.502721 1.917158 142.568451 0.603432 143.301449 2.701511   6  
  25  2   10   2   1    6  146.499980 1.283400 147.916045 0.179576 148.215875 3.784333   6  
  26  1   10   3   0    6  152.497261 1.667481 154.329755 0.047477 154.496353 3.501138   6  
  27  3   10   3   1    7  158.494534 1.633032 160.260367 0.114793 160.493606 3.501142   6  
  28  2   10   1   0    1  164.491805 1.784011 166.424279 0.094397 166.640831 3.351198   6  
  29  2   10  -1   0    1  170.505708 0.000000 173.021257 0.963326 174.104092 1.901803   6  
  30  3   10   3   1    8  176.502997 1.402099 178.035639 0.110419 178.268865 3.734365   6  
  31  3   10   1   0    8  182.500255 1.449884 184.099541 0.047509 184.266154 3.734174   6  
  32  4   10   4   1    8  188.514205 1.567683 190.213410 0.408031 190.746522 3.267899   6  
  33  3   10   3   1    7  194.511458 1.383268 196.044132 0.156317 196.327296 3.684391   6  
  34  4   10   3   0    7  200.508744 1.917433 202.607776 0.083726 202.807697 3.201265   6  
  35  4   10   2   0    7  206.505996 1.216719 207.888739 0.102673 208.105287 3.900950   6  
  36  3   10   3   1    7  212.503275 2.333655 214.968820 0.214411 215.302012 2.701489   6  
  37  4   10   4   1    7  218.500537 2.099642 220.732857 0.045651 220.899457 3.101306   6  
  38  2   10   3   0    4  224.497820 1.567434 226.213699 0.176558 226.513568 3.484485   6  
  39  2   10   2   1    7  230.495078 1.216726 231.877799 0.053094 232.044376 3.950830   6  
  40  3   10   3   1    7  236.492356 2.034089 238.674664 0.016126 238.807964 3.184603   6  
  41  2   10   1   0    8  242.506276 0.966901 243.655780 0.037128 243.805691 4.200816   6  
  42  1   10   3   0    7  248.503553 1.900509 250.535928 0.049361 250.702555 3.301229   6  
  43  2   10   1   0    1  254.500823 1.499909 256.150045 0.106388 256.383303 3.617741   6  
  44  1   10   1   1    1  260.498105 1.933866 262.563821 0.094183 262.780401 3.217933   6  
  45  1   10   3   0    7  266.495364 1.449925 268.144619 0.271642 268.544429 3.451168   6  
  46  2   10   2   1    7  272.492640 2.200334 274.858219 0.090189 275.074795 2.918072   6  
  47  4   10   4   1    8  278.489897 1.733190 280.355754 0.296771 280.772191 3.217885   6  
  48  1   10   1   1    8  284.503846 1.834279 286.486273 0.474776 287.085998 2.918068   6  
  49  4   10   4   1    8  290.501091 1.266723 291.917154 0.101874 292.133704 3.867470   6  
  50  1   10   2   0    7  296.515039 1.384100 298.064207 0.078997 298.264247 3.751041   6  
  51  3   10   4   0    8  302.512292 1.416737 304.044906 0.075184 304.244836 3.767702   6  
  52  3   10   3   1    7  308.509585 1.317597 309.992232 0.178455 310.292101 3.717721   6  
  53  1   10   4   0    8  314.506834 2.482823 317.105676 0.066843 317.288910 2.718152   6  
  54  3   10   3   1    8  320.504123 1.833799 322.486552 0.057810 322.669804 3.334530   6  
  55  4   10   4   1    8  326.501368 2.249610 328.900301 0.461343 329.483363 2.518252   6  
  56  3   10   3   1    8  332.498655 1.218347 333.881369 0.057150 334.064614 3.934269   6  
  57  3   10   4   0    6  338.495912 2.033017 340.644924 0.554082 341.311305 2.684756   6  
  58  1   10   1   1    6  344.493200 1.684077 346.309040 0.090052 346.525601 3.467807   6  
  59  4   10   2   0    6  350.507116 2.366054 353.006010 0.163349 353.289187 2.718164   6  
  60  1   10   1   1    1  356.504403 1.034756 357.670519 0.099803 357.887111 4.117519   6  
  61  1   10   3   0    6  362.501660 2.299521 364.950566 0.027994 365.100482 2.901405   6  
  62  3   10   1   0    4  368.498946 2.317181 370.964483 0.839439 371.930716 2.068457   6  
  63  2   10  -1   0    2  374.496193 0.000000 377.011732 0.210364 377.344901 2.651533   6  
  64  2   10   2   1    1  380.493482 2.000389 382.675844 0.213167 383.009006 2.984714   6  
  65  2   10   1   0    3  386.490738 1.499787 388.173278 0.488695 388.789695 3.201227   6  
  66  2   10   4   0    6  392.488022 2.250413 394.886930 0.173316 395.186800 2.801346   6  
  67  4   10   4   1    3  398.501935 1.599654 400.234497 0.501050 400.850873 3.151151   6  
  68  2   10  -1   0    2  404.515872 0.000000 407.031391 0.000541 407.148013 2.868092   6  
  69  2   10   2   1    7  410.513144 2.449475 413.095315 0.104300 413.328528 2.684846   6  
  70  2   10  -1   0    4  416.510423 0.000000 419.025932 0.018112 419.159215 2.851448   6  
  71  3   10   1   0    1  422.507676 1.066706 423.707154 0.125871 423.957033 4.050880   6  
  72  1   10   1   1    1  428.504957 0.984883 429.654432 0.096450 429.871010 4.134167   6  
  73  2   10   4   0    6  434.502213 2.116260 436.767799 0.159843 437.051067 2.951382   6  
  74  2   10   1   0    1  440.499493 1.035040 441.648927 0.126991 441.898872 4.100861   6  
  75  1   10  -1   0    3  446.496750 0.000000 449.012291 0.232376 449.362116 2.634783   6  
  76  3   10   3   1    7  452.494042 1.617888 454.259893 0.130863 454.509795 3.484472   6  
  77  3   10   3   1    7  458.507956 1.116810 459.790740 0.058558 459.973977 4.034215   6  
  78  3   10   3   1    7  464.505249 1.500975 466.171143 0.028833 466.321075 3.684380   6  
  79  2   10   3   0    7  470.502490 1.666561 472.318298 0.167560 472.601536 3.401197   6  
  80  4   10   2   0    7  476.499829 1.950945 478.598823 0.076680 478.798710 3.201290   6  
  81  1   10   4   0    7  482.497030 1.399993 484.063000 0.038132 484.229586 3.767690   6  
  82  4   10   4   1    7  488.494364 1.734835 490.410111 0.000526 490.526776 3.467772   6  
  83  3   10   1   0    7  494.491585 1.116747 495.774337 0.129484 496.024239 3.967530   6  
  84  4   10   2   0    7  500.488854 1.384184 502.054806 0.042280 502.221451 3.767632   6  
  85  4   10   4   1    3  506.502784 1.499978 508.135377 0.448999 508.701773 3.301102   6  
  86  4   10   4   1    7  512.516719 1.784178 514.449164 0.426782 514.998911 3.018055   6  
  87  1   10   1   1    1  518.513977 1.999489 520.629683 0.110731 520.862914 3.151286   6  
  88  3   10   3   1    7  524.511304 1.634127 526.277089 0.074632 526.477030 3.534441   6  
  89  4   10   3   0    2  530.508511 2.382857 533.107299 0.806357 534.040272 1.968478   6  
  90  1   10   3   0    8  536.505794 2.283096 538.938015 0.555823 539.621052 2.384964   6  
]; % This session completes at 07-Apr-2019 17:25:31, 544.004s after session start, 540s on 90 trials, totally 558.485s.

