%% MetaTwinsDoubleBlind_behave_Conf for '_guess': starting at yangfeng (       50.0000000000).6-Jan-2019 17:52:207.374517e+05 for '
record = [
%  n dir coh resp isc conf conforig    osti      rtime     oconf     ctime     oisi       iti   total
   1  1   11   2   0    6      7      2.498841 1.749474   4.764470 1.486851   6.363756 1.635298   6  
   2  2   11   2   1    6      4      8.496113 1.482792  10.495212 1.305688  11.911242 2.085085   6  
   3  2   11   1   0    7      2     14.493406 1.682835  16.692402 1.203819  18.008473 1.985107   6  
   4  4   11   4   1   -1      6     20.490682 1.899422  22.906241 0.000000  24.905283 1.085555   6  
   5  1   11   2   0    6      7     26.504624 1.699512  28.720286 1.623084  30.452827 1.551934   6  
   6  4   11  -1   0    1      2     32.501901 2.499240  35.017417 1.213095  36.350155 1.651881   6  
   7  1   11   4   0    6      4     38.499176 1.183206  40.198398 0.749520  41.064673 2.934622   6  
   8  3   11   3   1    7      5     44.496451 1.416257  46.428928 0.860775  47.395138 2.601411   6  
   9  2   11   4   0    8      4     50.493725 1.549643  52.559465 0.776892  53.442392 2.551422   6  
  10  4   11   3   0    7      4     56.491021 1.682771  58.689995 0.521953  59.323067 2.668002   6  
  11  3   11   2   0    7      4     62.504944 1.049815  64.070912 1.012783  65.203721 2.801454   6  
  12  3   11   2   0    7      4     68.502231 1.549453  70.567956 1.141198  71.817387 2.185076   6  
  13  3   11   3   1    6      4     74.516162 1.516140  76.548577 0.923496  77.581441 2.434957   6  
  14  2   11   2   1    8      4     80.513448 1.233028  82.262653 0.971893  83.345497 2.668176   6  
  15  3   11   3   1    7      4     86.510727 1.449651  88.476504 0.958610  89.542677 2.468271   6  
  16  4   11   4   1    6      8     92.508011 1.849458  94.873595 0.560088  95.539962 2.468265   6  
  17  2   11   2   1    7      4     98.505290 1.432959 100.454398 0.893104 101.453940 2.551564   6  
  18  4   11   4   1    7      7    104.502567 1.499574 106.518312 0.991494 107.617808 2.384983   6  
  19  1   11   2   0    6      4    110.499833 2.032586 113.048684 1.077201 114.231485 1.768591   6  
  20  1   11   4   0    4      4    116.497119 2.066057 119.079280 0.909640 120.095490 1.901855   6  
  21  2   11   4   0    6      7    122.494398 1.782817 124.793361 0.606970 125.509701 2.484924   6  
  22  3   11   3   1    3      1    128.508337 2.249151 131.273756 0.882438 132.273300 1.735260   6  
  23  4   11   4   1    8      8    134.505611 1.616204 136.637996 1.177865 137.937402 2.068443   6  
  24  2   11   4   0    7      4    140.502889 1.599589 142.618605 1.282981 144.017979 1.985149   6  
  25  1   11   1   1    7      4    146.500182 1.549606 148.565900 0.923594 149.598781 2.401622   6  
  26  1   11   1   1    7      8    152.497458 1.532884 154.546527 1.056656 155.712678 2.284988   6  
  27  4   11   4   1    3      7    158.494732 1.349570 160.360562 1.468873 161.943173 2.051758   6  
  28  3   11   3   1    7      7    164.492014 2.299291 167.307403 1.279832 168.706769 1.285425   6  
  29  2   11   2   1    4      3    170.489296 2.365891 173.371323 1.222040 174.704055 1.285394   6  
  30  3   11   3   1    5      3    176.503239 1.599586 178.618934 1.038741 179.768420 2.234955   6  
  31  4   11  -1   0    6      3    182.500519 2.499190 185.016044 0.272117 185.399189 2.601460   6  
  32  3   11   3   1   -1      2    188.497795 0.483408 189.497344 0.000000 191.496386 2.501515   6  
  33  1   11   1   1    7      5    194.495077 0.916534 195.927748 1.005389 197.043912 2.951249   6  
  34  2   11   3   0    3      4    200.492347 1.949319 202.957896 0.982967 204.057399 1.935019   6  
  35  3   11   4   0   -1      1    206.506297 1.333001 208.355450 0.000000 208.805256 3.201264   6  
  36  3   11   3   1    7      6    212.503561 1.566268 214.585965 0.357043 215.052412 2.951379   6  
  37  3   11   4   0    6      6    218.500850 1.649535 220.666527 0.388001 221.166299 2.834771   6  
  38  3   11   3   1    6      1    224.514775 1.549625 226.580520 0.372368 227.063627 2.951384   6  
  39  4   11   2   0    6      1    230.512058 0.899960 231.928086 0.978988 233.027596 2.984703   6  
  40  4   11   2   0    7      6    236.509343 1.432973 238.458457 0.395096 238.974898 3.034672   6  
  41  1   11   1   1    7      6    242.506617 1.016479 244.039266 0.644816 244.788913 3.217931   6  
  42  4   11   4   1    1      6    248.503904 2.115984 251.136045 1.265022 252.518751 1.485380   6  
  43  3   11   2   0    6      6    254.501174 1.599591 256.616889 1.414148 258.149518 1.851889   6  
  44  1   11   1   1    3      6    260.498454 0.933182 261.947800 0.826268 262.880722 3.117968   6  
  45  3   11   2   0    6      6    266.495733 1.316364 268.328250 0.901857 269.344440 2.651531   6  
  46  2   11   2   1    6      8    272.509686 1.266349 274.292200 1.274524 275.674908 2.335001   6  
  47  3   11   2   0    3      8    278.506952 1.283067 280.306140 0.780470 281.205730 2.801460   6  
  48  4   11   1   0    7      4    284.504239 1.116467 286.136831 0.597037 286.853177 3.151295   6  
  49  1   11   2   0    7      4    290.501512 1.349681 292.367342 0.614282 293.100343 2.901409   6  
  50  4   11   4   1    6     -1    296.498789 1.366372 298.381281 1.078181 299.580726 2.418293   6  
  51  4   11   2   0    2      7    302.496071 1.166353 304.178642 0.650738 304.944972 3.051309   6  
  52  2   11   2   1    7      4    308.493359 1.816136 310.825626 0.515734 311.458675 2.534870   6  
  53  1   11   4   0    2      7    314.490633 1.732844 316.739623 1.013478 317.872433 2.118373   6  
  54  1   11   1   1    7      4    320.504570 1.549621 322.570297 0.378361 323.070084 2.934643   6  
  55  4   11   3   0    6      4    326.501846 1.766048 328.784159 1.192189 330.083561 1.918427   6  
  56  3   11   3   1    7      4    332.499137 1.416305 334.431597 1.031745 335.581059 2.418193   6  
  57  4   11   3   0    6      6    338.496406 1.716052 340.728725 0.843609 341.678296 2.318214   6  
  58  4   11   4   1    1      7    344.493697 2.499240 347.508992 0.764554 348.391916 1.601848   6  
  59  3   11   3   1    7      7    350.490971 0.983105 351.990290 1.358028 353.456286 2.534744   6  
  60  2   11   3   0    2      7    356.504900 2.249344 359.270321 1.119895 360.503101 1.502033   6  
  61  2   11   4   0    7      4    362.502187 1.849482 364.867777 1.146254 366.133859 1.868555   6  
  62  4   11   2   0    6      4    368.516116 1.566325 370.598507 1.717045 372.431026 1.585325   6  
  63  2   11   2   1    7      7    374.513403 1.633030 376.662430 0.667761 377.445406 2.568229   6  
  64  1   11   4   0    5      7    380.510673 1.566283 382.593066 0.895544 383.609282 2.401629   6  
  65  3   11   3   1    6      7    386.507958 2.199408 389.223391 0.959053 390.289584 1.718614   6  
  66  3   11   4   0    6      7    392.505238 1.199818 394.221121 0.262673 394.604295 3.401169   6  
  67  2   11   4   0   -1      7    398.502524 1.632863 400.651535 0.000000 401.900987 2.101764   6  
  68  1   11   4   0    5      7    404.499795 1.333045 406.348962 0.571506 407.031983 2.968049   6  
  69  3   11   3   1    3      7    410.497073 1.732872 412.746059 0.546553 413.412421 2.584886   6  
  70  1   11   2   0    6      4    416.511020 1.449646 418.476796 0.402142 418.993228 3.018027   6  
  71  1   11   2   0    3      8    422.508293 1.016509 424.040937 0.680742 424.840574 3.167946   6  
  72  2   11   2   1    1      7    428.505578 1.033201 430.054878 1.500875 431.670802 2.335003   6  
  73  4   11   4   1    6      6    434.502863 1.516225 436.535261 0.516814 437.168318 2.834777   6  
  74  4   11   2   0    5      6    440.500126 1.249766 442.265997 0.920602 443.298861 2.701508   6  
  75  2   11   2   1    6      6    446.497404 1.916152 448.929645 0.731760 449.779262 2.218370   6  
  76  2   11   2   1    3      4    452.494694 1.882801 454.893612 0.560234 455.559972 2.434922   6  
  77  2   11   2   1    6      4    458.491965 1.816130 460.824241 0.514036 461.457293 2.534853   6  
  78  2   11   4   0    7      2    464.489244 1.882769 466.888172 0.821704 467.821078 2.168336   6  
  79  1   11   2   0    6      6    470.503191 0.983178 472.002515 0.619369 472.735509 3.267826   6  
  80  1   11   3   0    3      4    476.500468 1.466294 478.482905 0.512472 479.115953 2.884654   6  
  81  1   11   2   0    6      8    482.497756 1.233145 484.246965 0.398651 484.763383 3.234486   6  
  82  4   11   2   0    7      8    488.495031 1.716205 490.727347 0.566064 491.410369 2.584759   6  
  83  3   11   3   1    4      7    494.492315 1.899338 496.907878 0.891752 497.907418 2.084969   6  
  84  4   11   3   0    3      3    500.506250 1.666137 502.688594 0.753332 503.554871 2.451599   6  
  85  2   11   2   1    6      3    506.503517 1.832669 508.852456 0.686001 509.652098 2.351660   6  
  86  4   11   3   0    6      8    512.500787 1.249732 514.266668 0.343058 514.716462 3.284565   6  
  87  3   11   2   0    3      3    518.514741 1.166342 520.197315 0.994663 521.296809 2.718167   6  
  88  1   11   2   0    3      3    524.512016 1.399763 526.427830 0.516490 527.060866 2.951376   6  
  89  2   11   2   1    6      7    530.509295 1.299701 532.325148 0.002028 532.441761 3.567765   6  
  90  1   11   3   0    6      7    536.506582 1.433135 538.455693 1.446742 540.021646 1.985175   6  
]; % This session completes at 26-Jan-2019 18:01:53, 544.004s after session start, 540s on 90 trials, totally 572.478s.

