%% MetaTwins_RDMsc_training for 'sunran': starting at _nofeedback (       48.0000000000).9-Mar-2019 17:04:38 for '7.374937e+05': starting at 
record = [
%  n coh dir resp isc ckey conf    osti    dsti oopt   rtime     oconf     ctime     oisi    isi ofb    oiti       iti   total
   1  11  3    3   1    0    6    2.498905   0    0  1.266664   3.881475 0.317630   4.314753  0   0    4.314753 0.684379   3  
   2  11  1    1   1    0    5    5.497541   0    0  1.699829   7.363371 1.070553   8.546173  0   0    8.546173 1.451611   5  
   3  10  3    3   1    0    5   10.495277   0    0  2.132989  12.760918 0.278299  13.144080  0   0   13.144080 0.851432   4  
   4  10  4    2   0    0    2   14.493477   0    0  1.916261  16.559201 0.329179  17.009006  0   0   17.009006 0.984690   4  
   5  10  1    2   0    0    5   18.508318   0    0  1.833167  20.474035 0.408633  20.990530  0   0   20.990530 1.018024   4  
   6  11  2    2   1    0    1   22.506505   0    0  2.249611  24.905427 1.109851  26.121544  0   0   26.121544 0.885207   5  
   7  11  4   -1   0    0    2   27.504252   0    0  0.000000  30.019784 0.167355  30.302987  0   0   30.302987 0.701497   4  
   8  11  2    2   1    0    2   31.502449   0    0  2.016882  33.701419 0.627581  34.434435  0   0   34.434435 0.568233   4  
   9  10  1    2   0    0    2   35.500615   0    0  1.683069  37.349788 0.448361  37.916195  0   0   37.916195 1.084654   4  
  10  10  2    4   0    0    5   39.498817   0    0  2.332966  41.947709 0.440297  42.497450  0   0   42.497450 0.501587   4  
  11  11  1   -1   0    0    4   43.497009   0    0  0.000000  46.012558 0.016795  46.145806  0   0   46.145806 0.851429   4  
  12  11  1    1   1    0    1   47.495199   0    0  1.649839  49.311040 0.326101  49.744186  0   0   49.744186 1.251237   4  
  13  11  2    2   1    0    5   51.493386   0    0  2.216283  53.842322 0.500590  54.458712  0   0   54.458712 0.534901   4  
  14  10  3    2   0    0    3   55.508231   0    0  2.116271  57.807199 1.083229  59.006659  0   0   59.006659 1.001809   5  
  15  10  4   -1   0    0    4   60.505966   0    0  0.000000  63.021514 0.070665  63.204739  0   0   63.204739 0.801454   4  
  16  10  2    2   1    0    5   64.504152   0    0  2.449549  67.102975 0.475721  67.686043  0   0   67.686043 1.318341   5  
  17  10  4    4   1    0    5   69.501903   0    0  2.282841  71.917467 1.246463  73.283520  0   0   73.283520 0.718600   5  
  18   9  1    3   0    0    5   74.499636   0    0  2.216271  76.848567 0.366135  77.331690  0   0   77.331690 0.668169   4  
  19   9  4    2   0    0    5   78.497815   0    0  1.899766  80.513427 0.142412  80.763468  0   0   80.763468 1.234578   4  
  20  10  2    3   0    0    1   82.496009   0    0  2.299953  84.911586 1.276449  86.294286  0   0   86.294286 0.701943   5  
  21  10  2    2   1    0    5   87.510414   0    0  2.216160  89.875983 0.571973  90.559018  0   0   90.559018 1.451611   5  
  22  10  2    2   1    0    5   92.508147   0    0  2.382881  95.056987 0.963097  96.139830  0   0   96.139830 0.868535   5  
  23   9  1    3   0    0    1   97.505878   0    0  2.249587  99.938113 0.972564 101.020938  0   0  101.020938 0.985164   5  
  24   9  2    4   0    0    5  102.503617   0    0  2.266202 104.902513 0.555833 105.568901  0   0  105.568901 1.434945   5  
  25  10  1    3   0    0    5  107.501353   0    0  1.949666 109.633723 0.151709 109.900268  0   0  109.900268 1.101305   4  
  26  10  4    1   0    0    5  111.499541   0    0  1.766460 113.381938 0.270376 113.765188  0   0  113.765188 1.234585   4  
  27  11  3    3   1    0    5  115.497734   0    0  1.499744 117.180308 0.168759 117.463504  0   0  117.463504 0.534452   3  
  28  11  1    3   0    0    3  118.496369   0    0  2.449580 121.145174 0.358717 121.611626  0   0  121.611626 1.384982   5  
  29  11  1    2   0    0    2  123.510768   0    0  2.249581 125.942994 0.577175 126.626029  0   0  126.626029 1.384969   5  
  30  12  2    3   0    0    2  128.508511   0    0  2.316398 131.007390 1.450047 132.573340  0   0  132.573340 1.435392   6  
  31  12  2    3   0    0    2  134.505789   0    0  2.316195 136.971245 0.486952 137.571060  0   0  137.571060 1.434956   5  
  32  13  4    4   1    0    6  139.503525   0    0  2.249608 141.869115 0.578847 142.568813  0   0  142.568813 1.434936   5  
  33  13  4    1   0    0    5  144.501256   0    0  1.483189 146.117046 0.171888 146.400399  0   0  146.400399 0.601090   3  
  34  13  4    4   1    0    5  147.499896   0    0  2.016447 149.665595 0.228348 149.998775  0   0  149.998775 1.001355   4  
  35  13  1    1   1    0    5  151.498090   0    0  1.366578 153.030734 0.053297 153.197329  0   0  153.197329 0.800993   3  
  36  12  4   -1   0    0    3  154.496733   0    0  0.000000 157.012256 0.269516 157.395421  0   0  157.395421 0.601542   4  
  37  12  2    4   0    0    5  158.511588   0    0  2.415972 161.143720 0.472853 161.726785  0   0  161.726785 1.285022   5  
  38  12  3    2   0    0    2  163.509324   0    0  2.466233 166.141469 0.883771 167.141012  0   0  167.141012 0.868539   5  
  39  13  3    3   1    0    3  168.507049   0    0  1.299991 169.956262 1.505232 171.572344  0   0  171.572344 1.434939   5  
  40  13  2    1   0    0    2  173.504801   0    0  1.949729 175.653819 1.644514 177.403034  0   0  177.403034 0.601984   5  
  41  13  3    3   1    0    5  178.502521   0    0  2.016350 180.651565 1.252482 182.017600  0   0  182.017600 0.985149   5  
  42  13  3   -1   0    0    5  183.500259   0    0  0.000000 186.015803 1.714090 187.848286  0   0  187.848286 1.152203   6  
  43  13  3    3   1    0    5  189.497554   0    0  1.983018 191.629916 0.625706 192.362925  0   0  192.362925 0.634846   4  
  44  12  2    2   1    0    3  193.512402   0    0  1.883149 195.594789 1.002390 196.710940  0   0  196.710940 1.301682   5  
  45  12  4    4   1    0   -1  198.510135   0    0  1.616572 200.259341 0.000000 202.258378  0   0  202.258378 0.751988   5  
  46  12  2    2   1    0    5  203.507877   0    0  1.850045 205.490176 0.272015 205.873457  0   0  205.873457 1.134640   4  
  47  11  4    4   1    0    5  207.506057   0    0  1.516425 209.155314 0.123337 209.388540  0   0  209.388540 0.617743   3  
  48  11  1    1   1    0    5  210.504711   0    0  1.449780 212.103981 0.000766 212.220587  0   0  212.220587 0.784345   3  
  49  10  1    3   0    0    2  213.503331   0    0  2.266254 215.918923 1.962150 218.001305  0   0  218.001305 1.002261   6  
  50  10  3    2   0    0    1  219.500626   0    0  2.066370 221.749610 1.699627 223.565447  0   0  223.565447 1.435407   6  
  51  11  4    4   1    0    5  225.514571   0    0  1.916387 227.580291 1.073616 228.763089  0   0  228.763089 1.251702   5  
  52  11  3    3   1    0    5  230.512319   0    0  1.416406 232.111519 0.002696 232.228192  0   0  232.228192 0.784345   3  
  53  10  4    3   0    0    1  233.510944   0    0  1.932946 235.643314 1.023597 236.776134  0   0  236.776134 1.235040   5  
  54  10  3    2   0    0    1  238.508681   0    0  1.966364 240.591067 0.831082 241.540648  0   0  241.540648 1.468265   5  
  55  11  4    4   1    0    4  243.506414   0    0  2.083016 245.721954 1.341230 247.171429  0   0  247.171429 0.835213   5  
  56  11  3    3   1    0    5  248.504160   0    0  1.649702 250.303348 0.361295 250.769794  0   0  250.769794 1.234588   4  
  57  10  1    2   0    0    1  252.502353   0    0  1.816387 254.451341 0.509178 255.067838  0   0  255.067838 0.934731   4  
  58  10  1    4   0    0    4  256.500534   0    0  1.916791 258.566261 1.429151 260.115573  0   0  260.115573 0.885194   5  
  59  11  3    3   1    0    5  261.514924   0    0  1.683168 263.347432 0.390021 263.847198  0   0  263.847198 1.167963   4  
  60  11  3    3   1    0    5  265.513124   0    0  1.549924 267.229012 0.089267 267.428915  0   0  267.428915 0.584432   3  
]; % This session completes at 09-Mar-2019 17:09:14, 270.003s after session start, 266s on 60 trials, totally 276.263s, correctness is 48.333%.

