%% MetaTwinsDoubleBlind_behave_Conf for '_notguess': starting at zhangxuan (       50.0000000000).7-Jul-2019 17:08:377.376337e+05 for '
record = [
%  n dir coh resp isc conf    osti      rtime     oconf     ctime     oisi       iti   total
   1  3   15   2   0    7    2.498831 1.267014   3.914819 0.194808   4.231374 3.767698   6  
   2  2   15   2   1    7    8.496113 1.033434   9.678914 0.201374   9.995437 4.000870   6  
   3  2   15   3   0    7   14.493390 1.000148  15.626183 0.234378  15.976051 4.017507   6  
   4  4   15   4   1    7   20.490669 1.183231  21.806750 0.213616  22.139923 3.850910   6  
   5  4   15   4   1    8   26.487955 1.266747  27.903973 0.190545  28.220490 3.767598   6  
   6  4   15   3   0    7   32.501884 0.950040  33.601384 0.166933  33.884585 4.117422   6  
   7  1   15   2   0    7   38.499168 1.233340  39.865205 0.195870  40.181743 3.817509   6  
   8  4   15   3   0    7   44.496443 1.000102  45.645915 0.195879  45.962429 4.034082   6  
   9  1   15   3   0    7   50.510372 0.883547  51.543244 0.151763  51.809794 4.200829   6  
  10  1   15   4   0    7   56.507661 1.133325  57.773635 0.258697  58.156914 3.850977   6  
  11  3   15   3   1    8   62.504904 0.816804  63.454517 0.481722  64.054234 3.950923   6  
  12  3   15   2   0    7   68.502220 1.200261  69.818200 0.329144  70.268077 3.734357   6  
  13  1   15   3   0    7   74.499483 0.950120  75.582341 0.651607  76.348653 3.651062   6  
  14  1   15   2   0    5   80.496778 1.316552  81.929444 0.339616  82.395897 3.601092   6  
  15  1   15   3   0    7   86.510702 0.850150  87.493608 0.292341  87.910071 4.100860   6  
  16  4   15   2   0    5   92.507969 1.083300  93.707447 0.449994  94.273855 3.734351   6  
  17  2   15   3   0    5   98.505257 1.000151  99.621421 0.403643 100.154517 3.850970   6  
  18  3   15   3   1    6  104.502537 0.950130 105.568730 0.434929 106.118467 3.884294   6  
  19  3   15   3   1    5  110.499820 1.016584 111.632644 0.364239 112.115747 3.884306   6  
  20  4   15   4   1    7  116.497093 1.116753 117.729868 0.175918 118.029732 3.967594   6  
  21  3   15   3   1    7  122.494379 0.916837 123.527242 0.188334 123.843759 4.150824   6  
  22  1   15   3   0    7  128.491648 0.966725 129.574494 0.173361 129.874364 4.117475   6  
  23  1   15   3   0    5  134.505591 1.283180 135.904957 0.317982 136.338081 3.667666   6  
  24  3   15   3   1    7  140.502863 0.883553 141.502410 0.177275 141.802279 4.200737   6  
  25  3   15   2   0    5  146.500148 1.299796 147.949494 0.288510 148.365957 3.634311   6  
  26  3   15   3   1    7  152.497441 1.150095 153.780126 0.354459 154.263287 3.734224   6  
  27  4   15   2   0    5  158.494692 1.116687 159.727478 0.331237 160.177268 3.817503   6  
  28  3   15   3   1    5  164.508643 1.133240 165.758069 0.431393 166.307817 3.701047   6  
  29  4   15   1   0    5  170.505920 1.266480 171.938598 0.561121 172.621621 3.384522   6  
  30  2   15   3   0    1  176.503186 1.366646 177.985862 0.657401 178.768841 3.234575   6  
  31  2   15   2   1    7  182.500466 0.883428 183.499962 0.198770 183.816531 4.184164   6  
  32  1   15   3   0    7  188.514399 0.950181 189.597247 0.202137 189.930436 4.084209   6  
  33  2   15   2   1    7  194.511683 1.083239 195.711141 0.216631 196.044319 3.967587   6  
  34  1   15   1   1    1  200.508973 1.399854 202.058254 0.550663 202.724637 3.284555   6  
  35  4   15   2   0    7  206.506255 1.249977 207.872271 0.210883 208.205477 3.800989   6  
  36  2   15   2   1    7  212.503514 1.067790 213.719636 0.268981 214.102799 3.900949   6  
  37  3   15   3   1    6  218.500792 0.966843 219.600288 0.554052 220.283321 3.717698   6  
  38  1   15   2   0    5  224.498088 0.999944 225.647556 0.370425 226.147337 3.850976   6  
  39  4   15   4   1    8  230.495359 1.399957 232.011323 0.508513 232.644373 3.351205   6  
  40  4   15   2   0    7  236.492633 1.066895 237.675288 0.356240 238.158539 3.834319   6  
  41  1   15   3   0    5  242.506568 1.299934 243.922470 0.480993 244.522319 3.484446   6  
  42  2   15   2   1    7  248.503844 1.249803 249.869888 0.427536 250.419653 3.584358   6  
  43  1   15   4   0    6  254.501121 0.983350 255.617291 0.235755 255.967140 4.034131   6  
  44  2   15   2   1    7  260.498406 1.033601 261.664541 0.186758 261.981073 4.017459   6  
  45  1   15   3   0    6  266.495704 1.217940 267.828416 0.690213 268.644709 3.351084   6  
  46  4   15   4   1    8  272.492950 1.133492 273.742390 0.272773 274.142201 3.850831   6  
  47  2   15   4   0    7  278.490237 1.033459 279.639723 0.254114 280.022873 3.967415   6  
  48  4   15   4   1    8  284.504154 0.966884 285.587019 0.136207 285.836902 4.167493   6  
  49  2   15   2   1    8  290.501451 0.983419 291.600848 0.430285 292.150699 3.850975   6  
  50  2   15   4   0    7  296.515377 1.449906 298.081346 0.304077 298.514482 3.501136   6  
  51  2   15   2   1    7  302.512675 0.916819 303.578845 0.169322 303.862028 4.150876   6  
  52  2   15   2   1    7  308.509940 1.100239 309.726053 0.154272 309.992603 4.017566   6  
  53  1   15   2   0    7  314.507222 1.233699 315.906582 0.276158 316.306398 3.701054   6  
  54  4   15   4   1    7  320.504496 1.133402 321.753937 0.249996 322.120450 3.884273   6  
  55  4   15   2   0    6  326.501778 0.966759 327.584622 0.264620 327.967782 4.034231   6  
  56  3   15   2   0    6  332.499052 1.166696 333.781813 0.419811 334.331564 3.667715   6  
  57  2   15   2   1    6  338.496332 0.983326 339.629011 0.443283 340.195571 3.800990   6  
  58  3   15   2   0    2  344.493624 1.500768 346.109463 0.642577 346.875868 3.117967   6  
  59  1   15   2   0    6  350.507553 1.549786 352.173466 0.644876 352.939769 3.068006   6  
  60  4   15   4   1    8  356.504824 0.866895 357.487720 0.206437 357.820894 4.184144   6  
  61  2   15   2   1    3  362.502110 1.233359 363.868151 0.556918 364.551178 3.451103   6  
  62  2   15   2   1    7  368.499379 1.249890 369.865434 0.231332 370.215280 3.784269   6  
  63  2   15   4   0    6  374.496662 1.066748 375.679452 0.148182 375.946003 4.050800   6  
  64  4   15   4   1    7  380.493942 1.216797 381.826669 0.156385 382.109883 3.884168   6  
  65  4   15   4   1    6  386.491218 1.050144 387.657366 0.237406 388.023854 3.967447   6  
  66  4   15   4   1    7  392.488498 0.916847 393.521349 0.177129 393.821220 4.167347   6  
  67  3   15   3   1    7  398.502441 1.383254 400.001704 0.248167 400.368250 3.634418   6  
  68  1   15   4   0    8  404.516373 0.883320 405.515919 0.193837 405.832435 4.184163   6  
  69  3   15   3   1    7  410.513637 0.900114 411.529807 0.256045 411.912997 4.100866   6  
  70  2   15   2   1    8  416.510929 1.000182 417.627078 0.241269 417.993583 4.017560   6  
  71  4   15   4   1    8  422.508197 0.917383 423.541071 0.190902 423.857592 4.150839   6  
  72  2   15   2   1    7  428.505479 1.150264 429.771565 0.184308 430.071421 3.934280   6  
  73  2   15   4   0    7  434.502757 0.983358 435.602270 0.260465 435.985413 4.017570   6  
  74  1   15   1   1    2  440.500044 1.366422 441.999362 0.647555 442.765670 3.234596   6  
  75  3   15   4   0    6  446.497316 1.166734 447.780066 0.170091 448.079928 3.917607   6  
  76  3   15   1   0    7  452.494584 1.166785 453.777341 0.585736 454.493685 3.501131   6  
  77  1   15   1   1    8  458.508523 1.083463 459.707907 0.455220 460.291056 3.717703   6  
  78  1   15   3   0    7  464.505812 1.000100 465.621969 0.181026 465.921836 4.084195   6  
  79  1   15   3   0    7  470.503080 0.866984 471.485967 0.182590 471.785842 4.217463   6  
  80  4   15   4   1    7  476.500358 1.266968 477.883064 0.233790 478.232906 3.767648   6  
  81  3   15   3   1    7  482.497639 1.016628 483.630419 0.199055 483.946989 4.050812   6  
  82  3   15   3   1    7  488.494915 1.683632 490.294111 0.301733 490.710588 3.284485   6  
  83  3   15   2   0    3  494.492192 1.333340 495.941550 0.645645 496.707854 3.284476   6  
  84  3   15   2   0    3  500.489462 1.400018 502.005456 0.421320 502.555198 3.434376   6  
  85  3   15   3   1    7  506.486752 1.266477 507.869452 0.235415 508.219303 3.767524   6  
  86  3   15   3   1    7  512.500700 1.200000 513.833424 0.172575 514.133283 3.867470   6  
  87  1   15   4   0    7  518.514617 1.116688 519.747402 0.141909 520.013942 4.000914   6  
  88  2   15   2   1    8  524.511901 1.233322 525.861286 0.560565 526.544316 3.467821   6  
  89  4   15   4   1    8  530.509177 1.083444 531.725307 0.091176 531.941862 4.067548   6  
  90  4   15   2   0    8  536.506457 0.850320 537.489353 0.149581 537.755893 4.250791   6  
]; % This session completes at 27-Jul-2019 17:18:00, 544.004s after session start, 540s on 90 trials, totally 563.167s.

