%% MetaTwins_RDMsc_training for 'dulan': starting at _feedback (       49.0000000000).6-Jun-2019 16:29:04 for '7.375927e+05': starting at 
record = [
%  n coh dir resp isc ckey conf    osti    dsti oopt   rtime     oconf     ctime     oisi       isi       ofb       oiti       iti   total
   1  13  4    1   0    0    8    2.499033   0    0  1.483752   4.098302 1.166429   5.381067 0.999547   6.380614   7.380173 0.619085   6  
   2  13  3    4   0    0    8    8.496339   0    0  2.017156  10.628692 0.771861  11.528295 0.999544  12.527839  13.527380 1.469167   7  
   3  14  2    1   0    0    8   15.509814   0    0  2.366202  18.042005 0.843365  19.008232 0.999538  20.007770  21.007324 1.002705   7  
   4  14  2    1   0    0    8   22.506649   0    0  2.067330  24.689015 0.769894  25.571920 0.999546  26.571466  27.571009 1.435871   7  
   5  15  3    4   0    0    7   29.503463   0    0  1.399961  31.019455 1.192189  32.335530 0.999548  33.335078  34.334618 0.669087   6  
   6  15  4    4   1    0    8   35.500754   0    0  1.634077  37.249972 0.775381  38.149566 0.999549  39.149115  40.148654 0.852337   6  
   7  15  1    1   1    0    8   41.514702   0    0  1.983075  43.663735 0.650871  44.430067 0.999529  45.429596  46.429146 0.585781   6  
   8  14  2    2   1    0    8   47.511984   0    0  2.067547  49.694341 0.695159  50.510631 0.999552  51.510183  52.509726 0.502513   6  
   9  14  2    1   0    0    8   53.509266   0    0  2.349399  56.057984 0.667535  56.841095 0.999549  57.840644  58.840194 1.169293   7  
  10  14  1    1   1    0    8   60.489452   0    0  1.799846  62.421897 0.609256  63.154912 0.999540  64.154452  65.153987 0.835678   6  
  11  14  2    2   1    0    8   66.503376   0    0  2.482676  69.102234 0.607382  69.835211 0.999549  70.834760  71.834318 1.169181   7  
  12  13  3    1   0    0    8   73.500222   0    0  2.267191  75.882479 0.494849  76.498863 0.999547  77.498410  78.497948 0.502499   6  
  13  13  2    4   0    0    8   79.497498   0    0  2.299630  81.913062 0.529533  82.562783 0.999569  83.562352  84.561880 1.435784   7  
  14  14  2    1   0    0    3   86.494329   0    0  1.817775  88.476777 1.613958  90.209326 0.999522  91.208848  92.208408 0.786149   7  
  15  14  4    1   0    0    3   93.507820   0    0  2.249386  95.956726 1.919168  98.005796 0.999546  99.005342 100.004882 1.003166   8  
  16  15  1   -1   0    0    1  101.504193   0    0  0.000000 104.019733 0.122265 104.269610 0.999560 105.269170 106.268713 0.735713   6  
  17  15  1    3   0    0    3  107.501486   0    0  2.133846 109.750475 1.382686 111.249789 0.999545 112.249334 113.248879 0.752842   7  
  18  15  4   -1   0    0    1  114.498318   0    0  0.000000 117.013849 0.052509 117.180436 0.999542 118.179978 119.179534 0.819006   6  
  19  15  4    4   1    0    8  120.512271   0    0  2.000484 122.627965 1.091493 123.844091 0.999536 124.843627 125.843165 1.169319   7  
  20  15  3    1   0    0    3  127.509092   0    0  2.316634 129.974644 1.154086 131.240754 0.999522 132.240275 133.239842 0.769474   7  
  21  15  1    1   1    0    8  134.505920   0    0  1.699893 136.388414 1.158209 137.671154 0.999565 138.670720 139.670252 1.335904   7  
  22  15  3    2   0    0    5  141.502760   0    0  2.016352 143.635115 1.142378 144.901220 0.999539 145.900759 146.900318 1.102650   7  
  23  15  2    1   0    0    6  148.499587   0    0  2.184012 150.831878 1.146957 152.097960 0.999550 153.097510 154.097043 0.902740   7  
  24  16  2    4   0    0    3  155.496401   0    0  2.116344 157.728734 1.664435 159.511264 0.999552 160.510816 161.510366 1.486148   8  
  25  16  4    1   0    0    2  163.492793   0    0  2.449360 166.058302 1.613857 167.790847 0.999594 168.790441 169.789956 1.202983   8  
  26  18  3    3   1    0    8  171.505834   0    0  1.983048 173.621473 0.952902 174.687715 0.999578 175.687293 176.686817 1.319250   7  
  27  18  4    4   1    0    8  178.502726   0    0  1.284253 179.902039 0.953072 180.968219 0.999546 181.967765 182.967311 1.035599   6  
  28  16  1    1   1    0    8  184.499948   0    0  1.016740 185.632767 0.821491 186.582331 0.999553 187.581883 188.581447 1.418729   6  
  29  16  2    2   1    0    8  190.497238   0    0  2.067477 192.696235 0.528873 193.345945 0.999552 194.345498 195.345032 0.652445   6  
  30  14  3    2   0    0    8  196.494519   0    0  2.282847 198.910121 0.586881 199.609789 0.999534 200.609322 201.608872 1.385880   7  
  31  14  1    1   1    0    6  203.508004   0    0  1.451840 205.123952 1.402823 206.639925 0.999551 207.639475 208.639007 1.369232   7  
  32  14  3    3   1    0    3  210.504834   0    0  2.449377 213.087011 1.625583 214.836211 0.999559 215.835770 216.835303 1.169768   8  
  33  13  3    2   0    0    8  218.501222   0    0  2.266285 220.883474 1.031373 222.032948 0.999575 223.032523 224.032055 0.969391   7  
  34  13  4    2   0    0    6  225.514717   0    0  2.267040 227.930283 1.329866 229.379630 0.999532 230.379161 231.378721 0.636204   7  
  35  14  2    1   0    0    6  232.511536   0    0  2.032870 234.677239 0.796007 235.593491 0.999534 236.593025 237.592576 1.419183   7  
  36  14  4   -1   0    0    3  239.491717   0    0  0.000000 242.007243 0.091602 242.223812 0.999561 243.223374 244.222895 0.769008   6  
  37  14  4    2   0    0    6  245.488984   0    0  2.499532 248.121170 0.636739 248.870790 0.999558 249.870348 250.869906 1.119176   7  
  38  15  3    3   1    0    8  252.502491   0    0  1.434332 254.051787 0.620191 254.784780 0.999551 255.784331 256.783882 1.218838   6  
  39  15  2    2   1    0    6  258.499759   0    0  1.599878 260.215649 1.367486 261.698325 0.999561 262.697886 263.697415 1.302512   7  
  40  14  1    1   1    0    8  265.496592   0    0  1.166686 266.779369 0.452861 267.345763 0.999545 268.345308 269.344922 0.651911   5  
  41  14  2    2   1    0    8  270.494350   0    0  0.884827 271.543877 0.390844 272.060301 0.999546 273.059847 274.059383 0.935184   5  
  42  13  3    3   1    0    8  275.492072   0    0  1.582984 277.191305 0.506221 277.824363 0.999537 278.823900 279.823450 1.168843   6  
  43  13  4    2   0    0    3  281.506014   0    0  2.017219 283.705031 1.544369 285.370944 0.999533 286.370478 287.370025 0.636218   7  
  44  13  4    4   1    0    6  288.502848   0    0  1.449944 290.068812 1.054901 291.251599 0.999571 292.251170 293.250696 0.752367   6  
  45  13  1    1   1    0    5  294.500135   0    0  1.717711 296.382611 1.024896 297.532096 0.999543 298.531639 299.531185 1.469172   7  
  46  12  3    3   1    0    7  301.496968   0    0  1.266672 302.896341 1.124998 304.145762 0.999553 305.145315 306.144868 0.852314   6  
  47  12  1    1   1    0    6  307.510905   0    0  2.017201 309.643282 0.749346 310.509551 0.999554 311.509104 312.508634 0.502498   6  
  48  11  1    2   0    0    6  313.508191   0    0  1.832853 315.507296 0.693238 316.323578 0.999570 317.323148 318.322690 0.685734   6  
  49  11  3    3   1    0    7  319.505490   0    0  1.584009 321.204704 1.194699 322.520786 0.999544 323.520330 324.519862 1.485844   7  
  50  11  3    3   1    0    7  326.485650   0    0  1.016943 327.635128 0.994053 328.751286 0.999553 329.750838 330.750384 1.235299   6  
  51  10  1    1   1    0    6  332.499599   0    0  1.467473 334.082213 0.792675 334.998464 0.999551 335.998015 336.997538 1.002258   6  
  52  10  4    4   1    0    8  338.496884   0    0  1.150168 339.762966 0.641647 340.529279 0.999553 341.528832 342.528387 1.468586   6  
  53   9  1    4   0    0    8  344.494168   0    0  2.101186 346.726479 0.616218 347.459492 0.999537 348.459029 349.458569 0.535829   6  
  54   9  1    1   1    0    6  350.491436   0    0  1.816360 352.490545 0.974370 353.590053 0.999536 354.589589 355.589140 1.402458   7  
  55   9  3    4   0    0    7  357.504929   0    0  2.132976 359.753910 0.787405 360.670165 0.999552 361.669717 362.669269 1.335898   7  
  56   9  4    3   0    0    8  364.501770   0    0  1.983137 366.600821 0.571762 367.300500 0.999546 368.300046 369.299590 0.702402   6  
  57  10  2    1   0    0    6  370.499048   0    0  2.099609 372.731383 0.777430 373.630956 0.999548 374.630504 375.630061 1.369209   7  
  58  10  1    1   1    0    5  377.495890   0    0  2.117180 379.728204 1.612855 381.460755 0.999539 382.460294 383.459839 0.536265   7  
  59  10  2    2   1    0    6  384.509365   0    0  1.699779 386.358532 1.374705 387.857849 0.999553 388.857402 389.856952 1.152639   7  
  60   9  4    2   0    0    6  391.506196   0    0  2.083000 393.721757 0.790213 394.638107 0.999559 395.637666 396.637219 1.369216   7  
]; % This session completes at 16-Jun-2019 16:35:52, 400.004s after session start, 396s on 60 trials, totally 408.827s, correctness is 48.333%.

