%% MetaTwins_RDMsc_training for 'diaotuo': starting at _feedback (       49.0000000000).3-Apr-2019 11:31:56 for '7.375285e+05': starting at 
record = [
%  n coh dir resp isc ckey conf    osti    dsti oopt   rtime     oconf     ctime     oisi       isi       ofb       oiti       iti   total
   1  50  2    2   1    0    7    2.498908   0    0  1.350333   3.964909 0.620581   4.714582 0.999539   5.714120   6.713665 1.285465   6  
   2  50  1    1   1    0    7    8.496196   0    0  1.533149  10.162100 0.737644  11.028376 0.999552  12.027928  13.027473 0.968902   6  
   3  45  4    4   1    0    7   14.493478   0    0  1.333364  15.942820 0.668450  16.725795 0.999540  17.725336  18.724885 1.268737   6  
   4  45  1    1   1    0    8   20.490769   0    0  1.166665  21.773518 0.523044  22.423203 0.999546  23.422749  24.422299 0.568580   5  
   5  40  1    1   1    0    8   25.488478   0    0  1.216770  26.821216 0.446117  27.387646 0.999530  28.387176  29.386715 0.601866   5  
   6  40  3    3   1    0    8   30.486220   0    0  1.566328  32.168788 0.594586  32.885129 0.999548  33.884677  34.884223 1.102083   6  
   7  36  2    2   1    0    8   36.516816   0    0  1.316410  37.949510 0.553901  38.615863 0.999545  39.615407  40.614954 1.402097   6  
   8  36  3    3   1    0    8   42.514099   0    0  1.333338  43.963440 0.660725  44.746424 0.999539  45.745964  46.745513 1.268807   6  
   9  32  4    4   1    0    8   48.511378   0    0  1.283239  49.910745 0.395833  50.427172 0.999544  51.426715  52.426261 0.585338   5  
  10  32  4    4   1    0    8   53.509121   0    0  1.200058  54.825180 0.350390  55.291651 0.999524  56.291175  57.290743 0.718592   5  
  11  28  2    2   1    0    8   58.506839   0    0  1.699828  60.322690 0.324164  60.772487 0.999542  61.772029  62.771577 1.235506   6  
  12  28  3    4   0    0    8   64.504121   0    0  1.683151  66.303320 0.263928  66.686474 0.999543  67.686017  68.685562 1.318792   6  
  13  28  3    2   0    0   -1   70.501411   0    0  1.383203  72.000733 0.000000  74.016479 0.999558  75.016038  76.015568 0.986076   7  
  14  28  1    1   1    0    6   77.498237   0    0  1.549860  79.164146 1.661315  80.946666 0.999552  81.946219  82.945771 1.052684   7  
  15  28  3    3   1    0   -1   84.495068   0    0  1.366546  85.977732 0.000000  87.976765 0.999606  88.976371  89.975918 1.019379   7  
  16  28  4    4   1    0    3   91.491889   0    0  1.266710  92.874596 0.849896  93.840826 0.999553  94.840379  95.839915 1.152196   6  
  17  25  1    1   1    0    1   97.505830   0    0  1.483160  99.121767 1.116480 100.354535 0.999551 101.354086 102.353634 0.652372   6  
  18  25  3    1   0    0    2  103.503119   0    0  1.316619 104.952427 1.035725 106.101928 0.999556 107.101483 108.101027 0.902231   6  
  19  25  2    2   1    0    3  109.500392   0    0  1.649658 111.282919 0.797093 112.199165 0.999536 113.198701 114.198267 0.802247   6  
  20  25  3    1   0    0    3  115.497673   0    0  2.299558 117.913245 0.763541 118.796173 0.999540 119.795714 120.795273 1.202481   7  
  21  25  1    1   1    0    2  122.511156   0    0  1.666451 124.293679 0.943931 125.359862 0.999542 126.359404 127.358960 0.652427   6  
  22  25  1    1   1    0    6  128.508436   0    0  1.050259 129.674495 0.612078 130.407574 0.999548 131.407122 132.406659 0.602008   5  
  23  22  2    2   1    0    7  133.506171   0    0  0.966724 134.589013 0.634358 135.338683 0.999539 136.338222 137.337762 0.668632   5  
  24  22  1    1   1    0    7  138.503911   0    0  1.083304 139.703369 0.692831 140.519656 0.999555 141.519210 142.518749 1.485377   6  
  25  19  2    2   1    0    8  144.501183   0    0  1.033245 145.650667 0.283175 146.050480 0.999551 147.050032 148.049578 0.951834   5  
  26  19  2    2   1    0    8  149.498908   0    0  0.983418 150.598416 0.291444 151.014897 0.999548 152.014445 153.014003 0.985137   5  
  27  17  4    4   1    0    8  154.496657   0    0  1.300134 155.912679 0.265622 156.295828 0.999557 157.295385 158.294926 0.701963   5  
  28  17  2    4   0    0    8  159.494384   0    0  1.599792 161.243603 0.215875 161.576776 0.999530 162.576306 163.575891 1.418722   6  
  29  17  1    4   0    0    5  165.508327   0    0  1.083455 166.724450 1.457366 168.307055 0.999562 169.306617 170.306150 0.702403   6  
  30  19  1    1   1    0    7  171.505600   0    0  1.233332 172.854999 1.296019 174.271021 0.999531 175.270552 176.270118 0.735714   6  
  31  19  2    4   0    0    3  177.502890   0    0  1.949807 179.568624 1.296623 180.984635 0.999548 181.984183 182.983727 1.019380   7  
  32  19  3    4   0    0    2  184.499715   0    0  1.883077 186.532132 1.115925 187.764895 0.999560 188.764454 189.763997 1.235891   7  
  33  21  3    1   0    0    1  191.496545   0    0  2.415991 194.045393 1.390549 195.561367 0.999543 196.560910 197.560452 1.436228   8  
  34  21  3    4   0    0    1  199.492917   0    0  2.482791 202.274973 1.338136 203.740970 0.999571 204.740541 205.740083 1.252920   8  
  35  24  2    2   1    0    6  207.489294   0    0  1.216497 208.822012 0.720245 209.654972 0.999549 210.654521 211.654067 1.335288   6  
  36  24  4    4   1    0    7  213.503222   0    0  1.266659 214.885930 0.390319 215.402366 0.999559 216.401926 217.401465 0.601996   5  
  37  21  4    4   1    0    7  218.500958   0    0  0.916898 219.533798 0.472316 220.133551 0.999553 221.133105 222.132657 0.868534   5  
  38  21  4    4   1    0    8  223.498686   0    0  0.900110 224.548218 0.203593 224.864751 0.999537 225.864288 226.863830 1.135095   5  
  39  18  2    2   1    0    7  228.513094   0    0  1.449903 230.079044 1.464658 231.661660 0.999555 232.661214 233.660748 1.352562   7  
  40  18  4    4   1    0    6  235.509915   0    0  1.216592 236.859309 1.582696 238.558533 0.999547 239.558081 240.557630 1.452517   7  
  41  16  1    2   0    0    3  242.506744   0    0  1.583061 244.205976 1.886037 246.204984 0.999621 247.204604 248.204160 0.802818   7  
  42  16  4    2   0    0    2  249.503562   0    0  2.332830 251.952455 0.916805 252.985324 0.999549 253.984872 254.984415 1.019406   7  
  43  18  1    3   0    0    1  256.500399   0    0  1.799747 258.432860 0.947336 259.499039 0.999546 260.498584 261.498127 0.502503   6  
  44  18  4    3   0    0    1  262.497672   0    0  1.983018 264.630043 0.959549 265.712892 0.999540 266.712432 267.711981 1.285914   7  
  45  20  4    3   0    0    1  269.494514   0    0  1.932746 271.610220 1.365505 273.092879 0.999532 274.092412 275.091957 0.902723   7  
  46  20  3    3   1    0    1  276.491354   0    0  2.232801 278.840262 1.571062 280.539489 0.999551 281.539040 282.538591 1.452901   8  
  47  20  1    1   1    0   -1  284.487700   0    0  1.766486 286.370188 0.000000 288.369223 0.999595 289.368818 290.368367 0.619445   7  
  48  20  1    1   1    0    3  291.501189   0    0  1.366527 292.983834 0.908916 294.016722 0.999542 295.016264 296.015815 0.985450   6  
  49  18  4    1   0    0    7  297.515129   0    0  1.616346 299.247679 1.303730 300.680369 0.999531 301.679900 302.679451 1.335906   7  
  50  18  3    2   0    0    3  304.511951   0    0  1.916226 306.577692 0.892841 307.577239 0.999542 308.576781 309.576333 1.435852   7  
  51  20  2    2   1    0    2  311.508790   0    0  2.150389 313.791027 1.202823 315.107149 0.999549 316.106698 317.106247 0.902767   7  
  52  20  2    2   1    0    3  318.505614   0    0  2.133000 320.787919 1.278599 322.187276 0.999557 323.186833 324.186366 0.819476   7  
  53  18  3    3   1    0    3  325.502439   0    0  2.232853 327.851293 0.899291 328.867581 0.999533 329.867115 330.866672 1.135994   7  
  54  18  4    3   0    0    2  332.499266   0    0  1.966345 334.581661 1.347679 336.047663 0.999531 337.047195 338.046753 0.952744   7  
  55  18  1    2   0    0    1  339.496097   0    0  1.982931 341.628467 1.057373 342.811254 0.999556 343.810810 344.810349 1.185969   7  
  56  20  2    1   0    0    1  346.492914   0    0  2.032821 348.641939 1.137896 349.908041 0.999552 350.907593 351.907126 1.086015   7  
  57  20  2    2   1    0    7  353.506406   0    0  1.183229 354.805820 0.410823 355.338912 0.999550 356.338462 357.337998 0.668615   5  
  58  20  3    3   1    0    8  358.504134   0    0  2.416224 361.036331 0.918132 362.069192 0.999538 363.068730 364.068279 0.936028   7  
  59  18  4    3   0    0    6  365.500966   0    0  2.382932 367.999828 1.212349 369.332590 0.999519 370.332109 371.331654 0.669450   7  
  60  18  3    3   1    0    1  372.497789   0    0  2.416024 375.029933 1.009688 376.162801 0.999543 377.162344 378.161898 0.836000   7  
]; % This session completes at 13-Apr-2019 11:38:31, 383.264s after session start, 377s on 60 trials, totally 395.277s, correctness is 65.000%.

