[2019-01-13 16:37:50.026] Calling `MetaTwins_RDMsc_training` for `wangsiqi` at 13-Jan-2019 16:37:50(737438.6929400463).
[2019-01-13 16:37:56.999] Initial coherence is 90 .
                          Running MetaTwins_RDMsc_training('wangsiqi', 1, [2019-01-13 16:37:57.040] Session 1 has 60 trials, requires 454s, 7.5s per trial.
[2019-01-13 16:37:58.032] Trying to open PTB window...
[easyPTB Info] Using 14.0 inch screen with PPI=157.8


PTB-INFO: This is Psychtoolbox-3 for Microsoft Windows, under Matlab 64-Bit (Version 3.0.14 - Build date: Oct  3 2017).
PTB-INFO: Support status on this operating system release: Windows version 10.0 supported and tested to some limited degree.
PTB-INFO: Type 'PsychtoolboxVersion' for more detailed version information.
PTB-INFO: Most parts of the Psychtoolbox distribution are licensed to you under terms of the MIT License, with
PTB-INFO: some restrictions. See file 'License.txt' in the Psychtoolbox root folder for the exact licensing conditions.

PTB-INFO: The detected endline of the vertical blank interval is equal or lower than the startline. This indicates
PTB-INFO: that i couldn't detect the duration of the vertical blank interval and won't be able to correct timestamps
PTB-INFO: for it. This will introduce a very small and constant offset (typically << 1 msec). Read 'help BeampositionQueries'
PTB-INFO: for how to correct this, should you really require that last few microseconds of precision.
PTB-INFO: Btw. this can also mean that your systems beamposition queries are slightly broken. It may help timing precision to
PTB-INFO: enable the beamposition workaround, as explained in 'help ConserveVRAMSettings', section 'kPsychUseBeampositionQueryWorkaround'.


PTB-INFO: OpenGL-Renderer is NVIDIA Corporation :: GeForce 940MX/PCIe/SSE2 :: 4.6.0 NVIDIA 391.25
PTB-INFO: VBL startline = 1080 , VBL Endline = 1080
PTB-INFO: Measured monitor refresh interval from beamposition = 16.658824 ms [60.028245 Hz].
PTB-INFO: Will use beamposition query for accurate Flip time stamping.
PTB-INFO: Measured monitor refresh interval from VBLsync = 16.662812 ms [60.013880 Hz]. (50 valid samples taken, stddev=0.166099 ms.)
PTB-INFO: Reported monitor refresh interval from operating system = 16.666667 ms [60.000000 Hz].
PTB-INFO: Small deviations between reported values are normal and no reason to worry.
PTB-INFO: Anti-Aliasing with 8 samples per pixel enabled.
PTB-INFO: ==============================================================================================================================
PTB-INFO: WINDOWS DWM DESKTOP COMPOSITOR IS ACTIVE. On this Windows-10 or later system, Psychtoolbox can no longer reliably detect if
PTB-INFO: this will cause trouble for timing and integrity of visual stimuli or not. You might be just fine, or you could be in trouble.
PTB-INFO: Use external measurement equipment and independent procedures to verify reliability of timing if you care about proper timing.
PTB-INFO: ==============================================================================================================================
[2019-01-13 16:38:00.768] PTB window opened.
[2019-01-13 16:38:00.948] Preparation slide displayed.
[2019-01-13 16:38:09.612] fMRI trigger recieved. 0 secs before recording, 2 secs before task.
                          time stamp 271491.0927753590, Flip delay: 0.0168262425.
[2019-01-13 16:43:23.596] 60 trials finished in 312s.
         icoh: 90
      session: 1
      lastcoh: 12
    recentcoh: 13.2000
[2019-01-13 16:43:28.945] This session completes at 13-Jan-2019 16:43:25, 316.008s after session start, 312s on 60 trials, totally 335.582s, correctness is 75.000%.


corr_isc_conf: -0.0329

AUC: 0.4778
[2019-01-13 16:43:29.346] MetaTwins_RDMsc_training ends at 13-Jan-2019 16:43:29(737438.6968674306), totally 5min39.326s passed.



[2019-01-13 16:44:53.586] Calling `MetaTwins_RDMsc_training` for `wangsiqi` at 13-Jan-2019 16:44:53(737438.6978423959).
                          Running MetaTwins_RDMsc_training('wangsiqi', 2, [2019-01-13 16:44:53.617] Session 2 has 60 trials, requires 454s, 7.5s per trial.
[2019-01-13 16:44:54.608] Trying to open PTB window...
[easyPTB Info] Using 14.0 inch screen with PPI=157.8


PTB-INFO: This is Psychtoolbox-3 for Microsoft Windows, under Matlab 64-Bit (Version 3.0.14 - Build date: Oct  3 2017).
PTB-INFO: Support status on this operating system release: Windows version 10.0 supported and tested to some limited degree.
PTB-INFO: Type 'PsychtoolboxVersion' for more detailed version information.
PTB-INFO: Most parts of the Psychtoolbox distribution are licensed to you under terms of the MIT License, with
PTB-INFO: some restrictions. See file 'License.txt' in the Psychtoolbox root folder for the exact licensing conditions.

PTB-INFO: The detected endline of the vertical blank interval is equal or lower than the startline. This indicates
PTB-INFO: that i couldn't detect the duration of the vertical blank interval and won't be able to correct timestamps
PTB-INFO: for it. This will introduce a very small and constant offset (typically << 1 msec). Read 'help BeampositionQueries'
PTB-INFO: for how to correct this, should you really require that last few microseconds of precision.
PTB-INFO: Btw. this can also mean that your systems beamposition queries are slightly broken. It may help timing precision to
PTB-INFO: enable the beamposition workaround, as explained in 'help ConserveVRAMSettings', section 'kPsychUseBeampositionQueryWorkaround'.


PTB-INFO: OpenGL-Renderer is NVIDIA Corporation :: GeForce 940MX/PCIe/SSE2 :: 4.6.0 NVIDIA 391.25
PTB-INFO: VBL startline = 1080 , VBL Endline = 1080
PTB-INFO: Measured monitor refresh interval from beamposition = 16.658873 ms [60.028069 Hz].
PTB-INFO: Will use beamposition query for accurate Flip time stamping.
PTB-INFO: Measured monitor refresh interval from VBLsync = 16.666038 ms [60.002263 Hz]. (50 valid samples taken, stddev=0.150596 ms.)
PTB-INFO: Reported monitor refresh interval from operating system = 16.666667 ms [60.000000 Hz].
PTB-INFO: Small deviations between reported values are normal and no reason to worry.
PTB-INFO: Anti-Aliasing with 8 samples per pixel enabled.
PTB-INFO: ==============================================================================================================================
PTB-INFO: WINDOWS DWM DESKTOP COMPOSITOR IS ACTIVE. On this Windows-10 or later system, Psychtoolbox can no longer reliably detect if
PTB-INFO: this will cause trouble for timing and integrity of visual stimuli or not. You might be just fine, or you could be in trouble.
PTB-INFO: Use external measurement equipment and independent procedures to verify reliability of timing if you care about proper timing.
PTB-INFO: ==============================================================================================================================
[2019-01-13 16:44:57.645] PTB window opened.
[2019-01-13 16:44:57.775] Preparation slide displayed.
[2019-01-13 16:45:12.736] fMRI trigger recieved. 0 secs before recording, 2 secs before task.
                          time stamp 271914.2173994639, Flip delay: 0.0169289851.
[2019-01-13 16:50:21.719] 60 trials finished in 307s.
         icoh: 90
      session: 2
      lastcoh: 15
    recentcoh: 14.5000
[2019-01-13 16:50:26.068] This session completes at 13-Jan-2019 16:50:23, 311.004s after session start, 307s on 60 trials, totally 330.139s, correctness is 45.000%.


corr_isc_conf: 0.1575

AUC: 0.6240
[2019-01-13 16:50:26.117] MetaTwins_RDMsc_training ends at 13-Jan-2019 16:50:26(737438.7016911574), totally 5min32.533s passed.



[2019-01-13 16:51:47.483] Calling `MetaTwins_RDMsc_training` for `wangsiqi` at 13-Jan-2019 16:51:47(737438.7026328704).
[2019-01-13 16:51:55.696] Initial coherence is 25 .
                          Running MetaTwins_RDMsc_training('wangsiqi', 1, [2019-01-13 16:51:55.712] Session 1 has 60 trials, requires 334s, 5.5s per trial.
[2019-01-13 16:51:56.706] Trying to open PTB window...
[easyPTB Info] Using 14.0 inch screen with PPI=157.8


PTB-INFO: This is Psychtoolbox-3 for Microsoft Windows, under Matlab 64-Bit (Version 3.0.14 - Build date: Oct  3 2017).
PTB-INFO: Support status on this operating system release: Windows version 10.0 supported and tested to some limited degree.
PTB-INFO: Type 'PsychtoolboxVersion' for more detailed version information.
PTB-INFO: Most parts of the Psychtoolbox distribution are licensed to you under terms of the MIT License, with
PTB-INFO: some restrictions. See file 'License.txt' in the Psychtoolbox root folder for the exact licensing conditions.

PTB-INFO: The detected endline of the vertical blank interval is equal or lower than the startline. This indicates
PTB-INFO: that i couldn't detect the duration of the vertical blank interval and won't be able to correct timestamps
PTB-INFO: for it. This will introduce a very small and constant offset (typically << 1 msec). Read 'help BeampositionQueries'
PTB-INFO: for how to correct this, should you really require that last few microseconds of precision.
PTB-INFO: Btw. this can also mean that your systems beamposition queries are slightly broken. It may help timing precision to
PTB-INFO: enable the beamposition workaround, as explained in 'help ConserveVRAMSettings', section 'kPsychUseBeampositionQueryWorkaround'.


PTB-INFO: OpenGL-Renderer is NVIDIA Corporation :: GeForce 940MX/PCIe/SSE2 :: 4.6.0 NVIDIA 391.25
PTB-INFO: VBL startline = 1080 , VBL Endline = 1080
PTB-INFO: Measured monitor refresh interval from beamposition = 16.658847 ms [60.028164 Hz].
PTB-INFO: Will use beamposition query for accurate Flip time stamping.
PTB-INFO: Measured monitor refresh interval from VBLsync = 16.659886 ms [60.024420 Hz]. (50 valid samples taken, stddev=0.152151 ms.)
PTB-INFO: Reported monitor refresh interval from operating system = 16.666667 ms [60.000000 Hz].
PTB-INFO: Small deviations between reported values are normal and no reason to worry.
PTB-INFO: Anti-Aliasing with 8 samples per pixel enabled.
PTB-INFO: ==============================================================================================================================
PTB-INFO: WINDOWS DWM DESKTOP COMPOSITOR IS ACTIVE. On this Windows-10 or later system, Psychtoolbox can no longer reliably detect if
PTB-INFO: this will cause trouble for timing and integrity of visual stimuli or not. You might be just fine, or you could be in trouble.
PTB-INFO: Use external measurement equipment and independent procedures to verify reliability of timing if you care about proper timing.
PTB-INFO: ==============================================================================================================================
[2019-01-13 16:51:59.420] PTB window opened.
[2019-01-13 16:51:59.551] Preparation slide displayed.
[2019-01-13 16:52:02.066] fMRI trigger recieved. 0 secs before recording, 2 secs before task.
                          time stamp 272323.5485801922, Flip delay: 0.0166950041.
[2019-01-13 16:55:15.050] 60 trials finished in 191s.
         icoh: 25
      session: 1
      lastcoh: 22
    recentcoh: 19
[2019-01-13 16:55:19.398] This session completes at 13-Jan-2019 16:55:17, 195.004s after session start, 191s on 60 trials, totally 209.573s, correctness is 48.333%.


corr_isc_conf: 0.4368

AUC: 0.6753
[2019-01-13 16:55:19.535] MetaTwins_RDMsc_training ends at 13-Jan-2019 16:55:19(737438.7050871991), totally 3min32.054s passed.



[2019-01-13 16:57:03.249] Calling `MetaTwins_RDMsc_training` for `wangsiqi` at 13-Jan-2019 16:57:03(737438.7062875695).
                          Running MetaTwins_RDMsc_training('wangsiqi', 3, [2019-01-13 16:57:03.270] Session 3 has 60 trials, requires 454s, 7.5s per trial.
[2019-01-13 16:57:04.267] Trying to open PTB window...
[easyPTB Info] Using 14.0 inch screen with PPI=157.8


PTB-INFO: This is Psychtoolbox-3 for Microsoft Windows, under Matlab 64-Bit (Version 3.0.14 - Build date: Oct  3 2017).
PTB-INFO: Support status on this operating system release: Windows version 10.0 supported and tested to some limited degree.
PTB-INFO: Type 'PsychtoolboxVersion' for more detailed version information.
PTB-INFO: Most parts of the Psychtoolbox distribution are licensed to you under terms of the MIT License, with
PTB-INFO: some restrictions. See file 'License.txt' in the Psychtoolbox root folder for the exact licensing conditions.

PTB-INFO: The detected endline of the vertical blank interval is equal or lower than the startline. This indicates
PTB-INFO: that i couldn't detect the duration of the vertical blank interval and won't be able to correct timestamps
PTB-INFO: for it. This will introduce a very small and constant offset (typically << 1 msec). Read 'help BeampositionQueries'
PTB-INFO: for how to correct this, should you really require that last few microseconds of precision.
PTB-INFO: Btw. this can also mean that your systems beamposition queries are slightly broken. It may help timing precision to
PTB-INFO: enable the beamposition workaround, as explained in 'help ConserveVRAMSettings', section 'kPsychUseBeampositionQueryWorkaround'.


PTB-INFO: OpenGL-Renderer is NVIDIA Corporation :: GeForce 940MX/PCIe/SSE2 :: 4.6.0 NVIDIA 391.25
PTB-INFO: VBL startline = 1080 , VBL Endline = 1080
PTB-INFO: Measured monitor refresh interval from beamposition = 16.658790 ms [60.028370 Hz].
PTB-INFO: Will use beamposition query for accurate Flip time stamping.
PTB-INFO: Measured monitor refresh interval from VBLsync = 16.661272 ms [60.019427 Hz]. (50 valid samples taken, stddev=0.126063 ms.)
PTB-INFO: Reported monitor refresh interval from operating system = 16.666667 ms [60.000000 Hz].
PTB-INFO: Small deviations between reported values are normal and no reason to worry.
PTB-INFO: Anti-Aliasing with 8 samples per pixel enabled.
PTB-INFO: ==============================================================================================================================
PTB-INFO: WINDOWS DWM DESKTOP COMPOSITOR IS ACTIVE. On this Windows-10 or later system, Psychtoolbox can no longer reliably detect if
PTB-INFO: this will cause trouble for timing and integrity of visual stimuli or not. You might be just fine, or you could be in trouble.
PTB-INFO: Use external measurement equipment and independent procedures to verify reliability of timing if you care about proper timing.
PTB-INFO: ==============================================================================================================================
[2019-01-13 16:57:07.264] PTB window opened.
[2019-01-13 16:57:07.394] Preparation slide displayed.
[2019-01-13 16:57:53.540] fMRI trigger recieved. 0 secs before recording, 2 secs before task.
                          time stamp 272675.0223176968, Flip delay: 0.0168587406.
[2019-01-13 17:03:10.523] 60 trials finished in 315s.
         icoh: 90
      session: 3
      lastcoh: 8
    recentcoh: 10.8000
[2019-01-13 17:03:14.869] This session completes at 13-Jan-2019 17:03:12, 319.003s after session start, 315s on 60 trials, totally 369.28s, correctness is 58.333%.


corr_isc_conf: 0.1493

AUC: 0.5874
[2019-01-13 17:03:14.915] MetaTwins_RDMsc_training ends at 13-Jan-2019 17:03:14(737438.7105892825), totally 6min11.668s passed.



[2019-01-13 17:05:04.673] Calling `MetaTwins_RDMsc_training` for `wangsiqi` at 13-Jan-2019 17:05:04(737438.7118596064).
                          Running MetaTwins_RDMsc_training('wangsiqi', 2, [2019-01-13 17:05:04.693] Session 2 has 60 trials, requires 334s, 5.5s per trial.
[2019-01-13 17:05:05.687] Trying to open PTB window...
[easyPTB Info] Using 14.0 inch screen with PPI=157.8


PTB-INFO: This is Psychtoolbox-3 for Microsoft Windows, under Matlab 64-Bit (Version 3.0.14 - Build date: Oct  3 2017).
PTB-INFO: Support status on this operating system release: Windows version 10.0 supported and tested to some limited degree.
PTB-INFO: Type 'PsychtoolboxVersion' for more detailed version information.
PTB-INFO: Most parts of the Psychtoolbox distribution are licensed to you under terms of the MIT License, with
PTB-INFO: some restrictions. See file 'License.txt' in the Psychtoolbox root folder for the exact licensing conditions.

PTB-INFO: The detected endline of the vertical blank interval is equal or lower than the startline. This indicates
PTB-INFO: that i couldn't detect the duration of the vertical blank interval and won't be able to correct timestamps
PTB-INFO: for it. This will introduce a very small and constant offset (typically << 1 msec). Read 'help BeampositionQueries'
PTB-INFO: for how to correct this, should you really require that last few microseconds of precision.
PTB-INFO: Btw. this can also mean that your systems beamposition queries are slightly broken. It may help timing precision to
PTB-INFO: enable the beamposition workaround, as explained in 'help ConserveVRAMSettings', section 'kPsychUseBeampositionQueryWorkaround'.


PTB-INFO: OpenGL-Renderer is NVIDIA Corporation :: GeForce 940MX/PCIe/SSE2 :: 4.6.0 NVIDIA 391.25
PTB-INFO: VBL startline = 1080 , VBL Endline = 1080
PTB-INFO: Measured monitor refresh interval from beamposition = 16.658829 ms [60.028230 Hz].
PTB-INFO: Will use beamposition query for accurate Flip time stamping.
PTB-INFO: Measured monitor refresh interval from VBLsync = 16.660678 ms [60.021567 Hz]. (50 valid samples taken, stddev=0.137142 ms.)
PTB-INFO: Reported monitor refresh interval from operating system = 16.666667 ms [60.000000 Hz].
PTB-INFO: Small deviations between reported values are normal and no reason to worry.
PTB-INFO: Anti-Aliasing with 8 samples per pixel enabled.
PTB-INFO: ==============================================================================================================================
PTB-INFO: WINDOWS DWM DESKTOP COMPOSITOR IS ACTIVE. On this Windows-10 or later system, Psychtoolbox can no longer reliably detect if
PTB-INFO: this will cause trouble for timing and integrity of visual stimuli or not. You might be just fine, or you could be in trouble.
PTB-INFO: Use external measurement equipment and independent procedures to verify reliability of timing if you care about proper timing.
PTB-INFO: ==============================================================================================================================
[2019-01-13 17:05:08.745] PTB window opened.
[2019-01-13 17:05:08.876] Preparation slide displayed.
[2019-01-13 17:05:12.241] fMRI trigger recieved. 0 secs before recording, 2 secs before task.
                          time stamp 273113.7234737316, Flip delay: 0.0166693780.
[2019-01-13 17:08:35.224] 60 trials finished in 201s.
         icoh: 25
      session: 2
      lastcoh: 12
    recentcoh: 10.9000
[2019-01-13 17:08:39.571] This session completes at 13-Jan-2019 17:08:37, 205.003s after session start, 201s on 60 trials, totally 212.557s, correctness is 58.333%.


corr_isc_conf: 0.4591

AUC: 0.7405
[2019-01-13 17:08:39.618] MetaTwins_RDMsc_training ends at 13-Jan-2019 17:08:39(737438.7143474305), totally 3min34.948s passed.



