%% MetaTwins_RDMsc_training for 'wangyiran': starting at _nofeedback (       50.0000000000).7-Jul-2019 11:19:31 for '7.376335e+05': starting at 
record = [
%  n coh dir resp isc ckey conf    osti    dsti oopt   rtime     oconf     ctime     oisi    isi ofb    oiti       iti   total
   1  20  1    1   1    0    8    2.498394   0    0  1.216411   3.864192 1.293882   5.263303  0   0    5.263303 0.735417   4  
   2  20  3    3   1    0    6    6.495864   0    0  1.049824   7.678352 0.778304   8.561220  0   0    8.561220 1.434939   4  
   3  18  3    3   1    0    7   10.493319   0    0  1.715909  12.325474 0.357690  12.791856  0   0   12.791856 1.201737   4  
   4  18  1    1   1    0    7   14.490766   0    0  0.799942  15.406851 1.391834  16.905909  0   0   16.905909 1.085127   4  
   5  16  3    3   1    0    7   18.504864   0    0  1.332922  19.953955 0.240475  20.303741  0   0   20.303741 0.701415   3  
   6  16  4    1   0    0    2   21.502972   0    0  1.665923  23.285168 0.795985  24.201251  0   0   24.201251 0.801964   4  
   7  16  1    1   1    0    7   25.500422   0    0  1.332853  26.982826 0.412802  27.515810  0   0   27.515810 1.484864   4  
   8  16  3    3   1    0    6   29.497877   0    0  1.632727  31.246758 0.942439  32.296096  0   0   32.296096 0.702011   4  
   9  14  2    2   1    0    6   33.495336   0    0  2.015952  35.627317 0.388363  36.126998  0   0   36.126998 0.868569   4  
  10  14  4    1   0    0    1   37.492792   0    0  1.882587  39.491525 1.075448  40.674097  0   0   40.674097 1.318908   5  
  11  14  2    3   0    0    2   42.489603   0    0  1.249607  43.855412 0.956757  44.921405  0   0   44.921405 1.068399   4  
  12  15  1    3   0    0    6   46.503718   0    0  1.516137  48.152665 1.248312  49.518470  0   0   49.518470 1.485426   5  
  13  15  3    3   1    0    6   51.500548   0    0  2.248962  53.865689 0.539799  54.515298  0   0   54.515298 1.485400   5  
  14  15  2    1   0    0    1   56.497366   0    0  1.932629  58.546027 0.693476  59.345552  0   0   59.345552 0.651944   4  
  15  15  4    3   0    0    6   60.494817   0    0  1.699439  62.310320 1.040787  63.459589  0   0   63.459589 0.535352   4  
  16  16  1    3   0    0    6   64.492266   0    0  1.832591  66.440994 1.451547  68.006693  0   0   68.006693 0.985692   5  
  17  16  2    2   1    0    6   69.489115   0    0  1.982416  71.587752 1.246204  72.953556  0   0   72.953556 1.035624   5  
  18  16  4    4   1    0    8   74.502546   0    0  1.299573  75.918341 1.127703  77.150890  0   0   77.150890 0.852026   4  
  19  14  4    2   0    0    6   78.516666   0    0  1.949472  80.582028 0.924250  81.614701  0   0   81.614701 1.402292   5  
  20  14  3    3   1    0    6   83.513494   0    0  1.615930  85.245735 1.742985  87.094541  0   0   87.094541 0.919274   5  
  21  14  3    4   0    0    6   88.510296   0    0  1.816593  90.442426 1.105013  91.658311  0   0   91.658311 1.352314   5  
  22  14  4    4   1    0    7   93.507130   0    0  1.749090  95.372606 1.274691  96.755072  0   0   96.755072 1.252373   5  
  23  14  2    3   0    0    2   98.503938   0    0  1.999179 100.619240 1.368854 102.101659  0   0  102.101659 0.902606   5  
  24  14  2    4   0    0    6  103.500753   0    0  1.799315 105.416207 1.227282 106.748703  0   0  106.748703 1.252381   5  
  25  15  1    1   1    0    6  108.514238   0    0  1.366341 109.996624 0.989768 111.095937  0   0  111.095937 0.918621   4  
  26  15  3    3   1    0    6  112.511689   0    0  1.399662 114.027325 1.021364 115.160014  0   0  115.160014 0.851996   4  
  27  14  1    2   0    0    3  116.509139   0    0  1.965768 118.607823 1.130656 119.857014  0   0  119.857014 1.152461   5  
  28  14  2    1   0    0    6  121.505969   0    0  2.032557 123.654600 0.674326 124.437434  0   0  124.437434 0.568863   4  
  29  15  4    4   1    0    6  125.503422   0    0  1.166413 126.785952 0.742350 127.635422  0   0  127.635422 1.368333   4  
  30  15  4    4   1    0    6  129.500888   0    0  1.132737 130.750089 0.740247 131.599564  0   0  131.599564 1.401648   4  
  31  14  4    4   1    0    6  133.498321   0    0  1.432908 135.047349 0.777576 135.946792  0   0  135.946792 1.051874   4  
  32  14  1    1   1    0    6  137.495788   0    0  2.032474 139.644420 1.081660 140.843656  0   0  140.843656 1.152463   5  
  33  13  1    1   1    0    6  142.509269   0    0  1.599527 144.241493 0.427304 144.774487  0   0  144.774487 1.235100   4  
  34  13  2    3   0    0    1  146.506715   0    0  1.949200 148.572070 1.079856 149.771314  0   0  149.771314 1.235719   5  
  35  13  2    4   0    0    6  151.503532   0    0  1.133004 152.752750 0.295009 153.169150  0   0  153.169150 0.834710   3  
  36  14  2    1   0    0    7  154.501616   0    0  1.349470 156.000673 0.229554 156.350451  0   0  156.350451 0.651501   3  
  37  14  4    4   1    0    6  157.499705   0    0  1.149783 158.765587 0.494594 159.365203  0   0  159.365203 0.634839   3  
  38  14  2    1   0    0    6  160.497812   0    0  1.316288 161.930299 0.481816 162.529867  0   0  162.529867 1.468276   4  
  39  14  3    3   1    0    7  164.495273   0    0  1.466158 166.077593 0.443995 166.627238  0   0  166.627238 1.368349   4  
  40  14  3    1   0    0    6  168.509381   0    0  1.982530 170.624700 0.532844 171.274282  0   0  171.274282 0.735421   4  
  41  14  2    1   0    0    6  172.506837   0    0  1.699355 174.322176 0.324485 174.755406  0   0  174.755406 1.251740   4  
  42  15  1    3   0    0    6  176.504277   0    0  1.849330 178.469695 0.471272 179.052721  0   0  179.052721 0.951900   4  
  43  15  4    1   0    0    6  180.501737   0    0  1.216354 181.834227 0.236631 182.184007  0   0  182.184007 0.818050   3  
  44  16  3    4   0    0    6  183.499840   0    0  1.266320 184.882291 0.452593 185.448592  0   0  185.448592 0.551563   3  
  45  16  1    1   1    0    6  186.497933   0    0  0.833297 187.480643 0.323516 187.913687  0   0  187.913687 1.084553   3  
  46  16  2    1   0    0    2  189.496016   0    0  1.882673 191.494750 0.625215 192.227606  0   0  192.227606 0.768711   4  
  47  16  3    3   1    0    6  193.493470   0    0  1.516122 195.142330 0.737077 195.991883  0   0  195.991883 1.001893   4  
  48  16  4    3   0    0    1  197.490926   0    0  2.332349 199.939366 1.029519 201.088628  0   0  201.088628 0.902577   5  
  49  16  2    4   0    0    6  202.504394   0    0  1.732502 204.353222 1.057481 205.519144  0   0  205.519144 1.485516   5  
  50  18  1    1   1    0    7  207.501217   0    0  1.432738 209.100204 0.974159 210.182856  0   0  210.182856 0.818633   4  
  51  18  4    4   1    0    6  211.498678   0    0  1.316235 212.947757 0.961264 214.013734  0   0  214.013734 0.985174   4  
  52  16  1    1   1    0    6  215.496113   0    0  1.582786 217.211693 0.893450 218.211074  0   0  218.211074 0.785273   4  
  53  16  4    2   0    0    3  219.493574   0    0  1.982910 221.592128 1.150506 222.858115  0   0  222.858115 1.135694   5  
  54  16  4    4   1    0    6  224.490396   0    0  1.649451 226.255953 0.438035 226.805595  0   0  226.805595 1.185001   4  
  55  16  1    1   1    0    6  228.487855   0    0  1.182941 229.786847 0.541219 230.436611  0   0  230.436611 0.551438   3  
  56  14  3    3   1    0    6  231.502608   0    0  2.299004 233.917657 0.366616 234.400762  0   0  234.400762 0.602042   4  
  57  14  3    1   0    0    6  235.500050   0    0  1.832591 237.482137 0.377835 237.965149  0   0  237.965149 1.035087   4  
  58  14  1    1   1    0    6  239.497517   0    0  1.216210 240.830023 0.455939 241.396306  0   0  241.396306 0.601356   3  
  59  14  2    2   1    0    6  242.495606   0    0  1.732666 244.361097 0.194254 244.660905  0   0  244.660905 1.334848   4  
  60  13  3    3   1    0    6  246.493068   0    0  1.282841 247.892173 0.341954 248.341894  0   0  248.341894 0.651299   3  
]; % This session completes at 27-Jul-2019 11:23:51, 251.004s after session start, 247s on 60 trials, totally 260.568s, correctness is 55.000%.

