[2019-06-06 16:02:49.883] Calling `MetaTwins_RDMsc_training` for `zhangxingchen` at 06-Jun-2019 16:02:49(737582.6686326852).
[2019-06-06 16:02:52.795] Initial coherence is 90 .
                          Running MetaTwins_RDMsc_training('zhangxingchen', 1, [2019-06-06 16:02:52.847] Session 1 has 60 trials, requires 454s, 7.5s per trial.
[2019-06-06 16:02:53.847] Trying to open PTB window...
[easyPTB Info] Using 14.0 inch screen with PPI=157.8


PTB-INFO: This is Psychtoolbox-3 for Microsoft Windows, under Matlab 64-Bit (Version 3.0.14 - Build date: Oct  3 2017).
PTB-INFO: Support status on this operating system release: Windows version 10.0 supported and tested to some limited degree.
PTB-INFO: Type 'PsychtoolboxVersion' for more detailed version information.
PTB-INFO: Most parts of the Psychtoolbox distribution are licensed to you under terms of the MIT License, with
PTB-INFO: some restrictions. See file 'License.txt' in the Psychtoolbox root folder for the exact licensing conditions.

PTB-INFO: The detected endline of the vertical blank interval is equal or lower than the startline. This indicates
PTB-INFO: that i couldn't detect the duration of the vertical blank interval and won't be able to correct timestamps
PTB-INFO: for it. This will introduce a very small and constant offset (typically << 1 msec). Read 'help BeampositionQueries'
PTB-INFO: for how to correct this, should you really require that last few microseconds of precision.
PTB-INFO: Btw. this can also mean that your systems beamposition queries are slightly broken. It may help timing precision to
PTB-INFO: enable the beamposition workaround, as explained in 'help ConserveVRAMSettings', section 'kPsychUseBeampositionQueryWorkaround'.


PTB-INFO: OpenGL-Renderer is NVIDIA Corporation :: GeForce 940MX/PCIe/SSE2 :: 4.6.0 NVIDIA 398.36
PTB-INFO: VBL startline = 1080 , VBL Endline = 1080
PTB-INFO: Measured monitor refresh interval from beamposition = 16.659153 ms [60.027061 Hz].
PTB-INFO: Will use beamposition query for accurate Flip time stamping.
PTB-INFO: Measured monitor refresh interval from VBLsync = 16.659278 ms [60.026611 Hz]. (50 valid samples taken, stddev=0.158734 ms.)
PTB-INFO: Reported monitor refresh interval from operating system = 16.666667 ms [60.000000 Hz].
PTB-INFO: Small deviations between reported values are normal and no reason to worry.
PTB-INFO: Anti-Aliasing with 8 samples per pixel enabled.
PTB-INFO: ==============================================================================================================================
PTB-INFO: WINDOWS DWM DESKTOP COMPOSITOR IS ACTIVE. On this Windows-10 or later system, Psychtoolbox can no longer reliably detect if
PTB-INFO: this will cause trouble for timing and integrity of visual stimuli or not. You might be just fine, or you could be in trouble.
PTB-INFO: Use external measurement equipment and independent procedures to verify reliability of timing if you care about proper timing.
PTB-INFO: ==============================================================================================================================
[2019-06-06 16:02:56.576] PTB window opened.
[2019-06-06 16:02:56.765] Preparation slide displayed.
[2019-06-06 16:03:08.710] fMRI trigger recieved. 0 secs before recording, 2 secs before task.
                          time stamp 3478910.3211847190, Flip delay: 0.0166299562.
[2019-06-06 16:07:17.702] 40 trials finished in 244s.
[2019-06-06 16:07:17.872] MetaTwins_RDMsc_training ends at 06-Jun-2019 16:07:17(737582.6717345949), totally 4min28.005s passed.



[2019-06-06 16:07:34.533] Calling `MetaTwins_RDMsc_training` for `zhangxingchen` at 06-Jun-2019 16:07:34(737582.6719270949).
[2019-06-06 16:07:42.001] Initial coherence is 50 .
                          Running MetaTwins_RDMsc_training('zhangxingchen', 1, [2019-06-06 16:07:42.040] Session 1 has 60 trials, requires 454s, 7.5s per trial.
[2019-06-06 16:07:43.041] Trying to open PTB window...
[easyPTB Info] Using 14.0 inch screen with PPI=157.8


PTB-INFO: This is Psychtoolbox-3 for Microsoft Windows, under Matlab 64-Bit (Version 3.0.14 - Build date: Oct  3 2017).
PTB-INFO: Support status on this operating system release: Windows version 10.0 supported and tested to some limited degree.
PTB-INFO: Type 'PsychtoolboxVersion' for more detailed version information.
PTB-INFO: Most parts of the Psychtoolbox distribution are licensed to you under terms of the MIT License, with
PTB-INFO: some restrictions. See file 'License.txt' in the Psychtoolbox root folder for the exact licensing conditions.

PTB-INFO: The detected endline of the vertical blank interval is equal or lower than the startline. This indicates
PTB-INFO: that i couldn't detect the duration of the vertical blank interval and won't be able to correct timestamps
PTB-INFO: for it. This will introduce a very small and constant offset (typically << 1 msec). Read 'help BeampositionQueries'
PTB-INFO: for how to correct this, should you really require that last few microseconds of precision.
PTB-INFO: Btw. this can also mean that your systems beamposition queries are slightly broken. It may help timing precision to
PTB-INFO: enable the beamposition workaround, as explained in 'help ConserveVRAMSettings', section 'kPsychUseBeampositionQueryWorkaround'.


PTB-INFO: OpenGL-Renderer is NVIDIA Corporation :: GeForce 940MX/PCIe/SSE2 :: 4.6.0 NVIDIA 398.36
PTB-INFO: VBL startline = 1080 , VBL Endline = 1080
PTB-INFO: Measured monitor refresh interval from beamposition = 16.658878 ms [60.028054 Hz].
PTB-INFO: Will use beamposition query for accurate Flip time stamping.
PTB-INFO: Measured monitor refresh interval from VBLsync = 16.656758 ms [60.035692 Hz]. (50 valid samples taken, stddev=0.149479 ms.)
PTB-INFO: Reported monitor refresh interval from operating system = 16.666667 ms [60.000000 Hz].
PTB-INFO: Small deviations between reported values are normal and no reason to worry.
PTB-INFO: Anti-Aliasing with 8 samples per pixel enabled.
PTB-INFO: ==============================================================================================================================
PTB-INFO: WINDOWS DWM DESKTOP COMPOSITOR IS ACTIVE. On this Windows-10 or later system, Psychtoolbox can no longer reliably detect if
PTB-INFO: this will cause trouble for timing and integrity of visual stimuli or not. You might be just fine, or you could be in trouble.
PTB-INFO: Use external measurement equipment and independent procedures to verify reliability of timing if you care about proper timing.
PTB-INFO: ==============================================================================================================================
[2019-06-06 16:07:45.794] PTB window opened.
[2019-06-06 16:07:45.952] Preparation slide displayed.
[2019-06-06 16:08:15.922] fMRI trigger recieved. 0 secs before recording, 2 secs before task.
                          time stamp 3479217.5325476960, Flip delay: 0.0167666827.
[2019-06-06 16:13:35.907] 60 trials finished in 318s.
         icoh: 50
      session: 1
      lastcoh: 12
    recentcoh: 11.6000

[2019-06-06 16:13:39.326] This session completes at 06-Jun-2019 16:13:37, 322.006s after session start, 318s on 60 trials, totally 363.41s, correctness is 70.000%.


corr_isc_conf: 0.2922

AUC: 0.6369
[2019-06-06 16:13:41.929] MetaTwins_RDMsc_training ends at 06-Jun-2019 16:13:41(737582.6761796296), totally 6min7.419s passed.



[2019-06-06 16:14:25.388] Calling `MetaTwins_RDMsc_training` for `zhangxingchen` at 06-Jun-2019 16:14:25(737582.6766821875).
                          Running MetaTwins_RDMsc_training('zhangxingchen', 2, [2019-06-06 16:14:25.434] Session 2 has 60 trials, requires 454s, 7.5s per trial.
[2019-06-06 16:14:26.436] Trying to open PTB window...
[easyPTB Info] Using 14.0 inch screen with PPI=157.8


PTB-INFO: This is Psychtoolbox-3 for Microsoft Windows, under Matlab 64-Bit (Version 3.0.14 - Build date: Oct  3 2017).
PTB-INFO: Support status on this operating system release: Windows version 10.0 supported and tested to some limited degree.
PTB-INFO: Type 'PsychtoolboxVersion' for more detailed version information.
PTB-INFO: Most parts of the Psychtoolbox distribution are licensed to you under terms of the MIT License, with
PTB-INFO: some restrictions. See file 'License.txt' in the Psychtoolbox root folder for the exact licensing conditions.

PTB-INFO: The detected endline of the vertical blank interval is equal or lower than the startline. This indicates
PTB-INFO: that i couldn't detect the duration of the vertical blank interval and won't be able to correct timestamps
PTB-INFO: for it. This will introduce a very small and constant offset (typically << 1 msec). Read 'help BeampositionQueries'
PTB-INFO: for how to correct this, should you really require that last few microseconds of precision.
PTB-INFO: Btw. this can also mean that your systems beamposition queries are slightly broken. It may help timing precision to
PTB-INFO: enable the beamposition workaround, as explained in 'help ConserveVRAMSettings', section 'kPsychUseBeampositionQueryWorkaround'.


PTB-INFO: OpenGL-Renderer is NVIDIA Corporation :: GeForce 940MX/PCIe/SSE2 :: 4.6.0 NVIDIA 398.36
PTB-INFO: VBL startline = 1080 , VBL Endline = 1080
PTB-INFO: Measured monitor refresh interval from beamposition = 16.659161 ms [60.027032 Hz].
PTB-INFO: Will use beamposition query for accurate Flip time stamping.
PTB-INFO: Measured monitor refresh interval from VBLsync = 16.661942 ms [60.017014 Hz]. (50 valid samples taken, stddev=0.175178 ms.)
PTB-INFO: Reported monitor refresh interval from operating system = 16.666667 ms [60.000000 Hz].
PTB-INFO: Small deviations between reported values are normal and no reason to worry.
PTB-INFO: Anti-Aliasing with 8 samples per pixel enabled.
PTB-INFO: ==============================================================================================================================
PTB-INFO: WINDOWS DWM DESKTOP COMPOSITOR IS ACTIVE. On this Windows-10 or later system, Psychtoolbox can no longer reliably detect if
PTB-INFO: this will cause trouble for timing and integrity of visual stimuli or not. You might be just fine, or you could be in trouble.
PTB-INFO: Use external measurement equipment and independent procedures to verify reliability of timing if you care about proper timing.
PTB-INFO: ==============================================================================================================================
[2019-06-06 16:14:29.760] PTB window opened.
[2019-06-06 16:14:29.919] Preparation slide displayed.
[2019-06-06 16:14:47.511] fMRI trigger recieved. 0 secs before recording, 2 secs before task.
                          time stamp 3479609.1224837960, Flip delay: 0.0166016761.
[2019-06-06 16:20:00.496] 60 trials finished in 311s.
         icoh: 50
      session: 2
      lastcoh: 14
    recentcoh: 15.6000

[2019-06-06 16:20:03.142] This session completes at 06-Jun-2019 16:20:02, 315.005s after session start, 311s on 60 trials, totally 337.157s, correctness is 43.333%.


corr_isc_conf: -0.0880

AUC: 0.4723
[2019-06-06 16:20:03.253] MetaTwins_RDMsc_training ends at 06-Jun-2019 16:20:03(737582.6805931366), totally 5min37.906s passed.



[2019-06-06 16:27:24.377] Calling `MetaTwins_RDMsc_training` for `zhangxingchen` at 06-Jun-2019 16:27:24(737582.6856986689).
                          Running MetaTwins_RDMsc_training('zhangxingchen', 3, [2019-06-06 16:27:24.406] Session 3 has 60 trials, requires 454s, 7.5s per trial.
[2019-06-06 16:27:25.407] Trying to open PTB window...
[easyPTB Info] Using 14.0 inch screen with PPI=157.8


PTB-INFO: This is Psychtoolbox-3 for Microsoft Windows, under Matlab 64-Bit (Version 3.0.14 - Build date: Oct  3 2017).
PTB-INFO: Support status on this operating system release: Windows version 10.0 supported and tested to some limited degree.
PTB-INFO: Type 'PsychtoolboxVersion' for more detailed version information.
PTB-INFO: Most parts of the Psychtoolbox distribution are licensed to you under terms of the MIT License, with
PTB-INFO: some restrictions. See file 'License.txt' in the Psychtoolbox root folder for the exact licensing conditions.

PTB-INFO: The detected endline of the vertical blank interval is equal or lower than the startline. This indicates
PTB-INFO: that i couldn't detect the duration of the vertical blank interval and won't be able to correct timestamps
PTB-INFO: for it. This will introduce a very small and constant offset (typically << 1 msec). Read 'help BeampositionQueries'
PTB-INFO: for how to correct this, should you really require that last few microseconds of precision.
PTB-INFO: Btw. this can also mean that your systems beamposition queries are slightly broken. It may help timing precision to
PTB-INFO: enable the beamposition workaround, as explained in 'help ConserveVRAMSettings', section 'kPsychUseBeampositionQueryWorkaround'.


PTB-INFO: OpenGL-Renderer is NVIDIA Corporation :: GeForce 940MX/PCIe/SSE2 :: 4.6.0 NVIDIA 398.36
PTB-INFO: VBL startline = 1080 , VBL Endline = 1080
PTB-INFO: Measured monitor refresh interval from beamposition = 16.659135 ms [60.027127 Hz].
PTB-INFO: Will use beamposition query for accurate Flip time stamping.
PTB-INFO: Measured monitor refresh interval from VBLsync = 16.661298 ms [60.019333 Hz]. (50 valid samples taken, stddev=0.149252 ms.)
PTB-INFO: Reported monitor refresh interval from operating system = 16.666667 ms [60.000000 Hz].
PTB-INFO: Small deviations between reported values are normal and no reason to worry.
PTB-INFO: Anti-Aliasing with 8 samples per pixel enabled.
PTB-INFO: ==============================================================================================================================
PTB-INFO: WINDOWS DWM DESKTOP COMPOSITOR IS ACTIVE. On this Windows-10 or later system, Psychtoolbox can no longer reliably detect if
PTB-INFO: this will cause trouble for timing and integrity of visual stimuli or not. You might be just fine, or you could be in trouble.
PTB-INFO: Use external measurement equipment and independent procedures to verify reliability of timing if you care about proper timing.
PTB-INFO: ==============================================================================================================================
[2019-06-06 16:27:28.641] PTB window opened.
[2019-06-06 16:27:28.818] Preparation slide displayed.
[2019-06-06 16:27:52.741] fMRI trigger recieved. 0 secs before recording, 2 secs before task.
                          time stamp 3480394.3513375940, Flip delay: 0.0166969243.
[2019-06-06 16:33:05.724] 60 trials finished in 311s.
         icoh: 50
      session: 3
      lastcoh: 14
    recentcoh: 14.4000

[2019-06-06 16:33:08.253] This session completes at 06-Jun-2019 16:33:07, 315.004s after session start, 311s on 60 trials, totally 343.362s, correctness is 46.667%.


corr_isc_conf: 0.1201

AUC: 0.6401
[2019-06-06 16:33:08.352] MetaTwins_RDMsc_training ends at 06-Jun-2019 16:33:08(737582.6896799884), totally 5min43.986s passed.



[2019-06-06 16:33:55.210] Calling `MetaTwins_RDMsc_training` for `zhangxingchen` at 06-Jun-2019 16:33:55(737582.6902222801).
[2019-06-06 16:34:10.184] Initial coherence is 20 .
                          Running MetaTwins_RDMsc_training('zhangxingchen', 1, [2019-06-06 16:34:10.216] Session 1 has 60 trials, requires 334s, 5.5s per trial.
[2019-06-06 16:34:11.218] Trying to open PTB window...
[easyPTB Info] Using 14.0 inch screen with PPI=157.8


PTB-INFO: This is Psychtoolbox-3 for Microsoft Windows, under Matlab 64-Bit (Version 3.0.14 - Build date: Oct  3 2017).
PTB-INFO: Support status on this operating system release: Windows version 10.0 supported and tested to some limited degree.
PTB-INFO: Type 'PsychtoolboxVersion' for more detailed version information.
PTB-INFO: Most parts of the Psychtoolbox distribution are licensed to you under terms of the MIT License, with
PTB-INFO: some restrictions. See file 'License.txt' in the Psychtoolbox root folder for the exact licensing conditions.

PTB-INFO: The detected endline of the vertical blank interval is equal or lower than the startline. This indicates
PTB-INFO: that i couldn't detect the duration of the vertical blank interval and won't be able to correct timestamps
PTB-INFO: for it. This will introduce a very small and constant offset (typically << 1 msec). Read 'help BeampositionQueries'
PTB-INFO: for how to correct this, should you really require that last few microseconds of precision.
PTB-INFO: Btw. this can also mean that your systems beamposition queries are slightly broken. It may help timing precision to
PTB-INFO: enable the beamposition workaround, as explained in 'help ConserveVRAMSettings', section 'kPsychUseBeampositionQueryWorkaround'.


PTB-INFO: OpenGL-Renderer is NVIDIA Corporation :: GeForce 940MX/PCIe/SSE2 :: 4.6.0 NVIDIA 398.36
PTB-INFO: VBL startline = 1080 , VBL Endline = 1080
PTB-INFO: Measured monitor refresh interval from beamposition = 16.659122 ms [60.027171 Hz].
PTB-INFO: Will use beamposition query for accurate Flip time stamping.
PTB-INFO: Measured monitor refresh interval from VBLsync = 16.660786 ms [60.021178 Hz]. (50 valid samples taken, stddev=0.135302 ms.)
PTB-INFO: Reported monitor refresh interval from operating system = 16.666667 ms [60.000000 Hz].
PTB-INFO: Small deviations between reported values are normal and no reason to worry.
PTB-INFO: Anti-Aliasing with 8 samples per pixel enabled.
PTB-INFO: ==============================================================================================================================
PTB-INFO: WINDOWS DWM DESKTOP COMPOSITOR IS ACTIVE. On this Windows-10 or later system, Psychtoolbox can no longer reliably detect if
PTB-INFO: this will cause trouble for timing and integrity of visual stimuli or not. You might be just fine, or you could be in trouble.
PTB-INFO: Use external measurement equipment and independent procedures to verify reliability of timing if you care about proper timing.
PTB-INFO: ==============================================================================================================================
[2019-06-06 16:34:14.006] PTB window opened.
[2019-06-06 16:34:14.152] Preparation slide displayed.
[2019-06-06 16:34:53.701] fMRI trigger recieved. 0 secs before recording, 2 secs before task.
                          time stamp 3480815.3112761946, Flip delay: 0.0165713788.
[2019-06-06 16:38:16.685] 60 trials finished in 201s.
         icoh: 20
      session: 1
      lastcoh: 16
    recentcoh: 13.4000

[2019-06-06 16:38:19.259] This session completes at 06-Jun-2019 16:38:18, 205.286s after session start, 201s on 60 trials, totally 263.765s, correctness is 50.000%.


corr_isc_conf: -0.0204

AUC: 0.4894
[2019-06-06 16:38:19.337] MetaTwins_RDMsc_training ends at 06-Jun-2019 16:38:19(737582.6932793518), totally 4min24.131s passed.



[2019-06-06 16:41:46.123] Calling `MetaTwins_RDMsc_training` for `zhangxingchen` at 06-Jun-2019 16:41:46(737582.6956726852).
                          Running MetaTwins_RDMsc_training('zhangxingchen', 2, [2019-06-06 16:41:46.147] Session 2 has 60 trials, requires 334s, 5.5s per trial.
[2019-06-06 16:41:47.148] Trying to open PTB window...
[easyPTB Info] Using 14.0 inch screen with PPI=157.8


PTB-INFO: This is Psychtoolbox-3 for Microsoft Windows, under Matlab 64-Bit (Version 3.0.14 - Build date: Oct  3 2017).
PTB-INFO: Support status on this operating system release: Windows version 10.0 supported and tested to some limited degree.
PTB-INFO: Type 'PsychtoolboxVersion' for more detailed version information.
PTB-INFO: Most parts of the Psychtoolbox distribution are licensed to you under terms of the MIT License, with
PTB-INFO: some restrictions. See file 'License.txt' in the Psychtoolbox root folder for the exact licensing conditions.

PTB-INFO: The detected endline of the vertical blank interval is equal or lower than the startline. This indicates
PTB-INFO: that i couldn't detect the duration of the vertical blank interval and won't be able to correct timestamps
PTB-INFO: for it. This will introduce a very small and constant offset (typically << 1 msec). Read 'help BeampositionQueries'
PTB-INFO: for how to correct this, should you really require that last few microseconds of precision.
PTB-INFO: Btw. this can also mean that your systems beamposition queries are slightly broken. It may help timing precision to
PTB-INFO: enable the beamposition workaround, as explained in 'help ConserveVRAMSettings', section 'kPsychUseBeampositionQueryWorkaround'.


PTB-INFO: OpenGL-Renderer is NVIDIA Corporation :: GeForce 940MX/PCIe/SSE2 :: 4.6.0 NVIDIA 398.36
PTB-INFO: VBL startline = 1080 , VBL Endline = 1080
PTB-INFO: Measured monitor refresh interval from beamposition = 16.659092 ms [60.027282 Hz].
PTB-INFO: Will use beamposition query for accurate Flip time stamping.
PTB-INFO: Measured monitor refresh interval from VBLsync = 16.664782 ms [60.006786 Hz]. (50 valid samples taken, stddev=0.146332 ms.)
PTB-INFO: Reported monitor refresh interval from operating system = 16.666667 ms [60.000000 Hz].
PTB-INFO: Small deviations between reported values are normal and no reason to worry.
PTB-INFO: Anti-Aliasing with 8 samples per pixel enabled.
PTB-INFO: ==============================================================================================================================
PTB-INFO: WINDOWS DWM DESKTOP COMPOSITOR IS ACTIVE. On this Windows-10 or later system, Psychtoolbox can no longer reliably detect if
PTB-INFO: this will cause trouble for timing and integrity of visual stimuli or not. You might be just fine, or you could be in trouble.
PTB-INFO: Use external measurement equipment and independent procedures to verify reliability of timing if you care about proper timing.
PTB-INFO: ==============================================================================================================================
[2019-06-06 16:41:50.234] PTB window opened.
[2019-06-06 16:41:50.362] Preparation slide displayed.
[2019-06-06 16:41:53.112] fMRI trigger recieved. 0 secs before recording, 2 secs before task.
                          time stamp 3481234.7219644268, Flip delay: 0.0166602051.
[2019-06-06 16:45:09.094] 60 trials finished in 194s.
         icoh: 20
      session: 2
      lastcoh: 15
    recentcoh: 13.1000

[2019-06-06 16:45:11.729] This session completes at 06-Jun-2019 16:45:11, 198.004s after session start, 194s on 60 trials, totally 204.979s, correctness is 50.000%.


corr_isc_conf: 0.1530

AUC: 0.5799
[2019-06-06 16:45:11.842] MetaTwins_RDMsc_training ends at 06-Jun-2019 16:45:11(737582.6980537268), totally 3min25.722s passed.



