%% MetaTwins_RDMsc_training for 'guoyulin': starting at _nofeedback (       48.0000000000).2-Jun-2019 11:56:02 for '7.375785e+05': starting at 
record = [
%  n coh dir resp isc ckey conf    osti    dsti oopt   rtime     oconf     ctime     oisi    isi ofb    oiti       iti   total
   1  15  4    2   0    0    6    2.498901   0    0  1.869286   4.531300 0.639686   5.314274  0   0    5.314274 0.684837   4  
   2  15  1    1   1    0    6    6.497068   0    0  1.117722   7.829821 0.125116   8.096365  0   0    8.096365 0.900939   3  
   3  15  3    3   1    0    7    9.495739   0    0  0.901166  10.528603 0.156662  10.828472  0   0   10.828472 1.167501   3  
   4  14  1    1   1    0    7   12.494385   0    0  0.868271  13.560563 0.241852  13.943727  0   0   13.943727 1.050888   3  
   5  14  4    2   0    0    7   15.493029   0    0  1.651408  17.292220 0.072425  17.508779  0   0   17.508779 1.484474   4  
   6  14  4    3   0    0    5   19.507887   0    0  1.767426  21.390368 0.384569  21.923465  0   0   21.923465 1.084640   4  
   7  15  3    3   1    0    7   23.506080   0    0  1.218282  24.905450 0.097029  25.138668  0   0   25.138668 0.867633   3  
   8  15  1    1   1    0    7   26.504727   0    0  1.184224  27.804131 0.186378  28.137319  0   0   28.137319 0.867630   3  
   9  14  4    4   1    0    5   29.503382   0    0  1.901480  31.552434 0.095677  31.785670  0   0   31.785670 1.217932   4  
  10  14  1    1   1    0    7   33.501569   0    0  0.952029  34.601075 0.120027  34.867620  0   0   34.867620 1.134179   3  
  11  13  3    3   1    0    7   36.500204   0    0  1.184913  37.866264 0.118533  38.116154  0   0   38.116154 0.884290   3  
  12  13  3    1   0    0    7   39.498854   0    0  1.368352  41.031497 0.131407  41.298038  0   0   41.298038 0.701050   3  
  13  13  2    2   1    0    6   42.497505   0    0  1.219260  43.896861 0.155859  44.196741  0   0   44.196741 0.800992   3  
  14  13  3    3   1    0    7   45.496148   0    0  0.901607  46.529020 0.225463  46.928836  0   0   46.928836 1.067537   3  
  15  12  4    4   1    0    6   48.494799   0    0  1.501391  50.144055 0.145387  50.427257  0   0   50.427257 0.567771   3  
  16  12  2    2   1    0    6   51.493444   0    0  1.151780  52.809507 0.120155  53.076061  0   0   53.076061 0.917607   3  
  17  11  2    2   1    0    6   54.508750   0    0  2.050918  56.691091 0.043736  56.874344  0   0   56.874344 1.134638   4  
  18  11  3    3   1    0    7   58.506942   0    0  1.069149  59.773041 0.062422  59.972951  0   0   59.972951 1.034210   3  
  19  10  1    1   1    0    7   61.505584   0    0  2.317923  64.004457 0.018781  64.171057  0   0   64.171057 0.834758   4  
  20  10  1    1   1    0    2   65.503786   0    0  1.518131  67.169695 0.517355  67.836059  0   0   67.836059 1.167949   4  
  21   9  2    2   1    0    7   69.501978   0    0  1.884711  71.534391 0.084740  71.767629  0   0   71.767629 1.234565   4  
  22   9  1    1   1    0    6   73.500175   0    0  2.217785  75.865714 0.122843  76.132320  0   0   76.132320 0.868074   4  
  23   8  2    2   1    0    6   77.498362   0    0  2.034487  79.697368 0.211232  80.047223  0   0   80.047223 0.951371   4  
  24   8  1    1   1    0    1   81.496556   0    0  2.317741  83.995426 0.324808  84.461893  0   0   84.461893 0.534900   4  
  25   7  2    2   1    0   -1   85.494754   0    0  0.918522  86.577596 0.000000  86.877468  0   0   86.877468 1.117519   3  
  26   7  4    2   0    0    7   88.493398   0    0  2.084542  90.775702 0.073432  90.992276  0   0   90.992276 1.001355   4  
  27   7  3    3   1    0    6   92.508260   0    0  2.151226  94.840534 0.129449  95.107079  0   0   95.107079 0.901404   4  
  28   7  2    2   1    0    7   96.506457   0    0  2.434211  99.055285 0.166295  99.355160  0   0   99.355160 0.651519   4  
  29   6  2    2   1    0    6  100.504645   0    0  2.367724 103.036834 0.061128 103.236745  0   0  103.236745 0.768121   4  
  30   6  3    2   0    0    6  104.502843   0    0  2.501021 107.201626 0.157728 107.501493  0   0  107.501493 0.501578   4  
  31   6  2    1   0    0    1  108.501035   0    0  2.384457 111.033220 0.359255 111.532998  0   0  111.532998 1.468266   5  
  32   7  2    2   1    0    7  113.498786   0    0  2.317804 116.047622 0.014670 116.214228  0   0  116.214228 0.784771   4  
  33   7  4    4   1    0    5  117.496982   0    0  2.451141 120.095800 0.071141 120.329030  0   0  120.329030 0.668171   4  
  34   6  1    4   0    0    6  121.495175   0    0  2.384373 124.027357 0.041066 124.210621  0   0  124.210621 0.784766   4  
  35   6  2    1   0    0    7  125.510022   0    0  2.401074 128.075539 0.029693 128.242122  0   0  128.242122 0.768117   4  
  36   7  3    2   0    0    6  129.508226   0    0  1.801489 131.474001 0.114585 131.723892  0   0  131.723892 1.284552   4  
  37   7  3   -1   0    0   -1  133.506417   0    0  0.000000 136.021953 0.000000 138.021043  0   0  138.021043 0.985594   6  
  38   7  1    1   1    0    6  139.503699   0    0  2.017286 141.702708 0.066147 141.902636  0   0  141.902636 1.101284   4  
  39   7  4    4   1    0    6  143.501903   0    0  2.267335 145.934144 0.098093 146.167367  0   0  146.167367 0.834754   4  
  40   6  1    2   0    0    5  147.500086   0    0  2.183939 149.865693 0.300284 150.315504  0   0  150.315504 0.684803   4  
  41   6  4   -1   0    0    4  151.498298   0    0  0.000000 154.013813 0.070449 154.230387  0   0  154.230387 0.768132   4  
  42   6  3    1   0    0    1  155.496469   0    0  2.200555 157.845421 0.344343 158.345201  0   0  158.345201 0.651509   4  
  43   7  2    1   0    0    1  159.494680   0    0  2.333864 161.993548 0.168202 162.326734  0   0  162.326734 0.668169   4  
  44   7  3   -1   0    0    3  163.509523   0    0  0.000000 166.025063 0.060439 166.224979  0   0  166.224979 0.784778   4  
  45   7  4   -1   0    0    2  167.507735   0    0  0.000000 170.023257 0.028961 170.189853  0   0  170.189853 0.818101   4  
  46   7  4    4   1    0    5  171.505931   0    0  2.184445 173.821521 0.107497 174.071367  0   0  174.071367 0.934774   4  
  47   7  2    4   0    0    6  175.504126   0    0  2.350981 178.019642 0.092185 178.252875  0   0  178.252875 0.751464   4  
  48   7  4    4   1    0    6  179.502321   0    0  2.051132 181.717974 0.117920 181.984533  0   0  181.984533 1.017994   4  
  49   7  3   -1   0    0    3  183.500519   0    0  0.000000 186.016043 0.017713 186.182637  0   0  186.182637 0.818090   4  
  50   7  4    4   1    0    6  187.498710   0    0  2.001239 189.664394 0.148600 189.947600  0   0  189.947600 1.051323   4  
  51   6  4    2   0    0    6  191.496900   0    0  2.234364 193.895815 0.037040 194.079065  0   0  194.079065 0.918055   4  
  52   6  4    4   1    0    6  195.511752   0    0  1.484900 197.160997 0.047513 197.344263  0   0  197.344263 0.667710   3  
  53   6  3    3   1    0    2  198.510407   0    0  2.117934 200.792700 0.140657 201.075917  0   0  201.075917 0.934707   4  
  54   5  1    1   1    0    7  202.508592   0    0  1.501435 204.174509 0.073690 204.391082  0   0  204.391082 0.617747   3  
  55   5  1    3   0    0    7  205.507250   0    0  2.383735 208.106059 0.062070 208.322636  0   0  208.322636 0.684825   4  
  56   5  2    4   0    0    7  209.505433   0    0  2.167922 211.871031 0.093667 212.104272  0   0  212.104272 0.901387   4  
  57   6  1    1   1    0    6  213.503631   0    0  1.201598 214.936310 0.140073 215.219521  0   0  215.219521 0.784336   3  
  58   6  3    2   0    0    2  216.502282   0    0  2.318111 219.001138 0.197794 219.350996  0   0  219.350996 0.651501   4  
  59   6  2    4   0    0    6  220.500481   0    0  2.251055 222.932705 0.202910 223.282553  0   0  223.282553 0.718147   4  
  60   7  1    2   0    0    7  224.498672   0    0  2.301139 226.980876 0.101677 227.230773  0   0  227.230773 0.768118   4  
]; % This session completes at 02-Jun-2019 12:03:02, 230.018s after session start, 226s on 60 trials, totally 419.966s, correctness is 58.333%.

