%% MetaTwinsDoubleBlind_behave_Conf for '_notguess': starting at guorui (       48.0000000000).5-Mar-2019 17:13:107.374897e+05 for '
record = [
%  n dir coh resp isc conf    osti      rtime     oconf     ctime     oisi       iti   total
   1  2   15   3   0    2    2.499073 1.151156   3.765180 1.012641   4.897992 3.101311   6  
   2  4   15   4   1    4    8.496356 1.667140  10.278803 0.807780  11.211778 2.784779   6  
   3  3   15   3   1    8   14.493625 0.817333  15.426532 0.681457  16.226173 3.767617   6  
   4  3   15   3   1    8   20.490888 0.701571  21.307195 0.283755  21.707011 4.284023   6  
   5  4   15   4   1    8   26.488157 1.067850  27.670966 0.132662  27.920840 4.067433   6  
   6  3   15   3   1    8   32.502101 1.050774  33.668225 0.028526  33.818164 4.184005   6  
   7  1   15   4   0    8   38.499362 1.750641  40.365189 0.055111  40.531773 3.467625   6  
   8  4   15   3   0    8   44.513301 2.016926  46.662325 0.555146  47.328691 2.684841   6  
   9  1   15   4   0    5   50.510557 1.433853  52.059870 0.193456  52.376389 3.634411   6  
  10  1   15   3   0    2   56.507833 2.333552  58.973248 0.311285  59.406514 2.601560   6  
  11  3   15   3   1    3   62.505105 0.967594  63.637939 1.210224  64.970661 3.034677   6  
  12  3   15   3   1    5   68.502373 1.134175  69.785128 0.493912  70.401527 3.601086   6  
  13  1   15   4   0    2   74.499648 2.200992  76.831832 0.716405  77.664883 2.334998   6  
  14  2   15   4   0    1   80.496924 2.050434  82.712576 0.573761  83.395595 2.601556   6  
  15  3   15   3   1    7   86.494192 0.751252  87.393695 1.203435  88.709855 3.284572   6  
  16  1   15   3   0    2   92.508123 1.717164  94.407267 0.808474  95.340151 2.668205   6  
  17  4   15   3   0    1   98.505369 2.333559 100.987610 0.716813 101.820549 2.185060   6  
  18  2   15   4   0    1  104.502664 2.233511 106.901561 0.762321 107.784511 2.218331   6  
  19  3   15   3   1    5  110.499933 1.350432 111.965940 1.477930 113.565199 2.434892   6  
  20  1   15  -1   0    2  116.497192 0.000000 119.012741 0.104991 119.229293 2.768039   6  
  21  4   15   3   0    4  122.494484 1.500398 124.126918 0.910059 125.159941 2.834628   6  
  22  1   15   2   0    2  128.491739 2.000271 130.657436 0.658972 131.423740 2.568077   6  
  23  4   15   4   1    5  134.505674 1.600418 136.254883 1.149317 137.520966 2.484936   6  
  24  1   15   1   1    1  140.502955 2.366885 143.051712 0.619712 143.784780 2.218402   6  
  25  1   15   4   0    3  146.500220 2.066964 148.749160 1.035916 149.898666 2.101781   6  
  26  1   15   3   0    2  152.514158 1.100745 153.796903 0.788590 154.696500 3.317884   6  
  27  4   15   4   1    6  158.511414 1.600475 160.227294 0.724758 161.060265 2.951387   6  
  28  4   15   4   1    3  164.508681 2.400910 167.024216 1.075705 168.223664 1.785247   6  
  29  2   15   4   0    7  170.505957 2.017690 172.638320 0.384862 173.138086 2.868111   6  
  30  2   15   4   0    3  176.503237 0.701223 177.352845 0.799661 178.269087 3.734375   6  
  31  2   15   3   0    2  182.500503 0.900801 183.516704 0.259123 183.883200 4.117528   6  
  32  3   15   3   1    4  188.497760 0.850658 189.463998 1.258710 190.846712 3.151286   6  
  33  2   15   4   0    6  194.495036 2.317669 196.927281 0.952681 197.993456 2.001792   6  
  34  4   15   4   1    7  200.492316 0.950777 201.558495 0.777333 202.458081 3.534404   6  
  35  3   15   3   1    7  206.489581 0.867255 207.522452 0.620492 208.255446 3.734284   6  
  36  1   15   3   0    7  212.503521 0.884092 213.553033 0.106573 213.769609 4.234009   6  
  37  3   15   3   1    7  218.500785 0.750831 219.383721 0.568279 220.066745 3.934124   6  
  38  2   15   3   0    7  224.498059 1.233943 225.897303 0.127289 226.147300 3.850819   6  
  39  4   15   4   1    5  230.511965 1.383951 232.011282 0.271294 232.394462 3.617749   6  
  40  2   15   3   0    2  236.509252 2.366820 239.307992 0.591429 240.024325 1.985166   6  
  41  3   15   3   1    7  242.506533 0.800831 243.439426 0.508673 244.072490 3.934263   6  
  42  2   15   3   0    2  248.503802 1.933617 250.552879 0.921445 251.585734 2.418296   6  
  43  1   15   4   0    1  254.501068 1.434011 256.067024 0.650131 256.833338 3.167971   6  
  44  4   15   4   1    7  260.498341 1.251091 261.914368 0.568749 262.597387 3.401182   6  
  45  2   15   3   0    1  266.495612 2.100229 268.811221 0.606856 269.527567 2.468274   6  
  46  4   15   4   1    7  272.509529 1.333924 273.958875 0.978108 275.058394 2.951373   6  
  47  2   15   4   0    8  278.506791 1.550544 280.172719 1.734579 282.021887 1.985153   6  
  48  3   15   3   1    8  284.504067 0.784276 285.420333 0.279536 285.820140 4.184158   6  
  49  3   15   3   1    8  290.501347 0.767407 291.400881 0.104456 291.617501 4.384040   6  
  50  1   15   3   0    8  296.498621 0.767394 297.414880 0.332796 297.864674 4.134101   6  
  51  3   15   3   1    7  302.495894 1.317114 303.928576 1.295374 305.344590 2.651446   6  
  52  2   15   1   0    1  308.493169 2.083822 310.758664 0.874898 311.758350 2.234925   6  
  53  1   15   2   0    2  314.490434 1.450516 316.106246 1.039420 317.255833 2.734659   6  
  54  4   15   4   1    8  320.504369 1.001325 321.637188 0.862965 322.620074 3.384518   6  
  55  4   15   4   1    8  326.501642 1.234133 327.851022 0.068868 328.034275 3.967587   6  
  56  3   15   3   1    8  332.515569 1.050538 333.698366 0.085253 333.898263 4.117535   6  
  57  2   15   4   0    3  338.512840 1.683888 340.361963 1.257136 341.728048 2.285018   6  
  58  2   15   4   0    2  344.510096 2.250248 346.875699 0.242044 347.242190 2.768148   6  
  59  4   15   4   1    3  350.507362 1.084003 351.723501 0.664440 352.506459 3.501148   6  
  60  4   15   4   1    6  356.504645 0.900837 357.554168 0.084759 357.754076 4.250799   6  
  61  4   15   4   1    6  362.501920 0.767489 363.384841 1.336124 364.834195 3.167954   6  
  62  4   15   4   1    6  368.499173 0.750811 369.365460 0.163164 369.648660 4.350763   6  
  63  2   15   2   1    1  374.496453 1.533744 376.212343 0.246678 376.578842 3.417851   6  
  64  2   15   3   0    2  380.493736 1.333811 381.943074 0.393851 382.459517 3.534425   6  
  65  1   15   4   0    2  386.491001 1.550330 388.223555 0.945426 389.289738 2.701440   6  
  66  3   15   3   1    4  392.504937 1.250626 393.904295 1.233116 395.253683 2.751396   6  
  67  3   15   3   1    5  398.502207 0.817621 399.468278 0.120751 399.701646 4.300684   6  
  68  1   15   4   0    2  404.499485 1.417319 406.032116 0.521463 406.665151 3.334414   6  
  69  1   15   3   0    2  410.496752 0.967587 411.629565 0.296887 412.046044 3.950764   6  
  70  1   15   2   0    3  416.510682 1.833658 418.526424 0.668222 419.309399 2.701501   6  
  71  1   15   3   0    1  422.507944 2.400522 425.073450 0.613331 425.806447 2.201723   6  
  72  4   15   4   1    2  428.505216 1.883810 430.587606 1.089809 431.787063 2.218380   6  
  73  3   15   3   1    8  434.502481 0.917644 435.552007 0.491300 436.151737 3.850979   6  
  74  1   15   4   0    2  440.499761 2.233598 442.882009 0.864859 443.864894 2.135086   6  
  75  4   15   4   1    3  446.497017 0.768043 447.396476 0.595570 448.112959 3.884302   6  
  76  4   15   4   1    6  452.510948 0.767598 453.427209 0.851802 454.393421 3.617768   6  
  77  1   15   4   0    5  458.508224 0.750762 459.374504 0.504397 459.990893 4.017563   6  
  78  2   15   3   0    1  464.505484 2.450904 467.104321 0.961355 468.187163 1.818574   6  
  79  4   15   4   1    6  470.502754 0.950627 471.585545 0.581081 472.285280 3.717722   6  
  80  4   15   4   1    7  476.500037 0.767809 477.416265 0.178730 477.716157 4.284071   6  
  81  2   15   3   0    6  482.497318 1.819722 484.446437 0.546465 485.112782 2.884684   6  
  82  3   15   3   1    7  488.494582 0.984381 489.610576 0.253692 489.977234 4.017482   6  
  83  3   15   3   1    7  494.491853 0.984267 495.591358 0.323612 496.024485 3.967460   6  
  84  3   15   3   1    7  500.489108 0.667355 501.272093 0.182560 501.571962 4.417244   6  
  85  3   15   3   1    8  506.486393 0.684169 507.286033 0.232763 507.635879 4.350564   6  
  86  2   15   3   0    7  512.516975 1.634095 514.266189 0.186798 514.566063 3.451154   6  
  87  2   15   4   0    6  518.514245 0.817276 519.446992 1.194137 520.763232 3.251250   6  
  88  1   15   4   0    6  524.511527 0.734118 525.377803 0.272516 525.760969 4.250784   6  
  89  1   15   2   0    1  530.508793 1.750240 532.441249 0.163531 532.724449 3.284582   6  
  90  3   15   3   1    6  536.506074 0.817262 537.438969 0.456111 538.005387 4.000910   6  
]; % This session completes at 05-Mar-2019 17:22:33, 544.008s after session start, 540s on 90 trials, totally 563.296s.

