%% MetaTwins_RDMsc_training for 'diaoheng': starting at _nofeedback (       49.0000000000).3-Apr-2019 11:56:55 for '7.375285e+05': starting at 
record = [
%  n coh dir resp isc ckey conf    osti    dsti oopt   rtime     oconf     ctime     oisi    isi ofb    oiti       iti   total
   1  13  4    2   0    0    8    2.498766   0    0  0.650577   3.281617 0.356523   3.747963  0   0    3.747963 1.251178   3  
   2  13  3    3   1    0    8    5.496865   0    0  0.967111   6.579512 1.116167   7.812049  0   0    7.812049 1.185116   4  
   3  13  1    1   1    0    7    9.494328   0    0  0.650576  10.260505 0.456341  10.826816  0   0   10.826816 1.167780   3  
   4  12  1    1   1    0    1   12.492416   0    0  2.166848  14.774282 0.620618  15.507171  0   0   15.507171 1.485468   5  
   5  12  4    4   1    0    2   17.489318   0    0  1.983412  19.637666 0.642056  20.404044  0   0   20.404044 0.585393   4  
   6  11  3    3   1    0    5   21.503355   0    0  0.967299  22.635977 1.784186  24.534754  0   0   24.534754 1.468752   5  
   7  11  4    2   0    0    1   26.500184   0    0  1.966789  28.632145 0.418516  29.165137  0   0   29.165137 0.835156   4  
   8  11  1    1   1    0    1   30.514274   0    0  1.633814  32.263137 0.436731  32.812824  0   0   32.812824 1.201787   4  
   9  11  4    2   0    0    3   34.511734   0    0  1.150469  35.810933 0.907793  36.843595  0   0   36.843595 1.168470   4  
  10  11  2    2   1    0    2   38.509200   0    0  1.350484  39.991610 1.401981  41.507264  0   0   41.507264 0.502266   4  
  11  11  4    1   0    0    1   42.506650   0    0  2.099798  44.738465 0.338206  45.188296  0   0   45.188296 0.818682   4  
  12  11  2    4   0    0    2   46.504098   0    0  1.816895  48.436215 1.522853  50.068523  0   0   50.068523 0.935911   5  
  13  12  1    3   0    0    3   51.500928   0    0  1.450229  53.066620 1.602558  54.782177  0   0   54.782177 1.219086   5  
  14  12  2    1   0    0   -1   56.497754   0    0  0.767489  57.413859 0.000000  59.412474  0   0   59.412474 0.585614   4  
  15  12  1    3   0    0    2   60.495217   0    0  1.117103  61.761090 0.550202  62.427320  0   0   62.427320 0.568218   3  
  16  13  3    4   0    0    3   63.509962   0    0  0.900425  64.542613 1.423533  66.075002  0   0   66.075002 0.935292   4  
  17  13  3    1   0    0    6   67.507411   0    0  0.934135  68.556759 0.496938  69.173027  0   0   69.173027 0.834724   3  
  18  14  2    3   0    0    7   70.505502   0    0  1.116916  71.738082 0.458990  72.321037  0   0   72.321037 0.684812   3  
  19  14  1    1   1    0    7   73.503615   0    0  0.633979  74.253012 0.377996  74.752818  0   0   74.752818 1.251122   3  
  20  14  1    1   1    0    4   76.501668   0    0  0.934111  77.551039 0.947929  78.617029  0   0   78.617029 1.384988   4  
  21  13  3    2   0    0    1   80.499151   0    0  1.583815  82.198089 0.594560  82.914293  0   0   82.914293 1.085155   4  
  22  13  3    1   0    0    5   84.496628   0    0  0.883755  85.496000 0.425351  86.045624  0   0   86.045624 0.951256   3  
  23  14  3    3   1    0    6   87.494724   0    0  1.683596  89.293572 0.508828  89.926497  0   0   89.926497 1.068453   4  
  24  14  2    2   1    0    1   91.492163   0    0  1.400125  93.024509 0.158902  93.307682  0   0   93.307682 0.684684   3  
  25  13  4    2   0    0    1   94.490280   0    0  1.151218  95.806103 0.792804  96.722179  0   0   96.722179 1.268268   4  
  26  13  3    3   1    0    1   98.487732   0    0  1.200442  99.803559 0.574975 100.503092  0   0  100.503092 1.484779   4  
  27  13  2    4   0    0    3  102.501833   0    0  1.517463 104.150572 1.178032 105.449949  0   0  105.449949 0.551996   4  
  28  13  3    3   1    0    7  106.515966   0    0  1.150342 107.781816 0.625632 108.531329  0   0  108.531329 1.484950   4  
  29  13  1    1   1    0    1  110.513408   0    0  0.767269 111.429512 0.624392 112.162351  0   0  112.162351 0.851381   3  
  30  12  4    4   1    0    6  113.511467   0    0  1.233758 114.877306 1.781614 116.776094  0   0  116.776094 1.235735   5  
  31  12  2    3   0    0    1  118.508328   0    0  1.716731 120.373820 0.492814 120.990069  0   0  120.990069 1.018576   4  
  32  12  3    1   0    0    2  122.505771   0    0  1.316844 123.938206 1.432283 125.487222  0   0  125.487222 0.518892   4  
  33  13  4    1   0    0    1  126.503217   0    0  1.950493 128.585249 0.231036 128.935039  0   0  128.935039 1.068520   4  
  34  13  1    3   0    0    2  130.500679   0    0  1.167020 131.833099 0.871425 132.815905  0   0  132.815905 1.185114   4  
  35  14  2    2   1    0    2  134.498148   0    0  1.616656 136.313677 1.478966 137.912647  0   0  137.912647 1.085838   5  
  36  14  4    3   0    0    2  139.494984   0    0  1.716569 141.343802 1.581457 143.042722  0   0  143.042722 0.952586   5  
  37  14  3    2   0    0    1  144.508450   0    0  2.449913 147.073432 0.643986 147.839740  0   0  147.839740 1.169048   5  
  38  15  2    2   1    0    1  149.505271   0    0  2.033417 151.687234 0.460140 152.270190  0   0  152.270190 0.735488   4  
  39  15  4    4   1    0    6  153.502737   0    0  2.283498 155.917868 0.323202 156.350920  0   0  156.350920 0.652112   4  
  40  14  2    2   1    0    1  157.500178   0    0  1.966870 159.598865 1.634376 161.347727  0   0  161.347727 0.652723   5  
  41  14  1    3   0    0    6  162.497016   0    0  1.166853 163.779537 0.315269 164.212590  0   0  164.212590 0.784652   3  
  42  14  4    2   0    0    2  165.495120   0    0  1.833521 167.477190 0.800260 168.393272  0   0  168.393272 0.602046   4  
  43  15  1    3   0    0    6  169.492577   0    0  0.950421 170.575221 0.224546 170.924968  0   0  170.924968 1.067785   3  
  44  15  4    3   0    0    2  172.490657   0    0  1.549967 174.222898 1.050922 175.388822  0   0  175.388822 0.601995   4  
  45  16  3    3   1    0    6  176.504764   0    0  0.900440 177.537441 0.206720 177.853931  0   0  177.853931 1.151161   3  
  46  16  1    2   0    0    2  179.502849   0    0  1.100839 180.751840 1.908583 182.784108  0   0  182.784108 1.219086   5  
  47  16  2    2   1    0    3  184.516357   0    0  1.266847 185.948764 1.005457 187.064704  0   0  187.064704 0.951954   4  
  48  16  2    3   0    0    1  188.513798   0    0  1.916625 190.545836 0.761373 191.428618  0   0  191.428618 0.585518   4  
  49  16  4    3   0    0    1  192.511250   0    0  2.033198 194.659725 0.726930 195.509356  0   0  195.509356 0.502227   4  
  50  18  1    1   1    0    6  196.508706   0    0  1.117104 197.741062 0.305804 198.157671  0   0  198.157671 0.851373   3  
  51  18  2    2   1    0    7  199.506812   0    0  0.750646 200.422888 0.512918 201.055829  0   0  201.055829 0.951298   3  
  52  16  1    1   1    0    6  202.504893   0    0  1.033898 203.654164 1.151419 204.920046  0   0  204.920046 1.085193   4  
  53  16  4    4   1    0    7  206.502368   0    0  2.016647 208.634319 1.229060 209.983485  0   0  209.983485 1.019203   5  
  54  14  2    2   1    0    8  211.499178   0    0  0.617891 212.282038 0.620957 213.014889  0   0  213.014889 0.984628   3  
  55  14  2    2   1    0    7  214.497283   0    0  0.650564 215.280019 0.266563 215.663201  0   0  215.663201 1.334402   3  
  56  13  1    1   1    0    6  217.495365   0    0  0.900802 218.544602 0.820832 219.477454  0   0  219.477454 0.518251   3  
  57  13  3    2   0    0    2  220.493468   0    0  1.666795 222.325578 0.387065 222.825330  0   0  222.825330 1.168472   4  
  58  13  3    2   0    0    1  224.507581   0    0  2.016789 226.689537 0.163991 226.972670  0   0  226.972670 1.035226   4  
  59  14  3    3   1    0    7  228.505023   0    0  1.250514 229.870837 0.594024 230.587041  0   0  230.587041 1.418298   4  
  60  14  4    4   1    0    7  232.502505   0    0  1.250438 233.885049 0.554808 234.551190  0   0  234.551190 1.451569   4  
]; % This session completes at 13-Apr-2019 12:01:23, 238.005s after session start, 234s on 60 trials, totally 267.895s, correctness is 50.000%.

