%% MetaTwinsDoubleBlind_behave_Conf for '_guess': starting at heruiqi (       50.0000000000).7-Jan-2019 18:27:027.374528e+05 for '
record = [
%  n dir coh resp isc conf conforig    osti      rtime     oconf     ctime     oisi       iti   total
   1  3   12   2   0    5      3      2.498515 1.682672   4.697102 0.634325   5.446646 2.552172   6  
   2  3   12   1   0    4      4      8.494709 1.315968  10.326862 0.107135  10.543407 3.451546   6  
   3  2   12   4   0    2      2     14.490879 0.749762  15.756746 0.258456  16.123243 3.867868   6  
   4  1   12   4   0    5      5     20.487078 0.866152  21.869519 0.000995  21.986119 4.001124   6  
   5  4   12   2   0    5      3     26.499915 0.849739  27.865702 0.085246  28.065588 3.934449   6  
   6  2   12   4   0    5      7     32.512755 0.732995  33.761963 0.005356  33.878557 4.134528   6  
   7  4   12   4   1    5      6     38.508930 0.799509  39.824771 0.050801  39.991332 4.017930   6  
   8  2   12   2   1    4      4     44.505111 1.066063  46.087459 0.575775  46.770356 3.235090   6  
   9  2   12   2   1    3      1     50.501316 1.565820  52.583309 0.322397  53.016374 2.985264   6  
  10  4   12   4   1    5      7     56.497492 0.666262  57.680072 0.498130  58.296358 3.701458   6  
  11  3   12   4   0    3      3     62.510333 1.582557  64.608997 0.462974  65.191964 2.818713   6  
  12  2   12   4   0    5      6     68.506532 0.582966  69.605820 0.930230  70.655172 3.351681   6  
  13  4   12   4   1    6      2     74.502711 0.733014  75.751916 0.447396  76.318221 3.684811   6  
  14  4   12   4   1    6      2     80.498889 0.583130  81.598202 0.317612  82.031265 3.967901   6  
  15  1   12   4   0    6      6     86.495088 0.649880  87.661006 0.262884  88.044099 3.951215   6  
  16  2   12   4   0    1      1     92.491275 2.215458  95.222860 0.382052  95.722543 2.268923   6  
  17  2   12   4   0    5      3     98.487449 0.649782  99.653371 0.979610 100.752693 3.234908   6  
  18  3   12   3   1    1      1    104.516946 2.148823 107.181896 0.262930 107.565012 2.452265   6  
  19  4   12   4   1    5      6    110.513149 0.849712 111.878939 0.761841 112.761718 3.251749   6  
  20  4   12   4   1    6      6    116.509318 0.699786 117.725214 0.568990 118.408140 3.601513   6  
  21  3   12   3   1    5      6    122.505517 0.832915 123.854651 0.522034 124.487595 3.518236   6  
  22  1   12   1   1    3      5    128.501703 1.082814 130.100696 0.712441 130.933487 3.068535   6  
  23  4   12   4   1    6      7    134.497892 0.649585 135.663805 0.136589 135.913650 4.084568   6  
  24  1   12   3   0    2      3    140.494028 1.649290 142.659359 0.087872 142.859240 3.135157   6  
  25  1   12   2   0    2      1    146.506903 1.549272 148.572249 0.398693 149.088621 2.918611   6  
  26  4   12   4   1    5      5    152.503101 0.849647 153.868895 0.648176 154.635070 3.368318   6  
  27  2   12   3   0    3      5    158.499285 1.549202 160.564637 0.421839 161.097637 2.901904   6  
  28  4   12   4   1    3      5    164.495472 1.265993 166.277663 0.369275 166.760701 3.234985   6  
  29  2   12   4   0    4      3    170.491661 1.565838 172.573650 0.525137 173.206597 2.785234   6  
  30  3   12   2   0    2      1    176.487834 1.999054 179.002906 0.196085 179.319378 2.668588   6  
  31  2   12   4   0    6      6    182.500692 0.733112 183.749886 0.492707 184.349517 3.651494   6  
  32  3   12   3   1    2      6    188.513522 1.516005 190.545562 0.419217 191.078571 2.935286   6  
  33  4   12   4   1    6      7    194.509718 0.616496 195.642331 0.380008 196.142017 3.868008   6  
  34  2   12   4   0    6      7    200.505895 0.699739 201.721778 0.481764 202.321402 3.684823   6  
  35  1   12   4   0    7      7    206.502069 0.583143 207.601381 0.375710 208.084419 3.917986   6  
  36  3   12   4   0    7      7    212.498236 0.716414 213.730809 0.503859 214.347110 3.651479   6  
  37  1   12   4   0    7      8    218.494452 0.666490 219.677027 0.362625 220.160085 3.834702   6  
  38  1   12   4   0    7      7    224.507292 0.633111 225.656567 0.348382 226.122940 3.884661   6  
  39  4   12   3   0    6      1    230.503488 1.032906 232.052510 0.346584 232.518872 3.484889   6  
  40  2   12   4   0    6      5    236.499675 0.766360 237.782176 0.503990 238.398455 3.601435   6  
  41  3   12   3   1    4      5    242.495848 1.266038 244.278043 0.628879 245.027570 2.968457   6  
  42  4   12   4   1    6      7    248.492037 0.649790 249.657958 0.560259 250.324214 3.667959   6  
  43  4   12   4   1    6      5    254.504885 0.583187 255.604182 0.393509 256.103855 3.901358   6  
  44  3   12   3   1    3      2    260.501052 1.449227 262.466472 0.635684 263.216014 2.785395   6  
  45  3   12   1   0    6      4    266.513921 0.999529 268.029628 0.641127 268.779130 3.235097   6  
  46  2   12   3   0    2      2    272.510102 1.865770 274.891905 0.505392 275.508190 2.502238   6  
  47  1   12   4   0    2      3    278.506281 1.682490 280.704886 0.366950 281.187935 2.818680   6  
  48  1   12   3   0    2      3    284.502463 1.465896 286.484529 0.001004 286.601145 3.401647   6  
  49  3   12   4   0    6      5    290.498636 0.899597 291.914422 0.259350 292.280855 3.718118   6  
  50  1   12   3   0    2      2    296.494850 1.615793 298.626816 0.609273 299.343037 2.652128   6  
  51  3   12   3   1    3      1    302.491035 1.882311 304.889494 0.595069 305.605705 2.385608   6  
  52  3   12   3   1    3      5    308.503871 1.332602 310.352674 0.479424 310.952304 3.051802   6  
  53  2   12   2   1    3      5    314.500058 1.432463 316.448799 0.244078 316.798600 3.201649   6  
  54  3   12   1   0    2      2    320.496244 1.815753 322.828083 0.400542 323.344437 2.651955   6  
  55  3   12   2   0    2      1    326.509080 1.982342 329.007486 0.320190 329.440545 2.568856   6  
  56  1   12   2   0    1      2    332.505259 2.148835 335.170234 0.273009 335.553333 2.452248   6  
  57  1   12   4   0    3      1    338.501447 1.449326 340.466876 0.548553 341.133110 2.868673   6  
  58  1   12   2   0    1      1    344.497645 2.215410 347.229238 0.321813 347.662321 2.335634   6  
  59  1   12   2   0    5      2    350.510477 0.733073 351.759682 0.732084 352.609155 3.401644   6  
  60  4   12   4   1    5      7    356.506662 0.782997 357.805842 0.376179 358.288871 3.718129   6  
  61  2   12   4   0    6      7    362.502857 0.749686 363.768709 0.304117 364.185132 3.818049   6  
  62  3   12   2   0    6      4    368.499039 0.816156 369.831509 0.410374 370.347862 3.651509   6  
  63  4   12   4   1    6      5    374.495224 0.682910 375.694460 0.350388 376.160847 3.834680   6  
  64  3   12   3   1    2      2    380.491397 1.899014 382.906540 0.696308 383.722686 2.268990   6  
  65  2   12   4   0    6      5    386.504262 0.633113 387.653518 0.530508 388.303106 3.701366   6  
  66  1   12   3   0    2      5    392.500451 1.699133 394.715694 0.341941 395.165415 2.835189   6  
  67  3   12   4   0    1      1    398.496628 2.148817 401.161602 0.358551 401.627967 2.368764   6  
  68  4   12   4   1    6      7    404.509457 0.682938 405.708703 0.839362 406.658110 3.351678   6  
  69  4   12   4   1    5      7    410.505656 0.749689 411.771518 0.803977 412.687600 3.318373   6  
  70  2   12   4   0    4      6    416.501823 1.432667 418.450589 0.700311 419.266745 2.735408   6  
  71  1   12   1   1    3      4    422.498019 1.715841 424.729942 0.612293 425.462802 2.535550   6  
  72  3   12   3   1    3      5    428.510850 1.399332 430.426311 0.431341 430.975970 3.035215   6  
  73  1   12   2   0    6      5    434.507054 0.832934 435.856292 0.835361 436.805601 3.201777   6  
  74  2   12   2   1    1      1    440.503244 2.082177 443.101598 0.304651 443.517994 2.485569   6  
  75  1   12   1   1    3      7    446.499421 1.266027 448.281626 1.039086 449.430904 2.568834   6  
  76  4   12   4   1    3      5    452.495609 1.332670 454.344443 0.787951 455.243872 2.752005   6  
  77  2   12   2   1    4      5    458.491793 1.149299 460.157392 0.518926 460.790324 3.201704   6  
  78  1   12   1   1    3      1    464.487984 1.865640 466.869801 0.888690 467.869173 2.119002   6  
  79  1   12   3   0    1      1    470.500816 2.065339 473.082506 0.299301 473.498926 2.502026   6  
  80  1   12   2   0    2      1    476.513662 1.632474 478.662293 0.498777 479.278575 2.735440   6  
  81  4   12   4   1    2      7    482.509852 1.032706 484.058869 0.392250 484.558551 3.451620   6  
  82  2   12   4   0    5      6    488.506032 0.849677 489.871837 0.589877 490.571393 3.434965   6  
  83  4   12   2   0    5      7    494.502235 0.982891 496.001261 0.488085 496.600888 3.401659   6  
  84  3   12   1   0    4      2    500.498403 1.199497 502.213989 0.750395 503.080108 2.918625   6  
  85  3   12   3   1    4      5    506.511235 1.366066 508.393383 0.443573 508.943033 3.068539   6  
  86  3   12   3   1    4      5    512.507429 1.732338 514.756005 0.665599 515.538852 2.468914   6  
  87  4   12   4   1    5      7    518.503616 0.816281 519.836116 0.649955 520.602291 3.401651   6  
  88  2   12   4   0    6      6    524.499806 0.599806 525.615763 1.027758 526.765028 3.235077   6  
  89  2   12   2   1    6      6    530.495964 0.866353 531.878441 0.406039 532.394791 3.601456   6  
  90  2   12   2   1    3      5    536.492188 1.732388 538.740748 0.657934 539.506930 2.485453   6  
]; % This session completes at 27-Jan-2019 18:36:32, 544.005s after session start, 540s on 90 trials, totally 569.963s.

