[2019-02-25 16:54:48.628] Calling `MetaTwinsTri_behave` for `zhanglin` at 25-Feb-2019 16:54:48(737481.7047294560).
[2019-02-25 16:54:51.909] Connection success.Timelag = 0.001 s
Load icoh 7 in RDMsc History file!!!
[2019-02-25 16:54:53.757] Initial coherence is 7.
[2019-02-25 16:54:53.761] Trying to open PTB window...
[easyPTB Info] Using 14.0 inch screen with PPI=157.8


PTB-INFO: This is Psychtoolbox-3 for Microsoft Windows, under Matlab 64-Bit (Version 3.0.14 - Build date: Oct  3 2017).
PTB-INFO: Support status on this operating system release: Windows version 10.0 supported and tested to some limited degree.
PTB-INFO: Type 'PsychtoolboxVersion' for more detailed version information.
PTB-INFO: Most parts of the Psychtoolbox distribution are licensed to you under terms of the MIT License, with
PTB-INFO: some restrictions. See file 'License.txt' in the Psychtoolbox root folder for the exact licensing conditions.

PTB-INFO: The detected endline of the vertical blank interval is equal or lower than the startline. This indicates
PTB-INFO: that i couldn't detect the duration of the vertical blank interval and won't be able to correct timestamps
PTB-INFO: for it. This will introduce a very small and constant offset (typically << 1 msec). Read 'help BeampositionQueries'
PTB-INFO: for how to correct this, should you really require that last few microseconds of precision.
PTB-INFO: Btw. this can also mean that your systems beamposition queries are slightly broken. It may help timing precision to
PTB-INFO: enable the beamposition workaround, as explained in 'help ConserveVRAMSettings', section 'kPsychUseBeampositionQueryWorkaround'.


PTB-INFO: OpenGL-Renderer is NVIDIA Corporation :: GeForce 940MX/PCIe/SSE2 :: 4.6.0 NVIDIA 391.25
PTB-INFO: VBL startline = 1080 , VBL Endline = 1080
PTB-INFO: Measured monitor refresh interval from beamposition = 16.659198 ms [60.026899 Hz].
PTB-INFO: Will use beamposition query for accurate Flip time stamping.
PTB-INFO: Measured monitor refresh interval from VBLsync = 16.664604 ms [60.007427 Hz]. (50 valid samples taken, stddev=0.117141 ms.)
PTB-INFO: Reported monitor refresh interval from operating system = 16.666667 ms [60.000000 Hz].
PTB-INFO: Small deviations between reported values are normal and no reason to worry.
PTB-INFO: Anti-Aliasing with 8 samples per pixel enabled.
PTB-INFO: ==============================================================================================================================
PTB-INFO: WINDOWS DWM DESKTOP COMPOSITOR IS ACTIVE. On this Windows-10 or later system, Psychtoolbox can no longer reliably detect if
PTB-INFO: this will cause trouble for timing and integrity of visual stimuli or not. You might be just fine, or you could be in trouble.
PTB-INFO: Use external measurement equipment and independent procedures to verify reliability of timing if you care about proper timing.
PTB-INFO: ==============================================================================================================================
[2019-02-25 16:54:56.848] PTB window opened.
[2019-02-25 16:54:56.849] Session 1 has 60 trials, requires ?6.5s, [2019-02-25 16:54:56.948] Preparation slide displayed.
[2019-02-25 16:55:07.180] 0 secs before recording, 2 secs before task.
                          time stamp 346346.5691306075, Flip delay: 0.0000000000.
time1228
time1228
[2019-02-25 17:01:09.178] 60 trials finished in 360s.
    session: 1
       icoh: 7
[2019-02-25 17:01:13.422] This session completes at 25-Feb-2019 17:01:11, 364.005s after session start, 360s on 60 trials, totally 382.556s.

[2019-02-25 17:01:13.423] MetaTwinsTri_behave ends at 25-Feb-2019 17:01:13(737481.7091831366), totally 6min24.798s passed.



[2019-02-25 17:01:55.454] Calling `MetaTwinsTri_behave` for `zhanglin` at 25-Feb-2019 17:01:55(737481.7096695834).
[2019-02-25 17:01:58.344] Connection success.Timelag = 0.002 s
Load icoh 7 in RDMsc History file!!!
[2019-02-25 17:01:58.361] Initial coherence is 7.
[2019-02-25 17:01:58.365] Trying to open PTB window...
[easyPTB Info] Using 14.0 inch screen with PPI=157.8


PTB-INFO: This is Psychtoolbox-3 for Microsoft Windows, under Matlab 64-Bit (Version 3.0.14 - Build date: Oct  3 2017).
PTB-INFO: Support status on this operating system release: Windows version 10.0 supported and tested to some limited degree.
PTB-INFO: Type 'PsychtoolboxVersion' for more detailed version information.
PTB-INFO: Most parts of the Psychtoolbox distribution are licensed to you under terms of the MIT License, with
PTB-INFO: some restrictions. See file 'License.txt' in the Psychtoolbox root folder for the exact licensing conditions.

PTB-INFO: The detected endline of the vertical blank interval is equal or lower than the startline. This indicates
PTB-INFO: that i couldn't detect the duration of the vertical blank interval and won't be able to correct timestamps
PTB-INFO: for it. This will introduce a very small and constant offset (typically << 1 msec). Read 'help BeampositionQueries'
PTB-INFO: for how to correct this, should you really require that last few microseconds of precision.
PTB-INFO: Btw. this can also mean that your systems beamposition queries are slightly broken. It may help timing precision to
PTB-INFO: enable the beamposition workaround, as explained in 'help ConserveVRAMSettings', section 'kPsychUseBeampositionQueryWorkaround'.


PTB-INFO: OpenGL-Renderer is NVIDIA Corporation :: GeForce 940MX/PCIe/SSE2 :: 4.6.0 NVIDIA 391.25
PTB-INFO: VBL startline = 1080 , VBL Endline = 1080
PTB-INFO: Measured monitor refresh interval from beamposition = 16.659039 ms [60.027473 Hz].
PTB-INFO: Will use beamposition query for accurate Flip time stamping.
PTB-INFO: Measured monitor refresh interval from VBLsync = 16.659490 ms [60.025847 Hz]. (50 valid samples taken, stddev=0.134458 ms.)
PTB-INFO: Reported monitor refresh interval from operating system = 16.666667 ms [60.000000 Hz].
PTB-INFO: Small deviations between reported values are normal and no reason to worry.
PTB-INFO: Anti-Aliasing with 8 samples per pixel enabled.
PTB-INFO: ==============================================================================================================================
PTB-INFO: WINDOWS DWM DESKTOP COMPOSITOR IS ACTIVE. On this Windows-10 or later system, Psychtoolbox can no longer reliably detect if
PTB-INFO: this will cause trouble for timing and integrity of visual stimuli or not. You might be just fine, or you could be in trouble.
PTB-INFO: Use external measurement equipment and independent procedures to verify reliability of timing if you care about proper timing.
PTB-INFO: ==============================================================================================================================
[2019-02-25 17:02:01.473] PTB window opened.
[2019-02-25 17:02:01.473] Session 2 has 60 trials, requires ?6.5s, [2019-02-25 17:02:01.573] Preparation slide displayed.
[2019-02-25 17:02:11.806] 0 secs before recording, 2 secs before task.
                          time stamp 346771.1934570111, Flip delay: 0.0000000000.
time1228
time1228
[2019-02-25 17:08:13.802] 60 trials finished in 360s.
    session: 2
       icoh: 7
[2019-02-25 17:08:18.051] This session completes at 25-Feb-2019 17:08:15, 364.004s after session start, 360s on 60 trials, totally 380.354s.

[2019-02-25 17:08:18.052] MetaTwinsTri_behave ends at 25-Feb-2019 17:08:18(737481.7140978125), totally 6min22.599s passed.



[2019-02-25 17:08:41.355] Calling `MetaTwinsTri_behave` for `zhanglin` at 25-Feb-2019 17:08:41(737481.7143675116).
[2019-02-25 17:08:44.370] Connection success.Timelag = 0.002 s
[¾¯¸æ: You are asking for session 3, which is not compatible with my memory
(which is 1)...
I will use yours if we continue...] 
[> In <a href="matlab:matlab.internal.language.introspective.errorDocCallback('MetaTwinsTri_behave', 'D:\BNUSync\src\MetaTwins\MetaTwinsTri_behave.m', 468)" style="font-weight:bold">MetaTwinsTri_behave</a> (<a href="matlab: opentoline('D:\BNUSync\src\MetaTwins\MetaTwinsTri_behave.m',468,0)">line 468</a>)] 
[2019-02-25 17:08:44.616] Trying to open PTB window...
[easyPTB Info] Using 14.0 inch screen with PPI=157.8


PTB-INFO: This is Psychtoolbox-3 for Microsoft Windows, under Matlab 64-Bit (Version 3.0.14 - Build date: Oct  3 2017).
PTB-INFO: Support status on this operating system release: Windows version 10.0 supported and tested to some limited degree.
PTB-INFO: Type 'PsychtoolboxVersion' for more detailed version information.
PTB-INFO: Most parts of the Psychtoolbox distribution are licensed to you under terms of the MIT License, with
PTB-INFO: some restrictions. See file 'License.txt' in the Psychtoolbox root folder for the exact licensing conditions.

PTB-INFO: The detected endline of the vertical blank interval is equal or lower than the startline. This indicates
PTB-INFO: that i couldn't detect the duration of the vertical blank interval and won't be able to correct timestamps
PTB-INFO: for it. This will introduce a very small and constant offset (typically << 1 msec). Read 'help BeampositionQueries'
PTB-INFO: for how to correct this, should you really require that last few microseconds of precision.
PTB-INFO: Btw. this can also mean that your systems beamposition queries are slightly broken. It may help timing precision to
PTB-INFO: enable the beamposition workaround, as explained in 'help ConserveVRAMSettings', section 'kPsychUseBeampositionQueryWorkaround'.


PTB-INFO: OpenGL-Renderer is NVIDIA Corporation :: GeForce 940MX/PCIe/SSE2 :: 4.6.0 NVIDIA 391.25
PTB-INFO: VBL startline = 1080 , VBL Endline = 1080
PTB-INFO: Measured monitor refresh interval from beamposition = 16.659082 ms [60.027319 Hz].
PTB-INFO: Will use beamposition query for accurate Flip time stamping.
PTB-INFO: Measured monitor refresh interval from VBLsync = 16.657450 ms [60.033198 Hz]. (50 valid samples taken, stddev=0.166204 ms.)
PTB-INFO: Reported monitor refresh interval from operating system = 16.666667 ms [60.000000 Hz].
PTB-INFO: Small deviations between reported values are normal and no reason to worry.
PTB-INFO: Anti-Aliasing with 8 samples per pixel enabled.
PTB-INFO: ==============================================================================================================================
PTB-INFO: WINDOWS DWM DESKTOP COMPOSITOR IS ACTIVE. On this Windows-10 or later system, Psychtoolbox can no longer reliably detect if
PTB-INFO: this will cause trouble for timing and integrity of visual stimuli or not. You might be just fine, or you could be in trouble.
PTB-INFO: Use external measurement equipment and independent procedures to verify reliability of timing if you care about proper timing.
PTB-INFO: ==============================================================================================================================
[2019-02-25 17:08:47.705] PTB window opened.
[2019-02-25 17:08:47.705] Session 3 has 60 trials, requires ?6.5s, [2019-02-25 17:08:47.822] Preparation slide displayed.
[2019-02-25 17:08:58.068] 0 secs before recording, 2 secs before task.
                          time stamp 347177.4595226523, Flip delay: 0.0000000000.
time1228
time1228
[2019-02-25 17:15:00.068] 60 trials finished in 360s.
    session: 3
       icoh: 9
[2019-02-25 17:15:04.313] This session completes at 25-Feb-2019 17:15:02, 364.005s after session start, 360s on 60 trials, totally 380.719s.

[2019-02-25 17:15:04.314] MetaTwinsTri_behave ends at 25-Feb-2019 17:15:04(737481.7187999190), totally 6min22.96s passed.



[2019-02-25 17:15:19.615] Calling `MetaTwinsTri_behave` for `zhanglin` at 25-Feb-2019 17:15:19(737481.7189770023).
[2019-02-25 17:15:22.638] Connection success.Timelag = 0.002 s
[2019-02-25 17:15:28.644] Trying to open PTB window...
[easyPTB Info] Using 14.0 inch screen with PPI=157.8


PTB-INFO: This is Psychtoolbox-3 for Microsoft Windows, under Matlab 64-Bit (Version 3.0.14 - Build date: Oct  3 2017).
PTB-INFO: Support status on this operating system release: Windows version 10.0 supported and tested to some limited degree.
PTB-INFO: Type 'PsychtoolboxVersion' for more detailed version information.
PTB-INFO: Most parts of the Psychtoolbox distribution are licensed to you under terms of the MIT License, with
PTB-INFO: some restrictions. See file 'License.txt' in the Psychtoolbox root folder for the exact licensing conditions.

PTB-INFO: The detected endline of the vertical blank interval is equal or lower than the startline. This indicates
PTB-INFO: that i couldn't detect the duration of the vertical blank interval and won't be able to correct timestamps
PTB-INFO: for it. This will introduce a very small and constant offset (typically << 1 msec). Read 'help BeampositionQueries'
PTB-INFO: for how to correct this, should you really require that last few microseconds of precision.
PTB-INFO: Btw. this can also mean that your systems beamposition queries are slightly broken. It may help timing precision to
PTB-INFO: enable the beamposition workaround, as explained in 'help ConserveVRAMSettings', section 'kPsychUseBeampositionQueryWorkaround'.


PTB-INFO: OpenGL-Renderer is NVIDIA Corporation :: GeForce 940MX/PCIe/SSE2 :: 4.6.0 NVIDIA 391.25
PTB-INFO: VBL startline = 1080 , VBL Endline = 1080
PTB-INFO: Measured monitor refresh interval from beamposition = 16.658847 ms [60.028164 Hz].
PTB-INFO: Will use beamposition query for accurate Flip time stamping.
PTB-INFO: Measured monitor refresh interval from VBLsync = 16.664602 ms [60.007434 Hz]. (50 valid samples taken, stddev=0.167970 ms.)
PTB-INFO: Reported monitor refresh interval from operating system = 16.666667 ms [60.000000 Hz].
PTB-INFO: Small deviations between reported values are normal and no reason to worry.
PTB-INFO: Anti-Aliasing with 8 samples per pixel enabled.
PTB-INFO: ==============================================================================================================================
PTB-INFO: WINDOWS DWM DESKTOP COMPOSITOR IS ACTIVE. On this Windows-10 or later system, Psychtoolbox can no longer reliably detect if
PTB-INFO: this will cause trouble for timing and integrity of visual stimuli or not. You might be just fine, or you could be in trouble.
PTB-INFO: Use external measurement equipment and independent procedures to verify reliability of timing if you care about proper timing.
PTB-INFO: ==============================================================================================================================
[2019-02-25 17:15:31.706] PTB window opened.
[2019-02-25 17:15:31.706] Session 4 has 60 trials, requires ?6.5s, [2019-02-25 17:15:31.823] Preparation slide displayed.
[2019-02-25 17:15:42.102] 0 secs before recording, 2 secs before task.
                          time stamp 347581.4931958265, Flip delay: 0.0000000000.
time1228
time1228
[2019-02-25 17:21:44.101] 60 trials finished in 360s.
    session: 4
       icoh: 9
[2019-02-25 17:21:48.361] This session completes at 25-Feb-2019 17:21:46, 364.004s after session start, 360s on 60 trials, totally 386.492s.

[2019-02-25 17:21:48.362] MetaTwinsTri_behave ends at 25-Feb-2019 17:21:48(737481.7234764005), totally 6min28.748s passed.



[2019-02-25 17:22:11.063] Calling `MetaTwinsTri_behave` for `zhanglin` at 25-Feb-2019 17:22:11(737481.7237391319).
[2019-02-25 17:22:14.091] Connection success.Timelag = 0.006 s
[2019-02-25 17:22:14.879] Trying to open PTB window...
[easyPTB Info] Using 14.0 inch screen with PPI=157.8


PTB-INFO: This is Psychtoolbox-3 for Microsoft Windows, under Matlab 64-Bit (Version 3.0.14 - Build date: Oct  3 2017).
PTB-INFO: Support status on this operating system release: Windows version 10.0 supported and tested to some limited degree.
PTB-INFO: Type 'PsychtoolboxVersion' for more detailed version information.
PTB-INFO: Most parts of the Psychtoolbox distribution are licensed to you under terms of the MIT License, with
PTB-INFO: some restrictions. See file 'License.txt' in the Psychtoolbox root folder for the exact licensing conditions.

PTB-INFO: The detected endline of the vertical blank interval is equal or lower than the startline. This indicates
PTB-INFO: that i couldn't detect the duration of the vertical blank interval and won't be able to correct timestamps
PTB-INFO: for it. This will introduce a very small and constant offset (typically << 1 msec). Read 'help BeampositionQueries'
PTB-INFO: for how to correct this, should you really require that last few microseconds of precision.
PTB-INFO: Btw. this can also mean that your systems beamposition queries are slightly broken. It may help timing precision to
PTB-INFO: enable the beamposition workaround, as explained in 'help ConserveVRAMSettings', section 'kPsychUseBeampositionQueryWorkaround'.


PTB-INFO: OpenGL-Renderer is NVIDIA Corporation :: GeForce 940MX/PCIe/SSE2 :: 4.6.0 NVIDIA 391.25
PTB-INFO: VBL startline = 1080 , VBL Endline = 1080
PTB-INFO: Measured monitor refresh interval from beamposition = 16.659200 ms [60.026892 Hz].
PTB-INFO: Will use beamposition query for accurate Flip time stamping.
PTB-INFO: Measured monitor refresh interval from VBLsync = 16.659674 ms [60.025184 Hz]. (50 valid samples taken, stddev=0.130657 ms.)
PTB-INFO: Reported monitor refresh interval from operating system = 16.666667 ms [60.000000 Hz].
PTB-INFO: Small deviations between reported values are normal and no reason to worry.
PTB-INFO: Anti-Aliasing with 8 samples per pixel enabled.
PTB-INFO: ==============================================================================================================================
PTB-INFO: WINDOWS DWM DESKTOP COMPOSITOR IS ACTIVE. On this Windows-10 or later system, Psychtoolbox can no longer reliably detect if
PTB-INFO: this will cause trouble for timing and integrity of visual stimuli or not. You might be just fine, or you could be in trouble.
PTB-INFO: Use external measurement equipment and independent procedures to verify reliability of timing if you care about proper timing.
PTB-INFO: ==============================================================================================================================
[2019-02-25 17:22:17.955] PTB window opened.
[2019-02-25 17:22:17.955] Session 5 has 60 trials, requires ?6.5s, [2019-02-25 17:22:18.072] Preparation slide displayed.
[2019-02-25 17:22:28.785] 0 secs before recording, 2 secs before task.
                          time stamp 347988.1756431220, Flip delay: 0.0000000000.
time1228
time1228
[2019-02-25 17:28:30.784] 60 trials finished in 360s.
    session: 5
       icoh: 9
[2019-02-25 17:28:35.032] This session completes at 25-Feb-2019 17:28:32, 364.004s after session start, 360s on 60 trials, totally 381.726s.

[2019-02-25 17:28:35.033] MetaTwinsTri_behave ends at 25-Feb-2019 17:28:35(737481.7281832408), totally 6min23.971s passed.



[2019-02-25 17:28:47.320] Calling `MetaTwinsTri_behave` for `zhanglin` at 25-Feb-2019 17:28:47(737481.7283254282).
[2019-02-25 17:28:50.353] Connection success.Timelag = 0.002 s
[2019-02-25 17:28:51.452] Trying to open PTB window...
[easyPTB Info] Using 14.0 inch screen with PPI=157.8


PTB-INFO: This is Psychtoolbox-3 for Microsoft Windows, under Matlab 64-Bit (Version 3.0.14 - Build date: Oct  3 2017).
PTB-INFO: Support status on this operating system release: Windows version 10.0 supported and tested to some limited degree.
PTB-INFO: Type 'PsychtoolboxVersion' for more detailed version information.
PTB-INFO: Most parts of the Psychtoolbox distribution are licensed to you under terms of the MIT License, with
PTB-INFO: some restrictions. See file 'License.txt' in the Psychtoolbox root folder for the exact licensing conditions.

PTB-INFO: The detected endline of the vertical blank interval is equal or lower than the startline. This indicates
PTB-INFO: that i couldn't detect the duration of the vertical blank interval and won't be able to correct timestamps
PTB-INFO: for it. This will introduce a very small and constant offset (typically << 1 msec). Read 'help BeampositionQueries'
PTB-INFO: for how to correct this, should you really require that last few microseconds of precision.
PTB-INFO: Btw. this can also mean that your systems beamposition queries are slightly broken. It may help timing precision to
PTB-INFO: enable the beamposition workaround, as explained in 'help ConserveVRAMSettings', section 'kPsychUseBeampositionQueryWorkaround'.


PTB-INFO: OpenGL-Renderer is NVIDIA Corporation :: GeForce 940MX/PCIe/SSE2 :: 4.6.0 NVIDIA 391.25
PTB-INFO: VBL startline = 1080 , VBL Endline = 1080
PTB-INFO: Measured monitor refresh interval from beamposition = 16.659127 ms [60.027157 Hz].
PTB-INFO: Will use beamposition query for accurate Flip time stamping.
PTB-INFO: Measured monitor refresh interval from VBLsync = 16.668148 ms [59.994668 Hz]. (50 valid samples taken, stddev=0.141620 ms.)
PTB-INFO: Reported monitor refresh interval from operating system = 16.666667 ms [60.000000 Hz].
PTB-INFO: Small deviations between reported values are normal and no reason to worry.
PTB-INFO: Anti-Aliasing with 8 samples per pixel enabled.
PTB-INFO: ==============================================================================================================================
PTB-INFO: WINDOWS DWM DESKTOP COMPOSITOR IS ACTIVE. On this Windows-10 or later system, Psychtoolbox can no longer reliably detect if
PTB-INFO: this will cause trouble for timing and integrity of visual stimuli or not. You might be just fine, or you could be in trouble.
PTB-INFO: Use external measurement equipment and independent procedures to verify reliability of timing if you care about proper timing.
PTB-INFO: ==============================================================================================================================
[2019-02-25 17:28:54.526] PTB window opened.
[2019-02-25 17:28:54.526] Session 6 has 60 trials, requires ?6.5s, [2019-02-25 17:28:54.642] Preparation slide displayed.
[2019-02-25 17:29:04.738] 0 secs before recording, 2 secs before task.
                          time stamp 348384.1296848310, Flip delay: 0.0000000000.
time1228
time1228
[2019-02-25 17:35:06.738] 60 trials finished in 360s.
    session: 6
       icoh: 9
[2019-02-25 17:35:11.004] This session completes at 25-Feb-2019 17:35:08, 364.003s after session start, 360s on 60 trials, totally 381.424s.

[2019-02-25 17:35:11.005] MetaTwinsTri_behave ends at 25-Feb-2019 17:35:11(737481.7327662616), totally 6min23.688s passed.



