%% MetaTwinsTri_behave_Conf for '_guess': starting at zhangxin (       48.0000000000).9-Jul-2019 16:34:397.376157e+05 for '
record = [
%  n dir coh resp isc conf conforig    osti      rtime     oconf     ctime     oisi       iti   total
   1  3   12   2   0    6      6      2.498859 1.416639   4.431316 0.531745   5.081032 2.918064   6  
   2  2   12   1   0    6      6      8.496144 1.516268  10.528561 0.486614  11.144942 2.851404   6  
   3  4   12   4   1    5      5     14.493425 2.066066  17.075599 1.156841  18.358341 1.635276   6  
   4  4   12   2   0    6      5     20.490704 1.666308  22.673052 0.940233  23.739242 2.251611   6  
   5  1   12   2   0    5      6     26.487982 1.782851  28.786938 1.370511  30.286267 1.701864   6  
   6  2   12   1   0    6      5     32.501935 1.416332  34.434392 0.984213  35.533886 2.468166   6  
   7  3   12   4   0    2      5     38.499213 2.365836  41.381234 0.604189  42.114237 1.885059   6  
   8  1   12   2   0    5      1     44.496487 1.732843  46.745464 1.129240  47.994897 2.001659   6  
   9  2   12   3   0    6      4     50.510426 1.832715  52.859358 1.260931  54.242065 1.768598   6  
  10  3   12   1   0    1      1     56.507709 2.382605  59.406391 0.721994  60.256004 1.751937   6  
  11  3   12   2   0    7      3     62.504990 1.199619  64.220878 1.602396  65.953423 2.051793   6  
  12  4   12   1   0    6      3     68.502276 1.466380  70.484709 0.599339  71.201047 2.801456   6  
  13  1   12   1   1    5      3     74.499551 1.949481  76.965095 0.651595  77.731415 2.268357   6  
  14  3   12   4   0    3      5     80.513490 2.065863  83.095651 0.669100  83.895292 2.118426   6  
  15  1   12   2   0    5      5     86.510759 1.732847  88.759749 0.737146  89.626026 2.384969   6  
  16  4   12   1   0    2      3     92.508061 2.166027  95.190162 0.473941  95.789892 2.218385   6  
  17  2   12   2   1    5      3     98.505330 1.616081 100.637703 1.088642 101.853811 2.151754   6  
  18  1   12   1   1    2      2    104.502607 2.265976 107.284680 0.481602 107.884404 2.118443   6  
  19  1   12   2   0    5      3    110.499888 1.532935 112.548969 1.060180 113.731752 2.268373   6  
  20  2   12   3   0    4      6    116.497180 1.816132 118.829449 1.074890 120.028908 1.968505   6  
  21  4   12   4   1    5      6    122.494457 1.682701 124.693462 0.738782 125.559728 2.434944   6  
  22  2   12   2   1    4      5    128.491743 1.832865 130.840670 1.626917 132.589872 1.402071   6  
  23  3   12   2   0    2      3    134.505676 2.349262 137.371037 0.294557 137.787516 2.218346   6  
  24  4   12   1   0    1      3    140.502945 2.365929 143.384976 0.000994 143.518263 2.484846   6  
  25  1   12  -1   0    1      3    146.500235 2.499202 149.015776 0.987458 150.131924 1.868466   6  
  26  3   12   3   1    5      1    152.497524 1.532976 154.546587 1.017684 155.679420 2.318227   6  
  27  4   12   1   0    2      5    158.494789 2.082581 161.093621 0.610722 161.826621 2.168276   6  
  28  3   12   2   0    4      5    164.492078 1.849523 166.857672 1.470006 168.456939 1.535214   6  
  29  3   12   4   0    4      5    170.489350 1.982610 172.988223 0.602564 173.721226 2.268198   6  
  30  1   12   1   1    2      2    176.503295 2.265936 179.285373 0.676925 180.085010 1.918512   6  
  31  1   12   3   0    7      7    182.500586 1.249641 184.266435 0.848908 185.232682 2.768116   6  
  32  2   12   2   1    5      5    188.514516 1.649648 190.680202 0.547681 191.346560 2.668188   6  
  33  3   12   4   0    7      5    194.511798 1.166601 196.194362 0.551081 196.860727 3.151290   6  
  34  4   12  -1   0    1      1    200.509084 2.499104 203.024621 1.000186 204.140772 1.868532   6  
  35  1   12   2   0    7      3    206.506355 1.033204 208.055661 0.688960 208.871954 3.134636   6  
  36  1   12   4   0    4      3    212.503646 1.782844 214.802590 0.575999 215.502276 2.501588   6  
  37  4   12   1   0    7      5    218.500923 1.149888 220.166835 0.456137 220.749898 3.251254   6  
  38  4   12   3   0    6      6    224.498205 1.233145 226.247413 0.577925 226.947089 3.051344   6  
  39  3   12   3   1    5      5    230.495479 1.716277 232.727807 1.136400 233.993896 2.001809   6  
  40  1   12   1   1    8      5    236.509424 0.899925 237.925435 0.712336 238.758407 3.251245   6  
  41  3   12   2   0    6      3    242.506705 1.499617 244.522462 0.500992 245.138846 2.868086   6  
  42  1   12   4   0    6      6    248.503976 1.349708 250.369799 0.468028 250.952873 3.051331   6  
  43  4   12   1   0    5      5    254.501259 1.532984 256.550330 0.716825 257.383285 2.618188   6  
  44  2   12   2   1    5      3    260.498541 1.949418 262.964092 0.815178 263.897008 2.101719   6  
  45  1   12   3   0    3      6    266.495824 1.866162 268.878077 0.591315 269.594417 2.401559   6  
  46  4   12   2   0    2      5    272.493108 2.049302 275.058613 0.407031 275.591701 2.401549   6  
  47  4   12   4   1    4      5    278.490389 1.949499 280.955924 0.636596 281.722251 2.268260   6  
  48  2   12   1   0    7      7    284.487656 1.149798 286.153579 0.547555 286.819937 3.167815   6  
  49  2   12   3   0    2      5    290.501605 2.216041 293.233692 0.395896 293.750124 2.251547   6  
  50  3   12   1   0    5      3    296.515550 1.566306 298.597933 1.017821 299.730756 2.285013   6  
  51  2   12   4   0    5      5    302.512824 1.749431 304.778474 0.543420 305.444826 2.568223   6  
  52  3   12   3   1    3      5    308.510103 1.699548 310.725768 1.579190 312.425004 1.585335   6  
  53  2   12   2   1    6      5    314.507382 1.699568 316.723041 1.689906 318.538895 1.468726   6  
  54  2   12   1   0    3      6    320.504665 1.716235 322.736982 0.852259 323.703224 2.301670   6  
  55  2   12   3   0    5      5    326.501942 1.816287 328.834215 0.263141 329.217377 2.784795   6  
  56  4   12   4   1    3      5    332.499231 2.032603 335.048081 0.634565 335.797739 2.201714   6  
  57  3   12   3   1    4      5    338.496513 1.966292 340.978716 0.362740 341.461836 2.534907   6  
  58  1   12   1   1    8      7    344.510446 0.883324 345.909814 0.678319 346.709451 3.301225   6  
  59  2   12   4   0    5      5    350.507721 1.949391 352.973285 0.771784 353.872869 2.135100   6  
  60  4   12   1   0    7      5    356.505010 0.999653 358.020982 0.740535 358.887256 3.117982   6  
]; % This session completes at 09-Jul-2019 16:40:57, 364.004s after session start, 360s on 60 trials, totally 377.474s.

