[2019-01-20 16:09:06.549] Calling `MetaTwins_RDMsc_training` for `puzimiao` at 20-Jan-2019 16:09:04(737445.6729658797).
[2019-01-20 16:09:12.104] Initial coherence is 90 .
                          Running MetaTwins_RDMsc_training('puzimiao', 1, [2019-01-20 16:09:12.121] Session 1 has 60 trials, requires 454s, 7.5s per trial.
[2019-01-20 16:09:13.124] Trying to open PTB window...
[easyPTB Info] Using 14.0 inch screen with PPI=157.8


PTB-INFO: This is Psychtoolbox-3 for Microsoft Windows, under Matlab 64-Bit (Version 3.0.14 - Build date: Oct  3 2017).
PTB-INFO: Support status on this operating system release: Windows version 10.0 supported and tested to some limited degree.
PTB-INFO: Type 'PsychtoolboxVersion' for more detailed version information.
PTB-INFO: Most parts of the Psychtoolbox distribution are licensed to you under terms of the MIT License, with
PTB-INFO: some restrictions. See file 'License.txt' in the Psychtoolbox root folder for the exact licensing conditions.

PTB-INFO: The detected endline of the vertical blank interval is equal or lower than the startline. This indicates
PTB-INFO: that i couldn't detect the duration of the vertical blank interval and won't be able to correct timestamps
PTB-INFO: for it. This will introduce a very small and constant offset (typically << 1 msec). Read 'help BeampositionQueries'
PTB-INFO: for how to correct this, should you really require that last few microseconds of precision.
PTB-INFO: Btw. this can also mean that your systems beamposition queries are slightly broken. It may help timing precision to
PTB-INFO: enable the beamposition workaround, as explained in 'help ConserveVRAMSettings', section 'kPsychUseBeampositionQueryWorkaround'.


PTB-INFO: OpenGL-Renderer is NVIDIA Corporation :: GeForce 940MX/PCIe/SSE2 :: 4.6.0 NVIDIA 391.25
PTB-INFO: VBL startline = 1080 , VBL Endline = 1080
PTB-INFO: Measured monitor refresh interval from beamposition = 16.659145 ms [60.027091 Hz].
PTB-INFO: Will use beamposition query for accurate Flip time stamping.
PTB-INFO: Measured monitor refresh interval from VBLsync = 16.662494 ms [60.015025 Hz]. (50 valid samples taken, stddev=0.134287 ms.)
PTB-INFO: Reported monitor refresh interval from operating system = 16.666667 ms [60.000000 Hz].
PTB-INFO: Small deviations between reported values are normal and no reason to worry.
PTB-INFO: Anti-Aliasing with 8 samples per pixel enabled.
PTB-INFO: ==============================================================================================================================
PTB-INFO: WINDOWS DWM DESKTOP COMPOSITOR IS ACTIVE. On this Windows-10 or later system, Psychtoolbox can no longer reliably detect if
PTB-INFO: this will cause trouble for timing and integrity of visual stimuli or not. You might be just fine, or you could be in trouble.
PTB-INFO: Use external measurement equipment and independent procedures to verify reliability of timing if you care about proper timing.
PTB-INFO: ==============================================================================================================================
[2019-01-20 16:09:15.908] PTB window opened.
[2019-01-20 16:09:16.389] Preparation slide displayed.
[2019-01-20 16:09:30.115] fMRI trigger recieved. 0 secs before recording, 2 secs before task.
                          time stamp 318460.1566746059, Flip delay: 0.0168283682.
[2019-01-20 16:15:07.098] 60 trials finished in 335s.
         icoh: 90
      session: 1
      lastcoh: 27
    recentcoh: 24.6000

[2019-01-20 16:15:11.484] This session completes at 20-Jan-2019 16:15:09, 339.007s after session start, 335s on 60 trials, totally 364.853s, correctness is 68.333%.


corr_isc_conf: 0.4983

AUC: 0.7965
[2019-01-20 16:15:11.534] MetaTwins_RDMsc_training ends at 20-Jan-2019 16:15:11(737445.6772168172), totally 6min7.281s passed.



[2019-01-20 16:18:22.744] Calling `MetaTwins_RDMsc_training` for `puzimiao` at 20-Jan-2019 16:18:22(737445.6794298495).
                          Running MetaTwins_RDMsc_training('puzimiao', 2, [2019-01-20 16:18:22.774] Session 2 has 60 trials, requires 454s, 7.5s per trial.
[2019-01-20 16:18:23.763] Trying to open PTB window...
[easyPTB Info] Using 14.0 inch screen with PPI=157.8


PTB-INFO: This is Psychtoolbox-3 for Microsoft Windows, under Matlab 64-Bit (Version 3.0.14 - Build date: Oct  3 2017).
PTB-INFO: Support status on this operating system release: Windows version 10.0 supported and tested to some limited degree.
PTB-INFO: Type 'PsychtoolboxVersion' for more detailed version information.
PTB-INFO: Most parts of the Psychtoolbox distribution are licensed to you under terms of the MIT License, with
PTB-INFO: some restrictions. See file 'License.txt' in the Psychtoolbox root folder for the exact licensing conditions.

PTB-INFO: The detected endline of the vertical blank interval is equal or lower than the startline. This indicates
PTB-INFO: that i couldn't detect the duration of the vertical blank interval and won't be able to correct timestamps
PTB-INFO: for it. This will introduce a very small and constant offset (typically << 1 msec). Read 'help BeampositionQueries'
PTB-INFO: for how to correct this, should you really require that last few microseconds of precision.
PTB-INFO: Btw. this can also mean that your systems beamposition queries are slightly broken. It may help timing precision to
PTB-INFO: enable the beamposition workaround, as explained in 'help ConserveVRAMSettings', section 'kPsychUseBeampositionQueryWorkaround'.


PTB-INFO: OpenGL-Renderer is NVIDIA Corporation :: GeForce 940MX/PCIe/SSE2 :: 4.6.0 NVIDIA 391.25
PTB-INFO: VBL startline = 1080 , VBL Endline = 1080
PTB-INFO: Measured monitor refresh interval from beamposition = 16.659129 ms [60.027149 Hz].
PTB-INFO: Will use beamposition query for accurate Flip time stamping.
PTB-INFO: Measured monitor refresh interval from VBLsync = 16.657728 ms [60.032196 Hz]. (50 valid samples taken, stddev=0.139324 ms.)
PTB-INFO: Reported monitor refresh interval from operating system = 16.666667 ms [60.000000 Hz].
PTB-INFO: Small deviations between reported values are normal and no reason to worry.
PTB-INFO: Anti-Aliasing with 8 samples per pixel enabled.
PTB-INFO: ==============================================================================================================================
PTB-INFO: WINDOWS DWM DESKTOP COMPOSITOR IS ACTIVE. On this Windows-10 or later system, Psychtoolbox can no longer reliably detect if
PTB-INFO: this will cause trouble for timing and integrity of visual stimuli or not. You might be just fine, or you could be in trouble.
PTB-INFO: Use external measurement equipment and independent procedures to verify reliability of timing if you care about proper timing.
PTB-INFO: ==============================================================================================================================
[2019-01-20 16:18:26.492] PTB window opened.
[2019-01-20 16:18:26.622] Preparation slide displayed.
[2019-01-20 16:18:35.834] fMRI trigger recieved. 0 secs before recording, 2 secs before task.
                          time stamp 319005.8762479657, Flip delay: 0.0166860720.
[2019-01-20 16:24:14.818] 60 trials finished in 337s.
         icoh: 90
      session: 2
      lastcoh: 16
    recentcoh: 17.7000

[2019-01-20 16:24:19.168] This session completes at 20-Jan-2019 16:24:16, 341.003s after session start, 337s on 60 trials, totally 354.082s, correctness is 46.667%.


corr_isc_conf: 0.2007

AUC: 0.6010
[2019-01-20 16:24:19.216] MetaTwins_RDMsc_training ends at 20-Jan-2019 16:24:19(737445.6835557408), totally 5min56.477s passed.



[2019-01-20 16:24:31.461] Calling `MetaTwins_RDMsc_training` for `puzimiao` at 20-Jan-2019 16:24:31(737445.6836974190).
                          Running MetaTwins_RDMsc_training('puzimiao', 3, [2019-01-20 16:24:31.479] Session 3 has 60 trials, requires 454s, 7.5s per trial.
[2019-01-20 16:24:32.470] Trying to open PTB window...
[easyPTB Info] Using 14.0 inch screen with PPI=157.8


PTB-INFO: This is Psychtoolbox-3 for Microsoft Windows, under Matlab 64-Bit (Version 3.0.14 - Build date: Oct  3 2017).
PTB-INFO: Support status on this operating system release: Windows version 10.0 supported and tested to some limited degree.
PTB-INFO: Type 'PsychtoolboxVersion' for more detailed version information.
PTB-INFO: Most parts of the Psychtoolbox distribution are licensed to you under terms of the MIT License, with
PTB-INFO: some restrictions. See file 'License.txt' in the Psychtoolbox root folder for the exact licensing conditions.

PTB-INFO: The detected endline of the vertical blank interval is equal or lower than the startline. This indicates
PTB-INFO: that i couldn't detect the duration of the vertical blank interval and won't be able to correct timestamps
PTB-INFO: for it. This will introduce a very small and constant offset (typically << 1 msec). Read 'help BeampositionQueries'
PTB-INFO: for how to correct this, should you really require that last few microseconds of precision.
PTB-INFO: Btw. this can also mean that your systems beamposition queries are slightly broken. It may help timing precision to
PTB-INFO: enable the beamposition workaround, as explained in 'help ConserveVRAMSettings', section 'kPsychUseBeampositionQueryWorkaround'.


PTB-INFO: OpenGL-Renderer is NVIDIA Corporation :: GeForce 940MX/PCIe/SSE2 :: 4.6.0 NVIDIA 391.25
PTB-INFO: VBL startline = 1080 , VBL Endline = 1080
PTB-INFO: Measured monitor refresh interval from beamposition = 16.659049 ms [60.027436 Hz].
PTB-INFO: Will use beamposition query for accurate Flip time stamping.
PTB-INFO: Measured monitor refresh interval from VBLsync = 16.661836 ms [60.017395 Hz]. (50 valid samples taken, stddev=0.139539 ms.)
PTB-INFO: Reported monitor refresh interval from operating system = 16.666667 ms [60.000000 Hz].
PTB-INFO: Small deviations between reported values are normal and no reason to worry.
PTB-INFO: Anti-Aliasing with 8 samples per pixel enabled.
PTB-INFO: ==============================================================================================================================
PTB-INFO: WINDOWS DWM DESKTOP COMPOSITOR IS ACTIVE. On this Windows-10 or later system, Psychtoolbox can no longer reliably detect if
PTB-INFO: this will cause trouble for timing and integrity of visual stimuli or not. You might be just fine, or you could be in trouble.
PTB-INFO: Use external measurement equipment and independent procedures to verify reliability of timing if you care about proper timing.
PTB-INFO: ==============================================================================================================================
[2019-01-20 16:24:35.208] PTB window opened.
[2019-01-20 16:24:35.338] Preparation slide displayed.
[2019-01-20 16:24:40.870] fMRI trigger recieved. 0 secs before recording, 2 secs before task.
                          time stamp 319370.9107765438, Flip delay: 0.0167937512.
[2019-01-20 16:30:15.852] 60 trials finished in 333s.
         icoh: 90
      session: 3
      lastcoh: 30
    recentcoh: 27.9000

[2019-01-20 16:30:20.229] This session completes at 20-Jan-2019 16:30:17, 337.003s after session start, 333s on 60 trials, totally 346.398s, correctness is 40.000%.


corr_isc_conf: 0.2514

AUC: 0.6417
[2019-01-20 16:30:20.271] MetaTwins_RDMsc_training ends at 20-Jan-2019 16:30:20(737445.6877346181), totally 5min48.814s passed.



[2019-01-20 16:30:43.325] Calling `MetaTwins_RDMsc_training` for `puzimiao` at 20-Jan-2019 16:30:43(737445.6880013889).
[2019-01-20 16:30:47.841] Initial coherence is 15 .
                          Running MetaTwins_RDMsc_training('puzimiao', 1, [2019-01-20 16:30:47.868] Session 1 has 60 trials, requires 334s, 5.5s per trial.
[2019-01-20 16:30:48.857] Trying to open PTB window...
[easyPTB Info] Using 14.0 inch screen with PPI=157.8


PTB-INFO: This is Psychtoolbox-3 for Microsoft Windows, under Matlab 64-Bit (Version 3.0.14 - Build date: Oct  3 2017).
PTB-INFO: Support status on this operating system release: Windows version 10.0 supported and tested to some limited degree.
PTB-INFO: Type 'PsychtoolboxVersion' for more detailed version information.
PTB-INFO: Most parts of the Psychtoolbox distribution are licensed to you under terms of the MIT License, with
PTB-INFO: some restrictions. See file 'License.txt' in the Psychtoolbox root folder for the exact licensing conditions.

PTB-INFO: The detected endline of the vertical blank interval is equal or lower than the startline. This indicates
PTB-INFO: that i couldn't detect the duration of the vertical blank interval and won't be able to correct timestamps
PTB-INFO: for it. This will introduce a very small and constant offset (typically << 1 msec). Read 'help BeampositionQueries'
PTB-INFO: for how to correct this, should you really require that last few microseconds of precision.
PTB-INFO: Btw. this can also mean that your systems beamposition queries are slightly broken. It may help timing precision to
PTB-INFO: enable the beamposition workaround, as explained in 'help ConserveVRAMSettings', section 'kPsychUseBeampositionQueryWorkaround'.


PTB-INFO: OpenGL-Renderer is NVIDIA Corporation :: GeForce 940MX/PCIe/SSE2 :: 4.6.0 NVIDIA 391.25
PTB-INFO: VBL startline = 1080 , VBL Endline = 1080
PTB-INFO: Measured monitor refresh interval from beamposition = 16.659108 ms [60.027223 Hz].
PTB-INFO: Will use beamposition query for accurate Flip time stamping.
PTB-INFO: Measured monitor refresh interval from VBLsync = 16.660324 ms [60.022842 Hz]. (50 valid samples taken, stddev=0.147747 ms.)
PTB-INFO: Reported monitor refresh interval from operating system = 16.666667 ms [60.000000 Hz].
PTB-INFO: Small deviations between reported values are normal and no reason to worry.
PTB-INFO: Anti-Aliasing with 8 samples per pixel enabled.
PTB-INFO: ==============================================================================================================================
PTB-INFO: WINDOWS DWM DESKTOP COMPOSITOR IS ACTIVE. On this Windows-10 or later system, Psychtoolbox can no longer reliably detect if
PTB-INFO: this will cause trouble for timing and integrity of visual stimuli or not. You might be just fine, or you could be in trouble.
PTB-INFO: Use external measurement equipment and independent procedures to verify reliability of timing if you care about proper timing.
PTB-INFO: ==============================================================================================================================
[2019-01-20 16:30:51.571] PTB window opened.
[2019-01-20 16:30:51.701] Preparation slide displayed.
[2019-01-20 16:31:07.961] fMRI trigger recieved. 0 secs before recording, 2 secs before task.
                          time stamp 319758.0021698184, Flip delay: 0.0166940669.
[2019-01-20 16:34:53.943] 60 trials finished in 224s.
         icoh: 15
      session: 1
      lastcoh: 16
    recentcoh: 16.4000

[2019-01-20 16:34:58.311] This session completes at 20-Jan-2019 16:34:55, 228.003s after session start, 224s on 60 trials, totally 252.627s, correctness is 45.000%.


corr_isc_conf: 0.5114

AUC: 0.7955
[2019-01-20 16:34:58.353] MetaTwins_RDMsc_training ends at 20-Jan-2019 16:34:58(737445.6909531597), totally 4min15.033s passed.



[2019-01-20 16:35:10.762] Calling `MetaTwins_RDMsc_training` for `puzimiao` at 20-Jan-2019 16:35:10(737445.6910967476).
                          Running MetaTwins_RDMsc_training('puzimiao', 2, [2019-01-20 16:35:10.785] Session 2 has 60 trials, requires 334s, 5.5s per trial.
[2019-01-20 16:35:11.780] Trying to open PTB window...
[easyPTB Info] Using 14.0 inch screen with PPI=157.8


PTB-INFO: This is Psychtoolbox-3 for Microsoft Windows, under Matlab 64-Bit (Version 3.0.14 - Build date: Oct  3 2017).
PTB-INFO: Support status on this operating system release: Windows version 10.0 supported and tested to some limited degree.
PTB-INFO: Type 'PsychtoolboxVersion' for more detailed version information.
PTB-INFO: Most parts of the Psychtoolbox distribution are licensed to you under terms of the MIT License, with
PTB-INFO: some restrictions. See file 'License.txt' in the Psychtoolbox root folder for the exact licensing conditions.

PTB-INFO: The detected endline of the vertical blank interval is equal or lower than the startline. This indicates
PTB-INFO: that i couldn't detect the duration of the vertical blank interval and won't be able to correct timestamps
PTB-INFO: for it. This will introduce a very small and constant offset (typically << 1 msec). Read 'help BeampositionQueries'
PTB-INFO: for how to correct this, should you really require that last few microseconds of precision.
PTB-INFO: Btw. this can also mean that your systems beamposition queries are slightly broken. It may help timing precision to
PTB-INFO: enable the beamposition workaround, as explained in 'help ConserveVRAMSettings', section 'kPsychUseBeampositionQueryWorkaround'.


PTB-INFO: OpenGL-Renderer is NVIDIA Corporation :: GeForce 940MX/PCIe/SSE2 :: 4.6.0 NVIDIA 391.25
PTB-INFO: VBL startline = 1080 , VBL Endline = 1080
PTB-INFO: Measured monitor refresh interval from beamposition = 16.659092 ms [60.027282 Hz].
PTB-INFO: Will use beamposition query for accurate Flip time stamping.
PTB-INFO: Measured monitor refresh interval from VBLsync = 16.664100 ms [60.009241 Hz]. (50 valid samples taken, stddev=0.136856 ms.)
PTB-INFO: Reported monitor refresh interval from operating system = 16.666667 ms [60.000000 Hz].
PTB-INFO: Small deviations between reported values are normal and no reason to worry.
PTB-INFO: Anti-Aliasing with 8 samples per pixel enabled.
PTB-INFO: ==============================================================================================================================
PTB-INFO: WINDOWS DWM DESKTOP COMPOSITOR IS ACTIVE. On this Windows-10 or later system, Psychtoolbox can no longer reliably detect if
PTB-INFO: this will cause trouble for timing and integrity of visual stimuli or not. You might be just fine, or you could be in trouble.
PTB-INFO: Use external measurement equipment and independent procedures to verify reliability of timing if you care about proper timing.
PTB-INFO: ==============================================================================================================================
[2019-01-20 16:35:14.486] PTB window opened.
[2019-01-20 16:35:14.616] Preparation slide displayed.
[2019-01-20 16:35:18.365] fMRI trigger recieved. 0 secs before recording, 2 secs before task.
                          time stamp 320008.4053815900, Flip delay: 0.0166909480.
[2019-01-20 16:39:00.347] 60 trials finished in 220s.
         icoh: 15
      session: 2
      lastcoh: 20
    recentcoh: 17.6000

[2019-01-20 16:39:04.792] This session completes at 20-Jan-2019 16:39:02, 224.003s after session start, 220s on 60 trials, totally 231.591s, correctness is 38.333%.


corr_isc_conf: 0.3852

AUC: 0.7194
[2019-01-20 16:39:04.840] MetaTwins_RDMsc_training ends at 20-Jan-2019 16:39:04(737445.6938060069), totally 3min54.08s passed.



[2019-01-20 16:40:31.640] Calling `MetaTwins_RDMsc_training` for `puzimiao` at 20-Jan-2019 16:40:31(737445.6948106019).
                          Running MetaTwins_RDMsc_training('puzimiao', 3, [2019-01-20 16:40:31.662] Session 3 has 60 trials, requires 334s, 5.5s per trial.
[2019-01-20 16:40:32.656] Trying to open PTB window...
[easyPTB Info] Using 14.0 inch screen with PPI=157.8


PTB-INFO: This is Psychtoolbox-3 for Microsoft Windows, under Matlab 64-Bit (Version 3.0.14 - Build date: Oct  3 2017).
PTB-INFO: Support status on this operating system release: Windows version 10.0 supported and tested to some limited degree.
PTB-INFO: Type 'PsychtoolboxVersion' for more detailed version information.
PTB-INFO: Most parts of the Psychtoolbox distribution are licensed to you under terms of the MIT License, with
PTB-INFO: some restrictions. See file 'License.txt' in the Psychtoolbox root folder for the exact licensing conditions.

PTB-INFO: The detected endline of the vertical blank interval is equal or lower than the startline. This indicates
PTB-INFO: that i couldn't detect the duration of the vertical blank interval and won't be able to correct timestamps
PTB-INFO: for it. This will introduce a very small and constant offset (typically << 1 msec). Read 'help BeampositionQueries'
PTB-INFO: for how to correct this, should you really require that last few microseconds of precision.
PTB-INFO: Btw. this can also mean that your systems beamposition queries are slightly broken. It may help timing precision to
PTB-INFO: enable the beamposition workaround, as explained in 'help ConserveVRAMSettings', section 'kPsychUseBeampositionQueryWorkaround'.


PTB-INFO: OpenGL-Renderer is NVIDIA Corporation :: GeForce 940MX/PCIe/SSE2 :: 4.6.0 NVIDIA 391.25
PTB-INFO: VBL startline = 1080 , VBL Endline = 1080
PTB-INFO: Measured monitor refresh interval from beamposition = 16.659133 ms [60.027135 Hz].
PTB-INFO: Will use beamposition query for accurate Flip time stamping.
PTB-INFO: Measured monitor refresh interval from VBLsync = 16.659554 ms [60.025617 Hz]. (50 valid samples taken, stddev=0.142879 ms.)
PTB-INFO: Reported monitor refresh interval from operating system = 16.666667 ms [60.000000 Hz].
PTB-INFO: Small deviations between reported values are normal and no reason to worry.
PTB-INFO: Anti-Aliasing with 8 samples per pixel enabled.
PTB-INFO: ==============================================================================================================================
PTB-INFO: WINDOWS DWM DESKTOP COMPOSITOR IS ACTIVE. On this Windows-10 or later system, Psychtoolbox can no longer reliably detect if
PTB-INFO: this will cause trouble for timing and integrity of visual stimuli or not. You might be just fine, or you could be in trouble.
PTB-INFO: Use external measurement equipment and independent procedures to verify reliability of timing if you care about proper timing.
PTB-INFO: ==============================================================================================================================
[2019-01-20 16:40:35.756] PTB window opened.
[2019-01-20 16:40:35.886] Preparation slide displayed.
[2019-01-20 16:41:15.185] fMRI trigger recieved. 0 secs before recording, 2 secs before task.
                          time stamp 320365.2270942408, Flip delay: 0.0166579980.
[2019-01-20 16:45:03.168] 60 trials finished in 226s.
         icoh: 15
      session: 3
      lastcoh: 12
    recentcoh: 13

[2019-01-20 16:45:07.541] This session completes at 20-Jan-2019 16:45:05, 230.003s after session start, 226s on 60 trials, totally 273.535s, correctness is 50.000%.


corr_isc_conf: 0.2732

AUC: 0.6547
[2019-01-20 16:45:07.589] MetaTwins_RDMsc_training ends at 20-Jan-2019 16:45:07(737445.6980044907), totally 4min35.952s passed.



