%% MetaTwinsDoubleBlind_behave_Conf for '_notguess': starting at linxiaosi (       48.0000000000).1-Jun-2019 12:48:237.375775e+05 for '
record = [
%  n dir coh resp isc conf    osti      rtime     oconf     ctime     oisi       iti   total
   1  2   10   2   1    3    2.498405 1.682948   4.380541 1.634967   6.129414 1.869311   6  
   2  4   10   2   0    4    8.494580 1.832571  10.476554 1.672671  12.258854 1.736036   6  
   3  1   10   1   1    7   14.507412 0.949930  15.606720 0.610375  16.322922 3.684801   6  
   4  2   10   2   1    5   20.503580 1.299546  21.969181 1.396134  23.485020 2.518892   6  
   5  1   10   3   0    4   26.499758 1.399569  28.048802 0.951226  29.114765 2.885339   6  
   6  1   10   1   1    6   32.495952 0.949736  33.595247 0.931415  34.644588 3.351673   6  
   7  3   10   3   1    7   38.492114 1.049939  39.707984 0.892282  40.707375 3.285061   6  
   8  3   10   3   1    4   44.504955 1.233086  45.870761 1.532758  47.519698 2.485570   6  
   9  4   10   3   0    4   50.501136 1.182871  51.866935 0.727713  52.699729 3.301721   6  
  10  3   10   1   0    3   56.497324 1.965861  58.612486 1.185603  59.911805 2.085815   6  
  11  4   10   3   0    4   62.493478 1.899262  64.525530 1.113833  65.758078 2.235726   6  
  12  1   10   3   0    2   68.506329 2.382225  71.054698 1.008797  72.170650 1.835990   6  
  13  3   10   1   0    1   74.502507 2.382259  77.050881 0.978154  78.150165 1.852644   6  
  14  2   10  -1   0    3   80.498668 0.000000  83.013751 0.083450  83.213613 2.785364   6  
  15  4   10   2   0    3   86.494859 1.582787  88.226993 0.728891  89.076539 2.918613   6  
  16  2   10   3   0    3   92.491032 1.233010  93.856749 0.796327  94.772907 3.218429   6  
  17  3   10   3   1    4   98.503862 1.816005 100.502592 0.662220 101.285426 2.718750   6  
  18  2   10   3   0    2  104.500036 2.282386 106.965151 0.735724 107.814590 2.185759   6  
  19  2   10   2   1    5  110.496228 1.033211 111.695403 0.944384 112.761443 3.235079   6  
  20  3   10   3   1    3  116.492395 1.649378 118.291254 0.960379 119.357245 2.635459   6  
  21  3   10   1   0    4  122.505230 1.333048 123.987528 0.777106 124.887042 3.118486   6  
  22  1   10   2   0    3  128.501407 1.999155 130.666500 0.837968 131.616084 2.385631   6  
  23  3   10   3   1    4  134.497580 1.483048 136.163187 0.741917 137.012643 2.985240   6  
  24  1   10   1   1    3  140.493766 1.865914 142.542463 0.737750 143.391922 2.602137   6  
  25  3   10   2   0    4  146.506592 1.499583 148.172212 0.674810 148.955039 3.051866   6  
  26  1   10   1   1    4  152.502767 1.615960 154.284983 1.144133 155.550827 2.452249   6  
  27  3   10   2   0    1  158.498953 2.232473 160.930743 1.748625 162.796211 1.203042   6  
  28  1   10   2   0    5  164.495120 1.249669 165.927401 1.086034 167.126772 2.868649   6  
  29  2   10   2   1    4  170.491292 1.766121 172.406658 1.068483 173.589326 2.402274   6  
  30  2   10   1   0    1  176.504140 2.249041 178.885942 1.180304 180.185110 1.819310   6  
  31  4   10   4   1    5  182.500314 1.199657 183.849461 0.944524 184.915441 3.085163   6  
  32  1   10   2   0    4  188.496490 1.499551 190.178761 1.119692 191.411297 2.585488   6  
  33  2   10   2   1    4  194.492660 1.349686 196.041686 0.886854 197.041047 2.951916   6  
  34  2   10   2   1    4  200.505496 1.399592 202.087779 0.714356 202.920624 3.085156   6  
  35  1   10   2   0    3  206.501677 1.566115 208.250418 0.916452 209.283235 2.718739   6  
  36  1   10   3   0    4  212.497851 1.649334 214.346468 1.268850 215.729129 2.269010   6  
  37  4   10   1   0    4  218.494030 1.232929 219.876490 0.923803 220.909167 3.085149   6  
  38  4   10   4   1    6  224.506863 1.066287 225.722758 0.506867 226.339032 3.668132   6  
  39  3   10   3   1    4  230.503052 1.066377 231.718827 0.755480 232.585058 3.418269   6  
  40  4   10   4   1    5  236.499212 1.016463 237.631837 0.833338 238.581228 3.418276   6  
  41  1   10   3   0    4  242.495384 1.249640 243.894510 0.867127 244.877215 3.118463   6  
  42  4   10   1   0    3  248.491569 1.283013 249.924007 0.946865 250.989989 3.001877   6  
  43  1   10   3   0    3  254.504408 1.166355 255.886867 1.059408 257.052789 2.951895   6  
  44  4   10   1   0    5  260.500577 1.166851 261.783106 0.907627 262.799118 3.201758   6  
  45  2   10   2   1    4  266.496747 1.466190 268.179026 0.747616 269.045131 2.951906   6  
  46  3   10   1   0    4  272.492929 0.899852 273.575479 1.029264 274.724855 3.268366   6  
  47  3   10   3   1    3  278.505764 1.965981 280.654363 0.665872 281.437238 2.568814   6  
  48  4   10   1   0    5  284.501951 1.416217 286.084276 1.227603 287.416760 2.585464   6  
  49  4   10   2   0    2  290.498119 2.215767 292.896560 0.854226 293.862652 2.135780   6  
  50  3   10   3   1    3  296.494307 1.632773 298.343131 0.756873 299.209234 2.785351   6  
  51  2   10   2   1    4  302.490481 1.033109 303.723035 0.373583 304.206059 3.784696   6  
  52  3   10   3   1    2  308.503318 2.415571 311.101657 1.742474 312.950490 1.053101   6  
  53  1   10   2   0    4  314.499485 1.549461 316.231544 0.868866 317.214426 2.785343   6  
  54  4   10   2   0    2  320.495666 2.082256 322.777556 0.759826 323.643663 2.352273   6  
  55  4   10   1   0    3  326.491840 1.649380 328.324019 0.778555 329.223432 2.768683   6  
  56  4   10   3   0    3  332.504674 1.833295 334.553384 1.131545 335.802577 2.202378   6  
  57  2   10   3   0    3  338.500856 1.499461 340.183123 0.804426 341.099200 2.901927   6  
  58  2   10   1   0    1  344.497027 2.415508 347.062076 0.879895 348.061421 1.935885   6  
  59  4   10   3   0    2  350.493210 2.298956 352.991631 0.704258 353.807757 2.185722   6  
  60  3   10   2   0    3  356.506038 2.015840 358.704643 1.282019 360.103752 1.902563   6  
  61  2   10  -1   0    2  362.502226 0.000000 365.017314 0.072116 365.200503 2.802002   6  
  62  2   10   3   0    2  368.498397 1.566156 370.230569 0.952316 371.296611 2.702055   6  
  63  1   10   1   1    3  374.494572 1.449450 376.176765 0.407295 376.693166 3.301671   6  
  64  2   10   2   1    3  380.490758 1.482826 382.139698 0.477882 382.739323 3.251700   6  
  65  4   10   3   0    3  386.503579 1.099547 387.819436 0.489035 388.419039 3.584806   6  
  66  2   10   3   0    3  392.499749 1.283024 393.948704 0.717768 394.781661 3.218368   6  
  67  3   10   3   1    3  398.495939 1.066335 399.761806 1.682949 401.560668 2.435537   6  
  68  2   10   2   1    3  404.492128 1.699345 406.390906 0.496024 407.007184 2.985193   6  
  69  2   10   2   1    4  410.504948 1.832618 412.503633 0.779972 413.403099 2.602115   6  
  70  4   10   3   0    4  416.501127 1.782657 418.466547 1.029673 419.615798 2.385592   6  
  71  1   10   3   0    3  422.497296 1.899312 424.512687 0.997998 425.628648 2.368920   6  
  72  1   10   4   0    5  428.493474 1.482868 430.109013 0.843793 431.058515 2.935226   6  
  73  4   10   4   1    4  434.506307 1.283004 435.938734 0.910006 436.954761 3.051818   6  
  74  3   10   3   1    3  440.502500 2.032385 442.784375 0.943418 443.833696 2.169064   6  
  75  4   10   1   0    6  446.498682 0.933174 447.581104 0.452544 448.147611 3.851316   6  
  76  1   10   2   0    3  452.494853 1.849470 454.526901 1.006607 455.642842 2.352256   6  
  77  4   10   3   0    5  458.491020 1.033091 459.706923 0.499813 460.323182 3.668099   6  
  78  1   10   1   1    5  464.503874 0.966426 465.669569 0.674878 466.452622 3.551493   6  
  79  1   10   3   0    4  470.500030 1.149593 471.849185 1.841267 473.797943 2.202349   6  
  80  3   10   3   1    3  476.496212 1.982582 478.694814 0.712137 479.527615 2.468849   6  
  81  2   10   4   0    3  482.492379 1.816002 484.441049 0.828011 485.390538 2.602098   6  
  82  3   10   3   1    2  488.505240 2.099150 490.753742 0.832988 491.703180 2.302301   6  
  83  1   10   1   1    4  494.501398 1.582758 496.250293 0.702532 497.066429 2.935225   6  
  84  3   10   1   0    4  500.497571 1.682765 502.346406 1.490806 503.945381 2.052463   6  
  85  4   10   4   1    6  506.493762 1.149695 507.776279 0.965223 508.858906 3.135090   6  
  86  3   10   3   1    6  512.489919 1.183753 513.872380 0.301893 514.288792 3.701389   6  
  87  2   10   3   0    3  518.502754 1.133013 519.818507 1.831915 521.767344 2.235659   6  
  88  3   10   3   1    3  524.498940 2.032440 526.697547 0.430275 527.247182 2.752007   6  
  89  4   10   4   1    4  530.495120 1.999834 532.660382 0.943753 533.709730 2.285637   6  
  90  1   10   3   0    1  536.491289 1.266195 537.940271 1.349036 539.406095 2.585446   6  
]; % This session completes at 01-Jun-2019 12:57:41, 544.005s after session start, 540s on 90 trials, totally 557.516s.

