%% MetaTwinsDoubleBlind_behave_Conf for '_guess': starting at zhangchao (       49.0000000000).5-Jun-2019 17:56:417.375917e+05 for '
record = [
%  n dir coh resp isc conf conforig    osti      rtime     oconf     ctime     oisi       iti   total
   1  3   11   3   1    1      6      2.498854 2.282738   5.297596 0.106139   5.530833 2.468242   6  
   2  1   11   1   1    5      8      8.496149 1.633360  10.645180 0.830623  11.594748 2.401653   6  
   3  1   11   3   0    7      7     14.493428 1.732899  16.742403 1.824991  18.691535 1.302020   6  
   4  3   11   4   0    2      7     20.490726 2.149535  23.156183 0.247446  23.522692 2.468251   6  
   5  1   11   2   0    1      2     26.504660 0.000000  29.653225 0.000925  29.769846 2.235035   6  
   6  2   11   4   0    2      7     32.501960 2.216660  35.234053 0.646828  36.000361 2.001815   6  
   7  3   11   3   1    4      6     38.499221 1.899434  40.914796 0.871591  41.914378 2.085071   6  
   8  3   11   1   0    6      1     44.496513 1.983088  46.995391 0.846301  47.961617 2.035116   6  
   9  1   11   4   0    1      1     50.510439 2.499244  53.525758 0.000979  53.642373 2.368312   6  
  10  2   11   1   0    1      2     56.507746 2.433036  59.456413 0.897072  60.472612 1.535341   6  
  11  1   11   1   1    6      6     62.505017 1.599625  64.620725 0.961079  65.703572 2.301678   6  
  12  4   11   1   0    1      2     68.502317 2.449564  71.467641 0.635444  72.217303 1.785244   6  
  13  2   11   3   0    1      2     74.499581 2.465991  77.481563 0.296228  77.898051 2.101681   6  
  14  1   11  -1   0    1      1     80.496886 2.499616  83.012405 0.492959  83.628795 2.368178   6  
  15  1   11   1   1    1      6     86.494148 2.432623  89.442814 0.497946  90.059203 1.935011   6  
  16  1   11   1   1    2      6     92.508115 2.250083  95.273530 0.675280  96.073155 1.935171   6  
  17  4   11  -1   0    1      2     98.505387 2.499130 101.020929 0.538553 101.687310 2.318297   6  
  18  4   11   2   0    1      2    104.502680 2.416392 107.434689 0.260913 107.817856 2.185039   6  
  19  2   11  -1   0    1      3    110.499948 2.499219 113.015517 0.472411 113.615226 2.384947   6  
  20  3   11  -1   0    1      2    116.497243 0.000000 119.012773 0.403325 119.529209 2.468243   6  
  21  4   11   3   0    2      2    122.494507 2.415877 125.426526 0.748885 126.292797 1.701964   6  
  22  2   11  -1   0    1      3    128.491813 0.000000 131.007348 0.422312 131.557094 2.434944   6  
  23  2   11   2   1    1      3    134.505738 1.782763 136.804731 0.654572 137.587693 2.418221   6  
  24  4   11  -1   0    1      2    140.503038 0.000000 143.018570 0.385327 143.518339 2.484865   6  
  25  4   11  -1   0    1     -1    146.500312 0.000000 149.015871 0.469652 149.598912 2.401485   6  
  26  1   11   1   1    7      6    152.514267 1.433586 154.463378 0.991369 155.579538 2.434979   6  
  27  1   11   3   0    1      2    158.511546 2.449240 161.476866 0.322152 161.926679 2.085094   6  
  28  4   11   2   0    3      4    164.508883 1.883181 166.907752 0.573294 167.607438 2.401637   6  
  29  3   11   2   0    2      3    170.506105 2.132689 173.154909 0.819620 174.087845 1.918493   6  
  30  3   11   3   1    6      5    176.503409 1.533335 178.552473 1.184309 179.851888 2.151733   6  
  31  3   11   3   1    6      6    182.500682 1.949423 184.966224 0.635873 185.715902 2.285008   6  
  32  1   11   1   1    8     -1    188.497977 1.000694 190.013947 1.058642 191.196743 2.801458   6  
  33  3   11  -1   0    1      6    194.495243 0.000000 197.027469 0.400284 197.543862 2.451568   6  
  34  4   11   2   0    2      6    200.492534 2.149604 203.158006 1.736091 205.007152 0.985659   6  
  35  3   11  -1   0    1      2    206.489807 0.000000 209.005360 0.920233 210.038211 1.951705   6  
  36  1   11   1   1    7      7    212.503779 1.066694 214.086386 1.125434 215.335820 2.668172   6  
  37  4   11   1   0    1      6    218.501029 2.365932 221.383069 1.324716 222.832413 1.168854   6  
  38  2   11   2   1    2      5    224.514987 2.249565 227.280413 0.291418 227.696889 2.318348   6  
  39  4   11   4   1    4      8    230.512262 1.799475 232.827890 1.019509 233.960711 2.051779   6  
  40  4   11   4   1    4      5    236.509569 2.050017 239.075071 0.537234 239.741439 2.268353   6  
  41  4   11   2   0    7      3    242.506824 1.082926 244.106111 1.490693 245.722039 2.285034   6  
  42  3   11   2   0   -1      6    248.504129 1.566881 250.586523 0.000000 252.585623 1.418724   6  
  43  3   11   1   0    2      5    254.501395 1.716207 256.733733 0.650566 257.500043 2.501563   6  
  44  4   11   2   0    7      7    260.498700 1.133607 262.147946 1.107162 263.380720 2.618209   6  
  45  3   11   3   1    7      5    266.495975 1.782651 268.794958 1.687080 270.610781 1.385302   6  
  46  2   11   2   1    2      3    272.493269 2.183270 275.192049 1.189564 276.508117 1.485355   6  
  47  3   11   3   1    1      1    278.507203 2.249326 281.272613 0.901447 282.288822 1.718600   6  
  48  2   11   4   0    6      6    284.504490 1.783436 286.803448 0.954018 287.886302 2.118406   6  
  49  4   11   4   1    3      6    290.501760 2.016122 293.033953 1.706754 294.866453 1.135543   6  
  50  1   11   1   1    3      7    296.499067 2.000210 299.014585 0.518973 299.647595 2.351685   6  
  51  4   11  -1   0    1      2    302.496327 2.499214 305.011891 1.067565 306.194667 1.801894   6  
  52  1   11   1   1    7      7    308.493636 1.616830 310.625998 1.089028 311.842110 2.151742   6  
  53  3   11  -1   0    1      2    314.507560 2.499185 317.023124 1.074995 318.222552 1.785238   6  
  54  2   11   2   1    6      6    320.504840 1.566688 322.587248 0.732021 323.436856 2.568223   6  
  55  4   11   4   1    6      6    326.502136 1.716276 328.734459 0.871187 329.733995 2.268278   6  
  56  2   11   4   0    7      6    332.499424 1.683338 334.698435 0.878099 335.697970 2.301671   6  
  57  3   11   2   0    6      5    338.513352 1.666336 340.695703 1.355006 342.178359 1.835219   6  
  58  3   11   3   1    2      5    344.510650 2.233133 347.259424 0.706528 348.092364 1.918508   6  
  59  2   11  -1   0    1      3    350.507918 2.482670 353.006827 0.829108 353.956356 2.051795   6  
  60  3   11  -1   0    1      1    356.505221 2.482769 359.004084 0.888488 360.020298 1.985148   6  
  61  2   11   3   0    1      6    362.502485 2.232671 365.251245 1.033519 366.400755 1.601959   6  
  62  2   11   2   1    1      2    368.499784 2.266387 371.281865 0.450350 371.848272 2.151732   6  
  63  3   11   3   1    6      8    374.497065 1.932675 376.945947 1.315585 378.378633 1.618664   6  
  64  1   11  -1   0    1      3    380.494354 2.499518 383.009888 0.508240 383.642927 2.351621   6  
  65  1   11   4   0    6      5    386.491621 1.782901 388.790593 1.504131 390.423179 1.568608   6  
  66  4   11  -1   0    1      4    392.488920 0.000000 395.004447 0.459026 395.587512 2.401554   6  
  67  2   11   1   0    7      1    398.486194 1.582858 400.585244 1.442778 402.151206 1.835060   6  
  68  2   11   4   0    6      7    404.516808 1.516757 406.549216 0.753046 407.415450 2.601614   6  
  69  1   11   4   0    1      6    410.514072 2.182527 413.212869 0.559223 413.895885 2.118439   6  
  70  2   11  -1   0    1      4    416.511376 2.499649 419.026900 0.442602 419.593315 2.418280   6  
  71  2   11   3   0    1     -1    422.508656 2.232678 425.257404 0.980261 426.356906 1.651973   6  
  72  1   11   2   0    2      6    428.505944 1.799997 430.821563 1.519647 432.454153 1.552017   6  
  73  4   11   4   1    1      5    434.503218 2.349178 437.368595 0.339325 437.835047 2.168404   6  
  74  4   11   4   1    1      5    440.500513 2.116845 443.132698 0.647652 443.898992 2.101750   6  
  75  4   11  -1   0    1      3    446.497784 2.499036 449.013316 0.622636 449.762968 2.234980   6  
  76  3   11  -1   0    1      1    452.495084 2.499554 455.010608 0.892338 456.026809 1.968505   6  
  77  2   11   2   1    7      5    458.492358 1.132991 460.141613 1.429444 461.690913 2.301532   6  
  78  2   11   2   1    6      6    464.506326 1.816610 466.838585 1.004728 467.971409 2.035147   6  
  79  4   11  -1   0    1      4    470.503575 2.499233 473.019138 0.335887 473.468900 2.534905   6  
  80  1   11   3   0    1     -1    476.500881 0.050596 477.067284 1.121190 478.316717 3.684401   6  
  81  2   11   3   0    1      4    482.498136 2.299342 485.313538 0.330028 485.763342 2.235036   6  
  82  1   11   3   0    4      6    488.495441 1.899526 490.911009 1.114817 492.143797 1.851879   6  
  83  3   11   2   0    7      6    494.509382 1.566281 496.591776 1.037961 497.741248 2.268354   6  
  84  4   11  -1   0    1      2    500.506673 2.499832 503.022193 0.643807 503.788515 2.218388   6  
  85  2   11   4   0    2      7    506.503955 2.299264 509.319341 0.364181 509.802448 2.201691   6  
  86  4   11   4   1    6      6    512.501295 1.400383 514.417041 1.206684 515.749768 2.251702   6  
  87  3   11   2   0    2      4    518.498506 2.365979 521.380541 0.894555 522.396757 1.601870   6  
  88  1   11   4   0    7      6    524.495809 1.250082 526.261675 1.385363 527.761002 2.235002   6  
  89  1   11   2   0   -1      1    530.509743 1.849337 532.875337 0.000000 534.874446 1.135520   6  
  90  3   11   4   0   -1     -1    536.507031 1.150232 538.172954 0.000000 540.172046 1.835215   6  
]; % This session completes at 15-Jun-2019 18:06:02, 544.003s after session start, 540s on 90 trials, totally 560.581s.

