%% MetaTwinsDoubleBlind_behave_Conf for '_guess': starting at zhangchao (       49.0000000000).5-Jun-2019 17:37:087.375917e+05 for '
record = [
%  n dir coh resp isc conf conforig    osti      rtime     oconf     ctime     oisi       iti   total
   1  2   18   2   1    2      7      2.499002 2.283009   5.297739 0.336222   5.764199 2.235034   6  
   2  4   18   4   1    4      2      8.496296 1.966980  10.978515 1.299045  12.394496 1.602039   6  
   3  2   18   2   1    5      2     14.493577 2.315969  17.325631 0.900385  18.358512 1.635295   6  
   4  4   18   2   0    2      6     20.507574 2.049580  23.073029 0.994570  24.189188 1.818563   6  
   5  4   18   2   0    6      7     26.504811 1.682867  28.703804 0.954885  29.786656 2.218380   6  
   6  1   18   1   1    7      8     32.502101 1.433273  34.451209 0.949239  35.517395 2.484914   6  
   7  4   18   4   1    2      2     38.499388 2.016122  41.031553 1.512836  42.664152 1.335454   6  
   8  4   18  -1   0   -1      1     44.496660 0.000000  47.012125 0.000000  49.011280 0.985617   6  
   9  3   18   1   0    3      8     50.493939 1.466341  52.476368 0.569091  53.159394 2.834777   6  
  10  4   18   2   0    4      2     56.507884 1.750097  58.773539 1.104329  60.006298 2.001822   6  
  11  4   18   2   0    2      6     62.505166 1.982819  65.004025 0.520164  65.637092 2.368311   6  
  12  4   18   2   0    2      2     68.502462 2.050144  71.067962 1.879389  73.067062 0.935606   6  
  13  1   18   1   1    7      8     74.499725 1.233128  76.248948 0.872262  77.248493 2.751466   6  
  14  4   18   2   0    6      2     80.497021 2.083317  83.095854 0.507153  83.728897 2.268338   6  
  15  4   18   4   1    2      2     86.494300 1.482950  88.493399 0.388026  89.009841 2.984683   6  
  16  1   18   1   1    7      8     92.508260 1.117306  94.140839 1.198701  95.456847 2.551626   6  
  17  1   18   1   1    5      8     98.505527 1.249800 100.271403 0.882772 101.270942 2.734816   6  
  18  2   18   2   1    6      7    104.502820 1.499940 106.518581 0.505841 107.151621 2.851411   6  
  19  3   18   4   0    5      2    110.500097 1.582996 112.599146 1.118099 113.831926 2.168393   6  
  20  3   18   3   1    3      2    116.497388 2.233044 119.246153 1.373917 120.745462 1.252150   6  
  21  3   18   4   0    3      2    122.494663 2.232618 125.243432 0.818424 126.176358 1.818528   6  
  22  1   18   1   1    7      8    128.508617 1.400446 130.424412 1.157886 131.707171 2.301677   6  
  23  3   18   4   0    1      2    134.505889 2.365874 137.387911 1.176022 138.687326 1.318793   6  
  24  4   18   4   1    2      1    140.503187 2.166276 143.185303 0.326839 143.635102 2.368303   6  
  25  3   18   4   0    1      2    146.500461 2.415765 149.432488 0.208105 149.765654 2.235039   6  
  26  1   18   1   1    7      8    152.497749 1.000247 154.013742 0.899531 155.029937 2.968035   6  
  27  4   18   4   1    3      2    158.511693 2.249144 161.277099 0.910725 162.309992 1.701921   6  
  28  1   18   1   1    6      8    164.508979 1.833177 166.857887 0.918986 167.890778 2.118425   6  
  29  1   18   1   1    7      8    170.506241 1.133253 172.155509 1.106729 173.388276 2.618201   6  
  30  2   18   2   1    2      7    176.503555 2.366158 179.385588 1.311191 180.818252 1.185523   6  
  31  3   18   4   0    2      2    182.500821 1.932842 184.949710 0.389659 185.466146 2.534903   6  
  32  4   18   3   0    1      3    188.498120 2.449435 191.463434 0.439888 192.029852 1.968494   6  
  33  2   18   2   1    1      8    194.512052 2.216086 197.244159 0.647111 198.010464 2.001815   6  
  34  2   18   2   1    7      8    200.509273 1.350245 202.375166 0.383227 202.874930 3.134643   6  
  35  2   18   2   1    6      8    206.506616 1.433138 208.455730 0.762139 209.338672 2.668169   6  
  36  1   18   1   1    7      8    212.503910 0.916997 213.936600 0.688190 214.752894 3.251229   6  
  37  3   18   3   1    2      2    218.501183 2.349257 221.366563 0.654867 222.149538 1.851872   6  
  38  1   18   1   1    7      8    224.498471 1.083497 226.097752 1.094438 227.313876 2.684845   6  
  39  1   18   1   1    2      8    230.512405 1.083194 232.111695 1.018345 233.244539 2.768104   6  
  40  2   18   2   1    7      8    236.509704 1.516689 238.542115 0.827304 239.491695 2.518249   6  
  41  2   18   2   1    6      8    242.506980 1.316405 244.339505 0.829210 245.289044 2.718163   6  
  42  3   18   3   1    5      2    248.504326 1.966525 250.986445 0.723970 251.836108 2.168406   6  
  43  2   18   2   1    6      8    254.501534 1.466371 256.483994 1.007757 257.616822 2.384955   6  
  44  1   18   1   1    6      8    260.498845 1.100189 262.114768 0.681891 262.914417 3.084665   6  
  45  1   18   1   1    7      8    266.512776 1.266503 268.295296 1.313430 269.727994 2.285009   6  
  46  1   18   1   1    5      8    272.510074 1.333380 274.359231 0.284333 274.775705 3.234602   6  
  47  3   18   1   0    1      8    278.507348 2.332655 281.356060 0.489197 281.972451 2.035117   6  
  48  2   18   4   0    4      2    284.504591 1.799949 286.820259 1.094106 288.036365 1.968520   6  
  49  4   18   4   1    2      2    290.501911 2.149354 293.167376 0.323598 293.617163 2.384970   6  
  50  2   18   2   1    6      8    296.499189 1.216727 298.231746 0.768101 299.114690 2.884757   6  
  51  3   18   4   0    5      2    302.513138 1.449681 304.478924 0.681321 305.278566 2.734805   6  
  52  1   18   1   1    2      8    308.510427 1.916354 310.942666 0.577211 311.642340 2.368344   6  
  53  3   18  -1   0    1      3    314.507705 0.000000 317.023244 1.195032 318.339308 1.668620   6  
  54  2   18   2   1    1      8    320.505004 1.433230 322.454120 0.613749 323.187154 2.818073   6  
  55  1   18   1   1    7      8    326.502273 1.166288 328.184840 0.540954 328.851235 3.151268   6  
  56  1   18   1   1    6      8    332.499567 1.816627 334.831848 0.561695 335.514889 2.484917   6  
  57  2   18   2   1    5      8    338.513501 1.782936 340.812468 1.458935 342.395084 1.618652   6  
  58  4   18   4   1    3      6    344.510793 2.116251 347.142938 1.146746 348.409026 1.601983   6  
  59  3   18   4   0    3      1    350.508068 2.066115 353.090235 0.463006 353.673303 2.334989   6  
  60  3   18   3   1    3      2    356.505356 1.716612 358.737688 0.457074 359.320761 2.684827   6  
  61  4   18   3   0    2      2    362.502637 2.249351 365.268047 0.686183 366.067698 1.935160   6  
  62  3   18  -1   0    1     -1    368.516592 2.499517 371.032107 0.499211 371.648504 2.368329   6  
  63  3   18   3   1    6      2    374.513868 1.466328 376.496297 0.911329 377.529155 2.484938   6  
  64  3   18   3   1    3      2    380.511151 2.033257 383.060002 1.349366 384.526019 1.485352   6  
  65  1   18   1   1    7      8    386.508424 1.049921 388.074404 1.121272 389.323829 2.684838   6  
  66  2   18   2   1    6      8    392.505589 1.749959 394.771367 0.642049 395.537689 2.468284   6  
  67  4   18   4   1    1      2    398.502998 2.432713 401.451660 0.493796 402.068054 1.935180   6  
  68  3   18   3   1    2      3    404.516953 2.183140 407.215734 0.438799 407.782113 2.235054   6  
  69  1   18   1   1    6      8    410.497575 1.266511 412.280114 1.379602 413.779421 2.218188   6  
  70  2   18   2   1    6      8    416.511521 1.916778 418.943752 1.297908 420.359783 1.651966   6  
  71  1   18   1   1    5      8    422.492130 1.849403 424.857738 1.215024 426.190467 1.801726   6  
  72  2   18   2   1    5      5    428.489431 1.899814 430.905004 1.595146 432.620892 1.368724   6  
  73  3   18   4   0    1      2    434.486709 2.415897 437.418734 1.237668 438.784756 1.202008   6  
  74  3   18   3   1    1      3    440.500655 2.332576 443.349371 0.344969 443.815826 2.185024   6  
  75  4   18   2   0    1      8    446.497926 1.699525 448.713601 1.104421 449.946372 2.051638   6  
  76  2   18   2   1    6      8    452.495257 1.150255 454.161140 0.607447 454.894138 3.101297   6  
  77  4   18   4   1    2      2    458.492499 2.215973 461.224610 0.500178 461.840985 2.151599   6  
  78  3   18   4   0    2      2    464.489796 2.132982 467.138596 0.316892 467.571735 2.418291   6  
  79  2   18   2   1    6      8    470.487066 1.133170 472.136344 0.949008 473.202510 2.784650   6  
  80  2   18   2   1    7      7    476.501013 1.233741 478.250232 1.033670 479.399751 2.601516   6  
  81  1   18  -1   0    1     -1    482.498296 0.000000 485.013842 1.222609 486.363208 1.635182   6  
  82  2   18   2   1    7      7    488.495594 1.050146 490.061551 1.152931 491.327641 2.668184   6  
  83  3   18   3   1   -1      2    494.492864 1.949441 496.958417 0.000000 498.957504 1.035458   6  
  84  3   18   3   1    1      2    500.490168 2.332946 503.338862 0.432939 503.888597 2.101769   6  
  85  2   18   4   0    5      2    506.487430 1.882725 508.886341 0.770141 509.769277 2.218263   6  
  86  4   18   4   1    6      2    512.501386 1.799949 514.817006 1.391406 516.332978 1.668630   6  
  87  1   18   1   1    7      8    518.498653 1.416268 520.431142 1.065061 521.613928 2.384844   6  
  88  2   18   2   1    6      8    524.495948 1.350182 526.361773 1.527524 528.011042 1.985138   6  
  89  4   18   4   1    6      3    530.493223 1.849519 532.858829 0.570530 533.558525 2.434832   6  
  90  1   18   1   1    5      7    536.490525 1.583163 538.589571 0.678311 539.389208 2.601544   6  
]; % This session completes at 15-Jun-2019 17:46:29, 544.004s after session start, 540s on 90 trials, totally 560.741s.

