%% MetaTwins_RDMsc_training for 'yaopeng': starting at _nofeedback (       48.0000000000).3-Mar-2019 12:09:00 for '7.374875e+05': starting at 
record = [
%  n coh dir resp isc ckey conf    osti    dsti oopt   rtime     oconf     ctime     oisi    isi ofb    oiti       iti   total
   1  27  2    2   1    0    5    2.498861   0    0  2.149640   4.764496 1.575815   6.447059  0   0    6.447059 0.552034   5  
   2  27  1    1   1    0    5    7.496579   0    0  1.116630   8.729352 0.951872   9.795535  0   0    9.795535 1.201255   4  
   3  24  3    3   1    0    6   11.494774   0    0  1.016888  12.644157 0.950540  13.710411  0   0   13.710411 1.284549   4  
   4  24  2    1   0    0    5   15.492940   0    0  2.099707  17.708455 0.349681  18.175057  0   0   18.175057 0.818065   4  
   5  24  3    3   1    0    6   19.491123   0    0  0.833680  20.457354 0.240024  20.807196  0   0   20.807196 1.184095   3  
   6  24  1    1   1    0    6   22.489758   0    0  0.750207  23.356035 0.245936  23.722526  0   0   23.722526 1.267396   3  
   7  21  3    3   1    0    5   25.505054   0    0  1.150163  26.804454 0.617697  27.537458  0   0   27.537458 1.467751   4  
   8  21  2    1   0    0    6   29.503241   0    0  1.783152  31.402363 0.183260  31.702240  0   0   31.702240 1.301137   4  
   9  21  1    1   1    0    6   33.501418   0    0  1.566443  35.183979 0.276307  35.567135  0   0   35.567135 1.434411   4  
  10  21  4    3   0    0    6   37.499608   0    0  0.933517  38.549109 0.743718  39.398742  0   0   39.398742 0.600966   3  
  11  21  4    4   1    0    6   40.498236   0    0  0.950379  41.581070 0.326014  42.014211  0   0   42.014211 0.984129   3  
  12  21  4    4   1    0    7   43.496862   0    0  1.200122  44.812886 0.308882  45.229420  0   0   45.229420 0.767534   3  
  13  18  1    1   1    0    7   46.495500   0    0  1.233375  47.844721 0.260937  48.211381  0   0   48.211381 0.784203   3  
  14  18  4    4   1    0    7   49.494140   0    0  1.000077  50.643616 0.320894  51.076758  0   0   51.076758 0.917456   3  
  15  16  3    3   1    0    7   52.492771   0    0  1.033489  53.642248 0.230608  53.992096  0   0   53.992096 1.000738   3  
  16  16  1    4   0    0    7   55.491409   0    0  1.000165  56.624232 0.219230  56.957405  0   0   56.957405 1.034052   3  
  17  16  4    4   1    0    7   58.506695   0    0  1.000080  59.622831 0.316459  60.055994  0   0   60.055994 0.950939   3  
  18  16  2    4   0    0    7   61.505339   0    0  1.116743  62.771428 0.370095  63.254530  0   0   63.254530 0.751031   3  
  19  16  3    3   1    0    7   64.503970   0    0  1.066755  65.720097 0.343644  66.169881  0   0   66.169881 0.834323   3  
  20  16  3    3   1    0    7   67.502603   0    0  0.900088  68.552126 0.299471  68.968600  0   0   68.968600 1.034242   3  
  21  14  1    4   0    0    5   70.501242   0    0  1.467224  72.100512 0.209785  72.417041  0   0   72.417041 0.584423   3  
  22  14  1    4   0    0    5   73.499877   0    0  1.433087  75.065834 0.728591  75.915451  0   0   75.915451 1.084646   4  
  23  15  2    2   1    0    6   77.514709   0    0  1.549985  79.180634 0.228210  79.513799  0   0   79.513799 0.501145   3  
  24  15  1    4   0    0    6   80.513356   0    0  1.566512  82.195918 0.106870  82.412495  0   0   82.412495 0.601083   3  
  25  15  2    3   0    0    6   83.511998   0    0  1.266542  84.894607 0.173331  85.177903  0   0   85.177903 0.834309   3  
  26  16  3    4   0    0    6   86.510629   0    0  1.133367  87.760062 0.312639  88.193196  0   0   88.193196 0.817653   3  
  27  16  4    4   1    0    7   89.509281   0    0  1.216645  90.841952 0.276582  91.225149  0   0   91.225149 0.784341   3  
  28  16  2    3   0    0    6   92.507892   0    0  1.599856  94.307079 0.325865  94.740203  0   0   94.740203 1.267920   4  
  29  16  4    4   1    0    6   96.506080   0    0  0.950695  97.588872 0.555608  98.255273  0   0   98.255273 0.751042   3  
  30  16  1    2   0    0    5   99.504712   0    0  1.616462 101.287231 0.347821 101.753696  0   0  101.753696 1.251248   4  
  31  16  2    4   0    0    5  103.502900   0    0  1.050069 104.685691 0.471789 105.268760  0   0  105.268760 0.734356   3  
  32  18  4    4   1    0    5  106.501534   0    0  1.033614 107.667539 0.507740 108.284062  0   0  108.284062 0.717701   3  
  33  18  3    3   1    0    6  109.500161   0    0  1.333220 110.966058 0.311065 111.382639  0   0  111.382639 0.617745   3  
  34  16  1    2   0    0    6  112.498789   0    0  1.533182 114.164707 0.660940 114.947687  0   0  114.947687 1.051348   4  
  35  16  3    3   1    0    3  116.496974   0    0  1.049980 117.696418 0.327195 118.129573  0   0  118.129573 0.867637   3  
  36  16  3    3   1    0    3  119.495600   0    0  1.016793 120.661756 0.455688 121.228161  0   0  121.228161 0.767693   3  
  37  14  1    2   0    0    3  122.494247   0    0  2.016149 124.626617 0.863731 125.609503  0   0  125.609503 1.384969   5  
  38  14  3    3   1    0    5  127.508626   0    0  0.833589 128.491515 1.214921 129.824255  0   0  129.824255 1.184604   4  
  39  14  3    3   1    0    5  131.506822   0    0  1.533156 133.172613 0.859842 134.138950  0   0  134.138950 0.868102   4  
  40  13  3    3   1    0    3  135.504997   0    0  2.482887 138.153706 0.692631 138.953428  0   0  138.953428 1.051794   5  
  41  13  4    4   1    0    5  140.502726   0    0  0.900161 141.552242 0.879722 142.551789  0   0  142.551789 1.451163   4  
  42  12  2    3   0    0    5  144.500896   0    0  1.666376 146.283420 0.851925 147.249655  0   0  147.249655 0.751454   4  
  43  12  1    2   0    0    5  148.499075   0    0  1.566541 150.181519 0.901633 151.197854  0   0  151.197854 0.801428   4  
  44  13  4    4   1    0    5  152.497261   0    0  0.966820 153.580117 0.375306 154.063223  0   0  154.063223 0.934229   3  
  45  13  2    4   0    0    5  155.495897   0    0  1.949617 157.561564 0.342065 158.011419  0   0  158.011419 0.984657   4  
  46  13  4    1   0    0    5  159.494088   0    0  2.415977 162.042931 0.213783 162.376097  0   0  162.376097 0.618132   4  
  47  14  4    4   1    0    5  163.492251   0    0  1.749892 165.391402 0.511243 166.007806  0   0  166.007806 0.984614   4  
  48  14  2    4   0    0    5  167.490443   0    0  1.733065 169.356263 0.386748 169.856020  0   0  169.856020 1.134557   4  
  49  14  2    4   0    0    5  171.488622   0    0  1.383102 173.021145 0.422187 173.554342  0   0  173.554342 1.434396   4  
  50  15  2    4   0    0    5  175.503467   0    0  1.050014 176.669598 0.587451 177.369282  0   0  177.369282 0.634273   3  
  51  15  4    4   1    0    4  178.502090   0    0  1.083375 179.718099 1.327179 181.150890  0   0  181.150890 0.851312   4  
  52  15  4    4   1    0    4  182.500270   0    0  1.283496 183.916302 0.554636 184.582657  0   0  184.582657 1.417710   4  
  53  14  2    3   0    0    4  186.498457   0    0  1.233322 187.864348 0.741220 188.714110  0   0  188.714110 1.284413   4  
  54  14  1    3   0    0    5  190.496656   0    0  2.366023 192.995503 0.257064 193.362009  0   0  193.362009 0.634693   4  
  55  15  1    1   1    0    5  194.511482   0    0  1.099860 195.744243 0.480943 196.343978  0   0  196.343978 0.667721   3  
  56  15  3    3   1    0    5  197.510109   0    0  1.033558 198.709469 0.436652 199.259308  0   0  199.259308 0.751025   3  
  57  14  2    3   0    0    5  200.508742   0    0  0.950086 201.624912 0.419879 202.157990  0   0  202.157990 0.850991   3  
  58  14  4    4   1    0    4  203.507387   0    0  1.350065 205.023223 0.554921 205.689720  0   0  205.689720 1.317891   4  
  59  14  3    3   1    0    4  207.505567   0    0  1.916314 209.571287 0.397757 210.087729  0   0  210.087729 0.918060   4  
  60  13  1    4   0    0    4  211.503736   0    0  1.799660 213.436069 0.223957 213.769384  0   0  213.769384 1.234588   4  
]; % This session completes at 03-Mar-2019 12:12:50, 217.003s after session start, 213s on 60 trials, totally 229.912s, correctness is 56.667%.

