%% MetaTwins_RDMsc_training for 'lvyanan': starting at _nofeedback (       49.0000000000).7-Jan-2019 11:01:22 for '7.374425e+05': starting at 
record = [
%  n coh dir resp isc ckey conf    osti    dsti oopt   rtime     oconf     ctime     oisi    isi ofb    oiti       iti   total
   1  25  1    1   1    0    6    2.498857   0    0  1.266747   3.881560 0.734666   4.731173  0   0    4.731173 1.267914   4  
   2  25  3    3   1    0    6    6.497046   0    0  1.450000   8.063000 0.988830   9.162504  0   0    9.162504 0.834767   4  
   3  22  2    2   1    0    6   10.495240   0    0  1.066720  11.678032 0.856372  12.644260  0   0   12.644260 1.351205   4  
   4  22  4    4   1    0    6   14.493416   0    0  1.150064  15.759517 0.559057  16.425871  0   0   16.425871 0.567766   3  
   5  19  3   -1   0    0    3   17.492060   0    0  0.000000  20.007608 0.114212  20.240813  0   0   20.240813 0.751483   4  
   6  19  4    4   1    0    6   21.506905   0    0  1.066748  22.689701 0.489045  23.289432  0   0   23.289432 0.717697   3  
   7  19  1    1   1    0    6   24.505544   0    0  1.150031  25.771643 0.522632  26.404675  0   0   26.404675 0.601103   3  
   8  17  1    1   1    0    6   27.504184   0    0  1.033259  28.653660 0.764136  29.536591  0   0   29.536591 1.467829   4  
   9  17  2    2   1    0    6   31.502366   0    0  1.033394  32.651846 0.600557  33.368204  0   0   33.368204 0.634401   3  
  10  15  2    2   1    0    4   34.501010   0    0  1.699753  36.333482 1.052424  37.499653  0   0   37.499653 0.501588   4  
  11  15  3    3   1    0    4   38.499193   0    0  1.333237  39.948546 0.761616  40.814819  0   0   40.814819 1.184606   4  
  12  14  1    1   1    0    6   42.497377   0    0  1.283277  43.896747 0.718319  44.729699  0   0   44.729699 1.267919   4  
  13  14  3    3   1    0    5   46.495571   0    0  1.699872  48.311405 0.593589  49.011098  0   0   49.011098 0.984695   4  
  14  13  3    3   1    0    5   50.493754   0    0  1.999687  52.609464 0.570351  53.292477  0   0   53.292477 0.701505   4  
  15  13  4    2   0    0    5   54.508594   0    0  1.799896  56.424390 0.776013  57.307352  0   0   57.307352 0.701475   4  
  16  13  2    2   1    0    5   58.506779   0    0  2.282737  60.905699 0.585453  61.605390  0   0   61.605390 1.401629   5  
  17  13  4    4   1    0    3   63.504508   0    0  2.049587  65.670207 1.354278  67.136207  0   0   67.136207 0.868537   5  
  18  12  1    1   1    0    3   68.502255   0    0  1.200010  69.818307 1.396666  71.334293  0   0   71.334293 0.668188   4  
  19  12  1    1   1    0    5   72.500444   0    0  1.416589  74.033072 0.613981  74.766077  0   0   74.766077 1.234596   4  
  20  11  1    1   1    0    5   76.498627   0    0  1.283281  77.897994 0.639049  78.647645  0   0   78.647645 1.351211   4  
  21  11  4    4   1    0    5   80.496833   0    0  1.483227  82.096075 0.669722  82.879063  0   0   82.879063 1.117981   4  
  22  10  3    3   1    0    5   84.494987   0    0  2.066228  86.677344 1.335774  88.126683  0   0   88.126683 0.868533   5  
  23  10  3    1   0    0    3   89.509389   0    0  1.516633  91.141977 1.630885  92.891190  0   0   92.891190 1.118432   5  
  24  10  2    2   1    0    5   94.507113   0    0  1.233322  95.856513 0.666617  96.639481  0   0   96.639481 1.367868   4  
  25  10  2    2   1    0    5   98.505314   0    0  1.549915 100.171218 0.748569 101.037491  0   0  101.037491 0.968046   4  
  26   9  2    4   0    0    3  102.503491   0    0  2.316187 104.935721 1.078263 106.135173  0   0  106.135173 0.868548   5  
  27   9  1    1   1    0    5  107.501226   0    0  1.316628 108.933911 0.676954 109.716890  0   0  109.716890 1.284566   4  
  28   9  4    2   0    0    3  111.499413   0    0  1.433266 113.048697 1.319791 114.481383  0   0  114.481383 0.518261   4  
  29   9  4    4   1    0    5  115.497597   0    0  1.416568 117.030234 1.520211 118.662822  0   0  118.662822 1.334996   5  
  30   9  2    2   1    0    3  120.495329   0    0  1.466580 122.077952 1.205656 123.394009  0   0  123.394009 0.601553   4  
  31   8  1    2   0    0    3  124.510172   0    0  1.949705 126.592569 1.115279 127.825339  0   0  127.825339 1.185061   5  
  32   8  3    1   0    0    2  129.507914   0    0  1.499812 131.123841 1.009536 132.240012  0   0  132.240012 0.768120   4  
  33   9  4    2   0    0    3  133.506091   0    0  1.832875 135.455214 1.856162 137.420978  0   0  137.420978 0.585346   5  
  34   9  1    1   1    0    3  138.503823   0    0  1.283294 139.903193 1.139898 141.152629  0   0  141.152629 0.851424   4  
  35   9  1    1   1    0    3  142.502015   0    0  1.250038 143.868068 1.778894 145.767195  0   0  145.767195 1.235046   5  
  36   8  2    2   1    0    4  147.499747   0    0  1.333275 148.949091 0.871676 149.931973  0   0  149.931973 1.067998   4  
  37   8  1    1   1    0    3  151.497930   0    0  1.599826 153.213826 1.398811 154.729797  0   0  154.729797 1.268361   5  
  38   7  2    2   1    0    3  156.495663   0    0  1.050032 157.661812 1.189304 158.961220  0   0  158.961220 1.034677   4  
  39   7  3    2   0    0    2  160.510499   0    0  1.549925 162.176422 1.016363 163.309241  0   0  163.309241 0.701489   4  
  40   7  2    1   0    0    2  164.508690   0    0  1.116707 165.758142 1.263954 167.140830  0   0  167.140830 0.868095   4  
  41   8  3    2   0    0    2  168.506885   0    0  1.083420 169.706342 1.475693 171.288945  0   0  171.288945 0.718164   4  
  42   8  4    4   1    0    2  172.505074   0    0  1.766406 174.387549 1.598186 176.103432  0   0  176.103432 0.901868   5  
  43   8  4    2   0    0    3  177.502802   0    0  1.316617 178.935327 0.833133 179.885056  0   0  179.885056 1.117972   4  
  44   8  2    2   1    0    3  181.500995   0    0  1.466552 183.083604 1.019067 184.216424  0   0  184.216424 0.784794   4  
  45   8  4    4   1    0    2  185.499173   0    0  1.516525 187.165000 0.856413 188.131313  0   0  188.131313 0.868097   4  
  46   7  3    3   1    0    2  189.497356   0    0  1.399948 191.046654 1.239787 192.396049  0   0  192.396049 0.601538   4  
  47   7  4    2   0    0    3  193.512211   0    0  1.284050 194.928226 1.191989 196.227635  0   0  196.227635 0.784799   4  
  48   7  3    3   1    0    3  197.510389   0    0  1.183379 198.809712 0.995754 199.925971  0   0  199.925971 1.084641   4  
  49   7  2    1   0    0    2  201.508584   0    0  0.966832 202.624734 1.564254 204.307298  0   0  204.307298 0.701508   4  
  50   7  1    3   0    0    2  205.506765   0    0  1.916385 207.539169 1.542120 209.188439  0   0  209.188439 0.818558   5  
  51   8  1    1   1    0    3  210.504490   0    0  1.250055 211.870543 0.628235 212.620210  0   0  212.620210 1.384505   4  
  52   8  3    1   0    0    3  214.502675   0    0  2.416179 217.034862 0.732235 217.884488  0   0  217.884488 1.118412   5  
  53   8  2    2   1    0    4  219.500416   0    0  1.016836 220.633233 1.222245 221.965957  0   0  221.965957 1.034683   4  
  54   8  4    3   0    0    2  223.498601   0    0  2.099744 225.714270 0.864581 226.697148  0   0  226.697148 1.301679   5  
  55   8  3    1   0    0    3  228.512989   0    0  1.200082 229.829064 1.186456 231.128472  0   0  231.128472 0.884738   4  
  56   9  1    1   1    0    2  232.511176   0    0  1.266628 233.977184 1.434014 235.526481  0   0  235.526481 1.484916   5  
  57   9  2    2   1    0    4  237.508912   0    0  1.016834 238.641724 0.620043 239.374738  0   0  239.374738 0.634405   3  
  58   8  4    4   1    0    3  240.507556   0    0  2.216249 242.839817 1.094148 244.039290  0   0  244.039290 0.968493   5  
  59   8  3    4   0    0    3  245.505288   0    0  2.049705 247.670979 0.879609 248.670514  0   0  248.670514 1.334996   5  
  60   8  4    2   0    0    3  250.503005   0    0  1.000160 251.619181 0.799943 252.535436  0   0  252.535436 1.467809   4  
]; % This session completes at 17-Jan-2019 11:05:52, 256.003s after session start, 252s on 60 trials, totally 270.059s, correctness is 66.667%.

