%% MetaTwinsTri_behave_Conf for '_guess': starting at zhangying (       48.0000000000).9-Jul-2019 16:42:467.376157e+05 for '
record = [
%  n dir coh resp isc conf conforig    osti      rtime     oconf     ctime     oisi       iti   total
   1  2   7    2   1    6      5      2.499047 1.849579   4.864635 1.010103   5.997466 2.001808   6  
   2  3   7    3   1    5      5      8.496338 2.116317  11.128478 1.268687  12.511195 1.485360   6  
   3  2   7    2   1    4      3     14.510282 1.349713  16.376094 0.574434  17.075794 2.934701   6  
   4  3   7    2   0    4      2     20.507557 2.116603  23.139708 0.854039  24.122499 1.885295   6  
   5  1   7    3   0    3      2     26.504839 2.498967  29.520162 1.555280  31.202731 0.802348   6  
   6  2   7    2   1    5      3     32.502131 1.183374  34.201363 1.324729  35.650727 2.351635   6  
   7  1   7    2   0    5      5     38.499404 1.632883  40.648442 1.318146  42.081121 1.918522   6  
   8  2   7    4   0    2      2     44.513359 2.083351  47.112179 0.940487  48.178364 1.835243   6  
   9  1   7    2   0    5      4     50.510636 1.383009  52.409770 0.923038  53.459308 2.551545   6  
  10  3   7   -1   0    2      3     56.491277 0.000000  59.040116 1.419738  60.572752 1.418713   6  
  11  2   7    2   1    5      1     62.488549 1.249812  64.254419 0.950256  65.320601 2.668041   6  
  12  4   7    2   0    5      2     68.502499 1.100444  70.118429 1.221629  71.467732 2.535006   6  
  13  3   7    3   1    5      3     74.499772 1.932783  76.948661 1.808451  78.881130 1.118806   6  
  14  3   7    2   0    5      3     80.497070 1.683223  82.696065 0.111847  82.929295 3.068003   6  
  15  2   7    1   0    6      4     86.494348 1.966199  88.976552 1.694612  90.792391 1.202180   6  
  16  4   7    4   1    6      2     92.508289 1.683652  94.707299 0.618849  95.440291 2.568234   6  
  17  1   7    2   0    3      3     98.505571 2.165985 101.187680 0.905032 102.220548 1.785251   6  
  18  1   7    1   1    4      2    104.502863 1.850420 106.868454 1.119743 108.101210 1.901877   6  
  19  4   7    1   0    5      2    110.500129 1.749585 112.765780 1.021833 113.915254 2.085116   6  
  20  4   7    2   0    5      1    116.497436 1.900015 118.913004 0.450789 119.479412 2.518266   6  
  21  1   7    4   0    2      3    122.511365 2.349291 125.376738 1.231389 126.726129 1.285469   6  
  22  3   7    2   0    5      1    128.508649 1.600018 130.624359 1.167673 131.907119 2.101776   6  
  23  2   7    2   1    5      3    134.505931 1.016560 136.038566 1.113780 137.271346 2.734809   6  
  24  4   7    2   0    6      4    140.503227 1.866567 142.885474 0.626161 143.635132 2.368327   6  
  25  1   7    1   1    5      2    146.500503 1.932708 148.949412 1.226913 150.298782 1.701795   6  
  26  3   7    4   0    6      2    152.497796 1.883176 154.896697 1.278141 156.296065 1.701859   6  
  27  2   7    3   0    4      1    158.495070 2.082748 161.093910 1.413742 162.626546 1.368660   6  
  28  1   7    1   1    5      3    164.492365 1.233381 166.241572 0.974436 167.341070 2.651521   6  
  29  3   7    3   1    6      3    170.506296 1.782932 172.805274 1.205089 174.137984 1.868519   6  
  30  2   7    4   0    5      2    176.503589 1.900284 178.919170 0.544212 179.585526 2.418280   6  
  31  4   7   -1   0    2      2    182.500858 0.000000 185.033051 1.543001 186.698977 1.302106   6  
  32  4   7    4   1    5      1    188.498157 1.166906 190.180724 0.805761 191.113646 2.884710   6  
  33  1   7    2   0    6      2    194.495437 1.516215 196.527855 0.488100 197.144228 2.851422   6  
  34  1   7    4   0    5      3    200.509386 1.733146 202.758366 0.364681 203.241476 2.768135   6  
  35  2   7    1   0    5      2    206.506661 1.266371 208.289184 0.307382 208.722322 3.284569   6  
  36  2   7    4   0    5      2    212.503950 1.883385 214.902856 0.298864 215.319278 2.684907   6  
  37  3   7    4   0    6      2    218.501223 1.915977 220.933460 0.928047 221.982985 2.018471   6  
  38  4   7    1   0    5      2    224.515183 2.016905 227.047369 1.216029 228.380100 1.635326   6  
  39  3   7    2   0    5      2    230.495796 1.282944 232.294986 1.164317 233.577738 2.418129   6  
  40  1   7    3   0    6      4    236.493085 1.883283 238.892001 0.050855 239.058589 2.934711   6  
  41  2   7    2   1    2      2    242.490352 2.349319 245.355730 1.273638 246.755098 1.235379   6  
  42  3   7    2   0    6      2    248.504316 1.816745 250.836587 0.466812 251.419661 2.584879   6  
  43  4   7    3   0    5      1    254.501586 1.916152 256.933814 0.874246 257.933369 2.068398   6  
  44  3   7    1   0    2      2    260.498878 2.083380 263.097716 1.636515 264.863563 1.135551   6  
  45  1   7    2   0    3      1    266.496155 2.415931 269.428165 0.774979 270.327761 1.668633   6  
  46  4   7    2   0    2      1    272.493451 2.182977 275.192235 0.978749 276.291735 1.701936   6  
  47  3   7    3   1    5      1    278.507389 1.699597 280.723048 0.789447 281.639318 2.368288   6  
  48  1   7    4   0    5      2    284.504683 1.850124 286.870263 0.842227 287.836506 2.168393   6  
  49  4   7   -1   0    1      2    290.501955 0.000000 293.017490 0.905009 294.050352 1.951824   6  
  50  2   7    2   1    6      1    296.499238 1.416527 298.431755 1.075306 299.631156 2.368308   6  
  51  2   7    2   1    2      2    302.513166 2.249333 305.278599 0.963413 306.361437 1.651961   6  
  52  4   7    2   0    3      2    308.510474 2.016829 311.042619 0.805267 311.975571 2.035155   6  
  53  1   7    1   1    3      2    314.507739 1.399770 316.423562 1.085845 317.622997 2.384975   6  
  54  4   7    2   0    5      3    320.488376 1.383322 322.387516 0.497400 323.003904 2.984679   6  
  55  1   7    1   1    5      5    326.502318 1.199796 328.218210 0.488635 328.834590 3.167822   6  
  56  3   7    3   1    3      3    332.499611 2.149707 335.165073 1.037019 336.331208 1.668628   6  
  57  2   7    4   0    6      2    338.496884 1.432985 340.445999 0.698197 341.262304 2.734745   6  
  58  4   7    4   1    5      4    344.494179 1.683507 346.693181 0.460927 347.276242 2.718131   6  
  59  3   7    3   1    1      2    350.491454 0.000000 353.523413 0.603431 354.256406 1.735258   6  
  60  4   7    2   0    5      1    356.505407 1.516985 358.537811 0.739811 359.404093 2.601545   6  
]; % This session completes at 09-Jul-2019 16:49:04, 364.003s after session start, 360s on 60 trials, totally 377.475s.

