%% MetaTwinsDoubleBlind_behave_Conf for '_guess': starting at zhanglu (       48.0000000000).2-Mar-2019 17:24:087.374867e+05 for '
record = [
%  n dir coh resp isc conf conforig    osti      rtime     oconf     ctime     oisi       iti   total
   1  1   11   1   1    7      1      2.498863 1.349598   4.364693 0.775503   5.247620 2.751431   6  
   2  1   11   3   0    7      1      8.496204 1.500266  10.511959 0.413717  11.045053 2.951380   6  
   3  1   11   1   1    8      5     14.510081 1.449624  16.475865 0.796766  17.392107 2.618230   6  
   4  2   11   2   1    8      8     20.507421 1.000238  22.023400 0.323482  22.456547 3.551052   6  
   5  1   11   2   0    8      8     26.504648 1.249686  28.270512 0.412413  28.803599 3.201273   6  
   6  4   11   2   0    6      2     32.501990 1.250333  34.267851 1.387294  35.767178 2.234985   6  
   7  1   11   1   1    6      6     38.499209 1.183104  40.198438 0.598872  40.914777 3.084589   6  
   8  4   11   3   0    1      1     44.496542 1.517068  46.528956 0.796659  47.445210 2.551519   6  
   9  2   11   2   1    2      8     50.510430 0.850072  51.876475 1.397968  53.392476 2.618182   6  
  10  2   11   2   1   -1      8     56.507695 0.799968  57.823782 0.000000  59.822744 2.185193   6  
  11  2   11   2   1    2      7     62.504998 0.933271  63.954336 0.885011  64.953889 3.051317   6  
  12  2   11   2   1    3      6     68.502258 1.349788  70.368097 0.541879  71.017820 2.984740   6  
  13  2   11   2   1    7      5     74.499609 1.216701  76.232101 0.460810  76.798568 3.201272   6  
  14  1   11   3   0    2      1     80.513483 1.716186  82.745811 0.458744  83.312225 2.701493   6  
  15  1   11   1   1    7      1     86.510827 1.600182  88.626537 0.786325  89.526137 2.484873   6  
  16  4   11   3   0    2      1     92.508048 1.432961  94.457169 0.740055  95.306796 2.701496   6  
  17  3   11   3   1    7      4     98.505400 1.816781 100.837679 0.443188 101.387425 2.618139   6  
  18  2   11   2   1    1      8    104.502619 0.983194 106.001939 1.520825 107.634526 2.368255   6  
  19  3   11   2   0    7      1    110.499956 1.216596 112.232510 1.869097 114.214893 1.785267   6  
  20  4   11   2   0    2      1    116.513829 1.516271 118.546257 0.683608 119.345889 2.668174   6  
  21  4   11   3   0    6      1    122.511183 1.566502 124.593565 0.938424 125.643096 2.368247   6  
  22  4   11   3   0    7      1    128.508399 1.699547 130.724071 0.558683 131.390423 2.618207   6  
  23  2   11   2   1    7      6    134.505746 1.116755 136.138335 1.264141 137.521006 2.484960   6  
  24  1   11   3   0    7      1    140.502968 1.749478 142.768597 0.403090 143.285055 2.718048   6  
  25  3   11   2   0    7      3    146.516960 1.783407 148.815917 0.557051 149.482284 2.534842   6  
  26  3   11   2   0    2      1    152.514281 1.832735 154.863128 0.899949 155.879348 2.135062   6  
  27  1   11   3   0    2      1    158.511521 2.032974 161.060369 0.806323 161.976589 2.035108   6  
  28  3   11   3   1    7      1    164.508748 1.749542 166.774389 0.705117 167.590681 2.418305   6  
  29  2   11   2   1    2      8    170.506081 1.333364 172.355250 0.741004 173.204874 2.801444   6  
  30  3   11   3   1    7      5    176.486654 1.482996 178.485755 0.968414 179.568583 2.418163   6  
  31  3   11   3   1    7      8    182.500656 1.683456 184.699649 0.351050 185.166111 2.834721   6  
  32  3   11   3   1    8      8    188.497864 1.232946 190.247080 1.176136 191.529832 2.468272   6  
  33  2   11   2   1    6      6    194.495216 1.133673 196.144464 1.498732 197.760405 2.234975   6  
  34  1   11   2   0    8      1    200.492431 1.266536 202.274961 0.452573 202.841380 3.151273   6  
  35  3   11   3   1    1      8    206.489772 1.050281 208.055733 0.450414 208.622146 3.367864   6  
  36  3   11   3   1    7      8    212.503654 1.349732 214.369488 0.349660 214.835928 3.167957   6  
  37  4   11   3   0    2      1    218.500992 1.566628 220.583385 0.742040 221.432978 2.568190   6  
  38  4   11   3   0    3      1    224.498223 1.299791 226.314068 0.881397 227.313615 2.684827   6  
  39  2   11   2   1    7      1    230.495556 1.650363 232.661237 1.359526 234.127198 1.868534   6  
  40  1   11   2   0    7      1    236.492785 1.616363 238.625170 0.546035 239.291510 2.701445   6  
  41  2   11   3   0    8      1    242.490125 1.583742 244.589173 0.472648 245.172169 2.818167   6  
  42  3   11   3   1    2      8    248.504004 0.966614 249.986677 1.941712 252.035794 1.968433   6  
  43  4   11   4   1    8      3    254.501309 1.433669 256.450433 0.812784 257.383375 2.618147   6  
  44  4   11   4   1    8      4    260.498550 1.216527 262.231110 0.347642 262.697572 3.301229   6  
  45  4   11   3   0    7      1    266.495901 1.483268 268.494997 0.713371 269.327940 2.668194   6  
  46  1   11   1   1    2      5    272.493218 1.282998 274.292312 0.580101 274.992005 3.001268   6  
  47  2   11   2   1    1      6    278.490474 1.900084 280.906044 0.623584 281.639014 2.351621   6  
  48  2   11   2   1    1      6    284.504333 1.116557 286.136942 0.408764 286.653378 3.351192   6  
  49  4   11   4   1    2      7    290.501687 1.266721 292.284211 0.950018 293.350401 2.651460   6  
  50  4   11   4   1    3      7    296.498914 0.999804 298.014896 1.974555 300.097284 1.901863   6  
  51  4   11   3   0    7      1    302.496252 1.583691 304.595298 0.384623 305.095080 2.901357   6  
  52  2   11   2   1    4      8    308.493476 1.033209 310.042782 0.787220 310.942375 3.051204   6  
  53  4   11   4   1    2      7    314.507478 1.016787 316.040175 1.363072 317.522805 2.484849   6  
  54  1   11   3   0    2      1    320.504700 1.649571 322.670385 0.968494 323.753236 2.251686   6  
  55  3   11   3   1    8      7    326.502084 1.216721 328.234579 0.392240 328.734310 3.267890   6  
  56  2   11   2   1    1      8    332.499266 1.349745 334.365078 0.375906 334.848195 3.151287   6  
  57  2   11   2   1    4      7    338.496616 0.933825 339.945879 1.713592 341.778490 2.218332   6  
  58  3   11   3   1    4      8    344.493823 1.166516 346.176414 0.875330 347.159273 2.834613   6  
  59  3   11   1   0    7      2    350.507818 1.516544 352.540227 0.417381 353.073330 2.934656   6  
  60  4   11   3   0   -1      1    372.880969 1.966097 375.363219 0.000000 377.362229 1.018527   6  
  61  3   11   2   0   -1      1    377.895347 0.017970 378.428417 0.000000 380.427492 2.967888   6  
  62  1   11   1   1    7      3    380.960625 1.399580 382.876434 0.794167 383.776001 2.684681   6  
  63  1   11   1   1    2      1    384.309102 1.383012 386.208302 0.867319 387.191199 2.618028   6  
  64  4   11   3   0    8      1    388.040738 1.766202 390.323038 0.967309 391.405913 2.134927   6  
  65  1   11   3   0    2      1    391.938973 0.800002 393.255101 1.092281 394.454548 2.984408   6  
  66  2   11   2   1    3      8    394.987583 0.849888 396.353678 1.147496 397.619731 2.867972   6  
  67  3   11   3   1    6      8    398.502726 1.383581 400.401872 0.776429 401.284712 2.718182   6  
  68  3   11   2   0    7      1    404.499961 1.482886 406.499050 0.587659 407.198731 2.801376   6  
  69  1   11   2   0    3      1    410.497284 1.483657 412.496377 0.797721 413.412642 2.584822   6  
  70  4   11   2   0    2      1    416.511160 1.533015 418.560238 0.590389 419.259935 2.751461   6  
  71  1   11   1   1    3      6    422.508520 1.250605 424.274377 0.880534 425.273871 2.734819   6  
  72  4   11   3   0    5      1    428.505729 1.532945 430.554806 1.670533 432.337345 1.668619   6  
  73  3   11   3   1    2      5    434.503083 1.633502 436.652102 0.452191 437.218509 2.784793   6  
  74  4   11   4   1    2      8    440.500287 1.083197 442.099646 0.679469 442.899215 3.101204   6  
  75  3   11   3   1    5      6    446.514303 1.233360 448.263501 1.513454 449.896096 2.118365   6  
  76  2   11   2   1    2      7    452.511521 1.083154 454.110808 1.303329 455.526814 2.484934   6  
  77  4   11   4   1    7      7    458.508862 0.967159 459.991511 1.314022 461.424228 2.584809   6  
  78  2   11   2   1    2      5    464.506173 1.183129 466.205312 0.621630 466.938310 3.067993   6  
  79  3   11   3   1    3      7    470.503413 1.283427 472.302607 1.698036 474.118402 1.885218   6  
  80  3   11   2   0    3      1    476.500646 1.249703 478.266513 0.858791 479.232735 2.767977   6  
  81  4   11   3   0    4      1    482.514637 1.366687 484.397125 0.626433 485.130083 2.884727   6  
  82  1   11   1   1    7      5    488.511874 1.249806 490.277750 0.538604 490.927441 3.084660   6  
  83  2   11   2   1    2      7    494.509204 0.966720 495.991866 1.358980 497.457873 2.551493   6  
  84  2   11   2   1    4      6    500.506418 1.216470 502.238993 1.044892 503.405117 2.601502   6  
  85  1   11   1   1    4      3    506.503771 1.233753 508.252972 1.430918 509.802197 2.201634   6  
  86  3   11   3   1    7      1    512.517644 1.549574 514.583386 0.468275 515.166462 2.851412   6  
  87  4   11   2   0    6      1    518.498329 1.566541 520.580712 0.522905 521.213762 2.784745   6  
  88  1   11   1   1    4      4    524.495543 1.499509 526.511301 0.408794 527.027744 2.968043   6  
  89  3   11   3   1    1      1    530.492924 1.916480 532.925124 0.304674 533.341599 2.651453   6  
  90  2   11   2   1    2      7    536.490180 1.049729 538.056081 1.175097 539.338824 2.651451   6  
]; % This session completes at 02-Mar-2019 17:33:27, 544.003s after session start, 540s on 90 trials, totally 559.591s.

