%% MetaTwins_RDMsc_training for 'liuyao': starting at _feedback (       50.0000000000).7-Jan-2019 11:22:48 for '7.374525e+05': starting at 
record = [
%  n coh dir resp isc ckey conf    osti    dsti oopt   rtime     oconf     ctime     oisi       isi       ofb       oiti       iti   total
   1  90  3    3   1    0   -1    2.499082   0    0  2.233171   4.997902 0.000000   7.013726 0.999527   8.013253   9.012803 0.986537   8  
   2  90  1    1   1    0    5   10.495460   0    0  1.333387  12.078058 1.507606  13.710673 0.999566  14.710239  15.709784 1.285911   7  
   3  90  3   -1   0    0    8   17.508950   0    0  0.000000  20.024486 1.724263  21.873635 0.999563  22.873198  23.872743 1.136437   8  
   4  90  4    4   1    0    8   25.505329   0    0  2.216213  28.004204 1.229802  29.353573 0.999560  30.353134  31.352690 0.652864   7  
   5  81  4    4   1    0    8   32.502164   0    0  1.900795  34.667849 1.004585  35.783842 0.999704  36.783546  37.783071 1.219311   7  
   6  81  1    1   1    0    8   39.498977   0    0  0.900246  40.665116 0.638022  41.431433 0.999538  42.430971  43.430533 0.568483   5  
   7  72  4    3   0    0    5   44.496717   0    0  1.351007  46.079338 1.857996  48.061762 0.999545  49.061307  50.060850 0.936065   7  
   8  72  3    3   1    0    8   51.493536   0    0  1.267037  52.976167 1.068086  54.158993 0.999546  55.158539  56.158105 0.835550   6  
   9  72  2    2   1    0    8   57.490817   0    0  1.267879  59.073427 0.794648  59.989702 0.999538  60.989240  61.988776 1.002273   6  
  10  64  2    2   1    0    8   63.504758   0    0  1.116626  64.904121 0.869629  65.886995 0.999555  66.886550  67.886113 1.118859   6  
  11  64  1    1   1    0    8   69.502029   0    0  0.985140  70.734811 0.728793  71.584427 0.999548  72.583975  73.583506 1.418762   6  
  12  57  2    2   1    0    8   75.499308   0    0  1.099898  76.815394 0.517804  77.448426 0.999540  78.447966  79.447521 0.552024   5  
  13  57  4    4   1    0    8   80.497053   0    0  1.634188  82.362868 0.547373  83.029232 0.999556  84.028788  85.028307 0.968969   6  
  14  51  2    2   1    0    8   86.510966   0    0  1.133345  87.876836 0.529244  88.526728 0.999563  89.526292  90.525835 1.485369   6  
  15  51  1    1   1    0    8   92.508275   0    0  1.200947  93.924293 0.454880  94.507367 0.999567  95.506933  96.506444 0.502073   5  
  16  45  3    3   1    0    8   97.505984   0    0  1.516528  99.238554 0.726660 100.088160 0.999536 101.087696 102.087262 0.918954   6  
  17  45  4    4   1    0    8  103.503298   0    0  1.883877 105.602287 0.630636 106.351983 0.999555 107.351538 108.351069 0.652436   6  
  18  40  1    1   1    0    8  109.517201   0    0  1.333399 111.083181 0.593902 111.799505 0.999546 112.799052 113.798608 1.218831   6  
  19  40  1    1   1    0    8  115.497839   0    0  0.884325 116.630639 0.443843 117.197062 0.999551 118.196614 119.196152 0.801918   5  
  20  36  1    1   1    0    8  120.495561   0    0  0.783433 121.528435 0.544799 122.194785 0.999544 123.194329 124.193888 0.801813   5  
  21  36  4    4   1    0    8  125.493296   0    0  1.334136 127.042594 0.344131 127.509059 0.999545 128.508604 129.508142 1.485387   6  
  22  32  4    4   1    0    8  131.490563   0    0  1.016682 132.723348 0.438204 133.273104 0.999542 134.272646 135.272197 0.718571   5  
  23  32  1    1   1    0    8  136.504977   0    0  0.984160 137.720958 0.535831 138.370796 0.999548 139.370344 140.369874 0.635324   5  
  24  28  1    1   1    0    8  141.502697   0    0  0.900051 142.652200 0.473369 143.251895 0.999549 144.251444 145.251012 0.751918   5  
  25  28  4    4   1    0    8  146.500440   0    0  0.968640 147.699897 0.481334 148.299612 0.999558 149.299170 150.298708 0.701947   5  
  26  25  2    2   1    0    8  151.498159   0    0  1.266692 152.997430 0.623483 153.747150 0.999534 154.746684 155.746245 1.252147   6  
  27  25  4    4   1    0    8  157.512108   0    0  1.134302 158.861368 0.533663 159.511211 0.999537 160.510749 161.510282 0.502058   5  
  28  22  2    4   0    0    8  162.509830   0    0  1.000044 163.709288 0.421974 164.259040 0.999549 165.258589 166.258141 0.751926   5  
  29  22  2   -1   0    0    3  167.507567   0    0  0.000000 170.023093 0.184607 170.322966 0.999550 171.322516 172.322059 0.685748   6  
  30  22  4    4   1    0    7  173.504850   0    0  1.216636 174.954192 1.094459 176.170303 0.999550 177.169853 178.169403 0.835679   6  
  31  22  1    4   0    0    6  179.502125   0    0  1.950661 181.684482 1.084938 182.883927 0.999545 183.883473 184.883013 1.119316   7  
  32  22  4    4   1    0    8  186.498940   0    0  1.283217 187.998255 0.863797 188.981157 0.999554 189.980711 190.980262 1.018810   6  
  33  22  3    3   1    0    8  192.496229   0    0  1.550769 194.362041 0.716676 195.195024 0.999502 196.194526 197.194091 0.802376   6  
  34  19  3    3   1    0    8  198.493483   0    0  1.866416 200.609167 0.520375 201.242262 0.999562 202.241824 203.241360 0.752342   6  
  35  19  3    3   1    0    8  204.507453   0    0  1.618641 206.373277 0.711273 207.206228 0.999548 208.205777 209.205309 0.802375   6  
  36  17  2   -1   0    0    4  210.504718   0    0  0.000000 213.020258 0.653084 213.786591 0.999518 214.786109 215.785664 1.219290   7  
  37  17  3    3   1    0    8  217.501562   0    0  1.484558 219.217397 0.469402 219.800517 0.999549 220.800066 221.799594 1.202195   6  
  38  17  3    3   1    0    8  223.498833   0    0  1.100160 224.814917 0.390426 225.331331 0.999536 226.330867 227.330441 0.668615   5  
  39  15  2    2   1    0    8  228.513230   0    0  1.284486 230.062530 0.396218 230.578950 0.999573 231.578523 232.578039 1.435433   6  
  40  15  3    3   1    0    8  234.510499   0    0  1.033539 235.759936 0.197417 236.076444 0.999551 237.075995 238.075559 0.935161   5  
  41  14  2    2   1    0    8  239.508244   0    0  1.152045 240.890940 0.550524 241.557307 0.999552 242.556859 243.556394 1.452067   6  
  42  14  3    2   0    0    8  245.488846   0    0  1.083544 246.821597 0.256953 247.204734 0.999555 248.204289 249.203825 0.785080   5  
  43  14  4    2   0    0    8  250.486597   0    0  0.901189 251.686051 0.515809 252.319101 0.999548 253.318649 254.318189 0.668623   5  
  44  15  1    2   0    0    8  255.500982   0    0  0.916647 256.650239 0.648183 257.416760 0.999550 258.416310 259.415882 0.585242   5  
  45  15  1    2   0    0    7  260.498725   0    0  1.201168 261.948053 0.927929 262.997585 0.999542 263.997127 264.996669 1.002275   6  
  46  16  2    2   1    0    8  266.495983   0    0  1.000208 267.728759 1.248505 269.094808 0.999553 270.094361 271.093913 0.902263   6  
  47  16  2    2   1    0    8  272.493270   0    0  0.900297 273.625946 0.891089 274.642298 0.999535 275.641833 276.641388 1.352114   6  
  48  14  2    2   1    0    8  278.507206   0    0  0.935026 279.673353 0.453798 280.239761 0.999544 281.239305 282.238840 0.768595   5  
  49  14  2    2   1    0    8  283.504934   0    0  0.866895 284.621030 0.653733 285.387417 0.999536 286.386953 287.386525 0.618638   5  
  50  13  4    2   0    0    8  288.502671   0    0  1.534365 290.235117 0.671136 291.018211 0.999535 292.017746 293.017279 0.985627   6  
  51  13  4    2   0    0    6  294.499945   0    0  0.917015 295.682705 0.453617 296.249157 0.999555 297.248712 298.248250 0.751927   5  
  52  14  3    3   1    0    7  299.514351   0    0  1.784648 301.530111 0.634646 302.279752 0.999549 303.279301 304.278840 0.735730   6  
  53  14  3    3   1    0    7  305.511624   0    0  1.899581 307.643972 0.637501 308.410329 0.999521 309.409851 310.409407 0.602436   6  
  54  13  1    2   0    0    7  311.508897   0    0  1.068349 312.808151 0.696302 313.624612 0.999551 314.624163 315.623696 1.385445   6  
  55  13  4    2   0    0    7  317.489512   0    0  0.850176 318.555672 0.281265 318.955516 0.999567 319.955083 320.954630 1.034969   5  
  56  14  2    2   1    0    7  322.503921   0    0  0.884496 323.620082 0.363225 324.103189 0.999547 325.102736 326.102272 0.901872   5  
  57  14  3    3   1    0    7  327.501645   0    0  1.683395 329.434110 0.441612 330.000528 0.999526 331.000054 331.999615 1.002174   6  
  58  13  3    2   0    0    7  333.498865   0    0  1.450838 335.248120 0.361973 335.731246 0.999541 336.730787 337.730330 1.268832   6  
  59  13  1    2   0    0    7  339.496206   0    0  1.466518 341.228780 0.976673 342.328251 0.999553 343.327804 344.327350 0.669076   6  
  60  14  1    2   0    0    8  345.493496   0    0  0.918510 346.659641 1.367177 348.142282 0.999549 349.141831 350.141369 0.852330   6  
]; % This session completes at 27-Jan-2019 11:29:19, 353.016s after session start, 349s on 60 trials, totally 390.926s, correctness is 71.667%.

