%% MetaTwinsDoubleBlind_behave_Conf for '_guess': starting at yuanyumeng (       49.0000000000).9-Jan-2019 17:37:457.374447e+05 for '
record = [
%  n dir coh resp isc conf conforig    osti      rtime     oconf     ctime     oisi       iti   total
   1  3   15   3   1    6      6      2.498840 1.466256   4.481276 1.556347   6.147188 1.851873   6  
   2  4   15   4   1    7      5      8.496115 1.449590  10.461883 0.866654  11.444784 2.551551   6  
   3  4   15   2   0    5      6     14.493394 1.599446  16.609103 0.960600  17.675275 2.318331   6  
   4  3   15   3   1    7      5     20.490678 1.216413  22.223213 0.925799  23.256080 2.734798   6  
   5  4   15   4   1    5      8     26.504604 1.532959  28.553674 1.039751  29.703161 2.301643   6  
   6  2   15   4   0    7      7     32.501885 1.282951  34.301071 1.932192  36.350138 1.651937   6  
   7  1   15   2   0    5      1     38.499171 1.782826  40.798121 1.030802  41.947613 2.051731   6  
   8  1   15   2   0    3      1     44.496449 2.232529  47.245212 0.616783  47.978206 2.018406   6  
   9  2   15   4   0    5      6     50.493731 1.599549  52.609436 1.635401  54.358653 1.635246   6  
  10  3   15   3   1    5      6     56.490995 1.349753  58.356826 0.945804  59.423005 2.568154   6  
  11  3   15   3   1    4      7     62.504952 1.416340  64.437400 1.302598  65.853418 2.151669   6  
  12  1   15   4   0    4      5     68.502234 1.766172  70.784520 1.346011  72.250521 1.751850   6  
  13  2   15   2   1    5      6     74.499506 1.399791  76.415292 1.314199  77.847993 2.151652   6  
  14  3   15   2   0    6      6     80.496784 1.183004  82.196009 0.883899  83.195555 2.801358   6  
  15  2   15   4   0    7      8     86.494056 1.216479  88.226605 0.544938  88.892971 3.101221   6  
  16  1   15   3   0    2      1     92.491336 2.449228  95.456660 0.886406  96.456214 1.535242   6  
  17  4   15   4   1    7      7     98.488655 1.283031 100.287806 1.839345 102.236913 1.751820   6  
  18  2   15   4   0    3      6    104.502552 1.216450 106.235109 1.117947 107.467879 2.534790   6  
  19  4   15   4   1    7      7    110.499848 1.332923 112.348996 0.706235 113.165300 2.834626   6  
  20  3   15   3   1    6      7    116.497115 1.416282 118.429575 0.730653 119.279193 2.718012   6  
  21  4   15   4   1    5      7    122.494401 1.316361 124.326892 0.733371 125.176506 2.817971   6  
  22  3   15   3   1    7      6    128.491680 1.316480 130.324170 1.292615 131.723538 2.268198   6  
  23  2   15   2   1    5      3    134.488963 1.499625 136.504714 0.574600 137.187729 2.801279   6  
  24  1   15   1   1    3      2    140.502897 1.832758 142.851831 1.199113 144.167893 1.835234   6  
  25  1   15   3   0    7      2    146.516836 1.749481 148.782473 0.815695 149.715379 2.301683   6  
  26  4   15   2   0    4      5    152.514106 1.732816 154.763095 0.904151 155.779297 2.235036   6  
  27  2   15   3   0    5      6    158.511389 1.316403 160.343886 0.418572 160.876995 3.134614   6  
  28  1   15   1   1    8      7    164.508671 1.366352 166.391155 0.730212 167.240761 2.768138   6  
  29  3   15   2   0    7      6    170.505945 1.499634 172.521703 0.620466 173.254698 2.751483   6  
  30  1   15   4   0    6      7    176.503235 1.516265 178.535635 0.330964 178.985435 3.018016   6  
  31  1   15   4   0    5      7    182.500505 1.616237 184.632870 0.884520 185.632427 2.368312   6  
  32  2   15   4   0    4      3    188.514445 1.732774 190.763434 0.964295 191.846262 2.168412   6  
  33  1   15   2   0    5      4    194.511720 1.749561 196.777359 0.876511 197.760255 2.251696   6  
  34  2   15   3   0    2      2    200.509003 2.399183 203.424345 1.012424 204.557170 1.452053   6  
  35  4   15   4   1    3      6    206.506287 1.799550 208.821893 1.120725 210.054665 1.951840   6  
  36  4   15   2   0    4      5    212.503564 1.966079 214.985761 1.011505 216.101931 1.901869   6  
  37  3   15   2   0    5      6    218.500844 1.333014 220.350001 0.362478 220.833116 3.167954   6  
  38  3   15   3   1    7      7    224.498131 1.366341 226.380602 1.133262 227.630028 2.368315   6  
  39  3   15   1   0    6      7    230.512063 1.332916 232.361229 0.921422 233.394083 2.618204   6  
  40  4   15   4   1    7      8    236.509335 1.133008 238.158595 1.467610 239.741219 2.268349   6  
  41  1   15   1   1    7      7    242.506605 1.149858 244.172527 0.711944 245.005487 3.001363   6  
  42  4   15   4   1    7      6    248.503894 1.316396 250.336398 0.879404 251.335948 2.668182   6  
  43  2   15   2   1    7      7    254.501171 1.099698 256.117114 1.368370 257.599774 2.401628   6  
  44  3   15   3   1    8      1    260.498453 1.716229 262.730776 1.271012 264.113487 1.885196   6  
  45  1   15   1   1    5      6    266.495729 1.666224 268.678077 0.483313 269.277805 2.718160   6  
  46  4   15   4   1    7      7    272.509674 1.249690 274.275538 0.856706 275.241766 2.768139   6  
  47  4   15   4   1    6      8    278.506950 1.366367 280.389426 0.603832 281.105782 2.901393   6  
  48  4   15   4   1    7      8    284.504225 1.283112 286.303411 1.467152 287.886030 2.118433   6  
  49  2   15   2   1    6      6    290.501508 1.532947 292.550582 0.496759 293.166965 2.834777   6  
  50  2   15   4   0    3      5    296.498794 2.015986 299.030974 0.516443 299.664026 2.334992   6  
  51  1   15   4   0    5      7    302.496068 1.332996 304.345231 0.924927 305.378089 2.618208   6  
  52  2   15   2   1    4      4    308.493337 1.816143 310.825634 1.382967 312.324947 1.668629   6  
  53  4   15   4   1    5      7    314.507287 1.432981 316.456407 1.062944 317.639205 2.368319   6  
  54  4   15   4   1    3      6    320.504565 1.999373 323.020088 0.475903 323.603155 2.401642   6  
  55  4   15   4   1    3      5    326.501846 1.799439 328.817451 1.261921 330.200166 1.801921   6  
  56  3   15   3   1    2      5    332.499123 2.232636 335.247881 0.391468 335.747653 2.251704   6  
  57  4   15   4   1    6      7    338.496399 1.349727 340.362217 0.864055 341.345093 2.651538   6  
  58  1   15   4   0    7     -1    344.493687 1.399674 346.409482 0.749088 347.275758 2.718157   6  
  59  3   15   3   1    5      6    350.507624 1.416375 352.440071 0.577776 353.123103 2.884737   6  
  60  2   15   4   0    5      3    356.504905 1.849509 358.870495 1.269143 360.253198 1.751917   6  
  61  3   15   3   1    6      6    362.502185 1.766195 364.784478 0.652449 365.550803 2.451587   6  
  62  1   15   1   1    7      6    368.499455 1.183145 370.198699 1.045237 371.364827 2.634834   6  
  63  1   15   2   0    5      2    374.496744 1.966041 376.978942 0.705608 377.795238 2.201709   6  
  64  4   15   4   1    7      8    380.494025 1.166420 382.176588 0.825445 383.109497 2.884710   6  
  65  1   15   3   0    2      2    386.491292 1.849455 388.856893 0.667096 389.639875 2.351592   6  
  66  1   15   1   1    6      5    392.505237 1.882662 394.904145 1.162549 396.186897 1.818507   6  
  67  1   15   4   0    5      6    398.502514 1.982775 401.001381 0.913893 402.034246 1.968439   6  
  68  2   15   4   0    7      6    404.499799 1.333064 406.348956 1.188311 407.648360 2.351590   6  
  69  3   15   1   0    6      2    410.497076 1.582903 412.596123 1.069343 413.778925 2.218295   6  
  70  4   15   4   1   -1      6    416.494350 1.749557 418.759996 0.000000 419.526244 2.468255   6  
  71  2   15   2   1    7      7    422.491637 1.499598 424.507389 0.698885 425.323684 2.668091   6  
  72  2   15   2   1    7      7    428.488905 1.266402 430.271429 0.917735 431.304307 2.684736   6  
  73  2   15   2   1    8      5    434.502851 1.333030 436.352011 0.573592 437.035037 2.967937   6  
  74  2   15   4   0    7      7    440.500138 1.366408 442.382608 1.146723 443.648722 2.351527   6  
  75  3   15   3   1    7      3    446.497414 1.599497 448.613121 0.966642 449.695967 2.301556   6  
  76  4   15   4   1    5      7    452.494687 1.549610 454.560415 0.876098 455.543306 2.451480   6  
  77  3   15   1   0    4      5    458.491965 1.965967 460.974179 1.174114 462.256921 1.735132   6  
  78  3   15   3   1    7      6    464.489238 1.599543 466.604953 0.222129 466.938132 3.051198   6  
  79  3   15   3   1    6      5    470.486530 1.333068 472.335712 0.547319 473.002044 2.984553   6  
  80  4   15   4   1    8      8    476.500470 1.183070 478.199690 0.349864 478.666157 3.334367   6  
  81  3   15   3   1    3      6    482.497750 1.949337 484.963291 0.821478 485.896199 2.101595   6  
  82  1   15   1   1    5      5    488.511682 1.682756 490.710679 0.912263 491.743543 2.268362   6  
  83  3   15   1   0    3      3    494.508965 1.866106 496.891219 0.683345 497.690845 2.318336   6  
  84  2   15   2   1    5      2    500.506236 1.999385 503.021764 1.147184 504.287862 1.718608   6  
  85  1   15   2   0    3      3    506.503511 2.065979 509.085668 1.091224 510.285141 1.718613   6  
  86  4   15   4   1    7      6    512.500791 1.766196 514.783096 0.692646 515.582730 2.418291   6  
  87  2   15   2   1    2      5    518.514728 2.249313 521.280145 0.812721 522.213054 1.801904   6  
  88  1   15   3   0    2      4    524.512013 1.899428 526.927594 0.804436 527.843833 2.168413   6  
  89  1   15   1   1    7      3    530.509296 1.582921 532.608347 0.323284 533.041481 2.968047   6  
  90  2   15   4   0    7      7    536.506571 1.283127 538.305764 1.055865 539.471893 2.534915   6  
]; % This session completes at 19-Jan-2019 17:47:10, 544.004s after session start, 540s on 90 trials, totally 565.334s.

