[2019-01-22 11:17:43.280] Calling `MetaTwins_RDMsc_training` for `chenkexin` at 22-Jan-2019 11:17:43(737447.4706380208).
[2019-01-22 11:17:57.591] Initial coherence is 90 .
                          Running MetaTwins_RDMsc_training('chenkexin', 1, [2019-01-22 11:17:57.653] Session 1 has 60 trials, requires 454s, 7.5s per trial.
[2019-01-22 11:17:58.655] Trying to open PTB window...
[easyPTB Info] Using 14.0 inch screen with PPI=157.8


PTB-INFO: This is Psychtoolbox-3 for Microsoft Windows, under Matlab 64-Bit (Version 3.0.14 - Build date: Oct  3 2017).
PTB-INFO: Support status on this operating system release: Windows version 10.0 supported and tested to some limited degree.
PTB-INFO: Type 'PsychtoolboxVersion' for more detailed version information.
PTB-INFO: Most parts of the Psychtoolbox distribution are licensed to you under terms of the MIT License, with
PTB-INFO: some restrictions. See file 'License.txt' in the Psychtoolbox root folder for the exact licensing conditions.

PTB-INFO: The detected endline of the vertical blank interval is equal or lower than the startline. This indicates
PTB-INFO: that i couldn't detect the duration of the vertical blank interval and won't be able to correct timestamps
PTB-INFO: for it. This will introduce a very small and constant offset (typically << 1 msec). Read 'help BeampositionQueries'
PTB-INFO: for how to correct this, should you really require that last few microseconds of precision.
PTB-INFO: Btw. this can also mean that your systems beamposition queries are slightly broken. It may help timing precision to
PTB-INFO: enable the beamposition workaround, as explained in 'help ConserveVRAMSettings', section 'kPsychUseBeampositionQueryWorkaround'.


PTB-INFO: OpenGL-Renderer is NVIDIA Corporation :: GeForce 940MX/PCIe/SSE2 :: 4.6.0 NVIDIA 398.36
PTB-INFO: VBL startline = 1080 , VBL Endline = 1080
PTB-INFO: Measured monitor refresh interval from beamposition = 16.659073 ms [60.027348 Hz].
PTB-INFO: Will use beamposition query for accurate Flip time stamping.
PTB-INFO: Measured monitor refresh interval from VBLsync = 16.661738 ms [60.017748 Hz]. (50 valid samples taken, stddev=0.162921 ms.)
PTB-INFO: Reported monitor refresh interval from operating system = 16.666667 ms [60.000000 Hz].
PTB-INFO: Small deviations between reported values are normal and no reason to worry.
PTB-INFO: Anti-Aliasing with 8 samples per pixel enabled.
PTB-INFO: ==============================================================================================================================
PTB-INFO: WINDOWS DWM DESKTOP COMPOSITOR IS ACTIVE. On this Windows-10 or later system, Psychtoolbox can no longer reliably detect if
PTB-INFO: this will cause trouble for timing and integrity of visual stimuli or not. You might be just fine, or you could be in trouble.
PTB-INFO: Use external measurement equipment and independent procedures to verify reliability of timing if you care about proper timing.
PTB-INFO: ==============================================================================================================================
[2019-01-22 11:18:01.688] PTB window opened.
[2019-01-22 11:18:02.087] Preparation slide displayed.
[2019-01-22 11:18:05.170] fMRI trigger recieved. 0 secs before recording, 2 secs before task.
                          time stamp 1009776.8120588943, Flip delay: 0.0166565723.
[2019-01-22 11:24:21.152] 60 trials finished in 374s.
         icoh: 90
      session: 1
      lastcoh: 28
    recentcoh: 33.6000

[2019-01-22 11:24:23.528] This session completes at 22-Jan-2019 11:24:23, 378.036s after session start, 374s on 60 trials, totally 400.062s, correctness is 61.667%.


corr_isc_conf: 0.6598

AUC: 0.8831
[2019-01-22 11:24:23.619] MetaTwins_RDMsc_training ends at 22-Jan-2019 11:24:23(737447.4752733564), totally 6min40.493s passed.



[2019-01-22 11:24:34.260] Calling `MetaTwins_RDMsc_training` for `chenkexin` at 22-Jan-2019 11:24:34(737447.4753964931).
                          Running MetaTwins_RDMsc_training('chenkexin', 2, [2019-01-22 11:24:34.284] Session 2 has 60 trials, requires 454s, 7.5s per trial.
[2019-01-22 11:24:35.285] Trying to open PTB window...
[easyPTB Info] Using 14.0 inch screen with PPI=157.8


PTB-INFO: This is Psychtoolbox-3 for Microsoft Windows, under Matlab 64-Bit (Version 3.0.14 - Build date: Oct  3 2017).
PTB-INFO: Support status on this operating system release: Windows version 10.0 supported and tested to some limited degree.
PTB-INFO: Type 'PsychtoolboxVersion' for more detailed version information.
PTB-INFO: Most parts of the Psychtoolbox distribution are licensed to you under terms of the MIT License, with
PTB-INFO: some restrictions. See file 'License.txt' in the Psychtoolbox root folder for the exact licensing conditions.

PTB-INFO: The detected endline of the vertical blank interval is equal or lower than the startline. This indicates
PTB-INFO: that i couldn't detect the duration of the vertical blank interval and won't be able to correct timestamps
PTB-INFO: for it. This will introduce a very small and constant offset (typically << 1 msec). Read 'help BeampositionQueries'
PTB-INFO: for how to correct this, should you really require that last few microseconds of precision.
PTB-INFO: Btw. this can also mean that your systems beamposition queries are slightly broken. It may help timing precision to
PTB-INFO: enable the beamposition workaround, as explained in 'help ConserveVRAMSettings', section 'kPsychUseBeampositionQueryWorkaround'.


PTB-INFO: OpenGL-Renderer is NVIDIA Corporation :: GeForce 940MX/PCIe/SSE2 :: 4.6.0 NVIDIA 398.36
PTB-INFO: VBL startline = 1080 , VBL Endline = 1080
PTB-INFO: Measured monitor refresh interval from beamposition = 16.658957 ms [60.027767 Hz].
PTB-INFO: Will use beamposition query for accurate Flip time stamping.
PTB-INFO: Measured monitor refresh interval from VBLsync = 16.663256 ms [60.012281 Hz]. (50 valid samples taken, stddev=0.164065 ms.)
PTB-INFO: Reported monitor refresh interval from operating system = 16.666667 ms [60.000000 Hz].
PTB-INFO: Small deviations between reported values are normal and no reason to worry.
PTB-INFO: Anti-Aliasing with 8 samples per pixel enabled.
PTB-INFO: ==============================================================================================================================
PTB-INFO: WINDOWS DWM DESKTOP COMPOSITOR IS ACTIVE. On this Windows-10 or later system, Psychtoolbox can no longer reliably detect if
PTB-INFO: this will cause trouble for timing and integrity of visual stimuli or not. You might be just fine, or you could be in trouble.
PTB-INFO: Use external measurement equipment and independent procedures to verify reliability of timing if you care about proper timing.
PTB-INFO: ==============================================================================================================================
[2019-01-22 11:24:37.944] PTB window opened.
[2019-01-22 11:24:38.091] Preparation slide displayed.
[2019-01-22 11:24:49.569] fMRI trigger recieved. 0 secs before recording, 2 secs before task.
                          time stamp 1010181.1949663782, Flip delay: 0.0336078902.
[2019-01-22 11:31:07.535] 60 trials finished in 376s.
         icoh: 90
      session: 2
      lastcoh: 21
    recentcoh: 19.6000

[2019-01-22 11:31:09.987] This session completes at 22-Jan-2019 11:31:09, 380.272s after session start, 376s on 60 trials, totally 395.55s, correctness is 51.667%.


corr_isc_conf: 0.2761

AUC: 0.6619
[2019-01-22 11:31:10.037] MetaTwins_RDMsc_training ends at 22-Jan-2019 11:31:10(737447.4799772801), totally 6min35.78s passed.



[2019-01-22 11:31:23.076] Calling `MetaTwins_RDMsc_training` for `chenkexin` at 22-Jan-2019 11:31:23(737447.4801281481).
                          Running MetaTwins_RDMsc_training('chenkexin', 3, [2019-01-22 11:31:23.098] Session 3 has 60 trials, requires 454s, 7.5s per trial.
[2019-01-22 11:31:24.099] Trying to open PTB window...
[easyPTB Info] Using 14.0 inch screen with PPI=157.8


PTB-INFO: This is Psychtoolbox-3 for Microsoft Windows, under Matlab 64-Bit (Version 3.0.14 - Build date: Oct  3 2017).
PTB-INFO: Support status on this operating system release: Windows version 10.0 supported and tested to some limited degree.
PTB-INFO: Type 'PsychtoolboxVersion' for more detailed version information.
PTB-INFO: Most parts of the Psychtoolbox distribution are licensed to you under terms of the MIT License, with
PTB-INFO: some restrictions. See file 'License.txt' in the Psychtoolbox root folder for the exact licensing conditions.

PTB-INFO: The detected endline of the vertical blank interval is equal or lower than the startline. This indicates
PTB-INFO: that i couldn't detect the duration of the vertical blank interval and won't be able to correct timestamps
PTB-INFO: for it. This will introduce a very small and constant offset (typically << 1 msec). Read 'help BeampositionQueries'
PTB-INFO: for how to correct this, should you really require that last few microseconds of precision.
PTB-INFO: Btw. this can also mean that your systems beamposition queries are slightly broken. It may help timing precision to
PTB-INFO: enable the beamposition workaround, as explained in 'help ConserveVRAMSettings', section 'kPsychUseBeampositionQueryWorkaround'.


PTB-INFO: OpenGL-Renderer is NVIDIA Corporation :: GeForce 940MX/PCIe/SSE2 :: 4.6.0 NVIDIA 398.36
PTB-INFO: VBL startline = 1080 , VBL Endline = 1080
PTB-INFO: Measured monitor refresh interval from beamposition = 16.658676 ms [60.028782 Hz].
PTB-INFO: Will use beamposition query for accurate Flip time stamping.
PTB-INFO: Measured monitor refresh interval from VBLsync = 16.663490 ms [60.011438 Hz]. (50 valid samples taken, stddev=0.171290 ms.)
PTB-INFO: Reported monitor refresh interval from operating system = 16.666667 ms [60.000000 Hz].
PTB-INFO: Small deviations between reported values are normal and no reason to worry.
PTB-INFO: Anti-Aliasing with 8 samples per pixel enabled.
PTB-INFO: ==============================================================================================================================
PTB-INFO: WINDOWS DWM DESKTOP COMPOSITOR IS ACTIVE. On this Windows-10 or later system, Psychtoolbox can no longer reliably detect if
PTB-INFO: this will cause trouble for timing and integrity of visual stimuli or not. You might be just fine, or you could be in trouble.
PTB-INFO: Use external measurement equipment and independent procedures to verify reliability of timing if you care about proper timing.
PTB-INFO: ==============================================================================================================================
[2019-01-22 11:31:26.758] PTB window opened.
[2019-01-22 11:31:26.888] Preparation slide displayed.
[2019-01-22 11:31:45.996] fMRI trigger recieved. 0 secs before recording, 2 secs before task.
                          time stamp 1010597.6225342974, Flip delay: 0.0337396734.
[2019-01-22 11:37:39.962] 60 trials finished in 352s.
         icoh: 90
      session: 3
      lastcoh: 15
    recentcoh: 17.6000

[2019-01-22 11:37:42.130] This session completes at 22-Jan-2019 11:37:41, 356.003s after session start, 352s on 60 trials, totally 378.894s, correctness is 50.000%.


corr_isc_conf: 0.5000

AUC: 0.7673
[2019-01-22 11:37:42.179] MetaTwins_RDMsc_training ends at 22-Jan-2019 11:37:42(737447.4845159607), totally 6min19.107s passed.



[2019-01-22 11:37:57.903] Calling `MetaTwins_RDMsc_training` for `chenkexin` at 22-Jan-2019 11:37:57(737447.4846976968).
                          Running MetaTwins_RDMsc_training('chenkexin', 4, [2019-01-22 11:37:57.931] Session 4 has 60 trials, requires 454s, 7.5s per trial.
[2019-01-22 11:37:58.932] Trying to open PTB window...
[easyPTB Info] Using 14.0 inch screen with PPI=157.8


PTB-INFO: This is Psychtoolbox-3 for Microsoft Windows, under Matlab 64-Bit (Version 3.0.14 - Build date: Oct  3 2017).
PTB-INFO: Support status on this operating system release: Windows version 10.0 supported and tested to some limited degree.
PTB-INFO: Type 'PsychtoolboxVersion' for more detailed version information.
PTB-INFO: Most parts of the Psychtoolbox distribution are licensed to you under terms of the MIT License, with
PTB-INFO: some restrictions. See file 'License.txt' in the Psychtoolbox root folder for the exact licensing conditions.

PTB-INFO: The detected endline of the vertical blank interval is equal or lower than the startline. This indicates
PTB-INFO: that i couldn't detect the duration of the vertical blank interval and won't be able to correct timestamps
PTB-INFO: for it. This will introduce a very small and constant offset (typically << 1 msec). Read 'help BeampositionQueries'
PTB-INFO: for how to correct this, should you really require that last few microseconds of precision.
PTB-INFO: Btw. this can also mean that your systems beamposition queries are slightly broken. It may help timing precision to
PTB-INFO: enable the beamposition workaround, as explained in 'help ConserveVRAMSettings', section 'kPsychUseBeampositionQueryWorkaround'.


PTB-INFO: OpenGL-Renderer is NVIDIA Corporation :: GeForce 940MX/PCIe/SSE2 :: 4.6.0 NVIDIA 398.36
PTB-INFO: VBL startline = 1080 , VBL Endline = 1080
PTB-INFO: Measured monitor refresh interval from beamposition = 16.659371 ms [60.026274 Hz].
PTB-INFO: Will use beamposition query for accurate Flip time stamping.
PTB-INFO: Measured monitor refresh interval from VBLsync = 16.659302 ms [60.026525 Hz]. (50 valid samples taken, stddev=0.157654 ms.)
PTB-INFO: Reported monitor refresh interval from operating system = 16.666667 ms [60.000000 Hz].
PTB-INFO: Small deviations between reported values are normal and no reason to worry.
PTB-INFO: Anti-Aliasing with 8 samples per pixel enabled.
PTB-INFO: ==============================================================================================================================
PTB-INFO: WINDOWS DWM DESKTOP COMPOSITOR IS ACTIVE. On this Windows-10 or later system, Psychtoolbox can no longer reliably detect if
PTB-INFO: this will cause trouble for timing and integrity of visual stimuli or not. You might be just fine, or you could be in trouble.
PTB-INFO: Use external measurement equipment and independent procedures to verify reliability of timing if you care about proper timing.
PTB-INFO: ==============================================================================================================================
[2019-01-22 11:38:01.648] PTB window opened.
[2019-01-22 11:38:01.793] Preparation slide displayed.
[2019-01-22 11:38:10.174] fMRI trigger recieved. 0 secs before recording, 2 secs before task.
                          time stamp 1010981.8151838662, Flip delay: 0.0167707935.
[2019-01-22 11:44:06.156] 60 trials finished in 354s.
         icoh: 90
      session: 4
      lastcoh: 15
    recentcoh: 15.1000

[2019-01-22 11:44:08.363] This session completes at 22-Jan-2019 11:44:08, 358.004s after session start, 354s on 60 trials, totally 370.277s, correctness is 43.333%.


corr_isc_conf: 0.4658

AUC: 0.7650
[2019-01-22 11:44:08.432] MetaTwins_RDMsc_training ends at 22-Jan-2019 11:44:08(737447.4889864699), totally 6min10.55s passed.



[2019-01-22 11:44:30.956] Calling `MetaTwins_RDMsc_training` for `chenkexin` at 22-Jan-2019 11:44:30(737447.4892471412).
[2019-01-22 11:44:35.454] Initial coherence is 15 .
                          Running MetaTwins_RDMsc_training('chenkexin', 1, [2019-01-22 11:44:35.476] Session 1 has 60 trials, requires 334s, 5.5s per trial.
[2019-01-22 11:44:36.477] Trying to open PTB window...
[easyPTB Info] Using 14.0 inch screen with PPI=157.8


PTB-INFO: This is Psychtoolbox-3 for Microsoft Windows, under Matlab 64-Bit (Version 3.0.14 - Build date: Oct  3 2017).
PTB-INFO: Support status on this operating system release: Windows version 10.0 supported and tested to some limited degree.
PTB-INFO: Type 'PsychtoolboxVersion' for more detailed version information.
PTB-INFO: Most parts of the Psychtoolbox distribution are licensed to you under terms of the MIT License, with
PTB-INFO: some restrictions. See file 'License.txt' in the Psychtoolbox root folder for the exact licensing conditions.

PTB-INFO: The detected endline of the vertical blank interval is equal or lower than the startline. This indicates
PTB-INFO: that i couldn't detect the duration of the vertical blank interval and won't be able to correct timestamps
PTB-INFO: for it. This will introduce a very small and constant offset (typically << 1 msec). Read 'help BeampositionQueries'
PTB-INFO: for how to correct this, should you really require that last few microseconds of precision.
PTB-INFO: Btw. this can also mean that your systems beamposition queries are slightly broken. It may help timing precision to
PTB-INFO: enable the beamposition workaround, as explained in 'help ConserveVRAMSettings', section 'kPsychUseBeampositionQueryWorkaround'.


PTB-INFO: OpenGL-Renderer is NVIDIA Corporation :: GeForce 940MX/PCIe/SSE2 :: 4.6.0 NVIDIA 398.36
PTB-INFO: VBL startline = 1080 , VBL Endline = 1080
PTB-INFO: Measured monitor refresh interval from beamposition = 16.658896 ms [60.027988 Hz].
PTB-INFO: Will use beamposition query for accurate Flip time stamping.
PTB-INFO: Measured monitor refresh interval from VBLsync = 16.662802 ms [60.013916 Hz]. (50 valid samples taken, stddev=0.150920 ms.)
PTB-INFO: Reported monitor refresh interval from operating system = 16.666667 ms [60.000000 Hz].
PTB-INFO: Small deviations between reported values are normal and no reason to worry.
PTB-INFO: Anti-Aliasing with 8 samples per pixel enabled.
PTB-INFO: ==============================================================================================================================
PTB-INFO: WINDOWS DWM DESKTOP COMPOSITOR IS ACTIVE. On this Windows-10 or later system, Psychtoolbox can no longer reliably detect if
PTB-INFO: this will cause trouble for timing and integrity of visual stimuli or not. You might be just fine, or you could be in trouble.
PTB-INFO: Use external measurement equipment and independent procedures to verify reliability of timing if you care about proper timing.
PTB-INFO: ==============================================================================================================================
[2019-01-22 11:44:39.183] PTB window opened.
[2019-01-22 11:44:39.312] Preparation slide displayed.
[2019-01-22 11:44:43.010] fMRI trigger recieved. 0 secs before recording, 2 secs before task.
                          time stamp 1011374.6537741725, Flip delay: 0.0166552711.
[2019-01-22 11:48:31.994] 60 trials finished in 227s.
         icoh: 15
      session: 1
      lastcoh: 16
    recentcoh: 17.2000

[2019-01-22 11:48:34.430] This session completes at 22-Jan-2019 11:48:33, 231.003s after session start, 227s on 60 trials, totally 243.044s, correctness is 48.333%.


corr_isc_conf: 0.5738

AUC: 0.8184
[2019-01-22 11:48:34.480] MetaTwins_RDMsc_training ends at 22-Jan-2019 11:48:34(737447.4920657407), totally 4min3.527s passed.



[2019-01-22 11:48:47.405] Calling `MetaTwins_RDMsc_training` for `chenkexin` at 22-Jan-2019 11:48:47(737447.4922153126).
                          Running MetaTwins_RDMsc_training('chenkexin', 2, [2019-01-22 11:48:47.426] Session 2 has 60 trials, requires 334s, 5.5s per trial.
[2019-01-22 11:48:48.426] Trying to open PTB window...
[easyPTB Info] Using 14.0 inch screen with PPI=157.8


PTB-INFO: This is Psychtoolbox-3 for Microsoft Windows, under Matlab 64-Bit (Version 3.0.14 - Build date: Oct  3 2017).
PTB-INFO: Support status on this operating system release: Windows version 10.0 supported and tested to some limited degree.
PTB-INFO: Type 'PsychtoolboxVersion' for more detailed version information.
PTB-INFO: Most parts of the Psychtoolbox distribution are licensed to you under terms of the MIT License, with
PTB-INFO: some restrictions. See file 'License.txt' in the Psychtoolbox root folder for the exact licensing conditions.

PTB-INFO: The detected endline of the vertical blank interval is equal or lower than the startline. This indicates
PTB-INFO: that i couldn't detect the duration of the vertical blank interval and won't be able to correct timestamps
PTB-INFO: for it. This will introduce a very small and constant offset (typically << 1 msec). Read 'help BeampositionQueries'
PTB-INFO: for how to correct this, should you really require that last few microseconds of precision.
PTB-INFO: Btw. this can also mean that your systems beamposition queries are slightly broken. It may help timing precision to
PTB-INFO: enable the beamposition workaround, as explained in 'help ConserveVRAMSettings', section 'kPsychUseBeampositionQueryWorkaround'.


PTB-INFO: OpenGL-Renderer is NVIDIA Corporation :: GeForce 940MX/PCIe/SSE2 :: 4.6.0 NVIDIA 398.36
PTB-INFO: VBL startline = 1080 , VBL Endline = 1080
PTB-INFO: Measured monitor refresh interval from beamposition = 16.658757 ms [60.028488 Hz].
PTB-INFO: Will use beamposition query for accurate Flip time stamping.
PTB-INFO: Measured monitor refresh interval from VBLsync = 16.662770 ms [60.014031 Hz]. (50 valid samples taken, stddev=0.133068 ms.)
PTB-INFO: Reported monitor refresh interval from operating system = 16.666667 ms [60.000000 Hz].
PTB-INFO: Small deviations between reported values are normal and no reason to worry.
PTB-INFO: Anti-Aliasing with 8 samples per pixel enabled.
PTB-INFO: ==============================================================================================================================
PTB-INFO: WINDOWS DWM DESKTOP COMPOSITOR IS ACTIVE. On this Windows-10 or later system, Psychtoolbox can no longer reliably detect if
PTB-INFO: this will cause trouble for timing and integrity of visual stimuli or not. You might be just fine, or you could be in trouble.
PTB-INFO: Use external measurement equipment and independent procedures to verify reliability of timing if you care about proper timing.
PTB-INFO: ==============================================================================================================================
[2019-01-22 11:48:51.118] PTB window opened.
[2019-01-22 11:48:51.248] Preparation slide displayed.
[2019-01-22 11:50:21.507] fMRI trigger recieved. 0 secs before recording, 2 secs before task.
                          time stamp 1011713.1499852261, Flip delay: 0.0167014453.
[2019-01-22 11:54:15.490] 60 trials finished in 232s.
         icoh: 15
      session: 2
      lastcoh: 15
    recentcoh: 15.6000

[2019-01-22 11:54:17.660] This session completes at 22-Jan-2019 11:54:17, 236.003s after session start, 232s on 60 trials, totally 330.09s, correctness is 46.667%.


corr_isc_conf: 0.5292

AUC: 0.7984
[2019-01-22 11:54:17.713] MetaTwins_RDMsc_training ends at 22-Jan-2019 11:54:17(737447.4960383449), totally 5min30.31s passed.



[2019-01-22 11:54:33.229] Calling `MetaTwins_RDMsc_training` for `chenkexin` at 22-Jan-2019 11:54:33(737447.4962178704).
                          Running MetaTwins_RDMsc_training('chenkexin', 3, [2019-01-22 11:54:33.253] Session 3 has 60 trials, requires 334s, 5.5s per trial.
[2019-01-22 11:54:34.254] Trying to open PTB window...
[easyPTB Info] Using 14.0 inch screen with PPI=157.8


PTB-INFO: This is Psychtoolbox-3 for Microsoft Windows, under Matlab 64-Bit (Version 3.0.14 - Build date: Oct  3 2017).
PTB-INFO: Support status on this operating system release: Windows version 10.0 supported and tested to some limited degree.
PTB-INFO: Type 'PsychtoolboxVersion' for more detailed version information.
PTB-INFO: Most parts of the Psychtoolbox distribution are licensed to you under terms of the MIT License, with
PTB-INFO: some restrictions. See file 'License.txt' in the Psychtoolbox root folder for the exact licensing conditions.

PTB-INFO: The detected endline of the vertical blank interval is equal or lower than the startline. This indicates
PTB-INFO: that i couldn't detect the duration of the vertical blank interval and won't be able to correct timestamps
PTB-INFO: for it. This will introduce a very small and constant offset (typically << 1 msec). Read 'help BeampositionQueries'
PTB-INFO: for how to correct this, should you really require that last few microseconds of precision.
PTB-INFO: Btw. this can also mean that your systems beamposition queries are slightly broken. It may help timing precision to
PTB-INFO: enable the beamposition workaround, as explained in 'help ConserveVRAMSettings', section 'kPsychUseBeampositionQueryWorkaround'.


PTB-INFO: OpenGL-Renderer is NVIDIA Corporation :: GeForce 940MX/PCIe/SSE2 :: 4.6.0 NVIDIA 398.36
PTB-INFO: VBL startline = 1080 , VBL Endline = 1080
PTB-INFO: Measured monitor refresh interval from beamposition = 16.658296 ms [60.030150 Hz].
PTB-INFO: Will use beamposition query for accurate Flip time stamping.
PTB-INFO: Measured monitor refresh interval from VBLsync = 16.665974 ms [60.002494 Hz]. (50 valid samples taken, stddev=0.142881 ms.)
PTB-INFO: Reported monitor refresh interval from operating system = 16.666667 ms [60.000000 Hz].
PTB-INFO: Small deviations between reported values are normal and no reason to worry.
PTB-INFO: Anti-Aliasing with 8 samples per pixel enabled.
PTB-INFO: ==============================================================================================================================
PTB-INFO: WINDOWS DWM DESKTOP COMPOSITOR IS ACTIVE. On this Windows-10 or later system, Psychtoolbox can no longer reliably detect if
PTB-INFO: this will cause trouble for timing and integrity of visual stimuli or not. You might be just fine, or you could be in trouble.
PTB-INFO: Use external measurement equipment and independent procedures to verify reliability of timing if you care about proper timing.
PTB-INFO: ==============================================================================================================================
[2019-01-22 11:54:36.944] PTB window opened.
[2019-01-22 11:54:37.058] Preparation slide displayed.
[2019-01-22 11:55:20.837] fMRI trigger recieved. 0 secs before recording, 2 secs before task.
                          time stamp 1012012.4639650933, Flip delay: 0.0337127753.
[2019-01-22 11:59:20.804] 60 trials finished in 238s.
         icoh: 15
      session: 3
      lastcoh: 14
    recentcoh: 14.1000

[2019-01-22 11:59:23.244] This session completes at 22-Jan-2019 11:59:22, 242.003s after session start, 238s on 60 trials, totally 289.582s, correctness is 46.667%.


corr_isc_conf: 0.4967

AUC: 0.7756
[2019-01-22 11:59:23.293] MetaTwins_RDMsc_training ends at 22-Jan-2019 11:59:23(737447.4995751504), totally 4min50.069s passed.



[2019-01-22 12:33:39.722] Calling `MetaTwins_RDMsc_training` for `chenkexin` at 22-Jan-2019 12:33:39(737447.5233755208).
[¾¯¸æ: You are asking for session 2, which is not compatible with my memory (4)...
I will use yours if we continue...] 
[> In <a href="matlab:matlab.internal.language.introspective.errorDocCallback('MetaTwins_RDMsc_training', 'D:\BNUSync\src\MetaTwins\MetaTwins_RDMsc_training.m', 85)" style="font-weight:bold">MetaTwins_RDMsc_training</a> (<a href="matlab: opentoline('D:\BNUSync\src\MetaTwins\MetaTwins_RDMsc_training.m',85,0)">line 85</a>)] 
Do you want to continue? y/n :
y
                          Running MetaTwins_RDMsc_training('chenkexin', 2, [2019-01-22 12:33:43.850] Session 2 has 60 trials, requires 334s, 5.5s per trial.
[2019-01-22 12:33:44.888] Trying to open PTB window...
[easyPTB Info] Using 14.0 inch screen with PPI=157.8


PTB-INFO: This is Psychtoolbox-3 for Microsoft Windows, under Matlab 64-Bit (Version 3.0.14 - Build date: Oct  3 2017).
PTB-INFO: Support status on this operating system release: Windows version 10.0 supported and tested to some limited degree.
PTB-INFO: Type 'PsychtoolboxVersion' for more detailed version information.
PTB-INFO: Most parts of the Psychtoolbox distribution are licensed to you under terms of the MIT License, with
PTB-INFO: some restrictions. See file 'License.txt' in the Psychtoolbox root folder for the exact licensing conditions.

PTB-INFO: The detected endline of the vertical blank interval is equal or lower than the startline. This indicates
PTB-INFO: that i couldn't detect the duration of the vertical blank interval and won't be able to correct timestamps
PTB-INFO: for it. This will introduce a very small and constant offset (typically << 1 msec). Read 'help BeampositionQueries'
PTB-INFO: for how to correct this, should you really require that last few microseconds of precision.
PTB-INFO: Btw. this can also mean that your systems beamposition queries are slightly broken. It may help timing precision to
PTB-INFO: enable the beamposition workaround, as explained in 'help ConserveVRAMSettings', section 'kPsychUseBeampositionQueryWorkaround'.


PTB-INFO: OpenGL-Renderer is NVIDIA Corporation :: GeForce 940MX/PCIe/SSE2 :: 4.6.0 NVIDIA 398.36
PTB-INFO: VBL startline = 1080 , VBL Endline = 1080
PTB-INFO: Measured monitor refresh interval from beamposition = 16.659061 ms [60.027392 Hz].
PTB-INFO: Will use beamposition query for accurate Flip time stamping.
PTB-INFO: Measured monitor refresh interval from VBLsync = 16.665612 ms [60.003797 Hz]. (50 valid samples taken, stddev=0.136758 ms.)
PTB-INFO: Reported monitor refresh interval from operating system = 16.666667 ms [60.000000 Hz].
PTB-INFO: Small deviations between reported values are normal and no reason to worry.
PTB-INFO: Anti-Aliasing with 8 samples per pixel enabled.
PTB-INFO: ==============================================================================================================================
PTB-INFO: WINDOWS DWM DESKTOP COMPOSITOR IS ACTIVE. On this Windows-10 or later system, Psychtoolbox can no longer reliably detect if
PTB-INFO: this will cause trouble for timing and integrity of visual stimuli or not. You might be just fine, or you could be in trouble.
PTB-INFO: Use external measurement equipment and independent procedures to verify reliability of timing if you care about proper timing.
PTB-INFO: ==============================================================================================================================
[2019-01-22 12:33:49.472] PTB window opened.
[2019-01-22 12:33:49.959] Preparation slide displayed.
[2019-01-22 12:34:10.754] MetaTwins_RDMsc_training ends at 22-Jan-2019 12:34:10(737447.5237353588), totally 31.09s passed.



