%% MetaTwins_RDMsc_training for 'lipeifan': starting at _nofeedback (       48.0000000000).2-Mar-2019 11:56:03 for '7.374865e+05': starting at 
record = [
%  n coh dir resp isc ckey conf    osti    dsti oopt   rtime     oconf     ctime     oisi    isi ofb    oiti       iti   total
   1  10  4    3   0    0    3    2.498878   0    0  1.783798   4.398018 1.149188   5.664103  0   0    5.664103 1.335000   5  
   2  10  4    4   1    0    5    7.496602   0    0  2.116942   9.728929 1.096974  10.945029  0   0   10.945029 1.051757   5  
   3  10  3    3   1    0    5   12.494322   0    0  1.267425  13.877037 0.187145  14.176891  0   0   14.176891 0.817592   3  
   4   9  1    1   1    0    4   15.492969   0    0  1.700663  17.308795 1.798098  19.224601  0   0   19.224601 0.768523   5  
   5   9  4    4   1    0    5   20.490692   0    0  1.717496  22.323101 1.054099  23.489328  0   0   23.489328 0.501468   4  
   6   8  1   -1   0    0    3   24.488869   0    0  0.000000  27.004404 0.043133  27.170975  0   0   27.170975 0.817977   4  
   7   8  3    2   0    0    5   28.487049   0    0  1.933733  30.536109 1.045319  31.702261  0   0   31.702261 1.284860   5  
   8   8  3    3   1    0    5   33.501433   0    0  2.184100  35.800382 0.534307  36.450094  0   0   36.450094 0.551570   4  
   9   8  1    2   0    0    2   37.516267   0    0  2.133594  39.765249 0.698253  40.581540  0   0   40.581540 1.434967   5  
  10   8  3    2   0    0   -1   42.513995   0    0  1.950403  44.579724 0.000000  46.578764  0   0   46.578764 1.435459   6  
  11   8  3   -1   0    0    1   48.511273   0    0  0.000000  51.026813 0.187769  51.326668  0   0   51.326668 0.684839   4  
  12   8  1    1   1    0    2   52.509442   0    0  1.483940  54.108726 1.276782  55.508090  0   0   55.508090 0.501594   4  
  13   8  1    2   0    0    2   56.507633   0    0  2.266810  58.889891 1.316361  60.322566  0   0   60.322566 0.685290   5  
  14   8  2    2   1    0    5   61.505353   0    0  2.283433  63.904276 0.703467  64.720555  0   0   64.720555 1.285034   5  
  15   8  2    3   0    0    5   66.503089   0    0  1.900401  68.518842 0.440663  69.068580  0   0   69.068580 0.934739   4  
  16   8  4    4   1    0    5   70.501269   0    0  1.167284  71.784019 0.295601  72.200501  0   0   72.200501 0.801093   3  
  17   8  2    4   0    0    5   73.499888   0    0  1.133926  74.749341 0.030353  74.899265  0   0   74.899265 1.100871   3  
  18   8  1    4   0    0    5   76.498533   0    0  1.867158  78.480970 0.015480  78.614244  0   0   78.614244 1.384518   4  
  19   9  1    4   0    0    6   80.496717   0    0  1.334710  81.946055 0.125105  82.179266  0   0   82.179266 0.817670   3  
  20   9  3    4   0    0    7   83.495342   0    0  0.917351  84.528222 0.151639  84.794771  0   0   84.794771 1.200784   3  
  21  10  4    4   1    0    7   86.493992   0    0  0.833921  87.443551 0.291121  87.843380  0   0   87.843380 1.150797   3  
  22  10  3    4   0    0    7   89.492613   0    0  0.684258  90.292256 0.166371  90.575466  0   0   90.575466 1.417314   3  
  23  10  1    4   0    0    7   92.491252   0    0  0.717430  93.324215 0.281844  93.724027  0   0   93.724027 1.267376   3  
  24  11  2    4   0    0    7   95.489895   0    0  0.667452  96.272869 0.000905  96.389478  0   0   96.389478 0.600552   2  
  25  11  4    4   1    0    7   97.488977   0    0  0.700669  98.305188 0.004062  98.421890  0   0   98.421890 0.567213   2  
  26  11  2    4   0    0    6   99.488074   0    0  0.784170 100.404330 0.000814 100.520941  0   0  100.520941 1.467237   3  
  27  11  4    4   1    0    6  102.486705   0    0  0.667754 103.269631 0.003100 103.386308  0   0  103.386308 0.600481   2  
  28  11  2    4   0    0    6  104.485806   0    0  0.917522 105.518662 0.506015 106.135046  0   0  106.135046 0.850813   3  
  29  11  2    4   0    0    6  107.501092   0    0  0.750881 108.367367 0.353981 108.833814  0   0  108.833814 1.167326   3  
  30  12  4    4   1    0    6  110.516389   0    0  0.917423 111.549255 0.037746 111.699187  0   0  111.699187 1.317426   3  
  31  12  3    4   0    0    5  113.515028   0    0  1.400549 115.031006 0.399831 115.547432  0   0  115.547432 1.467821   4  
  32  12  4    4   1    0    4  117.513200   0    0  1.650291 119.312386 1.338095 120.761722  0   0  120.761722 1.251717   5  
  33  12  3    4   0    0    2  122.510924   0    0  1.950441 124.576659 0.792826 125.492910  0   0  125.492910 0.518253   4  
  34  12  3   -1   0    0    6  126.509101   0    0  0.000000 129.024647 0.000736 129.141255  0   0  129.141255 0.868085   4  
  35  12  4    4   1    0    2  130.507285   0    0  2.283686 132.906199 0.994527 134.022352  0   0  134.022352 0.985165   5  
  36  12  1    3   0    0    4  135.505009   0    0  1.317542 136.937709 0.219309 137.270885  0   0  137.270885 0.734371   3  
  37  12  3    4   0    0    2  138.503645   0    0  1.184048 139.803056 0.228526 140.152894  0   0  140.152894 0.850988   3  
  38  13  4    4   1    0    3  141.502280   0    0  1.517270 143.134891 0.539163 143.784589  0   0  143.784589 1.217936   4  
  39  13  4    4   1    0    3  145.500455   0    0  2.067160 147.682809 0.624442 148.415805  0   0  148.415805 0.584893   4  
  40  12  2   -1   0    0   -1  149.498653   0    0  0.000000 152.014189 0.000000 152.214083  0   0  152.214083 0.784803   4  
  41  12  2    2   1    0    2  153.496826   0    0  2.300308 155.912401 1.019479 157.045215  0   0  157.045215 0.951849   5  
  42  12  3    3   1    0    1  158.494561   0    0  1.533717 160.143797 0.997893 161.259967  0   0  161.259967 0.734800   4  
  43  11  2    2   1    0    2  162.492740   0    0  1.350662 163.958737 0.887341 164.958277  0   0  164.958277 1.034637   4  
  44  11  2    1   0    0    3  166.490921   0    0  2.266792 168.873173 0.825649 169.806078  0   0  169.806078 1.184981   5  
  45  11  1    3   0    0    1  171.488655   0    0  1.433887 173.037940 0.750284 173.904207  0   0  173.904207 1.084561   4  
  46  12  2    3   0    0    2  175.503481   0    0  1.833926 177.452599 1.167063 178.735345  0   0  178.735345 1.268242   5  
  47  12  2    1   0    0    1  180.501205   0    0  2.450138 183.066694 0.643494 183.833036  0   0  183.833036 1.168248   5  
  48  13  4    4   1    0   -1  185.515595   0    0  1.816999 187.448039 0.000000 189.447083  0   0  189.447083 0.568740   5  
  49  13  2    4   0    0    2  190.513323   0    0  2.250026 192.878915 0.852546 193.845133  0   0  193.845133 1.168416   5  
  50  13  1    4   0    0    2  195.511047   0    0  2.150135 197.776684 1.236704 199.126057  0   0  199.126057 0.885209   5  
  51  14  4    2   0    0    2  200.508761   0    0  2.233536 202.857701 0.759807 203.740628  0   0  203.740628 1.268376   5  
  52  14  4   -1   0    0    2  205.506487   0    0  0.000000 208.022025 0.006448 208.138634  0   0  208.138634 0.868087   4  
  53  14  1    2   0    0    2  209.504667   0    0  2.150345 211.770313 0.531041 212.420007  0   0  212.420007 0.584903   4  
  54  15  3    2   0    0    1  213.502849   0    0  1.717219 215.335360 1.867026 217.317776  0   0  217.317776 0.685305   5  
  55  15  2    4   0    0    1  218.500585   0    0  1.767643 220.383051 0.782962 221.282644  0   0  221.282644 0.718166   4  
  56  16  3   -1   0    0    2  222.498766   0    0  0.000000 225.014289 0.177561 225.314154  0   0  225.314154 0.684839   4  
  57  16  1    3   0    0    1  226.496941   0    0  1.550526 228.162843 1.466887 229.745471  0   0  229.745471 1.251726   5  
  58  16  1    1   1    0    2  231.494673   0    0  1.950243 233.560402 1.641431 235.309608  0   0  235.309608 0.685299   5  
  59  16  1   -1   0    0   -1  236.492401   0    0  0.000000 239.007926 0.000000 241.006957  0   0  241.006957 0.985637   6  
  60  16  3    3   1    0    5  242.489664   0    0  1.200579 243.805729 1.729172 245.654897  0   0  245.654897 1.334927   5  
]; % This session completes at 02-Mar-2019 12:00:36, 249.005s after session start, 245s on 60 trials, totally 273.239s, correctness is 36.667%.

