%% MetaTwins_RDMsc_training for 'chengye': starting at _feedback (       50.0000000000).9-Mar-2019 11:36:49 for '7.375135e+05': starting at 
record = [
%  n coh dir resp isc ckey conf    osti    dsti oopt   rtime     oconf     ctime     oisi       isi       ofb       oiti       iti   total
   1  11  3    4   0    0    2    2.499158   0    0  2.233098   4.848100 0.950961   5.914290 0.999537   6.913826   7.913381 1.086002   7  
   2  11  4    4   1    0    6    9.496001   0    0  1.549858  11.161901 1.531269  12.811155 0.999564  13.810719  14.810266 1.185957   7  
   3  11  3    3   1    0    3   16.492836   0    0  1.683240  18.292026 1.180470  19.591448 0.999533  20.590981  21.590540 1.402510   7  
   4  10  2    4   0    0    6   23.506321   0    0  2.016159  25.638705 0.569447  26.321733 0.999542  27.321275  28.320853 0.685697   6  
   5  10  1    3   0    0    6   29.503626   0    0  2.233327  31.852567 0.885310  32.852103 0.999546  33.851650  34.851216 1.152620   7  
   6  11  1    4   0    0    6   36.500462   0    0  1.483261  38.099742 1.148960  39.365839 0.999536  40.365375  41.364929 0.635733   6  
   7  11  1    4   0    0    6   42.497755   0    0  1.782893  44.396895 1.297269  45.812907 0.999562  46.812469  47.812027 1.185917   7  
   8  12  4    4   1    0    6   49.494592   0    0  2.149863  51.760245 1.137442  53.009665 0.999556  54.009221  55.008765 0.986008   7  
   9  12  2    4   0    0    6   56.491432   0    0  1.799634  58.407238 0.821271  59.356802 0.999555  60.356357  61.355890 0.635716   6  
  10  12  2    2   1    0    3   62.505373   0    0  2.016277  64.637707 0.934224  65.687296 0.999526  66.686822  67.686378 1.319177   7  
  11  12  4    3   0    0    3   69.502225   0    0  2.066272  71.684573 1.320259  73.133906 0.999561  74.133467  75.133028 0.869347   7  
  12  12  1    2   0    0    6   76.499060   0    0  2.132895  78.748040 0.669989  79.531031 0.999547  80.530578  81.530109 1.469102   7  
  13  13  4    4   1    0    6   83.495897   0    0  1.899675  85.511659 1.141601  86.777752 0.999541  87.777294  88.776834 1.219206   7  
  14  13  3    3   1    0    3   90.492736   0    0  1.849516  92.458503 1.104115  93.674629 0.999550  94.674178  95.673724 1.319155   7  
  15  12  1    1   1    0    3   97.489582   0    0  1.882983  99.488677 0.973917 100.588180 0.999546 101.587725 102.587273 1.402445   7  
  16  12  2    4   0    0    3  104.503078   0    0  2.033172 106.652104 1.035277 107.801573 0.999561 108.801134 109.800680 1.202524   7  
  17  12  2    4   0    0    6  111.499908   0    0  2.332714 113.948812 0.786272 114.848396 0.999557 115.847953 116.847498 1.152539   7  
  18  13  3    3   1    0    6  118.496744   0    0  1.433315 120.045955 0.863909 121.028941 0.999538 122.028479 123.028043 0.968827   6  
  19  13  4    1   0    0    6  124.494043   0    0  1.066776 125.676834 0.471970 126.276566 0.999556 127.276123 128.275663 0.718485   5  
  20  13  4    4   1    0    6  129.491774   0    0  1.666427 131.274304 0.608976 132.007306 0.999558 133.006864 134.006403 0.985485   6  
  21  13  1    1   1    0    5  135.489066   0    0  1.583056 137.188285 0.745614 138.054568 0.999555 139.054123 140.053671 0.935516   6  
  22  12  1    4   0    0    5  141.486370   0    0  1.483178 143.085636 1.339443 144.551641 0.999552 145.551193 146.550740 1.435717   7  
  23  12  3    3   1    0    6  148.499859   0    0  1.599826 150.215754 0.599150 150.932102 0.999547 151.931649 152.931187 1.068766   6  
  24  12  1    1   1    0    4  154.497149   0    0  1.499971 156.113094 0.863863 157.095980 0.999559 158.095539 159.095079 0.902147   6  
  25  11  4    1   0    0    3  160.494446   0    0  1.250016 161.860496 1.252154 163.226526 0.999555 164.226081 165.225640 0.768864   6  
  26  11  3    3   1    0    6  166.491734   0    0  1.516578 168.124334 0.843283 169.090561 0.999553 170.090115 171.089659 0.902156   6  
  27  11  2    3   0    0    6  172.489032   0    0  1.466362 174.071652 0.428101 174.621395 0.999543 175.620938 176.620489 1.368574   6  
  28  11  1    2   0    0    6  178.486322   0    0  1.783005 180.385444 0.713790 181.218413 0.999547 182.217959 183.217496 0.768862   6  
  29  12  1    3   0    0    6  184.516930   0    0  1.100166 185.749687 0.684540 186.549335 0.999547 187.548882 188.548437 1.468712   6  
  30  12  4    3   0    0    6  190.514216   0    0  2.183104 192.829824 0.748497 193.696126 0.999523 194.695648 195.695216 1.319219   7  
  31  13  3    3   1    0    2  197.511048   0    0  1.966407 199.593439 1.259677 200.976155 0.999536 201.975690 202.975248 1.036028   7  
  32  13  1    1   1    0    3  204.507884   0    0  1.949700 206.606941 1.392636 208.122915 0.999548 209.122463 210.122016 0.886091   7  
  33  12  3    3   1    0    3  211.504734   0    0  2.216130 213.837003 1.266129 215.219714 0.999554 216.219269 217.218816 0.786143   7  
  34  12  4    4   1    0    6  218.501551   0    0  1.416471 220.034212 0.444520 220.600626 0.999538 221.600164 222.599715 1.402078   6  
  35  11  4    4   1    0    7  224.515515   0    0  1.999528 226.631220 0.664944 227.414197 0.999549 228.413746 229.413297 0.602439   6  
  36  11  2    4   0    0    8  230.512798   0    0  2.199459 232.828421 0.764611 233.711388 0.999518 234.710906 235.710461 1.302586   7  
  37  11  2    4   0    0    8  237.509647   0    0  1.767042 239.392127 0.226519 239.725322 0.999536 240.724858 241.724400 1.285464   6  
  38  12  1   -1   0    0    2  243.506929   0    0  0.000000 246.022467 0.007259 246.155731 0.999548 247.155279 248.154828 0.852332   6  
  39  12  1    4   0    0    6  249.504230   0    0  2.182875 251.803192 0.619603 252.536183 0.999549 253.535732 254.535292 1.469155   7  
  40  12  2    4   0    0    6  256.501056   0    0  2.132967 258.750058 0.909937 259.782895 0.999565 260.782459 261.782012 1.219273   7  
  41  13  4   -1   0    0    3  263.514564   0    0  0.000000 266.030094 0.000472 266.146710 0.999541 267.146251 268.145799 0.868983   6  
  42  13  3    4   0    0    3  269.511850   0    0  2.232824 271.860793 1.008807 272.993615 0.999548 273.993163 274.992713 1.019369   7  
  43  13  4    4   1    0    5  276.508680   0    0  1.882876 278.507789 1.314727 279.940455 0.999568 280.940023 281.939569 1.069344   7  
  44  13  1    4   0    0    3  283.505524   0    0  1.932880 285.554588 0.819577 286.487509 0.999547 287.487057 288.486602 0.519159   6  
  45  13  2    4   0    0    5  289.502816   0    0  1.649845 291.268688 1.064304 292.451481 0.999557 293.451039 294.450573 0.552474   6  
  46  14  3    2   0    0    5  295.500102   0    0  2.449875 298.065620 1.016205 299.198439 0.999553 300.197992 301.197536 0.802790   7  
  47  14  3    3   1    0    2  302.496939   0    0  1.749570 304.379418 0.954004 305.445617 0.999550 306.445167 307.444714 0.552455   6  
  48  14  3    2   0    0    3  308.510913   0    0  1.816282 310.443360 1.375722 311.942673 0.999547 312.942220 313.941780 1.069348   7  
  49  14  2    4   0    0    3  315.507738   0    0  1.400036 317.023718 1.198999 318.339769 0.999551 319.339320 320.338886 0.669073   6  
  50  15  3    3   1    0    3  321.505024   0    0  2.083086 323.704032 1.309435 325.136719 0.999604 326.136323 327.135819 0.869427   7  
  51  15  2    4   0    0    3  328.501863   0    0  2.266305 330.884048 1.233832 332.233524 0.999542 333.233066 334.232617 0.769476   7  
  52  15  3    3   1    0    3  335.498701   0    0  2.266055 337.880966 1.789526 339.796754 0.999544 340.796298 341.795855 1.203078   8  
  53  15  4    4   1    0    5  343.511744   0    0  1.933001 345.577488 1.349268 347.043488 0.999528 348.043016 349.042565 0.969416   7  
  54  14  4    4   1    0    7  350.508590   0    0  1.716673 352.341096 0.687129 353.140732 0.999538 354.140271 355.139826 0.868991   6  
  55  14  2    2   1    0    6  356.505876   0    0  1.883716 358.504978 0.843168 359.471198 0.999551 360.470750 361.470294 0.535816   6  
  56  13  2    2   1    0    6  362.503174   0    0  1.983029 364.602212 0.706324 365.435172 0.999553 366.434725 367.434270 0.569130   6  
  57  13  3    2   0    0    4  368.500453   0    0  1.649780 370.266327 1.346218 371.732331 0.999539 372.731870 373.731416 1.269255   7  
  58  13  2    3   0    0    5  375.497299   0    0  2.366236 377.979504 1.162672 379.262255 0.999550 380.261805 381.261356 0.736167   7  
  59  14  1    1   1    0    3  382.494132   0    0  2.249536 384.859745 1.012496 385.992556 0.999545 386.992101 387.991643 1.002725   7  
  60  14  4    4   1    0    6  389.507628   0    0  1.716646 391.340125 1.072167 392.539592 0.999566 393.539158 394.538698 1.469172   7  
]; % This session completes at 29-Mar-2019 11:43:42, 398.003s after session start, 394s on 60 trials, totally 413.152s, correctness is 46.667%.

