%% MetaTwins_RDMsc_training for 'zhaoershi': starting at _nofeedback (       50.0000000000).0-Apr-2019 16:40:30 for '7.375357e+05': starting at 
record = [
%  n coh dir resp isc ckey conf    osti    dsti oopt   rtime     oconf     ctime     oisi    isi ofb    oiti       iti   total
   1  10  1    2   0    0    3    2.499099   0    0  1.799791   4.431548 1.262287   5.814249  0   0    5.814249 1.185074   5  
   2  10  3    3   1    0    2    7.496821   0    0  1.799673   9.412620 1.489586  11.028566  0   0   11.028566 0.968492   5  
   3  10  1    1   1    0    6   12.494565   0    0  1.016700  13.644047 0.226575  13.993872  0   0   13.993872 1.000909   3  
   4   9  2    2   1    0    7   15.493193   0    0  1.283397  16.892561 0.283334  17.292386  0   0   17.292386 0.701032   3  
   5   9  2    2   1    0    6   18.491839   0    0  1.033323  19.641322 0.131385  19.891217  0   0   19.891217 1.100828   3  
   6   8  4    3   0    0    5   21.490480   0    0  1.399894  23.006469 0.972117  24.105964  0   0   24.105964 0.884708   4  
   7   8  3    1   0    0    1   25.505324   0    0  1.882901  27.504416 0.786188  28.404014  0   0   28.404014 0.601505   4  
   8   9  1    2   0    0    5   29.503508   0    0  1.782917  31.435885 0.701537  32.252272  0   0   32.252272 0.751428   4  
   9   9  2    2   1    0    3   33.501697   0    0  1.932981  35.550766 0.415860  36.083856  0   0   36.083856 0.918023   4  
  10   9  1    3   0    0    1   37.499888   0    0  2.166317  39.782056 0.896472  40.798397  0   0   40.798397 1.201662   5  
  11   9  3    4   0    0    2   42.497620   0    0  2.016327  44.646649 1.431641  46.195941  0   0   46.195941 0.801842   5  
  12  10  3    2   0    0    3   47.495355   0    0  1.849721  49.477789 1.353128  50.943789  0   0   50.943789 1.051732   5  
  13  10  1    1   1    0    5   52.493098   0    0  1.499899  54.142195 1.065142  55.325146  0   0   55.325146 0.668096   4  
  14  10  4    3   0    0    2   56.491277   0    0  2.216074  58.840208 0.868373  59.823102  0   0   59.823102 1.168325   5  
  15  10  1    1   1    0    2   61.489011   0    0  2.316248  63.971223 1.106785  65.203985  0   0   65.203985 0.785162   5  
  16  10  1    3   0    0    2   66.503411   0    0  1.699655  68.319139 1.476119  69.918523  0   0   69.918523 1.085011   5  
  17  10  3    2   0    0    5   71.501144   0    0  2.432799  74.066643 0.730163  74.916245  0   0   74.916245 1.085021   5  
  18  11  4    3   0    0    2   76.498868   0    0  1.683143  78.298062 1.729474  80.147208  0   0   80.147208 0.851771   5  
  19  11  3   -1   0    0    2   81.496603   0    0  0.000000  84.012145 0.177188  84.312000  0   0   84.312000 0.684716   4  
  20  11  2    2   1    0    6   85.494790   0    0  1.383282  86.994111 0.629767  87.743772  0   0   87.743772 1.251125   4  
  21  11  3    2   0    0    5   89.492976   0    0  1.983113  91.608690 1.798193  93.524482  0   0   93.524482 1.468590   6  
  22  11  1    2   0    0    5   95.490249   0    0  1.166631  96.772859 0.767980  97.655938  0   0   97.655938 1.334396   4  
  23  12  4    3   0    0    2   99.488437   0    0  1.682993 101.287619 1.329574 102.736978  0   0  102.736978 1.251564   5  
  24  12  1    1   1    0    5  104.486175   0    0  1.000084 105.602333 0.453714 106.185399  0   0  106.185399 0.800847   3  
  25  12  3    4   0    0    1  107.501471   0    0  2.049609 109.683816 0.982917 110.783322  0   0  110.783322 1.218210   5  
  26  12  3    3   1    0    2  112.499210   0    0  1.316485 113.931892 0.972515 115.031396  0   0  115.031396 0.967862   4  
  27  12  4    4   1    0    5  116.514064   0    0  1.549739 118.179965 0.875460 119.179510  0   0  119.179510 0.834782   4  
  28  11  2    2   1    0    6  120.512244   0    0  0.750169 121.411837 0.421416 121.961589  0   0  121.961589 1.050889   3  
  29  11  3    1   0    0    3  123.510895   0    0  2.166254 125.793176 1.549039 127.459100  0   0  127.459100 0.552008   5  
  30  11  4    4   1    0    6  128.508624   0    0  1.083369 129.741389 0.715547 130.574338  0   0  130.574338 1.434512   4  
  31  11  2    2   1    0    5  132.506803   0    0  1.782967 134.405939 0.831604 135.355514  0   0  135.355514 0.651512   4  
  32  10  3    3   1    0    5  136.504988   0    0  1.799838 138.420720 0.702121 139.237090  0   0  139.237090 0.768130   4  
  33  10  3    2   0    0    2  140.503176   0    0  1.933101 142.568915 0.722082 143.418524  0   0  143.418524 0.584883   4  
  34  10  4    4   1    0    2  144.501358   0    0  1.100046 145.734132 0.473439 146.333874  0   0  146.333874 0.667715   3  
  35  10  2    2   1    0    5  147.500012   0    0  1.816408 149.465688 0.570341 150.148806  0   0  150.148806 0.851426   4  
  36   9  4    1   0    0    2  151.514854   0    0  2.132864 153.780487 1.496677 155.396417  0   0  155.396417 0.618656   5  
  37   9  3    4   0    0    1  156.512587   0    0  2.066561 158.744907 0.805422 159.677823  0   0  159.677823 1.334991   5  
  38  10  2    2   1    0    4  161.510311   0    0  1.000166 162.626470 1.338892 164.092481  0   0  164.092481 0.918063   4  
  39  10  2    2   1    0    5  165.508501   0    0  1.200109 166.824572 0.789693 167.740831  0   0  167.740831 1.267907   4  
  40   9  4    4   1    0    6  169.506687   0    0  2.482782 172.105512 0.560606 172.788545  0   0  172.788545 1.218383   5  
  41   9  2    2   1    0    3  174.504420   0    0  1.699777 176.353584 1.040677 177.519724  0   0  177.519724 1.484924   5  
  42   8  2    3   0    0    2  179.502157   0    0  2.249553 181.884412 0.961182 182.967251  0   0  182.967251 1.035136   5  
  43   8  4    2   0    0    2  184.499892   0    0  1.932895 186.548966 1.048852 187.715098  0   0  187.715098 1.285026   5  
  44   9  3    3   1    0    1  189.497638   0    0  2.016269 191.663320 0.579186 192.362991  0   0  192.362991 0.634860   4  
  45   9  4   -1   0    0    2  193.512461   0    0  0.000000 196.028025 0.005780 196.161276  0   0  196.161276 0.851422   4  
  46   9  1    3   0    0    2  197.510666   0    0  0.018780 197.643943 1.320866 199.093276  0   0  199.093276 0.917619   3  
  47   9  2    2   1    0    6  200.509301   0    0  1.300063 201.941829 0.441996 202.508398  0   0  202.508398 0.501130   3  
  48   9  4    4   1    0    4  203.507946   0    0  1.266516 204.890645 1.066585 206.073444  0   0  206.073444 0.934734   4  
  49   8  1    2   0    0    2  207.506123   0    0  2.316177 209.971674 0.646280 210.737997  0   0  210.737997 1.268361   5  
  50   8  1    1   1    0    5  212.503853   0    0  1.483966 214.119734 0.606481 214.836134  0   0  214.836134 1.167961   4  
  51   8  4    3   0    0    2  216.502051   0    0  1.749607 218.367862 1.300513 219.783893  0   0  219.783893 1.218387   5  
  52   8  2    2   1    0    6  221.499783   0    0  1.116684 222.732548 0.181361 223.032415  0   0  223.032415 0.967597   3  
  53   8  1    3   0    0    1  224.498429   0    0  1.516642 226.131008 0.318985 226.564146  0   0  226.564146 1.434507   4  
  54   8  2    2   1    0    5  228.496611   0    0  1.399847 230.079230 0.512601 230.712269  0   0  230.712269 1.284573   4  
  55   8  2    2   1    0    1  232.494791   0    0  2.416172 235.043640 0.515760 235.676696  0   0  235.676696 1.318324   5  
  56   7  4    3   0    0    1  237.509192   0    0  2.033004 239.674748 0.099085 239.891435  0   0  239.891435 1.117975   4  
  57   7  3    4   0    0    1  241.507373   0    0  2.182837 243.806347 0.870604 244.805877  0   0  244.805877 1.201719   5  
  58   8  1    3   0    0    1  246.505106   0    0  2.382678 249.037294 0.247025 249.403801  0   0  249.403801 0.601529   4  
  59   8  1    2   0    0    5  250.503289   0    0  1.466530 252.085866 0.698550 252.902201  0   0  252.902201 1.101332   4  
  60   9  4    4   1    0    6  254.501484   0    0  1.266487 255.884178 0.289718 256.300660  0   0  256.300660 0.701055   3  
]; % This session completes at 20-Apr-2019 16:45:13, 259.006s after session start, 255s on 60 trials, totally 283.072s, correctness is 48.333%.

