%% MetaTwinsDoubleBlind_behave_Conf for '_guess': starting at yaoyujing (       50.0000000000).7-Jul-2019 12:17:497.376335e+05 for '
record = [
%  n dir coh resp isc conf conforig    osti      rtime     oconf     ctime     oisi       iti   total
   1  1   9    1   1    1      1      2.498875 2.266634   5.280961 0.580113   5.997306 2.001808   6  
   2  1   9    3   0    3      2      8.496164 1.783275  10.795120 0.000920  10.945053 3.051332   6  
   3  2   9    1   0    2      2     14.493420 2.149568  17.158889 1.078936  18.374997 1.618649   6  
   4  3   9    3   1    6      8     20.507344 1.033442  22.056656 1.041007  23.239443 2.768142   6  
   5  2   9    1   0    2      1     26.504629 2.399499  29.419971 0.823914  30.419507 1.585337   6  
   6  2   9    2   1    5      2     32.501903 1.683459  34.700898 0.755227  35.600490 2.401630   6  
   7  3   9    4   0    5      2     38.499164 1.449869  40.464949 0.679875  41.281240 2.718143   6  
   8  1   9    3   0    3      7     44.496443 2.033207  47.045280 1.011494  48.194753 1.801898   6  
   9  4   9    3   0    2      6     50.510341 2.182911  53.209152 0.475413  53.825529 2.185058   6  
  10  2   9    1   0    2      5     56.507631 2.183125  59.206414 0.682128  60.072675 1.935191   6  
  11  2   9   -1   0    1      4     62.504891 2.516156  65.037082 1.477803  66.653027 1.352095   6  
  12  2   9    1   0    2      2     68.502178 1.833428  70.851113 0.174840  71.167640 2.834762   6  
  13  2   9    4   0    2      1     74.499437 2.082996  77.098275 0.000896  77.248201 2.751459   6  
  14  1   9    1   1    3      7     80.513375 1.650188  82.679064 0.664942  83.478695 2.534905   6  
  15  3   9    3   1    2      8     86.510634 1.766464  88.792943 0.373522  89.309374 2.701495   6  
  16  3   9    2   0    2      1     92.507916 2.416561  95.439906 0.537585  96.156259 1.851875   6  
  17  3   9    3   1    2      8     98.505178 1.966270 100.987385 0.483044 101.620441 2.384960   6  
  18  4   9    1   0    3      6    104.502450 1.966630 106.984665 0.515402 107.634361 2.368317   6  
  19  2   9    2   1    2      1    110.499699 2.232938 113.248481 0.001005 113.415074 2.584864   6  
  20  3   9    1   0    2      7    116.513652 2.283200 119.312373 0.190227 119.645558 2.368305   6  
  21  2   9    3   0    5      8    122.510914 1.466551 124.493352 0.972795 125.609518 2.401623   6  
  22  2   9    4   0    2      6    128.508196 1.733583 130.757162 1.317997 132.206499 1.801914   6  
  23  1   9    1   1    6      6    134.505444 1.000128 136.021437 0.541048 136.704462 3.301213   6  
  24  1   9    3   0    6      7    140.502727 1.133725 142.151979 0.708567 143.001586 3.001366   6  
  25  2   9    1   0    6      6    146.516649 1.233370 148.265873 1.344365 149.748523 2.268357   6  
  26  1   9    1   1    5      6    152.497270 1.316811 154.329762 1.251628 155.712468 2.284975   6  
  27  4   9    3   0    2      7    158.494522 2.149637 161.159991 1.330875 162.625981 1.368621   6  
  28  4   9    4   1    3      5    164.491783 2.149644 167.157267 0.001069 167.307192 2.684683   6  
  29  1   9    1   1    6      7    170.489078 1.617007 172.621443 0.595546 173.354440 2.634849   6  
  30  4   9    4   1    6      7    176.502989 1.349995 178.368835 0.501780 179.001865 3.001227   6  
  31  3   9   -1   0    1      4    182.500275 2.499817 185.015791 0.631385 185.798771 2.201724   6  
  32  4   9    4   1    6      6    188.497527 1.350072 190.363361 0.520640 191.029734 2.967931   6  
  33  2   9    4   0    3      7    194.494808 1.483600 196.493905 0.517855 197.160271 2.834782   6  
  34  3   9    3   1    5      7    200.492070 1.233277 202.241289 0.405817 202.791042 3.201182   6  
  35  3   9    4   0    6      6    206.489353 1.716872 208.721678 0.325551 209.188124 2.801464   6  
  36  2   9    4   0    6      5    212.503266 1.616532 214.635650 0.388600 215.168742 2.834690   6  
  37  2   9    2   1    3      1    218.500543 2.016769 221.032728 1.454407 222.648657 1.352119   6  
  38  4   9    4   1    6      6    224.497802 1.633205 226.646853 0.658934 227.429821 2.568194   6  
  39  1   9    2   0    6      6    230.495096 1.433412 232.444209 0.710458 233.293819 2.701493   6  
  40  1   9    4   0    7      1    236.492335 1.566555 238.574743 0.485580 239.191139 2.801384   6  
  41  2   9    4   0    8      7    242.506297 0.983671 244.005600 1.188572 245.321674 2.684843   6  
  42  1   9    1   1    6      7    248.503539 1.549920 250.569289 0.396124 251.102377 2.901398   6  
  43  2   9    3   0    2      2    254.500823 2.183240 257.199597 0.239023 257.582760 2.418287   6  
  44  3   9    3   1    2      4    260.498069 2.016394 263.030269 0.454679 263.629997 2.368329   6  
  45  4   9    1   0    3      2    266.495374 1.783389 268.794319 0.690116 269.627273 2.368321   6  
  46  2   9    3   0    3      6    272.509272 1.999780 275.024826 0.152759 275.324693 2.684821   6  
  47  3   9    3   1    6      8    278.506570 0.983818 280.005879 0.505184 280.655584 3.351198   6  
  48  4   9    1   0    3      7    284.503824 1.733124 286.752815 1.193226 288.085546 1.918512   6  
  49  1   9    3   0    3      7    290.501101 1.800073 292.816721 0.369064 293.333154 2.668172   6  
  50  4   9    4   1    2      7    296.498352 2.266298 299.280437 0.342155 299.763547 2.235037   6  
  51  3   9    3   1    6      6    302.495640 1.349844 304.361460 0.468180 304.977853 3.018017   6  
  52  1   9    1   1    3      6    308.509572 1.999923 311.025091 0.619624 311.774744 2.235057   6  
  53  1   9    4   0    6      2    314.506825 1.333261 316.356028 0.497401 316.989054 3.018007   6  
  54  4   9    3   0    3      7    320.504105 1.966785 322.986330 0.522066 323.652673 2.351668   6  
  55  1   9    1   1    6      6    326.501356 1.299993 328.317219 0.275692 328.733696 3.267902   6  
  56  2   9    3   0    6      7    332.498650 1.583496 334.597697 0.562989 335.297374 2.701504   6  
  57  3   9    1   0    3      7    338.512562 1.349991 340.378394 1.343758 341.861061 2.151725   6  
  58  4   9    4   1    2      6    344.509855 1.966768 346.992054 0.346381 347.475162 2.534901   6  
  59  3   9    3   1    3      7    350.507101 1.766434 352.789414 0.868518 353.805625 2.201701   6  
  60  4   9    1   0    3      7    356.504390 2.066510 359.086536 0.947720 360.169387 1.835221   6  
  61  1   9    3   0    4      7    362.501653 1.649898 364.667339 0.738494 365.550263 2.451617   6  
  62  2   9    3   0    6      5    368.515583 1.117036 370.148173 1.215969 371.497562 2.518244   6  
  63  1   9    3   0    3      5    374.512835 1.949776 376.978412 0.596429 377.711403 2.301681   6  
  64  3   9    3   1    6      6    380.510122 1.033764 382.059412 0.426701 382.625822 3.384524   6  
  65  3   9    4   0    2      3    386.507370 2.066300 389.089562 1.093643 390.355653 1.651965   6  
  66  2   9    4   0    7      3    392.504630 1.083724 394.103938 1.125450 395.353369 2.651519   6  
  67  1   9    4   0    3      6    398.501921 1.949655 400.967487 0.586620 401.700515 2.301463   6  
  68  1   9    2   0    2      1    404.499203 2.283071 407.297930 0.687911 408.114222 1.885182   6  
  69  2   9    1   0    2      1    410.496462 2.132939 413.145271 0.012221 413.295192 2.701344   6  
  70  4   9    4   1    2      3    416.493740 2.149981 419.159196 0.329369 419.625644 2.368300   6  
  71  2   9    1   0    2      6    422.491002 1.816479 424.823284 0.483613 425.439673 2.551442   6  
  72  1   9    1   1    2      1    428.488282 2.033167 431.037116 1.125919 432.336531 1.651981   6  
  73  2   9    4   0    3      1    434.502193 2.282877 437.300941 0.267129 437.717422 2.284907   6  
  74  4   9    2   0    1      3    440.499470 2.383114 443.398154 0.139809 443.681354 2.318349   6  
  75  4   9    4   1    3      5    446.496742 2.033040 449.045600 0.848830 450.028480 1.968403   6  
  76  1   9    1   1    3      2    452.493930 2.116727 455.126158 0.397921 455.659247 2.334993   6  
  77  4   9    4   1    2      5    458.491269 1.566535 460.573676 0.530949 461.240034 2.751410   6  
  78  3   9    3   1    5      6    464.505212 1.600397 466.620930 0.859629 467.620468 2.384972   6  
  79  3   9    1   0    6      6    470.502471 1.799840 472.818107 0.507566 473.451152 2.551514   6  
  80  3   9    3   1    7      7    476.499745 1.500287 478.515502 0.468936 479.131887 2.868101   6  
  81  3   9    1   0    4      1    482.497014 2.232924 485.245774 0.577373 485.962114 2.035123   6  
  82  1   9    3   0    4      2    488.494287 2.083142 491.093114 1.041473 492.275901 1.718621   6  
  83  3   9    4   0    3      1    494.508204 2.066384 497.090378 0.655145 497.890012 2.118433   6  
  84  3   9    3   1    4      6    500.505493 2.116651 503.137620 0.660894 503.937268 2.068449   6  
  85  4   9    1   0    3      1    506.502749 2.199483 509.218201 0.090817 509.434767 2.568211   6  
  86  1   9    3   0    2      1    512.500027 2.266441 515.282092 0.582769 516.015100 1.985149   6  
  87  3   9    3   1    4      2    518.497288 1.699795 520.712962 1.558352 522.412189 1.585337   6  
  88  4   9   -1   0    1      4    524.494576 0.000000 527.026761 0.724035 527.893028 2.101816   6  
  89  4   9    2   0    3      3    530.508477 2.016420 533.040689 0.645190 533.823660 2.185052   6  
  90  4   9    4   1    6      6    536.505770 1.300354 538.321613 0.693113 539.154563 2.851433   6  
]; % This session completes at 27-Jul-2019 12:27:15, 544.009s after session start, 540s on 90 trials, totally 565.389s.

