%% MetaTwinsDoubleBlind_behave_Conf for '_guess': starting at gengpeng (       48.0000000000).2-Mar-2019 17:14:397.374867e+05 for '
record = [
%  n dir coh resp isc conf conforig    osti      rtime     oconf     ctime     oisi       iti   total
   1  1   9    2   0    2      2      2.498998 1.815946   4.831137 0.362650   5.314264 2.684822   6  
   2  2   9    3   0    3      7      8.496139 1.899236  10.911706 0.260458  11.278211 2.718126   6  
   3  2   9    1   0    4      7     14.493422 1.966054  16.975644 0.618898  17.708628 2.284982   6  
   4  1   9    3   0    4      2     20.490710 2.015853  23.022897 0.433729  23.572652 2.418213   6  
   5  4   9    2   0    2      2     26.504668 2.032742  29.053503 0.142501  29.303397 2.701378   6  
   6  3   9    3   1    3      7     32.501939 1.699507  34.717611 1.179761  36.017026 1.985011   6  
   7  3   9    3   1    5      7     38.499222 2.082487  41.098056 0.547647  41.764404 2.234922   6  
   8  4   9    4   1    3      8     44.496502 1.749354  46.762148 0.626014  47.495148 2.501453   6  
   9  1   9    1   1    6      7     50.493788 1.999157  53.009328 0.702546  53.825617 2.168232   6  
  10  4   9    2   0    3      1     56.507733 2.132781  59.156539 1.412444  60.689172 1.318791   6  
  11  3   9    3   1    1      2     62.505010 2.432463  65.453670 0.381417  65.953449 2.051797   6  
  12  3   9    1   0    2      2     68.502309 2.282407  71.301035 0.406346  71.817465 2.185060   6  
  13  4   9    2   0    2      1     74.499575 2.365850  77.381611 0.247154  77.748116 2.251695   6  
  14  2   9   -1   0    1      2     80.513529 0.000000  83.029061 0.814944  83.961971 2.051789   6  
  15  1   9    3   0    5      2     86.510813 1.999289  89.026338 0.861094  89.992578 2.018458   6  
  16  1   9    1   1    4      7     92.508093 1.849257  94.873705 0.760272  95.739967 2.268354   6  
  17  4   9    4   1    2      7     98.505380 2.349202 101.370741 0.451561 101.937158 2.068443   6  
  18  2   9    2   1    3      2    104.502673 2.215836 107.234764 0.344337 107.684557 2.318341   6  
  19  3   9    3   1    1      1    110.499946 2.382582 113.398640 0.390211 113.898410 2.101767   6  
  20  3   9    3   1    1      2    116.497225 2.432434 119.445893 0.283315 119.845722 2.151731   6  
  21  2   9    2   1    2      2    122.494507 2.365717 125.376551 0.061550 125.543128 2.451611   6  
  22  4   9    2   0    2      1    128.508463 2.282428 131.307195 0.358430 131.773647 2.235037   6  
  23  4   9    4   1    3     -1    134.505749 2.432435 137.454407 0.629735 138.204063 1.801913   6  
  24  3   9    3   1    3      1    140.503026 2.315891 143.335086 0.183810 143.634939 2.368280   6  
  25  1   9    3   0   -1      7    146.500314 1.982781 148.999176 0.000000 150.998204 1.002289   6  
  26  3   9    2   0    3      7    152.497595 2.282403 155.296322 0.238983 155.646162 2.351590   6  
  27  2   9    2   1    2      2    158.494871 2.032586 161.043697 0.362490 161.526832 2.468182   6  
  28  3   9    3   1    2      7    164.492166 2.315953 167.324200 0.085701 167.524114 2.468174   6  
  29  4   9    3   0    3      1    170.489441 2.199359 173.204885 0.557045 173.871250 2.118304   6  
  30  1   9    2   0    4      2    176.486721 2.365712 179.368765 1.134710 180.618192 1.368612   6  
  31  4   9    4   1    3      2    182.517324 2.282759 185.316060 0.191703 185.615923 2.401630   6  
  32  4   9    4   1    5      8    188.514610 1.616041 190.646983 0.748137 191.513251 2.501599   6  
  33  4   9    2   0    5      3    194.512124 1.899001 196.927467 0.680405 197.727085 2.285028   6  
  34  4   9    4   1    3      2    200.509167 2.215790 203.241284 0.309260 203.657769 2.351649   6  
  35  4   9    4   1    3      7    206.506459 2.099385 209.121940 0.312756 209.555087 2.451612   6  
  36  3   9    4   0    5      7    212.503752 1.532872 214.552820 0.452581 215.119237 2.884743   6  
  37  2   9    1   0    1      1    218.501029 2.432368 221.449701 0.234534 221.799540 2.201730   6  
  38  4   9   -1   0    2      3    224.498315 0.000000 227.013812 0.752485 227.880130 2.118417   6  
  39  4   9    4   1    3      1    230.512253 2.199377 233.227697 0.609295 233.944061 2.068435   6  
  40  1   9    1   1    5      8    236.509552 1.982614 239.008419 0.659494 239.774731 2.235039   6  
  41  2   9    2   1    2      3    242.506839 2.232437 245.255578 0.209103 245.572080 2.434971   6  
  42  4   9    2   0    3      1    248.504104 2.182497 251.202884 0.380956 251.702657 2.301690   6  
  43  2   9    3   0    4      1    254.501395 2.099312 257.116875 1.013345 258.249681 1.751942   6  
  44  1   9    1   1    6      8    260.498669 1.566093 262.581061 0.805270 263.497323 2.501578   6  
  45  3   9    4   0    7      1    266.495956 1.349695 268.361792 0.510552 268.978166 3.018034   6  
  46  4   9    4   1    8      3    272.493228 1.799215 274.808859 0.408678 275.325304 2.668147   6  
  47  3   9    3   1    6      7    278.490528 1.965932 280.972739 0.624449 281.705754 2.284965   6  
  48  1   9    1   1    2      7    284.504471 2.315919 287.336518 0.236316 287.686358 2.318268   6  
  49  2   9    2   1    3      6    290.501753 2.082696 293.100563 0.502435 293.716977 2.284920   6  
  50  4   9    3   0    1      3    296.499043 2.432452 299.447700 0.323101 299.880829 2.118340   6  
  51  1   9    1   1    6     -1    302.496313 1.566396 304.578714 0.375310 305.061829 2.934588   6  
  52  1   9    3   0    5      2    308.493603 1.932637 310.942509 0.440281 311.492251 2.501448   6  
  53  3   9    3   1    5      3    314.490895 1.782805 316.789855 0.246512 317.156362 2.834600   6  
  54  3   9    2   0    6      7    320.504833 2.016055 323.037015 0.262851 323.420186 2.584875   6  
  55  3   9    3   1    2      1    326.502112 2.065830 329.084307 0.000875 329.200900 2.801441   6  
  56  4   9    1   0    1      1    332.516053 2.449147 335.481394 0.098669 335.697946 2.318341   6  
  57  1   9    3   0    5      1    338.513347 1.999352 341.028866 0.675082 341.811856 2.201718   6  
  58  4   9    4   1    2      8    344.510619 2.099365 347.126110 0.165689 347.409316 2.601539   6  
  59  2   9    2   1    3      7    350.507905 2.032537 353.056757 0.294169 353.456585 2.551550   6  
  60  1   9    1   1    6      8    356.505193 1.632745 358.654234 0.403688 359.170660 2.834765   6  
  61  1   9    1   1    1      1    362.502485 2.399352 365.417827 0.278037 365.800983 2.201735   6  
  62  4   9    2   0    2      1    368.499761 2.282672 371.298498 0.237305 371.648337 2.351647   6  
  63  2   9    2   1    7      8    374.497036 1.649446 376.662736 0.543372 377.312448 2.684819   6  
  64  1   9    1   1    6      6    380.494326 1.849392 382.859930 0.394443 383.359732 2.634833   6  
  65  4   9    1   0    2      1    386.508238 2.349456 389.373642 0.239192 389.723488 2.285024   6  
  66  3   9    3   1    3      8    392.505563 2.265998 395.287635 0.332151 395.737424 2.268363   6  
  67  3   9    3   1    3      2    398.502845 2.116019 401.134984 0.260364 401.501488 2.501591   6  
  68  1   9    2   0    1      1    404.500131 2.399097 407.415486 0.024826 407.548758 2.451573   6  
  69  2   9    2   1    2      7    410.497412 2.348988 413.362778 0.155959 413.629331 2.368261   6  
  70  2   9    2   1    6      8    416.494700 1.482904 418.493795 0.412587 419.026875 2.967965   6  
  71  2   9    2   1    7      6    422.491978 1.766120 424.774277 0.332324 425.224088 2.768032   6  
  72  1   9    2   0    1      1    428.489268 2.432305 431.437926 0.289989 431.837741 2.151649   6  
  73  4   9    3   0    3      1    434.503209 2.149512 437.168666 0.318227 437.601810 2.401487   6  
  74  2   9    3   0    2      1    440.500479 2.399110 443.415846 0.378414 443.915608 2.084973   6  
  75  1   9    1   1    7      7    446.514432 1.599377 448.630155 0.476772 449.213209 2.801442   6  
  76  2   9    2   1    7      2    452.511713 2.132575 455.160503 0.505896 455.776897 2.235043   6  
  77  2   9    1   0    3      2    458.508992 2.082619 461.107823 0.791852 462.007419 2.001803   6  
  78  1   9    3   0    2      1    464.506282 2.432284 467.454949 0.461755 468.038013 1.968504   6  
  79  3   9    3   1    2      6    470.503563 2.365824 473.385579 0.090950 473.585509 2.418281   6  
  80  1   9    2   0    3      3    476.500840 2.065817 479.083008 0.339262 479.532799 2.468284   6  
  81  3   9    2   0    2      1    482.498141 2.215919 485.230235 0.195934 485.546754 2.451614   6  
  82  2   9    2   1    2      1    488.512077 2.332620 491.360780 0.261220 491.743943 2.268363   6  
  83  1   9    3   0    2      2    494.509341 2.315877 497.341415 0.126723 497.574640 2.434950   6  
  84  3   9    1   0    3      1    500.506610 2.149210 503.172102 0.251641 503.538614 2.468256   6  
  85  2   9    3   0    2      1    506.503931 2.398988 509.419267 0.290882 509.819086 2.185081   6  
  86  2   9    2   1    3      7    512.501215 2.165954 515.183344 0.255969 515.549843 2.451602   6  
  87  3   9    3   1    3      1    518.498485 2.199180 521.213930 0.156915 521.480469 2.518246   6  
  88  1   9    2   0    3      1    524.495784 2.315687 527.327821 0.101286 527.544391 2.451592   6  
  89  2   9    2   1    3      8    530.493057 2.182500 533.191833 0.299722 533.608306 2.384986   6  
  90  3   9    2   0    1      1    536.507019 2.465708 539.488988 0.239300 539.838831 2.168399   6  
]; % This session completes at 02-Mar-2019 17:24:07, 544.005s after session start, 540s on 90 trials, totally 567.358s.

