[2019-03-10 16:11:02.763] Calling `MetaTwins_RDMsc_training` for `libin` at 10-Mar-2019 16:11:02(737494.6743374768).
[2019-03-10 16:11:07.956] Initial coherence is 90 .
                          Running MetaTwins_RDMsc_training('libin', 1, [2019-03-10 16:11:07.971] Session 1 has 60 trials, requires 454s, 7.5s per trial.
[2019-03-10 16:11:08.961] Trying to open PTB window...
[easyPTB Info] Using 13.9 inch screen with PPI=158.0


PTB-INFO: This is Psychtoolbox-3 for Microsoft Windows, under Matlab 64-Bit (Version 3.0.14 - Build date: Jun  6 2017).
PTB-INFO: Support status on this operating system release: Windows version 10.0 supported and tested to some limited degree.
PTB-INFO: Type 'PsychtoolboxVersion' for more detailed version information.
PTB-INFO: Most parts of the Psychtoolbox distribution are licensed to you under terms of the MIT License, with
PTB-INFO: some restrictions. See file 'License.txt' in the Psychtoolbox root folder for the exact licensing conditions.

PTB-INFO: The detected endline of the vertical blank interval is equal or lower than the startline. This indicates
PTB-INFO: that i couldn't detect the duration of the vertical blank interval and won't be able to correct timestamps
PTB-INFO: for it. This will introduce a very small and constant offset (typically << 1 msec). Read 'help BeampositionQueries'
PTB-INFO: for how to correct this, should you really require that last few microseconds of precision.
PTB-INFO: Btw. this can also mean that your systems beamposition queries are slightly broken. It may help timing precision to
PTB-INFO: enable the beamposition workaround, as explained in 'help ConserveVRAMSettings', section 'kPsychUseBeampositionQueryWorkaround'.


PTB-INFO: OpenGL-Renderer is NVIDIA Corporation :: GeForce 940MX/PCIe/SSE2 :: 4.5.0 NVIDIA 385.54
PTB-INFO: VBL startline = 1080 , VBL Endline = 1080
PTB-INFO: Measured monitor refresh interval from beamposition = 16.655886 ms [60.038837 Hz].
PTB-INFO: Will use beamposition query for accurate Flip time stamping.
PTB-INFO: Measured monitor refresh interval from VBLsync = 16.660482 ms [60.022273 Hz]. (50 valid samples taken, stddev=0.183873 ms.)
PTB-INFO: Reported monitor refresh interval from operating system = 16.666667 ms [60.000000 Hz].
PTB-INFO: Small deviations between reported values are normal and no reason to worry.
PTB-INFO: Anti-Aliasing with 8 samples per pixel enabled.
PTB-INFO: ==============================================================================================================================
PTB-INFO: WINDOWS DWM DESKTOP COMPOSITOR IS ACTIVE. On this Windows-10 or later system, Psychtoolbox can no longer reliably detect if
PTB-INFO: this will cause trouble for timing and integrity of visual stimuli or not. You might be just fine, or you could be in trouble.
PTB-INFO: Use external measurement equipment and independent procedures to verify reliability of timing if you care about proper timing.
PTB-INFO: ==============================================================================================================================
[2019-03-10 16:11:11.747] PTB window opened.
[2019-03-10 16:11:11.875] Preparation slide displayed.
[2019-03-10 16:11:17.089] fMRI trigger recieved. 0 secs before recording, 2 secs before task.
                          time stamp 867436.0595137725, Flip delay: 0.0166612791.
[2019-03-10 16:17:40.072] 60 trials finished in 381s.
           icoh: 90
        session: 1
        lastcoh: 13
      recentcoh: 14.1000
    reversalcoh: 28.1000

[2019-03-10 16:17:42.520] This session completes at 10-Mar-2019 16:17:42, 385.316s after session start, 381s on 60 trials, totally 399.63s, correctness is 75.000%.


corr_isc_conf: 0.5889

AUC: 0.8646
[2019-03-10 16:17:42.566] MetaTwins_RDMsc_training ends at 10-Mar-2019 16:17:42(737494.6789648727), totally 6min39.807s passed.



[2019-03-10 16:18:15.080] Calling `MetaTwins_RDMsc_training` for `libin` at 10-Mar-2019 16:18:15(737494.6793411690).
                          Running MetaTwins_RDMsc_training('libin', 2, [2019-03-10 16:18:15.112] Session 2 has 60 trials, requires 454s, 7.5s per trial.
[2019-03-10 16:18:16.102] Trying to open PTB window...
[easyPTB Info] Using 13.9 inch screen with PPI=158.0


PTB-INFO: This is Psychtoolbox-3 for Microsoft Windows, under Matlab 64-Bit (Version 3.0.14 - Build date: Jun  6 2017).
PTB-INFO: Support status on this operating system release: Windows version 10.0 supported and tested to some limited degree.
PTB-INFO: Type 'PsychtoolboxVersion' for more detailed version information.
PTB-INFO: Most parts of the Psychtoolbox distribution are licensed to you under terms of the MIT License, with
PTB-INFO: some restrictions. See file 'License.txt' in the Psychtoolbox root folder for the exact licensing conditions.

PTB-INFO: The detected endline of the vertical blank interval is equal or lower than the startline. This indicates
PTB-INFO: that i couldn't detect the duration of the vertical blank interval and won't be able to correct timestamps
PTB-INFO: for it. This will introduce a very small and constant offset (typically << 1 msec). Read 'help BeampositionQueries'
PTB-INFO: for how to correct this, should you really require that last few microseconds of precision.
PTB-INFO: Btw. this can also mean that your systems beamposition queries are slightly broken. It may help timing precision to
PTB-INFO: enable the beamposition workaround, as explained in 'help ConserveVRAMSettings', section 'kPsychUseBeampositionQueryWorkaround'.


PTB-INFO: OpenGL-Renderer is NVIDIA Corporation :: GeForce 940MX/PCIe/SSE2 :: 4.5.0 NVIDIA 385.54
PTB-INFO: VBL startline = 1080 , VBL Endline = 1080
PTB-INFO: Measured monitor refresh interval from beamposition = 16.655800 ms [60.039146 Hz].
PTB-INFO: Will use beamposition query for accurate Flip time stamping.
PTB-INFO: Measured monitor refresh interval from VBLsync = 16.659726 ms [60.024997 Hz]. (50 valid samples taken, stddev=0.124681 ms.)
PTB-INFO: Reported monitor refresh interval from operating system = 16.666667 ms [60.000000 Hz].
PTB-INFO: Small deviations between reported values are normal and no reason to worry.
PTB-INFO: Anti-Aliasing with 8 samples per pixel enabled.
PTB-INFO: ==============================================================================================================================
PTB-INFO: WINDOWS DWM DESKTOP COMPOSITOR IS ACTIVE. On this Windows-10 or later system, Psychtoolbox can no longer reliably detect if
PTB-INFO: this will cause trouble for timing and integrity of visual stimuli or not. You might be just fine, or you could be in trouble.
PTB-INFO: Use external measurement equipment and independent procedures to verify reliability of timing if you care about proper timing.
PTB-INFO: ==============================================================================================================================
[2019-03-10 16:18:19.192] PTB window opened.
[2019-03-10 16:18:19.303] Preparation slide displayed.
[2019-03-10 16:18:36.608] fMRI trigger recieved. 0 secs before recording, 2 secs before task.
                          time stamp 867875.5624558593, Flip delay: 0.0333706150.
[2019-03-10 16:25:10.575] 60 trials finished in 392s.
           icoh: 90
        session: 2
        lastcoh: 13
      recentcoh: 12.8000
    reversalcoh: 12.9375

[2019-03-10 16:25:13.001] This session completes at 10-Mar-2019 16:25:12, 396.004s after session start, 392s on 60 trials, totally 417.501s, correctness is 50.000%.


corr_isc_conf: 0.4218

AUC: 0.7417
[2019-03-10 16:25:13.048] MetaTwins_RDMsc_training ends at 10-Mar-2019 16:25:13(737494.6841787963), totally 6min57.971s passed.



[2019-03-10 16:26:00.432] Calling `MetaTwins_RDMsc_training` for `libin` at 10-Mar-2019 16:26:00(737494.6847271875).
[2019-03-10 16:26:08.844] Initial coherence is 20 .
                          Running MetaTwins_RDMsc_training('libin', 1, [2019-03-10 16:26:08.859] Session 1 has 60 trials, requires 334s, 5.5s per trial.
[2019-03-10 16:26:09.850] Trying to open PTB window...
[easyPTB Info] Using 13.9 inch screen with PPI=158.0


PTB-INFO: This is Psychtoolbox-3 for Microsoft Windows, under Matlab 64-Bit (Version 3.0.14 - Build date: Jun  6 2017).
PTB-INFO: Support status on this operating system release: Windows version 10.0 supported and tested to some limited degree.
PTB-INFO: Type 'PsychtoolboxVersion' for more detailed version information.
PTB-INFO: Most parts of the Psychtoolbox distribution are licensed to you under terms of the MIT License, with
PTB-INFO: some restrictions. See file 'License.txt' in the Psychtoolbox root folder for the exact licensing conditions.

PTB-INFO: The detected endline of the vertical blank interval is equal or lower than the startline. This indicates
PTB-INFO: that i couldn't detect the duration of the vertical blank interval and won't be able to correct timestamps
PTB-INFO: for it. This will introduce a very small and constant offset (typically << 1 msec). Read 'help BeampositionQueries'
PTB-INFO: for how to correct this, should you really require that last few microseconds of precision.
PTB-INFO: Btw. this can also mean that your systems beamposition queries are slightly broken. It may help timing precision to
PTB-INFO: enable the beamposition workaround, as explained in 'help ConserveVRAMSettings', section 'kPsychUseBeampositionQueryWorkaround'.


PTB-INFO: OpenGL-Renderer is NVIDIA Corporation :: GeForce 940MX/PCIe/SSE2 :: 4.5.0 NVIDIA 385.54
PTB-INFO: VBL startline = 1080 , VBL Endline = 1080
PTB-INFO: Measured monitor refresh interval from beamposition = 16.655965 ms [60.038550 Hz].
PTB-INFO: Will use beamposition query for accurate Flip time stamping.
PTB-INFO: Measured monitor refresh interval from VBLsync = 16.655754 ms [60.039311 Hz]. (50 valid samples taken, stddev=0.137406 ms.)
PTB-INFO: Reported monitor refresh interval from operating system = 16.666667 ms [60.000000 Hz].
PTB-INFO: Small deviations between reported values are normal and no reason to worry.
PTB-INFO: Anti-Aliasing with 8 samples per pixel enabled.
PTB-INFO: ==============================================================================================================================
PTB-INFO: WINDOWS DWM DESKTOP COMPOSITOR IS ACTIVE. On this Windows-10 or later system, Psychtoolbox can no longer reliably detect if
PTB-INFO: this will cause trouble for timing and integrity of visual stimuli or not. You might be just fine, or you could be in trouble.
PTB-INFO: Use external measurement equipment and independent procedures to verify reliability of timing if you care about proper timing.
PTB-INFO: ==============================================================================================================================
[2019-03-10 16:26:12.623] PTB window opened.
[2019-03-10 16:26:12.752] Preparation slide displayed.
[2019-03-10 16:26:19.197] fMRI trigger recieved. 0 secs before recording, 2 secs before task.
                          time stamp 868338.1681227580, Flip delay: 0.0166646880.
[2019-03-10 16:30:39.180] 60 trials finished in 258s.
           icoh: 20
        session: 1
        lastcoh: 7
      recentcoh: 8.3000
    reversalcoh: 16

[2019-03-10 16:30:41.312] This session completes at 10-Mar-2019 16:30:41, 262.003s after session start, 258s on 60 trials, totally 280.755s, correctness is 61.667%.


corr_isc_conf: 0.2927

AUC: 0.6766
[2019-03-10 16:30:41.358] MetaTwins_RDMsc_training ends at 10-Mar-2019 16:30:41(737494.6879786806), totally 4min40.929s passed.



[2019-03-10 16:30:55.447] Calling `MetaTwins_RDMsc_training` for `libin` at 10-Mar-2019 16:30:55(737494.6881417129).
                          Running MetaTwins_RDMsc_training('libin', 2, [2019-03-10 16:30:55.466] Session 2 has 60 trials, requires 334s, 5.5s per trial.
[2019-03-10 16:30:56.463] Trying to open PTB window...
[easyPTB Info] Using 13.9 inch screen with PPI=158.0


PTB-INFO: This is Psychtoolbox-3 for Microsoft Windows, under Matlab 64-Bit (Version 3.0.14 - Build date: Jun  6 2017).
PTB-INFO: Support status on this operating system release: Windows version 10.0 supported and tested to some limited degree.
PTB-INFO: Type 'PsychtoolboxVersion' for more detailed version information.
PTB-INFO: Most parts of the Psychtoolbox distribution are licensed to you under terms of the MIT License, with
PTB-INFO: some restrictions. See file 'License.txt' in the Psychtoolbox root folder for the exact licensing conditions.

PTB-INFO: The detected endline of the vertical blank interval is equal or lower than the startline. This indicates
PTB-INFO: that i couldn't detect the duration of the vertical blank interval and won't be able to correct timestamps
PTB-INFO: for it. This will introduce a very small and constant offset (typically << 1 msec). Read 'help BeampositionQueries'
PTB-INFO: for how to correct this, should you really require that last few microseconds of precision.
PTB-INFO: Btw. this can also mean that your systems beamposition queries are slightly broken. It may help timing precision to
PTB-INFO: enable the beamposition workaround, as explained in 'help ConserveVRAMSettings', section 'kPsychUseBeampositionQueryWorkaround'.


PTB-INFO: OpenGL-Renderer is NVIDIA Corporation :: GeForce 940MX/PCIe/SSE2 :: 4.5.0 NVIDIA 385.54
PTB-INFO: VBL startline = 1080 , VBL Endline = 1080
PTB-INFO: Measured monitor refresh interval from beamposition = 16.656176 ms [60.037792 Hz].
PTB-INFO: Will use beamposition query for accurate Flip time stamping.
PTB-INFO: Measured monitor refresh interval from VBLsync = 16.657384 ms [60.033436 Hz]. (50 valid samples taken, stddev=0.160020 ms.)
PTB-INFO: Reported monitor refresh interval from operating system = 16.666667 ms [60.000000 Hz].
PTB-INFO: Small deviations between reported values are normal and no reason to worry.
PTB-INFO: Anti-Aliasing with 8 samples per pixel enabled.
PTB-INFO: ==============================================================================================================================
PTB-INFO: WINDOWS DWM DESKTOP COMPOSITOR IS ACTIVE. On this Windows-10 or later system, Psychtoolbox can no longer reliably detect if
PTB-INFO: this will cause trouble for timing and integrity of visual stimuli or not. You might be just fine, or you could be in trouble.
PTB-INFO: Use external measurement equipment and independent procedures to verify reliability of timing if you care about proper timing.
PTB-INFO: ==============================================================================================================================
[2019-03-10 16:30:59.490] PTB window opened.
[2019-03-10 16:30:59.618] Preparation slide displayed.
[2019-03-10 16:32:08.225] fMRI trigger recieved. 0 secs before recording, 2 secs before task.
                          time stamp 868687.1956002963, Flip delay: 0.0166174802.
[2019-03-10 16:36:17.208] 60 trials finished in 247s.
           icoh: 20
        session: 2
        lastcoh: 10
      recentcoh: 8.4000
    reversalcoh: 8.3000

[2019-03-10 16:36:19.625] This session completes at 10-Mar-2019 16:36:19, 251.003s after session start, 247s on 60 trials, totally 323.767s, correctness is 46.667%.


corr_isc_conf: 0.5364

AUC: 0.8052
[2019-03-10 16:36:19.670] MetaTwins_RDMsc_training ends at 10-Mar-2019 16:36:19(737494.6918943287), totally 5min24.226s passed.



[2019-03-10 16:44:05.586] Calling `MetaTwins_RDMsc_training` for `libin` at 10-Mar-2019 16:44:05(737494.6972868287).
                          Running MetaTwins_RDMsc_training('libin', 3, [2019-03-10 16:44:05.614] Session 3 has 60 trials, requires 334s, 5.5s per trial.
[2019-03-10 16:44:06.606] Trying to open PTB window...
[easyPTB Info] Using 13.9 inch screen with PPI=158.0


PTB-INFO: This is Psychtoolbox-3 for Microsoft Windows, under Matlab 64-Bit (Version 3.0.14 - Build date: Jun  6 2017).
PTB-INFO: Support status on this operating system release: Windows version 10.0 supported and tested to some limited degree.
PTB-INFO: Type 'PsychtoolboxVersion' for more detailed version information.
PTB-INFO: Most parts of the Psychtoolbox distribution are licensed to you under terms of the MIT License, with
PTB-INFO: some restrictions. See file 'License.txt' in the Psychtoolbox root folder for the exact licensing conditions.

PTB-INFO: The detected endline of the vertical blank interval is equal or lower than the startline. This indicates
PTB-INFO: that i couldn't detect the duration of the vertical blank interval and won't be able to correct timestamps
PTB-INFO: for it. This will introduce a very small and constant offset (typically << 1 msec). Read 'help BeampositionQueries'
PTB-INFO: for how to correct this, should you really require that last few microseconds of precision.
PTB-INFO: Btw. this can also mean that your systems beamposition queries are slightly broken. It may help timing precision to
PTB-INFO: enable the beamposition workaround, as explained in 'help ConserveVRAMSettings', section 'kPsychUseBeampositionQueryWorkaround'.


PTB-INFO: OpenGL-Renderer is NVIDIA Corporation :: GeForce 940MX/PCIe/SSE2 :: 4.5.0 NVIDIA 385.54
PTB-INFO: VBL startline = 1080 , VBL Endline = 1080
PTB-INFO: Measured monitor refresh interval from beamposition = 16.655661 ms [60.039646 Hz].
PTB-INFO: Will use beamposition query for accurate Flip time stamping.
PTB-INFO: Measured monitor refresh interval from VBLsync = 16.652802 ms [60.049954 Hz]. (50 valid samples taken, stddev=0.140358 ms.)
PTB-INFO: Reported monitor refresh interval from operating system = 16.666667 ms [60.000000 Hz].
PTB-INFO: Small deviations between reported values are normal and no reason to worry.
PTB-INFO: Anti-Aliasing with 8 samples per pixel enabled.
PTB-INFO: ==============================================================================================================================
PTB-INFO: WINDOWS DWM DESKTOP COMPOSITOR IS ACTIVE. On this Windows-10 or later system, Psychtoolbox can no longer reliably detect if
PTB-INFO: this will cause trouble for timing and integrity of visual stimuli or not. You might be just fine, or you could be in trouble.
PTB-INFO: Use external measurement equipment and independent procedures to verify reliability of timing if you care about proper timing.
PTB-INFO: ==============================================================================================================================
[2019-03-10 16:44:09.753] PTB window opened.
[2019-03-10 16:44:09.882] Preparation slide displayed.
[2019-03-10 16:44:16.477] fMRI trigger recieved. 0 secs before recording, 2 secs before task.
                          time stamp 869415.4484455800, Flip delay: 0.0166647237.
[2019-03-10 16:48:13.461] 60 trials finished in 235s.
           icoh: 20
        session: 3
        lastcoh: 11
      recentcoh: 11.8000
    reversalcoh: 11.8333

[2019-03-10 16:48:15.598] This session completes at 10-Mar-2019 16:48:15, 239.004s after session start, 235s on 60 trials, totally 249.882s, correctness is 48.333%.


corr_isc_conf: 0.0731

AUC: 0.5395
[2019-03-10 16:48:15.651] MetaTwins_RDMsc_training ends at 10-Mar-2019 16:48:15(737494.7001811343), totally 4min10.068s passed.



