%% MetaTwinsDoubleBlind_behave_Conf for '_guess': starting at xutongfei (       50.0000000000).6-Jan-2019 12:55:067.374515e+05 for '
record = [
%  n dir coh resp isc conf conforig    osti      rtime     oconf     ctime     oisi       iti   total
   1  3   9    3   1    7      5      2.498842 1.816822   4.831129 0.511427   5.464171 2.534892   6  
   2  1   9    1   1    7      5      8.496131 1.483315  10.495220 0.522670  11.128259 2.868065   6  
   3  2   9    4   0    7      5     14.493406 1.483079  16.492493 0.382962  16.992277 3.001282   6  
   4  4   9    3   0    7      7     20.490693 2.016180  23.022871 1.773265  24.905361 1.085478   6  
   5  3   9    4   0    7      7     26.487973 1.316414  28.320460 0.289464  28.720288 3.267801   6  
   6  2   9    4   0    7      6     32.501907 1.682967  34.700902 0.358124  35.167368 2.834624   6  
   7  1   9    1   1    7      7     38.499179 1.083170  40.098451 0.375723  40.581568 3.417680   6  
   8  1   9    4   0    7      7     44.513116 1.716177  46.745441 0.293286  47.145264 2.868086   6  
   9  4   9    1   0    7      5     50.510395 1.566108  52.592784 1.035121  53.742274 2.268368   6  
  10  2   9    4   0    6      5     56.507682 1.632973  58.656691 0.713084  59.489665 2.518236   6  
  11  2   9    4   0    7      5     62.504961 1.466147  64.487373 0.420876  65.020489 2.984697   6  
  12  3   9    4   0    7      5     68.502232 1.399626  70.418035 0.168783  70.701250 3.301203   6  
  13  1   9    4   0    7      5     74.499522 1.649663  76.665169 0.806858  77.581450 2.418290   6  
  14  2   9    4   0    7      5     80.496790 1.749432  82.762435 1.088137  83.961902 2.035119   6  
  15  2   9    4   0    7      5     86.510728 1.816387  88.843018 0.796125  89.759261 2.251695   6  
  16  4   9    4   1    7      5     92.508002 1.982706  95.006875 0.398485  95.523304 2.484953   6  
  17  1   9    1   1    7      5     98.505301 1.283003 100.304478 0.632855 101.054130 2.951393   6  
  18  4   9    3   0    7      5    104.502576 1.466213 106.485005 0.742638 107.334617 2.668191   6  
  19  3   9    3   1    7      6    110.499847 1.616064 112.632202 0.362003 113.115330 2.884730   6  
  20  3   9    1   0    7      6    116.497134 1.899484 118.912694 0.847081 119.878927 2.118381   6  
  21  2   9    4   0    7      5    122.494402 2.265965 125.276465 0.448490 125.842896 2.151665   6  
  22  4   9    4   1    7      5    128.491683 1.982685 130.990556 1.516437 132.623148 1.368670   6  
  23  2   9   -1   0    8      3    134.488966 0.000000 137.004511 1.692964 138.803683 1.185387   6  
  24  3   9    3   1   -1      7    140.486253 1.782756 142.785201 0.000000 144.784238 1.202083   6  
  25  1   9    2   0    2      7    146.516826 1.816054 148.849118 0.358866 149.315572 2.701496   6  
  26  1   9    2   0    7      7    152.514128 1.916154 154.946359 0.209228 155.262881 2.751466   6  
  27  4   9    1   0    2      7    158.511412 2.032634 161.060256 0.476046 161.643322 2.368319   6  
  28  3   9    1   0    7      7    164.508668 2.182859 167.207446 0.095427 167.424025 2.584895   6  
  29  1   9    2   0    3      7    170.505969 1.932658 172.954858 1.377012 174.437518 1.568661   6  
  30  4   9   -1   0    1     -1    176.503235 2.499244 179.018802 0.982237 180.118279 1.885193   6  
  31  2   9    2   1    2      7    182.500520 1.449800 184.466299 0.000838 184.582902 3.417848   6  
  32  1   9    3   0    7      8    188.497805 1.732921 190.746778 0.339183 191.196589 2.801433   6  
  33  2   9    3   0    2      6    194.495077 0.000000 197.527041 0.303819 197.943514 2.051799   6  
  34  2   9    2   1    7      8    200.509020 1.299724 202.324854 0.751336 203.191135 2.818108   6  
  35  3   9    2   0    7      5    206.506306 2.149297 209.171753 0.271134 209.554905 2.451626   6  
  36  1   9    3   0    7      7    212.503575 1.899548 214.919140 1.303499 216.335179 1.668607   6  
  37  1   9    3   0    7      4    218.500852 1.732825 220.749839 0.929414 221.799374 2.201674   6  
  38  2   9    4   0    3      2    224.498142 2.065942 227.080300 1.126770 228.313064 1.685239   6  
  39  1   9    2   0    7      1    230.495413 1.599610 232.611112 1.358636 234.077124 1.918438   6  
  40  2   9    3   0    7      1    236.492702 1.932834 238.941583 0.835593 239.891152 2.101652   6  
  41  3   9    4   0    7      5    242.489968 1.766040 244.772281 0.816178 245.705185 2.284868   6  
  42  4   9    3   0    7      6    248.487260 1.566097 250.569647 1.482375 252.168913 1.818393   6  
  43  1   9    3   0   -1      7    254.501195 1.782725 256.800152 0.000000 258.799177 1.202240   6  
  44  3   9    3   1   -1      7    260.515124 1.866171 262.897388 0.000000 264.896432 1.118934   6  
  45  2   9    3   0    2      1    266.512388 2.082742 269.111230 0.470052 269.694298 2.318334   6  
  46  4   9    1   0    7      7    272.509692 1.899350 274.925265 1.071205 276.108065 1.901868   6  
  47  3   9    3   1    7      6    278.506959 1.932653 280.955852 0.364336 281.438976 2.568221   6  
  48  4   9    2   0    7      7    284.504233 1.282960 286.303438 0.689127 287.103065 2.901412   6  
  49  1   9   -1   0    2      4    290.501521 0.000000 293.017065 0.450290 293.583456 2.418298   6  
  50  1   9    1   1    7     -1    296.498808 1.432997 298.447928 0.916985 299.480784 2.518254   6  
  51  1   9    3   0    2      1    302.496079 2.232695 305.244830 0.332318 305.694638 2.301686   6  
  52  1   9    2   0    7      1    308.493348 1.616269 310.625729 0.386317 311.125501 2.868096   6  
  53  2   9    2   1   -1      1    314.507297 1.949476 316.972842 0.000000 318.971900 1.035631   6  
  54  1   9    3   0   -1      7    320.504586 1.899680 322.920144 0.000000 324.919191 1.085591   6  
  55  4   9    4   1    7      6    326.501861 1.899476 328.917419 0.742958 329.767054 2.234973   6  
  56  4   9    3   0    2      8    332.499142 2.416080 335.431140 0.198040 335.747670 2.251620   6  
  57  3   9    2   0    7      7    338.496416 1.616350 340.628792 0.590443 341.328470 2.668069   6  
  58  1   9    2   0    2      7    344.493704 2.132783 347.142484 0.288682 347.542313 2.451498   6  
  59  4   9    2   0    7      1    350.490967 1.849377 352.856568 0.815912 353.789482 2.201570   6  
  60  1   9    2   0    7      1    356.504908 1.683112 358.703921 0.534723 359.353628 2.651513   6  
  61  3   9    2   0    7      1    362.502196 1.549468 364.567927 0.412803 365.101015 2.901396   6  
  62  1   9    2   0    7      1    368.499480 1.782814 370.798429 0.589928 371.498118 2.501581   6  
  63  1   9   -1   0    1     -1    374.513419 2.498985 377.028950 0.966019 378.111764 1.901867   6  
  64  2   9    3   0    7     -1    380.510685 1.749558 382.776328 0.817751 383.709249 2.301677   6  
  65  2   9    2   1    2      3    386.507973 2.099390 389.123458 0.443479 389.673205 2.335000   6  
  66  4   9    1   0    2      7    392.505252 1.999371 395.020767 0.663031 395.803760 2.201715   6  
  67  4   9    1   0    2      4    398.502529 0.000000 401.517818 0.403366 402.034266 1.968503   6  
  68  4   9    2   0    2      7    404.499806 2.266055 407.281876 0.740133 408.131480 1.868553   6  
  69  2   9    3   0    2      7    410.497081 2.315941 413.329143 1.776141 415.211624 0.785686   6  
  70  4   9    4   1    2      5    416.494375 2.015999 419.026560 0.477561 419.609626 2.384977   6  
  71  1   9    4   0    7      1    422.491649 1.949369 424.957193 0.752588 425.823469 2.168395   6  
  72  3   9    2   0    7      5    428.505577 1.466373 430.488019 0.505376 431.104406 2.901368   6  
  73  3   9    3   1    2      4    434.502864 1.932852 436.951756 0.177499 437.234949 2.768066   6  
  74  3   9    2   0    2      1    440.500147 2.116075 443.132285 0.602597 443.848632 2.151647   6  
  75  4   9    3   0    7      7    446.497413 1.666198 448.679768 1.118560 449.912537 2.084993   6  
  76  4   9    4   1    7      6    452.494698 1.632936 454.643730 0.560778 455.310090 2.684703   6  
  77  2   9    2   1    7      6    458.508648 1.432941 460.457757 1.413885 461.990395 2.018467   6  
  78  4   9    3   0    2      6    464.505917 2.299300 467.321302 0.475668 467.904379 2.101760   6  
  79  3   9    3   1    7      8    470.503205 1.516261 472.535612 0.136659 472.785485 3.217944   6  
  80  3   9    3   1    7      7    476.500463 1.999320 479.016009 0.159615 479.282548 2.718165   6  
  81  2   9    2   1    6      6    482.514423 1.799490 484.830034 0.584541 485.529709 2.484930   6  
  82  4   9    2   0    3      4    488.511693 2.465759 491.493672 0.345664 491.960122 2.051801   6  
  83  2   9    2   1    7      1    494.508972 1.832963 496.857918 0.486215 497.457647 2.551568   6  
  84  4   9    1   0    7      4    500.506255 1.682737 502.705250 0.877006 503.688141 2.318343   6  
  85  2   9    2   1    8      1    506.503538 1.799508 508.819169 0.398748 509.335593 2.668170   6  
  86  3   9    1   0    8      8    512.500793 0.933022 513.950163 1.017311 515.082972 2.918075   6  
  87  3   9    3   1    2      3    518.498088 2.216051 521.230186 0.263388 521.613353 2.384969   6  
  88  3   9    1   0    7      7    524.495379 1.416335 526.427823 0.864366 527.410716 2.584880   6  
  89  2   9    2   1    7      7    530.492657 1.549611 532.558381 0.267913 532.941542 3.051323   6  
  90  3   9    4   0    2      8    536.489927 1.932714 538.938829 0.928274 539.971679 2.018418   6  
]; % This session completes at 26-Jan-2019 13:04:39, 544.005s after session start, 540s on 90 trials, totally 573.006s.

