[2019-01-12 12:44:09.804] Calling `MetaTwins_RDMsc_training` for `guanfaxian` at 12-Jan-2019 12:44:09(737437.5306689583).
[2019-01-12 12:44:36.069] Initial coherence is 70 .
                          Running MetaTwins_RDMsc_training('guanfaxian', 1, [2019-01-12 12:44:36.093] Session 1 has 60 trials, requires 454s, 7.5s per trial.
[2019-01-12 12:44:37.087] Trying to open PTB window...
[easyPTB Info] Using 13.9 inch screen with PPI=158.0


PTB-INFO: This is Psychtoolbox-3 for Microsoft Windows, under Matlab 64-Bit (Version 3.0.14 - Build date: Jun  6 2017).
PTB-INFO: Support status on this operating system release: Windows version 10.0 supported and tested to some limited degree.
PTB-INFO: Type 'PsychtoolboxVersion' for more detailed version information.
PTB-INFO: Most parts of the Psychtoolbox distribution are licensed to you under terms of the MIT License, with
PTB-INFO: some restrictions. See file 'License.txt' in the Psychtoolbox root folder for the exact licensing conditions.

PTB-INFO: The detected endline of the vertical blank interval is equal or lower than the startline. This indicates
PTB-INFO: that i couldn't detect the duration of the vertical blank interval and won't be able to correct timestamps
PTB-INFO: for it. This will introduce a very small and constant offset (typically << 1 msec). Read 'help BeampositionQueries'
PTB-INFO: for how to correct this, should you really require that last few microseconds of precision.
PTB-INFO: Btw. this can also mean that your systems beamposition queries are slightly broken. It may help timing precision to
PTB-INFO: enable the beamposition workaround, as explained in 'help ConserveVRAMSettings', section 'kPsychUseBeampositionQueryWorkaround'.


PTB-INFO: OpenGL-Renderer is NVIDIA Corporation :: GeForce 940MX/PCIe/SSE2 :: 4.5.0 NVIDIA 385.54
PTB-INFO: VBL startline = 1080 , VBL Endline = 1080
PTB-INFO: Measured monitor refresh interval from beamposition = 16.655786 ms [60.039197 Hz].
PTB-INFO: Will use beamposition query for accurate Flip time stamping.
PTB-INFO: Measured monitor refresh interval from VBLsync = 16.653498 ms [60.047445 Hz]. (50 valid samples taken, stddev=0.146190 ms.)
PTB-INFO: Reported monitor refresh interval from operating system = 16.666667 ms [60.000000 Hz].
PTB-INFO: Small deviations between reported values are normal and no reason to worry.
PTB-INFO: Anti-Aliasing with 8 samples per pixel enabled.
PTB-INFO: ==============================================================================================================================
PTB-INFO: WINDOWS DWM DESKTOP COMPOSITOR IS ACTIVE. On this Windows-10 or later system, Psychtoolbox can no longer reliably detect if
PTB-INFO: this will cause trouble for timing and integrity of visual stimuli or not. You might be just fine, or you could be in trouble.
PTB-INFO: Use external measurement equipment and independent procedures to verify reliability of timing if you care about proper timing.
PTB-INFO: ==============================================================================================================================
[2019-01-12 12:44:39.881] PTB window opened.
[2019-01-12 12:44:40.009] Preparation slide displayed.
[2019-01-12 12:44:45.289] fMRI trigger recieved. 0 secs before recording, 2 secs before task.
                          time stamp 1050846.6140406090, Flip delay: 0.0166893937.
[2019-01-12 12:50:29.272] 60 trials finished in 342s.
         icoh: 70
      session: 1
      lastcoh: 14
    recentcoh: 14.3000

[2019-01-12 12:50:31.594] This session completes at 12-Jan-2019 12:50:31, 346.008s after session start, 342s on 60 trials, totally 381.481s, correctness is 70.000%.


corr_isc_conf: -0.0876

AUC: 0.4748
[2019-01-12 12:50:31.640] MetaTwins_RDMsc_training ends at 12-Jan-2019 12:50:31(737437.5350884143), totally 6min21.841s passed.



[2019-01-12 12:50:43.173] Calling `MetaTwins_RDMsc_training` for `guanfaxian` at 12-Jan-2019 12:50:43(737437.5352218866).
                          Running MetaTwins_RDMsc_training('guanfaxian', 2, [2019-01-12 12:50:43.188] Session 2 has 60 trials, requires 454s, 7.5s per trial.
[2019-01-12 12:50:44.204] Trying to open PTB window...
[easyPTB Info] Using 13.9 inch screen with PPI=158.0


PTB-INFO: This is Psychtoolbox-3 for Microsoft Windows, under Matlab 64-Bit (Version 3.0.14 - Build date: Jun  6 2017).
PTB-INFO: Support status on this operating system release: Windows version 10.0 supported and tested to some limited degree.
PTB-INFO: Type 'PsychtoolboxVersion' for more detailed version information.
PTB-INFO: Most parts of the Psychtoolbox distribution are licensed to you under terms of the MIT License, with
PTB-INFO: some restrictions. See file 'License.txt' in the Psychtoolbox root folder for the exact licensing conditions.

PTB-INFO: The detected endline of the vertical blank interval is equal or lower than the startline. This indicates
PTB-INFO: that i couldn't detect the duration of the vertical blank interval and won't be able to correct timestamps
PTB-INFO: for it. This will introduce a very small and constant offset (typically << 1 msec). Read 'help BeampositionQueries'
PTB-INFO: for how to correct this, should you really require that last few microseconds of precision.
PTB-INFO: Btw. this can also mean that your systems beamposition queries are slightly broken. It may help timing precision to
PTB-INFO: enable the beamposition workaround, as explained in 'help ConserveVRAMSettings', section 'kPsychUseBeampositionQueryWorkaround'.


PTB-INFO: OpenGL-Renderer is NVIDIA Corporation :: GeForce 940MX/PCIe/SSE2 :: 4.5.0 NVIDIA 385.54
PTB-INFO: VBL startline = 1080 , VBL Endline = 1080
PTB-INFO: Measured monitor refresh interval from beamposition = 16.655759 ms [60.039293 Hz].
PTB-INFO: Will use beamposition query for accurate Flip time stamping.
PTB-INFO: Measured monitor refresh interval from VBLsync = 16.658524 ms [60.029328 Hz]. (50 valid samples taken, stddev=0.148053 ms.)
PTB-INFO: Reported monitor refresh interval from operating system = 16.666667 ms [60.000000 Hz].
PTB-INFO: Small deviations between reported values are normal and no reason to worry.
PTB-INFO: Anti-Aliasing with 8 samples per pixel enabled.
PTB-INFO: ==============================================================================================================================
PTB-INFO: WINDOWS DWM DESKTOP COMPOSITOR IS ACTIVE. On this Windows-10 or later system, Psychtoolbox can no longer reliably detect if
PTB-INFO: this will cause trouble for timing and integrity of visual stimuli or not. You might be just fine, or you could be in trouble.
PTB-INFO: Use external measurement equipment and independent procedures to verify reliability of timing if you care about proper timing.
PTB-INFO: ==============================================================================================================================
[2019-01-12 12:50:47.230] PTB window opened.
[2019-01-12 12:50:47.358] Preparation slide displayed.
[2019-01-12 12:51:06.696] fMRI trigger recieved. 0 secs before recording, 2 secs before task.
                          time stamp 1051228.0209010406, Flip delay: 0.0171682856.
[2019-01-12 12:56:47.679] 60 trials finished in 339s.
         icoh: 70
      session: 2
      lastcoh: 12
    recentcoh: 11.8000

[2019-01-12 12:56:50.108] This session completes at 12-Jan-2019 12:56:49, 343.003s after session start, 339s on 60 trials, totally 366.511s, correctness is 46.667%.


corr_isc_conf: 0.1425

AUC: 0.5192
[2019-01-12 12:56:50.153] MetaTwins_RDMsc_training ends at 12-Jan-2019 12:56:50(737437.5394693519), totally 6min6.981s passed.



[2019-01-12 15:47:07.455] Calling `MetaTwins_RDMsc_training` for `guanfaxian` at 12-Jan-2019 15:47:07(737437.6577251158).
                          Running MetaTwins_RDMsc_training('guanfaxian', 3, [2019-01-12 15:47:07.476] Session 3 has 60 trials, requires 454s, 7.5s per trial.
[2019-01-12 15:47:08.461] Trying to open PTB window...
[easyPTB Info] Using 13.9 inch screen with PPI=158.0


PTB-INFO: This is Psychtoolbox-3 for Microsoft Windows, under Matlab 64-Bit (Version 3.0.14 - Build date: Jun  6 2017).
PTB-INFO: Support status on this operating system release: Windows version 10.0 supported and tested to some limited degree.
PTB-INFO: Type 'PsychtoolboxVersion' for more detailed version information.
PTB-INFO: Most parts of the Psychtoolbox distribution are licensed to you under terms of the MIT License, with
PTB-INFO: some restrictions. See file 'License.txt' in the Psychtoolbox root folder for the exact licensing conditions.

PTB-INFO: The detected endline of the vertical blank interval is equal or lower than the startline. This indicates
PTB-INFO: that i couldn't detect the duration of the vertical blank interval and won't be able to correct timestamps
PTB-INFO: for it. This will introduce a very small and constant offset (typically << 1 msec). Read 'help BeampositionQueries'
PTB-INFO: for how to correct this, should you really require that last few microseconds of precision.
PTB-INFO: Btw. this can also mean that your systems beamposition queries are slightly broken. It may help timing precision to
PTB-INFO: enable the beamposition workaround, as explained in 'help ConserveVRAMSettings', section 'kPsychUseBeampositionQueryWorkaround'.


PTB-INFO: OpenGL-Renderer is NVIDIA Corporation :: GeForce 940MX/PCIe/SSE2 :: 4.5.0 NVIDIA 385.54
PTB-INFO: VBL startline = 1080 , VBL Endline = 1080
PTB-INFO: Measured monitor refresh interval from beamposition = 16.655814 ms [60.039094 Hz].
PTB-INFO: Will use beamposition query for accurate Flip time stamping.
PTB-INFO: Measured monitor refresh interval from VBLsync = 16.658838 ms [60.028196 Hz]. (50 valid samples taken, stddev=0.141086 ms.)
PTB-INFO: Reported monitor refresh interval from operating system = 16.666667 ms [60.000000 Hz].
PTB-INFO: Small deviations between reported values are normal and no reason to worry.
PTB-INFO: Anti-Aliasing with 8 samples per pixel enabled.
PTB-INFO: ==============================================================================================================================
PTB-INFO: WINDOWS DWM DESKTOP COMPOSITOR IS ACTIVE. On this Windows-10 or later system, Psychtoolbox can no longer reliably detect if
PTB-INFO: this will cause trouble for timing and integrity of visual stimuli or not. You might be just fine, or you could be in trouble.
PTB-INFO: Use external measurement equipment and independent procedures to verify reliability of timing if you care about proper timing.
PTB-INFO: ==============================================================================================================================
[2019-01-12 15:47:11.492] PTB window opened.
[2019-01-12 15:47:11.618] Preparation slide displayed.
[2019-01-12 15:47:12.702] fMRI trigger recieved. 0 secs before recording, 2 secs before task.
                          time stamp 1061794.0264818775, Flip delay: 0.0166547752.
[2019-01-12 15:53:23.685] 60 trials finished in 369s.
         icoh: 70
      session: 3
      lastcoh: 10
    recentcoh: 9.9000

[2019-01-12 15:53:27.401] This session completes at 12-Jan-2019 15:53:25, 373.004s after session start, 369s on 60 trials, totally 378.239s, correctness is 43.333%.


corr_isc_conf: 0.1075

AUC: 0.5585
[2019-01-12 15:53:27.966] MetaTwins_RDMsc_training ends at 12-Jan-2019 15:53:27(737437.6621292130), totally 6min20.514s passed.



[2019-01-12 15:54:00.632] Calling `MetaTwins_RDMsc_training` for `guanfaxian` at 12-Jan-2019 15:54:00(737437.6625072570).
[2019-01-12 15:54:06.254] Initial coherence is 20 .
                          Running MetaTwins_RDMsc_training('guanfaxian', 1, [2019-01-12 15:54:06.290] Session 1 has 60 trials, requires 334s, 5.5s per trial.
[2019-01-12 15:54:07.289] Trying to open PTB window...
[easyPTB Info] Using 13.9 inch screen with PPI=158.0


PTB-INFO: This is Psychtoolbox-3 for Microsoft Windows, under Matlab 64-Bit (Version 3.0.14 - Build date: Jun  6 2017).
PTB-INFO: Support status on this operating system release: Windows version 10.0 supported and tested to some limited degree.
PTB-INFO: Type 'PsychtoolboxVersion' for more detailed version information.
PTB-INFO: Most parts of the Psychtoolbox distribution are licensed to you under terms of the MIT License, with
PTB-INFO: some restrictions. See file 'License.txt' in the Psychtoolbox root folder for the exact licensing conditions.

PTB-INFO: The detected endline of the vertical blank interval is equal or lower than the startline. This indicates
PTB-INFO: that i couldn't detect the duration of the vertical blank interval and won't be able to correct timestamps
PTB-INFO: for it. This will introduce a very small and constant offset (typically << 1 msec). Read 'help BeampositionQueries'
PTB-INFO: for how to correct this, should you really require that last few microseconds of precision.
PTB-INFO: Btw. this can also mean that your systems beamposition queries are slightly broken. It may help timing precision to
PTB-INFO: enable the beamposition workaround, as explained in 'help ConserveVRAMSettings', section 'kPsychUseBeampositionQueryWorkaround'.


PTB-INFO: OpenGL-Renderer is NVIDIA Corporation :: GeForce 940MX/PCIe/SSE2 :: 4.5.0 NVIDIA 385.54
PTB-INFO: VBL startline = 1080 , VBL Endline = 1080
PTB-INFO: Measured monitor refresh interval from beamposition = 16.656061 ms [60.038204 Hz].
PTB-INFO: Will use beamposition query for accurate Flip time stamping.
PTB-INFO: Measured monitor refresh interval from VBLsync = 16.657182 ms [60.034164 Hz]. (50 valid samples taken, stddev=0.143175 ms.)
PTB-INFO: Reported monitor refresh interval from operating system = 16.666667 ms [60.000000 Hz].
PTB-INFO: Small deviations between reported values are normal and no reason to worry.
PTB-INFO: Anti-Aliasing with 8 samples per pixel enabled.
PTB-INFO: ==============================================================================================================================
PTB-INFO: WINDOWS DWM DESKTOP COMPOSITOR IS ACTIVE. On this Windows-10 or later system, Psychtoolbox can no longer reliably detect if
PTB-INFO: this will cause trouble for timing and integrity of visual stimuli or not. You might be just fine, or you could be in trouble.
PTB-INFO: Use external measurement equipment and independent procedures to verify reliability of timing if you care about proper timing.
PTB-INFO: ==============================================================================================================================
[2019-01-12 15:54:10.008] PTB window opened.
[2019-01-12 15:54:10.136] Preparation slide displayed.
[2019-01-12 15:54:11.518] fMRI trigger recieved. 0 secs before recording, 2 secs before task.
                          time stamp 1062212.8431973981, Flip delay: 0.0167964655.
[2019-01-12 15:58:24.502] 60 trials finished in 251s.
         icoh: 20
      session: 1
      lastcoh: 16
    recentcoh: 14.6000

[2019-01-12 15:58:26.972] This session completes at 12-Jan-2019 15:58:26, 255.005s after session start, 251s on 60 trials, totally 265.879s, correctness is 43.333%.


corr_isc_conf: 0.3015

AUC: 0.6215
[2019-01-12 15:58:27.024] MetaTwins_RDMsc_training ends at 12-Jan-2019 15:58:27(737437.6655905440), totally 4min26.396s passed.



