[2019-04-16 16:33:35.832] Calling `MetaTwins_RDMsc_training` for `hehai` at 16-Apr-2019 16:33:35(737531.6899979051).
[2019-04-16 16:33:43.217] Initial coherence is 90 .
                          Running MetaTwins_RDMsc_training('hehai', 1, [2019-04-16 16:33:43.276] Session 1 has 60 trials, requires 454s, 7.5s per trial.
[2019-04-16 16:33:44.271] Trying to open PTB window...
[easyPTB Info] Using 14.0 inch screen with PPI=157.8


PTB-INFO: This is Psychtoolbox-3 for Microsoft Windows, under Matlab 64-Bit (Version 3.0.14 - Build date: Oct  3 2017).
PTB-INFO: Support status on this operating system release: Windows version 10.0 supported and tested to some limited degree.
PTB-INFO: Type 'PsychtoolboxVersion' for more detailed version information.
PTB-INFO: Most parts of the Psychtoolbox distribution are licensed to you under terms of the MIT License, with
PTB-INFO: some restrictions. See file 'License.txt' in the Psychtoolbox root folder for the exact licensing conditions.

PTB-INFO: The detected endline of the vertical blank interval is equal or lower than the startline. This indicates
PTB-INFO: that i couldn't detect the duration of the vertical blank interval and won't be able to correct timestamps
PTB-INFO: for it. This will introduce a very small and constant offset (typically << 1 msec). Read 'help BeampositionQueries'
PTB-INFO: for how to correct this, should you really require that last few microseconds of precision.
PTB-INFO: Btw. this can also mean that your systems beamposition queries are slightly broken. It may help timing precision to
PTB-INFO: enable the beamposition workaround, as explained in 'help ConserveVRAMSettings', section 'kPsychUseBeampositionQueryWorkaround'.


PTB-INFO: OpenGL-Renderer is NVIDIA Corporation :: GeForce 940MX/PCIe/SSE2 :: 4.6.0 NVIDIA 391.25
PTB-INFO: VBL startline = 1080 , VBL Endline = 1080
PTB-INFO: Measured monitor refresh interval from beamposition = 16.658839 ms [60.028194 Hz].
PTB-INFO: Will use beamposition query for accurate Flip time stamping.
PTB-INFO: Measured monitor refresh interval from VBLsync = 16.660470 ms [60.022316 Hz]. (50 valid samples taken, stddev=0.153449 ms.)
PTB-INFO: Reported monitor refresh interval from operating system = 16.666667 ms [60.000000 Hz].
PTB-INFO: Small deviations between reported values are normal and no reason to worry.
PTB-INFO: Anti-Aliasing with 8 samples per pixel enabled.
PTB-INFO: ==============================================================================================================================
PTB-INFO: WINDOWS DWM DESKTOP COMPOSITOR IS ACTIVE. On this Windows-10 or later system, Psychtoolbox can no longer reliably detect if
PTB-INFO: this will cause trouble for timing and integrity of visual stimuli or not. You might be just fine, or you could be in trouble.
PTB-INFO: Use external measurement equipment and independent procedures to verify reliability of timing if you care about proper timing.
PTB-INFO: ==============================================================================================================================
[2019-04-16 16:33:47.199] PTB window opened.
[2019-04-16 16:33:47.430] Preparation slide displayed.
[2019-04-16 16:34:07.568] fMRI trigger recieved. 0 secs before recording, 2 secs before task.
                          time stamp 364878.5791567029, Flip delay: 0.0169635327.
[2019-04-16 16:35:52.843] 17 trials finished in 102s.
[2019-04-16 16:35:53.033] MetaTwins_RDMsc_training ends at 16-Apr-2019 16:35:53(737531.6915860301), totally 2min17.214s passed.



[2019-04-16 16:35:58.373] Calling `MetaTwins_RDMsc_training` for `hehai` at 16-Apr-2019 16:35:58(737531.6916478010).
[2019-04-16 16:36:01.360] Initial coherence is 50 .
                          Running MetaTwins_RDMsc_training('hehai', 1, [2019-04-16 16:36:01.391] Session 1 has 60 trials, requires 454s, 7.5s per trial.
[2019-04-16 16:36:02.380] Trying to open PTB window...
[easyPTB Info] Using 14.0 inch screen with PPI=157.8


PTB-INFO: This is Psychtoolbox-3 for Microsoft Windows, under Matlab 64-Bit (Version 3.0.14 - Build date: Oct  3 2017).
PTB-INFO: Support status on this operating system release: Windows version 10.0 supported and tested to some limited degree.
PTB-INFO: Type 'PsychtoolboxVersion' for more detailed version information.
PTB-INFO: Most parts of the Psychtoolbox distribution are licensed to you under terms of the MIT License, with
PTB-INFO: some restrictions. See file 'License.txt' in the Psychtoolbox root folder for the exact licensing conditions.

PTB-INFO: The detected endline of the vertical blank interval is equal or lower than the startline. This indicates
PTB-INFO: that i couldn't detect the duration of the vertical blank interval and won't be able to correct timestamps
PTB-INFO: for it. This will introduce a very small and constant offset (typically << 1 msec). Read 'help BeampositionQueries'
PTB-INFO: for how to correct this, should you really require that last few microseconds of precision.
PTB-INFO: Btw. this can also mean that your systems beamposition queries are slightly broken. It may help timing precision to
PTB-INFO: enable the beamposition workaround, as explained in 'help ConserveVRAMSettings', section 'kPsychUseBeampositionQueryWorkaround'.


PTB-INFO: OpenGL-Renderer is NVIDIA Corporation :: GeForce 940MX/PCIe/SSE2 :: 4.6.0 NVIDIA 391.25
PTB-INFO: VBL startline = 1080 , VBL Endline = 1080
PTB-INFO: Measured monitor refresh interval from beamposition = 16.658796 ms [60.028348 Hz].
PTB-INFO: Will use beamposition query for accurate Flip time stamping.
PTB-INFO: Measured monitor refresh interval from VBLsync = 16.661962 ms [60.016942 Hz]. (50 valid samples taken, stddev=0.159207 ms.)
PTB-INFO: Reported monitor refresh interval from operating system = 16.666667 ms [60.000000 Hz].
PTB-INFO: Small deviations between reported values are normal and no reason to worry.
PTB-INFO: Anti-Aliasing with 8 samples per pixel enabled.
PTB-INFO: ==============================================================================================================================
PTB-INFO: WINDOWS DWM DESKTOP COMPOSITOR IS ACTIVE. On this Windows-10 or later system, Psychtoolbox can no longer reliably detect if
PTB-INFO: this will cause trouble for timing and integrity of visual stimuli or not. You might be just fine, or you could be in trouble.
PTB-INFO: Use external measurement equipment and independent procedures to verify reliability of timing if you care about proper timing.
PTB-INFO: ==============================================================================================================================
[2019-04-16 16:36:05.117] PTB window opened.
[2019-04-16 16:36:05.247] Preparation slide displayed.
[2019-04-16 16:36:08.296] fMRI trigger recieved. 0 secs before recording, 2 secs before task.
                          time stamp 364999.3079733960, Flip delay: 0.0167367608.
[2019-04-16 16:42:07.279] 60 trials finished in 357s.
         icoh: 50
      session: 1
      lastcoh: 11
    recentcoh: 10.4000

[2019-04-16 16:42:12.772] This session completes at 16-Apr-2019 16:42:09, 361.033s after session start, 357s on 60 trials, totally 370.942s, correctness is 71.667%.


corr_isc_conf: 0.6035

AUC: 0.8224
[2019-04-16 16:42:13.333] MetaTwins_RDMsc_training ends at 16-Apr-2019 16:42:13(737531.6959876504), totally 6min14.963s passed.



[2019-04-16 16:44:12.454] Calling `MetaTwins_RDMsc_training` for `hehai` at 16-Apr-2019 16:44:12(737531.6973663310).
                          Running MetaTwins_RDMsc_training('hehai', 2, [2019-04-16 16:44:12.486] Session 2 has 60 trials, requires 454s, 7.5s per trial.
[2019-04-16 16:44:13.473] Trying to open PTB window...
[easyPTB Info] Using 14.0 inch screen with PPI=157.8


PTB-INFO: This is Psychtoolbox-3 for Microsoft Windows, under Matlab 64-Bit (Version 3.0.14 - Build date: Oct  3 2017).
PTB-INFO: Support status on this operating system release: Windows version 10.0 supported and tested to some limited degree.
PTB-INFO: Type 'PsychtoolboxVersion' for more detailed version information.
PTB-INFO: Most parts of the Psychtoolbox distribution are licensed to you under terms of the MIT License, with
PTB-INFO: some restrictions. See file 'License.txt' in the Psychtoolbox root folder for the exact licensing conditions.

PTB-INFO: The detected endline of the vertical blank interval is equal or lower than the startline. This indicates
PTB-INFO: that i couldn't detect the duration of the vertical blank interval and won't be able to correct timestamps
PTB-INFO: for it. This will introduce a very small and constant offset (typically << 1 msec). Read 'help BeampositionQueries'
PTB-INFO: for how to correct this, should you really require that last few microseconds of precision.
PTB-INFO: Btw. this can also mean that your systems beamposition queries are slightly broken. It may help timing precision to
PTB-INFO: enable the beamposition workaround, as explained in 'help ConserveVRAMSettings', section 'kPsychUseBeampositionQueryWorkaround'.


PTB-INFO: OpenGL-Renderer is NVIDIA Corporation :: GeForce 940MX/PCIe/SSE2 :: 4.6.0 NVIDIA 391.25
PTB-INFO: VBL startline = 1080 , VBL Endline = 1080
PTB-INFO: Measured monitor refresh interval from beamposition = 16.655871 ms [60.038888 Hz].
PTB-INFO: Will use beamposition query for accurate Flip time stamping.
PTB-INFO: Measured monitor refresh interval from VBLsync = 16.661470 ms [60.018714 Hz]. (50 valid samples taken, stddev=0.174131 ms.)
PTB-INFO: Reported monitor refresh interval from operating system = 16.666667 ms [60.000000 Hz].
PTB-INFO: Small deviations between reported values are normal and no reason to worry.
PTB-INFO: Anti-Aliasing with 8 samples per pixel enabled.
PTB-INFO: ==============================================================================================================================
PTB-INFO: WINDOWS DWM DESKTOP COMPOSITOR IS ACTIVE. On this Windows-10 or later system, Psychtoolbox can no longer reliably detect if
PTB-INFO: this will cause trouble for timing and integrity of visual stimuli or not. You might be just fine, or you could be in trouble.
PTB-INFO: Use external measurement equipment and independent procedures to verify reliability of timing if you care about proper timing.
PTB-INFO: ==============================================================================================================================
[2019-04-16 16:44:16.646] PTB window opened.
[2019-04-16 16:44:16.791] Preparation slide displayed.
[2019-04-16 16:44:21.522] fMRI trigger recieved. 0 secs before recording, 2 secs before task.
                          time stamp 365492.5343003606, Flip delay: 0.0167357025.
[2019-04-16 16:51:09.506] 60 trials finished in 406s.
         icoh: 50
      session: 2
      lastcoh: 16
    recentcoh: 14.1000

[2019-04-16 16:51:13.904] This session completes at 16-Apr-2019 16:51:11, 410.009s after session start, 406s on 60 trials, totally 419.064s, correctness is 33.333%.


corr_isc_conf: 0.2551

AUC: 0.6491
[2019-04-16 16:51:13.954] MetaTwins_RDMsc_training ends at 16-Apr-2019 16:51:13(737531.7022448380), totally 7min1.503s passed.



[2019-04-16 16:52:19.335] Calling `MetaTwins_RDMsc_training` for `hehai` at 16-Apr-2019 16:52:19(737531.7030015278).
[2019-04-16 16:52:24.243] Initial coherence is 20 .
                          Running MetaTwins_RDMsc_training('hehai', 1, [2019-04-16 16:52:24.264] Session 1 has 60 trials, requires 334s, 5.5s per trial.
[2019-04-16 16:52:25.253] Trying to open PTB window...
[easyPTB Info] Using 14.0 inch screen with PPI=157.8


PTB-INFO: This is Psychtoolbox-3 for Microsoft Windows, under Matlab 64-Bit (Version 3.0.14 - Build date: Oct  3 2017).
PTB-INFO: Support status on this operating system release: Windows version 10.0 supported and tested to some limited degree.
PTB-INFO: Type 'PsychtoolboxVersion' for more detailed version information.
PTB-INFO: Most parts of the Psychtoolbox distribution are licensed to you under terms of the MIT License, with
PTB-INFO: some restrictions. See file 'License.txt' in the Psychtoolbox root folder for the exact licensing conditions.

PTB-INFO: The detected endline of the vertical blank interval is equal or lower than the startline. This indicates
PTB-INFO: that i couldn't detect the duration of the vertical blank interval and won't be able to correct timestamps
PTB-INFO: for it. This will introduce a very small and constant offset (typically << 1 msec). Read 'help BeampositionQueries'
PTB-INFO: for how to correct this, should you really require that last few microseconds of precision.
PTB-INFO: Btw. this can also mean that your systems beamposition queries are slightly broken. It may help timing precision to
PTB-INFO: enable the beamposition workaround, as explained in 'help ConserveVRAMSettings', section 'kPsychUseBeampositionQueryWorkaround'.


PTB-INFO: OpenGL-Renderer is NVIDIA Corporation :: GeForce 940MX/PCIe/SSE2 :: 4.6.0 NVIDIA 391.25
PTB-INFO: VBL startline = 1080 , VBL Endline = 1080
PTB-INFO: Measured monitor refresh interval from beamposition = 16.658984 ms [60.027672 Hz].
PTB-INFO: Will use beamposition query for accurate Flip time stamping.
PTB-INFO: Measured monitor refresh interval from VBLsync = 16.665926 ms [60.002667 Hz]. (50 valid samples taken, stddev=0.170184 ms.)
PTB-INFO: Reported monitor refresh interval from operating system = 16.666667 ms [60.000000 Hz].
PTB-INFO: Small deviations between reported values are normal and no reason to worry.
PTB-INFO: Anti-Aliasing with 8 samples per pixel enabled.
PTB-INFO: ==============================================================================================================================
PTB-INFO: WINDOWS DWM DESKTOP COMPOSITOR IS ACTIVE. On this Windows-10 or later system, Psychtoolbox can no longer reliably detect if
PTB-INFO: this will cause trouble for timing and integrity of visual stimuli or not. You might be just fine, or you could be in trouble.
PTB-INFO: Use external measurement equipment and independent procedures to verify reliability of timing if you care about proper timing.
PTB-INFO: ==============================================================================================================================
[2019-04-16 16:52:28.190] PTB window opened.
[2019-04-16 16:52:28.334] Preparation slide displayed.
[2019-04-16 16:52:53.390] fMRI trigger recieved. 0 secs before recording, 2 secs before task.
                          time stamp 366004.4021649813, Flip delay: 0.0167676617.
[2019-04-16 16:57:18.373] 60 trials finished in 263s.
         icoh: 20
      session: 1
      lastcoh: 11
    recentcoh: 10.4000

[2019-04-16 16:57:22.788] This session completes at 16-Apr-2019 16:57:20, 267.007s after session start, 263s on 60 trials, totally 301.048s, correctness is 50.000%.


corr_isc_conf: 0.3221

AUC: 0.7176
[2019-04-16 16:57:22.835] MetaTwins_RDMsc_training ends at 16-Apr-2019 16:57:22(737531.7065142824), totally 5min3.502s passed.



[2019-04-16 16:58:20.249] Calling `MetaTwins_RDMsc_training` for `hehai` at 16-Apr-2019 16:58:20(737531.7071787731).
                          Running MetaTwins_RDMsc_training('hehai', 2, [2019-04-16 16:58:20.281] Session 2 has 60 trials, requires 334s, 5.5s per trial.
[2019-04-16 16:58:21.272] Trying to open PTB window...
[easyPTB Info] Using 14.0 inch screen with PPI=157.8


PTB-INFO: This is Psychtoolbox-3 for Microsoft Windows, under Matlab 64-Bit (Version 3.0.14 - Build date: Oct  3 2017).
PTB-INFO: Support status on this operating system release: Windows version 10.0 supported and tested to some limited degree.
PTB-INFO: Type 'PsychtoolboxVersion' for more detailed version information.
PTB-INFO: Most parts of the Psychtoolbox distribution are licensed to you under terms of the MIT License, with
PTB-INFO: some restrictions. See file 'License.txt' in the Psychtoolbox root folder for the exact licensing conditions.

PTB-INFO: The detected endline of the vertical blank interval is equal or lower than the startline. This indicates
PTB-INFO: that i couldn't detect the duration of the vertical blank interval and won't be able to correct timestamps
PTB-INFO: for it. This will introduce a very small and constant offset (typically << 1 msec). Read 'help BeampositionQueries'
PTB-INFO: for how to correct this, should you really require that last few microseconds of precision.
PTB-INFO: Btw. this can also mean that your systems beamposition queries are slightly broken. It may help timing precision to
PTB-INFO: enable the beamposition workaround, as explained in 'help ConserveVRAMSettings', section 'kPsychUseBeampositionQueryWorkaround'.


PTB-INFO: OpenGL-Renderer is NVIDIA Corporation :: GeForce 940MX/PCIe/SSE2 :: 4.6.0 NVIDIA 391.25
PTB-INFO: VBL startline = 1080 , VBL Endline = 1080
PTB-INFO: Measured monitor refresh interval from beamposition = 16.658712 ms [60.028650 Hz].
PTB-INFO: Will use beamposition query for accurate Flip time stamping.
PTB-INFO: Measured monitor refresh interval from VBLsync = 16.662928 ms [60.013462 Hz]. (50 valid samples taken, stddev=0.144996 ms.)
PTB-INFO: Reported monitor refresh interval from operating system = 16.666667 ms [60.000000 Hz].
PTB-INFO: Small deviations between reported values are normal and no reason to worry.
PTB-INFO: Anti-Aliasing with 8 samples per pixel enabled.
PTB-INFO: ==============================================================================================================================
PTB-INFO: WINDOWS DWM DESKTOP COMPOSITOR IS ACTIVE. On this Windows-10 or later system, Psychtoolbox can no longer reliably detect if
PTB-INFO: this will cause trouble for timing and integrity of visual stimuli or not. You might be just fine, or you could be in trouble.
PTB-INFO: Use external measurement equipment and independent procedures to verify reliability of timing if you care about proper timing.
PTB-INFO: ==============================================================================================================================
[2019-04-16 16:58:24.311] PTB window opened.
[2019-04-16 16:58:24.440] Preparation slide displayed.
[2019-04-16 16:58:51.878] fMRI trigger recieved. 0 secs before recording, 2 secs before task.
                          time stamp 366362.8896214158, Flip delay: 0.0167355692.
[2019-04-16 17:03:09.861] 60 trials finished in 256s.
         icoh: 20
      session: 2
      lastcoh: 9
    recentcoh: 8.6000

[2019-04-16 17:03:14.255] This session completes at 16-Apr-2019 17:03:11, 260.007s after session start, 256s on 60 trials, totally 291.622s, correctness is 46.667%.


corr_isc_conf: 0.2468

AUC: 0.6750
[2019-04-16 17:03:14.307] MetaTwins_RDMsc_training ends at 16-Apr-2019 17:03:14(737531.7105822454), totally 4min54.06s passed.



[2019-04-16 17:04:26.125] Calling `MetaTwins_RDMsc_training` for `hehai` at 16-Apr-2019 17:04:26(737531.7114134490).
                          Running MetaTwins_RDMsc_training('hehai', 3, [2019-04-16 17:04:26.155] Session 3 has 60 trials, requires 334s, 5.5s per trial.
[2019-04-16 17:04:27.144] Trying to open PTB window...
[easyPTB Info] Using 14.0 inch screen with PPI=157.8


PTB-INFO: This is Psychtoolbox-3 for Microsoft Windows, under Matlab 64-Bit (Version 3.0.14 - Build date: Oct  3 2017).
PTB-INFO: Support status on this operating system release: Windows version 10.0 supported and tested to some limited degree.
PTB-INFO: Type 'PsychtoolboxVersion' for more detailed version information.
PTB-INFO: Most parts of the Psychtoolbox distribution are licensed to you under terms of the MIT License, with
PTB-INFO: some restrictions. See file 'License.txt' in the Psychtoolbox root folder for the exact licensing conditions.

PTB-INFO: The detected endline of the vertical blank interval is equal or lower than the startline. This indicates
PTB-INFO: that i couldn't detect the duration of the vertical blank interval and won't be able to correct timestamps
PTB-INFO: for it. This will introduce a very small and constant offset (typically << 1 msec). Read 'help BeampositionQueries'
PTB-INFO: for how to correct this, should you really require that last few microseconds of precision.
PTB-INFO: Btw. this can also mean that your systems beamposition queries are slightly broken. It may help timing precision to
PTB-INFO: enable the beamposition workaround, as explained in 'help ConserveVRAMSettings', section 'kPsychUseBeampositionQueryWorkaround'.


PTB-INFO: OpenGL-Renderer is NVIDIA Corporation :: GeForce 940MX/PCIe/SSE2 :: 4.6.0 NVIDIA 391.25
PTB-INFO: VBL startline = 1080 , VBL Endline = 1080
PTB-INFO: Measured monitor refresh interval from beamposition = 16.658820 ms [60.028260 Hz].
PTB-INFO: Will use beamposition query for accurate Flip time stamping.
PTB-INFO: Measured monitor refresh interval from VBLsync = 16.661708 ms [60.017857 Hz]. (50 valid samples taken, stddev=0.106644 ms.)
PTB-INFO: Reported monitor refresh interval from operating system = 16.666667 ms [60.000000 Hz].
PTB-INFO: Small deviations between reported values are normal and no reason to worry.
PTB-INFO: Anti-Aliasing with 8 samples per pixel enabled.
PTB-INFO: ==============================================================================================================================
PTB-INFO: WINDOWS DWM DESKTOP COMPOSITOR IS ACTIVE. On this Windows-10 or later system, Psychtoolbox can no longer reliably detect if
PTB-INFO: this will cause trouble for timing and integrity of visual stimuli or not. You might be just fine, or you could be in trouble.
PTB-INFO: Use external measurement equipment and independent procedures to verify reliability of timing if you care about proper timing.
PTB-INFO: ==============================================================================================================================
[2019-04-16 17:04:30.312] PTB window opened.
[2019-04-16 17:04:30.458] Preparation slide displayed.
[2019-04-16 17:05:43.208] fMRI trigger recieved. 0 secs before recording, 2 secs before task.
                          time stamp 366774.2027648777, Flip delay: 0.0337617197.
[2019-04-16 17:09:54.174] 60 trials finished in 249s.
         icoh: 20
      session: 3
      lastcoh: 7
    recentcoh: 5.9000

[2019-04-16 17:09:58.551] This session completes at 16-Apr-2019 17:09:56, 253.007s after session start, 249s on 60 trials, totally 330.058s, correctness is 48.333%.


corr_isc_conf: 0.1087

AUC: 0.5259
[2019-04-16 17:09:58.600] MetaTwins_RDMsc_training ends at 16-Apr-2019 17:09:58(737531.7152615625), totally 5min32.477s passed.



