[2019-04-27 16:26:16.212] Calling `MetaTwins_RDMsc_training` for `wangqiushuo` at 27-Apr-2019 16:26:16(737542.6849097800).
[2019-04-27 16:26:22.634] Initial coherence is 90 .
                          Running MetaTwins_RDMsc_training('wangqiushuo', 1, [2019-04-27 16:26:22.677] Session 1 has 60 trials, requires 454s, 7.5s per trial.
[2019-04-27 16:26:23.665] Trying to open PTB window...
[easyPTB Info] Using 14.0 inch screen with PPI=157.8


PTB-INFO: This is Psychtoolbox-3 for Microsoft Windows, under Matlab 64-Bit (Version 3.0.14 - Build date: Oct  3 2017).
PTB-INFO: Support status on this operating system release: Windows version 10.0 supported and tested to some limited degree.
PTB-INFO: Type 'PsychtoolboxVersion' for more detailed version information.
PTB-INFO: Most parts of the Psychtoolbox distribution are licensed to you under terms of the MIT License, with
PTB-INFO: some restrictions. See file 'License.txt' in the Psychtoolbox root folder for the exact licensing conditions.

PTB-INFO: The detected endline of the vertical blank interval is equal or lower than the startline. This indicates
PTB-INFO: that i couldn't detect the duration of the vertical blank interval and won't be able to correct timestamps
PTB-INFO: for it. This will introduce a very small and constant offset (typically << 1 msec). Read 'help BeampositionQueries'
PTB-INFO: for how to correct this, should you really require that last few microseconds of precision.
PTB-INFO: Btw. this can also mean that your systems beamposition queries are slightly broken. It may help timing precision to
PTB-INFO: enable the beamposition workaround, as explained in 'help ConserveVRAMSettings', section 'kPsychUseBeampositionQueryWorkaround'.


PTB-INFO: OpenGL-Renderer is NVIDIA Corporation :: GeForce 940MX/PCIe/SSE2 :: 4.6.0 NVIDIA 391.25
PTB-INFO: VBL startline = 1080 , VBL Endline = 1080
PTB-INFO: Measured monitor refresh interval from beamposition = 16.659094 ms [60.027274 Hz].
PTB-INFO: Will use beamposition query for accurate Flip time stamping.
PTB-INFO: Measured monitor refresh interval from VBLsync = 16.656138 ms [60.037927 Hz]. (50 valid samples taken, stddev=0.185082 ms.)
PTB-INFO: Reported monitor refresh interval from operating system = 16.666667 ms [60.000000 Hz].
PTB-INFO: Small deviations between reported values are normal and no reason to worry.
PTB-INFO: Anti-Aliasing with 8 samples per pixel enabled.
PTB-INFO: ==============================================================================================================================
PTB-INFO: WINDOWS DWM DESKTOP COMPOSITOR IS ACTIVE. On this Windows-10 or later system, Psychtoolbox can no longer reliably detect if
PTB-INFO: this will cause trouble for timing and integrity of visual stimuli or not. You might be just fine, or you could be in trouble.
PTB-INFO: Use external measurement equipment and independent procedures to verify reliability of timing if you care about proper timing.
PTB-INFO: ==============================================================================================================================
[2019-04-27 16:26:26.399] PTB window opened.
[2019-04-27 16:26:26.596] Preparation slide displayed.
[2019-04-27 16:26:43.573] fMRI trigger recieved. 0 secs before recording, 2 secs before task.
                          time stamp 1308538.3707468444, Flip delay: 0.0169506320.
[2019-04-27 16:27:48.926] 11 trials finished in 60s.
[2019-04-27 16:27:49.034] MetaTwins_RDMsc_training ends at 27-Apr-2019 16:27:49(737542.6859841782), totally 1min32.828s passed.



[2019-04-27 16:28:00.066] Calling `MetaTwins_RDMsc_training` for `wangqiushuo` at 27-Apr-2019 16:28:00(737542.6861118403).
[2019-04-27 16:28:03.560] Initial coherence is 50 .
                          Running MetaTwins_RDMsc_training('wangqiushuo', 1, [2019-04-27 16:28:03.581] Session 1 has 60 trials, requires 454s, 7.5s per trial.
[2019-04-27 16:28:04.573] Trying to open PTB window...
[easyPTB Info] Using 14.0 inch screen with PPI=157.8


PTB-INFO: This is Psychtoolbox-3 for Microsoft Windows, under Matlab 64-Bit (Version 3.0.14 - Build date: Oct  3 2017).
PTB-INFO: Support status on this operating system release: Windows version 10.0 supported and tested to some limited degree.
PTB-INFO: Type 'PsychtoolboxVersion' for more detailed version information.
PTB-INFO: Most parts of the Psychtoolbox distribution are licensed to you under terms of the MIT License, with
PTB-INFO: some restrictions. See file 'License.txt' in the Psychtoolbox root folder for the exact licensing conditions.

PTB-INFO: The detected endline of the vertical blank interval is equal or lower than the startline. This indicates
PTB-INFO: that i couldn't detect the duration of the vertical blank interval and won't be able to correct timestamps
PTB-INFO: for it. This will introduce a very small and constant offset (typically << 1 msec). Read 'help BeampositionQueries'
PTB-INFO: for how to correct this, should you really require that last few microseconds of precision.
PTB-INFO: Btw. this can also mean that your systems beamposition queries are slightly broken. It may help timing precision to
PTB-INFO: enable the beamposition workaround, as explained in 'help ConserveVRAMSettings', section 'kPsychUseBeampositionQueryWorkaround'.


PTB-INFO: OpenGL-Renderer is NVIDIA Corporation :: GeForce 940MX/PCIe/SSE2 :: 4.6.0 NVIDIA 391.25
PTB-INFO: VBL startline = 1080 , VBL Endline = 1080
PTB-INFO: Measured monitor refresh interval from beamposition = 16.658837 ms [60.028201 Hz].
PTB-INFO: Will use beamposition query for accurate Flip time stamping.
PTB-INFO: Measured monitor refresh interval from VBLsync = 16.662970 ms [60.013311 Hz]. (50 valid samples taken, stddev=0.160233 ms.)
PTB-INFO: Reported monitor refresh interval from operating system = 16.666667 ms [60.000000 Hz].
PTB-INFO: Small deviations between reported values are normal and no reason to worry.
PTB-INFO: Anti-Aliasing with 8 samples per pixel enabled.
PTB-INFO: ==============================================================================================================================
PTB-INFO: WINDOWS DWM DESKTOP COMPOSITOR IS ACTIVE. On this Windows-10 or later system, Psychtoolbox can no longer reliably detect if
PTB-INFO: this will cause trouble for timing and integrity of visual stimuli or not. You might be just fine, or you could be in trouble.
PTB-INFO: Use external measurement equipment and independent procedures to verify reliability of timing if you care about proper timing.
PTB-INFO: ==============================================================================================================================
[2019-04-27 16:28:07.303] PTB window opened.
[2019-04-27 16:28:07.433] Preparation slide displayed.
[2019-04-27 16:28:18.378] fMRI trigger recieved. 0 secs before recording, 2 secs before task.
                          time stamp 1308633.1777793304, Flip delay: 0.0168894688.
[2019-04-27 16:33:37.362] 60 trials finished in 317s.
         icoh: 50
      session: 1
      lastcoh: 10
    recentcoh: 12
[2019-04-27 16:33:42.977] This session completes at 27-Apr-2019 16:33:41, 323.236s after session start, 317s on 60 trials, totally 341.534s, correctness is 75.000%.


corr_isc_conf: 0.2854

AUC: 0.6504
[2019-04-27 16:33:43.368] MetaTwins_RDMsc_training ends at 27-Apr-2019 16:33:43(737542.6900852778), totally 5min43.305s passed.



[2019-04-27 16:33:58.839] Calling `MetaTwins_RDMsc_training` for `wangqiushuo` at 27-Apr-2019 16:33:58(737542.6902642939).
                          Running MetaTwins_RDMsc_training('wangqiushuo', 2, [2019-04-27 16:33:58.867] Session 2 has 60 trials, requires 454s, 7.5s per trial.
[2019-04-27 16:33:59.869] Trying to open PTB window...
[easyPTB Info] Using 14.0 inch screen with PPI=157.8


PTB-INFO: This is Psychtoolbox-3 for Microsoft Windows, under Matlab 64-Bit (Version 3.0.14 - Build date: Oct  3 2017).
PTB-INFO: Support status on this operating system release: Windows version 10.0 supported and tested to some limited degree.
PTB-INFO: Type 'PsychtoolboxVersion' for more detailed version information.
PTB-INFO: Most parts of the Psychtoolbox distribution are licensed to you under terms of the MIT License, with
PTB-INFO: some restrictions. See file 'License.txt' in the Psychtoolbox root folder for the exact licensing conditions.

PTB-INFO: The detected endline of the vertical blank interval is equal or lower than the startline. This indicates
PTB-INFO: that i couldn't detect the duration of the vertical blank interval and won't be able to correct timestamps
PTB-INFO: for it. This will introduce a very small and constant offset (typically << 1 msec). Read 'help BeampositionQueries'
PTB-INFO: for how to correct this, should you really require that last few microseconds of precision.
PTB-INFO: Btw. this can also mean that your systems beamposition queries are slightly broken. It may help timing precision to
PTB-INFO: enable the beamposition workaround, as explained in 'help ConserveVRAMSettings', section 'kPsychUseBeampositionQueryWorkaround'.


PTB-INFO: OpenGL-Renderer is NVIDIA Corporation :: GeForce 940MX/PCIe/SSE2 :: 4.6.0 NVIDIA 391.25
PTB-INFO: VBL startline = 1080 , VBL Endline = 1080
PTB-INFO: Measured monitor refresh interval from beamposition = 16.658710 ms [60.028657 Hz].
PTB-INFO: Will use beamposition query for accurate Flip time stamping.
PTB-INFO: Measured monitor refresh interval from VBLsync = 16.659308 ms [60.026503 Hz]. (50 valid samples taken, stddev=0.163233 ms.)
PTB-INFO: Reported monitor refresh interval from operating system = 16.666667 ms [60.000000 Hz].
PTB-INFO: Small deviations between reported values are normal and no reason to worry.
PTB-INFO: Anti-Aliasing with 8 samples per pixel enabled.
PTB-INFO: ==============================================================================================================================
PTB-INFO: WINDOWS DWM DESKTOP COMPOSITOR IS ACTIVE. On this Windows-10 or later system, Psychtoolbox can no longer reliably detect if
PTB-INFO: this will cause trouble for timing and integrity of visual stimuli or not. You might be just fine, or you could be in trouble.
PTB-INFO: Use external measurement equipment and independent procedures to verify reliability of timing if you care about proper timing.
PTB-INFO: ==============================================================================================================================
[2019-04-27 16:34:02.892] PTB window opened.
[2019-04-27 16:34:03.022] Preparation slide displayed.
[2019-04-27 16:34:22.597] fMRI trigger recieved. 0 secs before recording, 2 secs before task.
                          time stamp 1308997.3957412313, Flip delay: 0.0169601906.
[2019-04-27 16:40:25.580] 60 trials finished in 361s.
         icoh: 50
      session: 2
      lastcoh: 7
    recentcoh: 7
[2019-04-27 16:40:29.937] This session completes at 27-Apr-2019 16:40:27, 365.004s after session start, 361s on 60 trials, totally 388.748s, correctness is 55.000%.


corr_isc_conf: 0.2971

AUC: 0.6702
[2019-04-27 16:40:29.985] MetaTwins_RDMsc_training ends at 27-Apr-2019 16:40:29(737542.6947914815), totally 6min31.149s passed.



[2019-04-27 16:41:00.470] Calling `MetaTwins_RDMsc_training` for `wangqiushuo` at 27-Apr-2019 16:41:00(737542.6951442940).
[2019-04-27 16:41:04.707] Initial coherence is 15 .
                          Running MetaTwins_RDMsc_training('wangqiushuo', 1, [2019-04-27 16:41:04.724] Session 1 has 60 trials, requires 334s, 5.5s per trial.
[2019-04-27 16:41:05.710] Trying to open PTB window...
[easyPTB Info] Using 14.0 inch screen with PPI=157.8


PTB-INFO: This is Psychtoolbox-3 for Microsoft Windows, under Matlab 64-Bit (Version 3.0.14 - Build date: Oct  3 2017).
PTB-INFO: Support status on this operating system release: Windows version 10.0 supported and tested to some limited degree.
PTB-INFO: Type 'PsychtoolboxVersion' for more detailed version information.
PTB-INFO: Most parts of the Psychtoolbox distribution are licensed to you under terms of the MIT License, with
PTB-INFO: some restrictions. See file 'License.txt' in the Psychtoolbox root folder for the exact licensing conditions.

PTB-INFO: The detected endline of the vertical blank interval is equal or lower than the startline. This indicates
PTB-INFO: that i couldn't detect the duration of the vertical blank interval and won't be able to correct timestamps
PTB-INFO: for it. This will introduce a very small and constant offset (typically << 1 msec). Read 'help BeampositionQueries'
PTB-INFO: for how to correct this, should you really require that last few microseconds of precision.
PTB-INFO: Btw. this can also mean that your systems beamposition queries are slightly broken. It may help timing precision to
PTB-INFO: enable the beamposition workaround, as explained in 'help ConserveVRAMSettings', section 'kPsychUseBeampositionQueryWorkaround'.


PTB-INFO: OpenGL-Renderer is NVIDIA Corporation :: GeForce 940MX/PCIe/SSE2 :: 4.6.0 NVIDIA 391.25
PTB-INFO: VBL startline = 1080 , VBL Endline = 1080
PTB-INFO: Measured monitor refresh interval from beamposition = 16.658800 ms [60.028333 Hz].
PTB-INFO: Will use beamposition query for accurate Flip time stamping.
PTB-INFO: Measured monitor refresh interval from VBLsync = 16.664870 ms [60.006469 Hz]. (50 valid samples taken, stddev=0.188169 ms.)
PTB-INFO: Reported monitor refresh interval from operating system = 16.666667 ms [60.000000 Hz].
PTB-INFO: Small deviations between reported values are normal and no reason to worry.
PTB-INFO: Anti-Aliasing with 8 samples per pixel enabled.
PTB-INFO: ==============================================================================================================================
PTB-INFO: WINDOWS DWM DESKTOP COMPOSITOR IS ACTIVE. On this Windows-10 or later system, Psychtoolbox can no longer reliably detect if
PTB-INFO: this will cause trouble for timing and integrity of visual stimuli or not. You might be just fine, or you could be in trouble.
PTB-INFO: Use external measurement equipment and independent procedures to verify reliability of timing if you care about proper timing.
PTB-INFO: ==============================================================================================================================
[2019-04-27 16:41:08.433] PTB window opened.
[2019-04-27 16:41:08.562] Preparation slide displayed.
[2019-04-27 16:43:12.106] fMRI trigger recieved. 0 secs before recording, 2 secs before task.
                          time stamp 1309526.9057114392, Flip delay: 0.0166483305.
[2019-04-27 16:47:06.089] 60 trials finished in 232s.
         icoh: 15
      session: 1
      lastcoh: 9
    recentcoh: 10.3000
[2019-04-27 16:47:10.436] This session completes at 27-Apr-2019 16:47:08, 236.003s after session start, 232s on 60 trials, totally 367.625s, correctness is 56.667%.


corr_isc_conf: 0.4440

AUC: 0.7567
[2019-04-27 16:47:10.481] MetaTwins_RDMsc_training ends at 27-Apr-2019 16:47:10(737542.6994268635), totally 6min10.014s passed.



[2019-04-27 16:47:30.312] Calling `MetaTwins_RDMsc_training` for `wangqiushuo` at 27-Apr-2019 16:47:30(737542.6996563542).
                          Running MetaTwins_RDMsc_training('wangqiushuo', 2, [2019-04-27 16:47:30.332] Session 2 has 60 trials, requires 334s, 5.5s per trial.
[2019-04-27 16:47:31.324] Trying to open PTB window...
[easyPTB Info] Using 14.0 inch screen with PPI=157.8


PTB-INFO: This is Psychtoolbox-3 for Microsoft Windows, under Matlab 64-Bit (Version 3.0.14 - Build date: Oct  3 2017).
PTB-INFO: Support status on this operating system release: Windows version 10.0 supported and tested to some limited degree.
PTB-INFO: Type 'PsychtoolboxVersion' for more detailed version information.
PTB-INFO: Most parts of the Psychtoolbox distribution are licensed to you under terms of the MIT License, with
PTB-INFO: some restrictions. See file 'License.txt' in the Psychtoolbox root folder for the exact licensing conditions.

PTB-INFO: The detected endline of the vertical blank interval is equal or lower than the startline. This indicates
PTB-INFO: that i couldn't detect the duration of the vertical blank interval and won't be able to correct timestamps
PTB-INFO: for it. This will introduce a very small and constant offset (typically << 1 msec). Read 'help BeampositionQueries'
PTB-INFO: for how to correct this, should you really require that last few microseconds of precision.
PTB-INFO: Btw. this can also mean that your systems beamposition queries are slightly broken. It may help timing precision to
PTB-INFO: enable the beamposition workaround, as explained in 'help ConserveVRAMSettings', section 'kPsychUseBeampositionQueryWorkaround'.


PTB-INFO: OpenGL-Renderer is NVIDIA Corporation :: GeForce 940MX/PCIe/SSE2 :: 4.6.0 NVIDIA 391.25
PTB-INFO: VBL startline = 1080 , VBL Endline = 1080
PTB-INFO: Measured monitor refresh interval from beamposition = 16.658806 ms [60.028311 Hz].
PTB-INFO: Will use beamposition query for accurate Flip time stamping.
PTB-INFO: Measured monitor refresh interval from VBLsync = 16.660536 ms [60.022079 Hz]. (50 valid samples taken, stddev=0.158842 ms.)
PTB-INFO: Reported monitor refresh interval from operating system = 16.666667 ms [60.000000 Hz].
PTB-INFO: Small deviations between reported values are normal and no reason to worry.
PTB-INFO: Anti-Aliasing with 8 samples per pixel enabled.
PTB-INFO: ==============================================================================================================================
PTB-INFO: WINDOWS DWM DESKTOP COMPOSITOR IS ACTIVE. On this Windows-10 or later system, Psychtoolbox can no longer reliably detect if
PTB-INFO: this will cause trouble for timing and integrity of visual stimuli or not. You might be just fine, or you could be in trouble.
PTB-INFO: Use external measurement equipment and independent procedures to verify reliability of timing if you care about proper timing.
PTB-INFO: ==============================================================================================================================
[2019-04-27 16:47:34.340] PTB window opened.
[2019-04-27 16:47:34.470] Preparation slide displayed.
[2019-04-27 16:48:00.492] fMRI trigger recieved. 0 secs before recording, 2 secs before task.
                          time stamp 1309815.2911654192, Flip delay: 0.0169733881.
[2019-04-27 16:52:12.475] 60 trials finished in 250s.
         icoh: 15
      session: 2
      lastcoh: 10
    recentcoh: 11
[2019-04-27 16:52:16.835] This session completes at 27-Apr-2019 16:52:14, 254.003s after session start, 250s on 60 trials, totally 284.169s, correctness is 48.333%.


corr_isc_conf: 0.3727

AUC: 0.7093
[2019-04-27 16:52:16.881] MetaTwins_RDMsc_training ends at 27-Apr-2019 16:52:16(737542.7029731482), totally 4min46.571s passed.



[2019-04-27 16:52:59.283] Calling `MetaTwins_RDMsc_training` for `wangqiushuo` at 27-Apr-2019 16:52:59(737542.7034638888).
                          Running MetaTwins_RDMsc_training('wangqiushuo', 3, [2019-04-27 16:52:59.305] Session 3 has 60 trials, requires 334s, 5.5s per trial.
[2019-04-27 16:53:00.304] Trying to open PTB window...
[easyPTB Info] Using 14.0 inch screen with PPI=157.8


PTB-INFO: This is Psychtoolbox-3 for Microsoft Windows, under Matlab 64-Bit (Version 3.0.14 - Build date: Oct  3 2017).
PTB-INFO: Support status on this operating system release: Windows version 10.0 supported and tested to some limited degree.
PTB-INFO: Type 'PsychtoolboxVersion' for more detailed version information.
PTB-INFO: Most parts of the Psychtoolbox distribution are licensed to you under terms of the MIT License, with
PTB-INFO: some restrictions. See file 'License.txt' in the Psychtoolbox root folder for the exact licensing conditions.

PTB-INFO: The detected endline of the vertical blank interval is equal or lower than the startline. This indicates
PTB-INFO: that i couldn't detect the duration of the vertical blank interval and won't be able to correct timestamps
PTB-INFO: for it. This will introduce a very small and constant offset (typically << 1 msec). Read 'help BeampositionQueries'
PTB-INFO: for how to correct this, should you really require that last few microseconds of precision.
PTB-INFO: Btw. this can also mean that your systems beamposition queries are slightly broken. It may help timing precision to
PTB-INFO: enable the beamposition workaround, as explained in 'help ConserveVRAMSettings', section 'kPsychUseBeampositionQueryWorkaround'.


PTB-INFO: OpenGL-Renderer is NVIDIA Corporation :: GeForce 940MX/PCIe/SSE2 :: 4.6.0 NVIDIA 391.25
PTB-INFO: VBL startline = 1080 , VBL Endline = 1080
PTB-INFO: Measured monitor refresh interval from beamposition = 16.658827 ms [60.028238 Hz].
PTB-INFO: Will use beamposition query for accurate Flip time stamping.
PTB-INFO: Measured monitor refresh interval from VBLsync = 16.662496 ms [60.015018 Hz]. (50 valid samples taken, stddev=0.146063 ms.)
PTB-INFO: Reported monitor refresh interval from operating system = 16.666667 ms [60.000000 Hz].
PTB-INFO: Small deviations between reported values are normal and no reason to worry.
PTB-INFO: Anti-Aliasing with 8 samples per pixel enabled.
PTB-INFO: ==============================================================================================================================
PTB-INFO: WINDOWS DWM DESKTOP COMPOSITOR IS ACTIVE. On this Windows-10 or later system, Psychtoolbox can no longer reliably detect if
PTB-INFO: this will cause trouble for timing and integrity of visual stimuli or not. You might be just fine, or you could be in trouble.
PTB-INFO: Use external measurement equipment and independent procedures to verify reliability of timing if you care about proper timing.
PTB-INFO: ==============================================================================================================================
[2019-04-27 16:53:03.341] PTB window opened.
[2019-04-27 16:53:03.471] Preparation slide displayed.
[2019-04-27 16:53:09.201] fMRI trigger recieved. 0 secs before recording, 2 secs before task.
                          time stamp 1310124.0013347198, Flip delay: 0.0166954023.
[2019-04-27 16:57:29.184] 60 trials finished in 258s.
         icoh: 15
      session: 3
      lastcoh: 8
    recentcoh: 9.2000
[2019-04-27 16:57:33.533] This session completes at 27-Apr-2019 16:57:31, 262.003s after session start, 258s on 60 trials, totally 271.908s, correctness is 51.667%.


corr_isc_conf: 0.3904

AUC: 0.7185
[2019-04-27 16:57:33.582] MetaTwins_RDMsc_training ends at 27-Apr-2019 16:57:33(737542.7066386690), totally 4min34.301s passed.



