[2018-12-31 11:20:58.239] Calling `MetaTwins_RDMsc_training` for `renchunshui` at 31-Dec-2018 11:20:57(737425.4728930324).
[2018-12-31 11:21:01.610] Initial coherence is 30 .
                          Running MetaTwins_RDMsc_training('renchunshui', 1, [2018-12-31 11:21:01.642] Session 1 has 60 trials, requires 454s, 7.5s per trial.
[2018-12-31 11:21:02.643] Trying to open PTB window...
[easyPTB Info] Using 14.0 inch screen with PPI=157.8


PTB-INFO: This is Psychtoolbox-3 for Microsoft Windows, under Matlab 64-Bit (Version 3.0.14 - Build date: Oct  3 2017).
PTB-INFO: Support status on this operating system release: Windows version 10.0 supported and tested to some limited degree.
PTB-INFO: Type 'PsychtoolboxVersion' for more detailed version information.
PTB-INFO: Most parts of the Psychtoolbox distribution are licensed to you under terms of the MIT License, with
PTB-INFO: some restrictions. See file 'License.txt' in the Psychtoolbox root folder for the exact licensing conditions.

PTB-INFO: The detected endline of the vertical blank interval is equal or lower than the startline. This indicates
PTB-INFO: that i couldn't detect the duration of the vertical blank interval and won't be able to correct timestamps
PTB-INFO: for it. This will introduce a very small and constant offset (typically << 1 msec). Read 'help BeampositionQueries'
PTB-INFO: for how to correct this, should you really require that last few microseconds of precision.
PTB-INFO: Btw. this can also mean that your systems beamposition queries are slightly broken. It may help timing precision to
PTB-INFO: enable the beamposition workaround, as explained in 'help ConserveVRAMSettings', section 'kPsychUseBeampositionQueryWorkaround'.


PTB-INFO: OpenGL-Renderer is NVIDIA Corporation :: GeForce 940MX/PCIe/SSE2 :: 4.6.0 NVIDIA 398.36
PTB-INFO: VBL startline = 1080 , VBL Endline = 1080
PTB-INFO: Measured monitor refresh interval from beamposition = 16.659124 ms [60.027164 Hz].
PTB-INFO: Will use beamposition query for accurate Flip time stamping.
PTB-INFO: Measured monitor refresh interval from VBLsync = 16.660132 ms [60.023534 Hz]. (50 valid samples taken, stddev=0.129471 ms.)
PTB-INFO: Reported monitor refresh interval from operating system = 16.666667 ms [60.000000 Hz].
PTB-INFO: Small deviations between reported values are normal and no reason to worry.
PTB-INFO: Anti-Aliasing with 8 samples per pixel enabled.
PTB-INFO: ==============================================================================================================================
PTB-INFO: WINDOWS DWM DESKTOP COMPOSITOR IS ACTIVE. On this Windows-10 or later system, Psychtoolbox can no longer reliably detect if
PTB-INFO: this will cause trouble for timing and integrity of visual stimuli or not. You might be just fine, or you could be in trouble.
PTB-INFO: Use external measurement equipment and independent procedures to verify reliability of timing if you care about proper timing.
PTB-INFO: ==============================================================================================================================
[2018-12-31 11:21:05.353] PTB window opened.
[2018-12-31 11:21:05.500] Preparation slide displayed.
[2018-12-31 11:21:15.396] fMRI trigger recieved. 0 secs before recording, 2 secs before task.
                          time stamp 8706.3499175404, Flip delay: 0.0166620437.
[2018-12-31 11:26:44.380] 60 trials finished in 327s.
       icoh: 30
    session: 1
    lastcoh: 22

[2018-12-31 11:26:47.848] This session completes at 31-Dec-2018 11:26:46, 331.297s after session start, 327s on 60 trials, totally 348.716s, correctness is 73.333%.


corr_isc_conf: 0.2590

AUC: 0.6500
[2018-12-31 11:26:50.919] MetaTwins_RDMsc_training ends at 31-Dec-2018 11:26:50(737425.4769781251), totally 5min52.952s passed.



[2018-12-31 11:27:11.265] Calling `MetaTwins_RDMsc_training` for `renchunshui` at 31-Dec-2018 11:27:11(737425.4772135880).
                          Running MetaTwins_RDMsc_training('renchunshui', 2, [2018-12-31 11:27:11.297] Session 2 has 60 trials, requires 454s, 7.5s per trial.
[2018-12-31 11:27:12.299] Trying to open PTB window...
[easyPTB Info] Using 14.0 inch screen with PPI=157.8


PTB-INFO: This is Psychtoolbox-3 for Microsoft Windows, under Matlab 64-Bit (Version 3.0.14 - Build date: Oct  3 2017).
PTB-INFO: Support status on this operating system release: Windows version 10.0 supported and tested to some limited degree.
PTB-INFO: Type 'PsychtoolboxVersion' for more detailed version information.
PTB-INFO: Most parts of the Psychtoolbox distribution are licensed to you under terms of the MIT License, with
PTB-INFO: some restrictions. See file 'License.txt' in the Psychtoolbox root folder for the exact licensing conditions.

PTB-INFO: The detected endline of the vertical blank interval is equal or lower than the startline. This indicates
PTB-INFO: that i couldn't detect the duration of the vertical blank interval and won't be able to correct timestamps
PTB-INFO: for it. This will introduce a very small and constant offset (typically << 1 msec). Read 'help BeampositionQueries'
PTB-INFO: for how to correct this, should you really require that last few microseconds of precision.
PTB-INFO: Btw. this can also mean that your systems beamposition queries are slightly broken. It may help timing precision to
PTB-INFO: enable the beamposition workaround, as explained in 'help ConserveVRAMSettings', section 'kPsychUseBeampositionQueryWorkaround'.


PTB-INFO: OpenGL-Renderer is NVIDIA Corporation :: GeForce 940MX/PCIe/SSE2 :: 4.6.0 NVIDIA 398.36
PTB-INFO: VBL startline = 1080 , VBL Endline = 1080
PTB-INFO: Measured monitor refresh interval from beamposition = 16.659063 ms [60.027385 Hz].
PTB-INFO: Will use beamposition query for accurate Flip time stamping.
PTB-INFO: Measured monitor refresh interval from VBLsync = 16.662258 ms [60.015875 Hz]. (50 valid samples taken, stddev=0.153965 ms.)
PTB-INFO: Reported monitor refresh interval from operating system = 16.666667 ms [60.000000 Hz].
PTB-INFO: Small deviations between reported values are normal and no reason to worry.
PTB-INFO: Anti-Aliasing with 8 samples per pixel enabled.
PTB-INFO: ==============================================================================================================================
PTB-INFO: WINDOWS DWM DESKTOP COMPOSITOR IS ACTIVE. On this Windows-10 or later system, Psychtoolbox can no longer reliably detect if
PTB-INFO: this will cause trouble for timing and integrity of visual stimuli or not. You might be just fine, or you could be in trouble.
PTB-INFO: Use external measurement equipment and independent procedures to verify reliability of timing if you care about proper timing.
PTB-INFO: ==============================================================================================================================
[2018-12-31 11:27:15.402] PTB window opened.
[2018-12-31 11:27:15.548] Preparation slide displayed.
[2018-12-31 11:27:16.748] fMRI trigger recieved. 0 secs before recording, 2 secs before task.
                          time stamp 9067.7019558716, Flip delay: 0.0166585879.
[2018-12-31 11:32:52.732] 60 trials finished in 334s.
       icoh: 30
    session: 2
    lastcoh: 18

[2018-12-31 11:32:55.349] This session completes at 31-Dec-2018 11:32:54, 338.004s after session start, 334s on 60 trials, totally 343.481s, correctness is 73.333%.


corr_isc_conf: 0.3836

AUC: 0.6362
[2018-12-31 11:32:55.440] MetaTwins_RDMsc_training ends at 31-Dec-2018 11:32:55(737425.4811972106), totally 5min44.185s passed.



