%% MetaTwinsTri_behave_Conf for '_notguess': starting at caomeidan (       50.0000000000).8-May-2019 12:31:217.375735e+05 for '
record = [
%  n dir coh resp isc conf    osti      rtime     oconf     ctime     oisi       iti   total
   1  2   14   2   1    6    2.498864 1.033535   3.731653 0.498294   4.348030 3.651063   6  
   2  3   14   4   0    2    8.496168 1.833065  10.461834 0.356196  10.945035 3.051353   6  
   3  4   14   2   0    2   14.493423 1.416621  16.042573 0.372158  16.542501 3.451157   6  
   4  2   14   2   1    2   20.507367 2.332949  22.989522 0.227231  23.339412 2.668180   6  
   5  2   14   2   1    3   26.504642 1.999555  28.686997 0.431790  29.236749 2.768138   6  
   6  3   14   2   0    2   32.501934 1.783155  34.484361 0.333560  34.934160 3.067998   6  
   7  3   14   2   0    2   38.499215 1.900193  40.564954 0.265868  40.948097 3.051335   6  
   8  2   14   2   1    6   44.496485 2.216144  46.878754 0.031747  47.028676 2.968035   6  
   9  3   14   2   0    2   50.493776 1.733063  52.392869 0.658768  53.175886 2.818105   6  
  10  2   14   1   0    5   56.491057 1.583167  58.240112 0.234397  58.590097 3.401178   6  
  11  4   14  -1   0    2   62.504998 0.000000  65.020524 0.064999  65.203776 2.801433   6  
  12  1   14   1   1    2   68.502274 2.099602  70.717941 0.182961  71.017799 2.984696   6  
  13  1   14   1   1    2   74.499562 2.199635  76.815168 0.082360  77.015095 2.984686   6  
  14  2   14   2   1    7   80.496838 1.366602  81.979510 0.232979  82.329351 3.667703   6  
  15  1   14   1   1    5   86.494118 1.549839  88.210009 0.089648  88.426575 3.567751   6  
  16  4   14   2   0    3   92.491411 1.816479  94.557127 0.281286  94.956948 3.034660   6  
  17  2   14   2   1    3   98.505343 1.733442 100.421147 0.200924 100.737665 3.267890   6  
  18  1   14   2   0    3  104.502614 2.083021 106.734943 0.073887 106.934857 3.067973   6  
  19  2   14   2   1    3  110.499899 1.350480 112.015880 0.087525 112.232448 3.767655   6  
  20  2   14   2   1    3  116.497185 1.816414 118.479488 0.158674 118.762827 3.234545   6  
  21  3   14   2   0    2  122.494468 1.649708 124.310313 0.286656 124.710137 3.284540   6  
  22  4   14   2   0    5  128.491752 1.466486 130.107681 0.000618 130.224287 3.767662   6  
  23  1   14   3   0    2  134.505685 1.799820 136.454797 0.166313 136.737999 3.267876   6  
  24  3   14   2   0    2  140.502978 1.832908 142.518649 0.356144 143.001832 3.001329   6  
  25  3   14   1   0    2  146.500253 1.699849 148.399390 0.550515 149.065740 2.934701   6  
  26  1   14   1   1    2  152.497518 2.199533 154.813061 0.053195 154.996406 3.001322   6  
  27  3   14   3   1    2  158.494814 1.616483 160.260683 0.283152 160.660504 3.334499   6  
  28  2   14   2   1    7  164.492092 1.699720 166.324476 0.072657 166.524498 3.467770   6  
  29  1   14   1   1    7  170.506027 1.333255 172.022009 0.056662 172.205264 3.800955   6  
  30  4   14   2   0    7  176.503310 1.133353 177.769398 0.029908 177.919348 4.084154   6  
  31  2   14   2   1    7  182.500588 0.783401 183.450075 0.004228 183.583445 4.417331   6  
  32  4   14   2   0    7  188.497874 0.583592 189.264203 0.000783 189.380809 4.617234   6  
  33  3   14   3   1    5  194.495149 1.366718 196.044455 0.159317 196.327653 3.667693   6  
  34  1   14   1   1    7  200.492442 1.766470 202.424792 0.004512 202.558175 3.434428   6  
  35  3   14   2   0    2  206.489717 1.233324 207.888946 0.493045 208.505472 3.484421   6  
  36  4   14   4   1    1  212.503654 1.949697 214.602703 0.533422 215.252427 2.751393   6  
  37  1   14   2   0    7  218.500940 1.900396 220.533268 0.092371 220.749916 3.251186   6  
  38  3   14   2   0    5  224.498214 1.216555 225.897582 0.000735 226.014188 3.984201   6  
  39  1   14   2   0    5  230.495493 0.966684 231.628162 0.025347 231.778239 4.217430   6  
  40  3   14   4   0    5  236.492769 1.599830 238.225335 0.061479 238.408583 3.584355   6  
  41  1   14   1   1    5  242.490067 1.949878 244.589125 0.056039 244.772366 3.217863   6  
  42  1   14   3   0    1  248.503999 1.983057 250.686368 0.136439 250.952890 3.051273   6  
  43  2   14   2   1    5  254.501287 2.016303 256.683635 0.113320 256.916856 3.084595   6  
  44  3   14   2   0    5  260.498569 1.383153 262.114507 0.000687 262.231114 3.767614   6  
  45  4   14  -1   0    4  266.495843 0.000000 269.011387 0.000368 269.127977 2.868024   6  
  46  3   14   4   0    1  272.493117 1.699742 274.392258 0.065428 274.575524 3.417746   6  
  47  4   14   4   1    1  278.490411 1.933011 280.622780 0.566774 281.305797 2.684764   6  
  48  4   14   4   1    1  284.504354 1.649791 286.403486 0.375917 286.903260 3.101245   6  
  49  4   14   4   1    2  290.501628 1.766549 292.417422 0.085627 292.617340 3.384440   6  
  50  4   14   4   1    2  296.498909 2.399512 299.047756 0.037167 299.214350 2.784707   6  
  51  3   14   4   0    2  302.496185 1.699901 304.361948 0.513548 304.995050 3.001292   6  
  52  1   14   2   0    2  308.493470 2.383034 311.058972 0.118345 311.292205 2.701419   6  
  53  2   14   4   0    2  314.490753 2.100236 316.789720 0.099933 317.006278 2.984620   6  
  54  4   14   2   0    7  320.504702 1.366659 322.003950 0.953811 323.086856 2.917979   6  
  55  4   14   2   0    5  326.501976 1.916362 328.634307 0.130779 328.884235 3.117891   6  
  56  1   14   2   0    2  332.499245 1.300005 334.065214 0.844623 335.031448 2.967954   6  
  57  2   14   2   1    5  338.496536 1.499912 340.179107 0.624671 340.928772 3.067909   6  
  58  4   14   3   0    2  344.493814 1.399783 346.093054 1.007294 347.225911 2.768044   6  
  59  2   14   2   1    2  350.491108 2.033019 352.756748 1.265168 354.139451 1.851791   6  
  60  1   14   2   0    2  356.488376 2.149647 358.837320 0.432324 359.387055 2.601463   6  
]; % This session completes at 28-May-2019 12:37:41, 364.005s after session start, 360s on 60 trials, totally 380.238s.

