%% MetaTwinsDoubleBlind_behave_Conf for '_notguess': starting at niuyuhe (       50.0000000000).7-Jan-2019 18:27:007.374528e+05 for '
record = [
%  n dir coh resp isc conf    osti      rtime     oconf     ctime     oisi       iti   total
   1  4   10   2   0    7    2.498863 1.683004   4.298055 0.277047   4.681211 3.317883   6  
   2  4   10   1   0    2    8.496161 1.633310  10.245358 0.154142  10.511909 3.484411   6  
   3  4   10   4   1    6   14.493433 1.266760  15.876132 0.205309  16.192656 3.800914   6  
   4  2   10   1   0    5   20.490718 1.266690  21.873413 0.348011  22.339862 3.650948   6  
   5  2   10   1   0    1   26.504647 1.999639  28.620360 0.108370  28.836923 3.167954   6  
   6  1   10   4   0    6   32.501918 1.699849  34.317771 0.198795  34.634297 3.367861   6  
   7  1   10   2   0    1   38.499206 1.866450  40.481651 0.260277  40.848140 3.151287   6  
   8  4   10   4   1    5   44.496483 1.050077  45.662631 0.360523  46.129079 3.867628   6  
   9  4   10   2   0    7   50.510420 1.200010  51.826497 0.274433  52.209657 3.800998   6  
  10  1   10   2   0    8   56.507704 1.683227  58.306889 0.532526  58.956592 3.051345   6  
  11  4   10   3   0    4   62.504971 1.999862  64.620689 0.274367  65.003848 3.001369   6  
  12  3   10   1   0    5   68.502261 1.366796  69.984926 0.596998  70.701273 3.301179   6  
  13  2   10   2   1    4   74.499548 1.783109  76.398684 0.201250  76.715214 3.284471   6  
  14  1   10   1   1    6   80.496821 1.450036  82.062776 0.293728  82.462601 3.534326   6  
  15  1   10   2   0    5   86.494113 1.749937  88.359931 0.450421  88.926332 3.067817   6  
  16  4   10   1   0    7   92.508038 1.300084  93.924065 0.251318  94.290562 3.717718   6  
  17  4   10   4   1    8   98.505320 1.916416 100.537736 0.423649 101.070828 2.934729   6  
  18  2   10   4   0    7  104.502603 1.266605 105.885314 0.287785 106.285125 3.717692   6  
  19  3   10   1   0    5  110.499877 2.216320 112.832157 0.544025 113.481859 2.518245   6  
  20  3   10   4   0    3  116.497149 1.866402 118.479585 0.775449 119.362520 2.634876   6  
  21  2   10   4   0    6  122.494423 1.782943 124.393572 0.385880 124.893349 3.101315   6  
  22  2   10   3   0    2  128.491712 1.932931 130.540780 0.492654 131.140504 2.851408   6  
  23  1   10   2   0    4  134.488997 1.816653 136.421457 0.849665 137.387674 2.601491   6  
  24  1   10   1   1    5  140.502939 1.666447 142.285465 0.632443 143.035130 2.967932   6  
  25  1   10   4   0    3  146.500214 1.999786 148.615914 0.681561 149.415554 2.584727   6  
  26  3   10   3   1    1  152.514146 2.166232 154.796440 0.228107 155.146284 2.868096   6  
  27  3   10   4   0    2  158.511428 2.033070 160.660451 0.368810 161.143572 2.868089   6  
  28  2   10   3   0    6  164.508712 1.933092 166.557789 0.336403 167.007577 3.001357   6  
  29  1   10   3   0    7  170.505973 1.550857 172.171899 0.287820 172.571723 3.434505   6  
  30  1   10   4   0    1  176.503259 2.249609 178.868861 0.422855 179.401961 2.601539   6  
  31  2   10   4   0    3  182.500543 1.883165 184.499633 0.444425 185.049384 2.951401   6  
  32  4   10   1   0    6  188.497823 2.199605 190.813436 0.485967 191.413168 2.584878   6  
  33  4   10   3   0    8  194.495115 1.200102 195.811182 0.226187 196.144414 3.850872   6  
  34  2   10   1   0    6  200.492374 1.450031 202.058340 0.284011 202.458157 3.534364   6  
  35  2   10   3   0    7  206.489662 1.216541 207.822397 0.179139 208.122260 3.867511   6  
  36  3   10   1   0    6  212.503599 1.433091 214.052901 0.323373 214.486034 3.517792   6  
  37  1   10   2   0    1  218.500888 2.066319 220.683214 0.099641 220.899797 3.101308   6  
  38  3   10   1   0    4  224.498161 1.666530 226.280692 0.213645 226.613863 3.384527   6  
  39  4   10   4   1    6  230.512099 1.383302 232.011416 0.198626 232.327944 3.684381   6  
  40  1   10   1   1    7  236.509387 1.483026 238.108669 0.380967 238.608435 3.401185   6  
  41  3   10   2   0    5  242.506648 1.866432 244.489086 0.436804 245.038837 2.968058   6  
  42  2   10   4   0    2  248.503945 2.232935 250.852874 0.596447 251.569206 2.434956   6  
  43  2   10   4   0    7  254.501216 1.533200 256.150471 0.069999 256.333721 3.667687   6  
  44  4   10   4   1    5  260.498495 1.783286 262.397627 0.443712 262.947383 3.051262   6  
  45  1   10   1   1    4  266.495775 1.899683 268.511532 0.246032 268.878029 3.117856   6  
  46  1   10   1   1    6  272.493050 2.099639 274.708715 0.995037 275.824877 2.168232   6  
  47  3   10   4   0    7  278.506989 1.299915 279.923031 0.246629 280.289517 3.717707   6  
  48  2   10   1   0    1  284.504269 1.816334 286.436724 0.096648 286.653303 3.351202   6  
  49  3   10   2   0    3  290.501537 1.716528 292.334050 0.469682 292.917125 3.084646   6  
  50  4   10   1   0    1  296.498818 2.083111 298.697838 0.025013 298.831098 3.167953   6  
  51  4   10   3   0    2  302.496109 2.033006 304.645139 0.382218 305.144909 2.851433   6  
  52  4   10   1   0    4  308.493379 1.400074 310.009368 1.016948 311.142175 2.851444   6  
  53  3   10   3   1    7  314.490669 1.999715 316.606375 0.664206 317.389342 2.601542   6  
  54  4   10   2   0    1  320.504607 1.816431 322.437067 0.114951 322.670300 3.334457   6  
  55  4   10   1   0    1  326.501882 1.966438 328.584149 0.524415 329.217330 2.784682   6  
  56  1   10   4   0    8  332.499174 1.483297 334.098429 0.177246 334.381653 3.617583   6  
  57  4   10   2   0    7  338.513091 1.449927 340.079053 0.259230 340.445558 3.567778   6  
  58  1   10   3   0    5  344.510377 2.266202 346.892636 0.800545 347.808884 2.201718   6  
  59  3   10   1   0    6  350.507661 1.566530 352.190227 0.531115 352.839956 3.167936   6  
  60  3   10   3   1    8  356.504932 1.433275 358.054236 0.266546 358.437401 3.567771   6  
  61  2   10   2   1    1  362.502221 2.416033 365.034405 0.099607 365.250976 2.751475   6  
  62  4   10   2   0    1  368.499502 2.016310 370.631857 0.186041 370.931723 3.068008   6  
  63  4   10   4   1    8  374.496796 1.266701 375.879484 0.265727 376.262649 3.734357   6  
  64  1   10   4   0    7  380.494053 1.866483 382.476490 0.337483 382.926289 3.067941   6  
  65  2   10   4   0    5  386.491344 1.683209 388.290514 0.231688 388.640357 3.351125   6  
  66  3   10   3   1    7  392.488611 2.016342 394.620986 0.733544 395.470596 2.518126   6  
  67  3   10   1   0    8  398.502544 1.783177 400.401693 0.297397 400.818173 3.184609   6  
  68  2   10   2   1    8  404.516489 1.483253 406.115778 0.441444 406.665512 3.351222   6  
  69  3   10   4   0    6  410.513772 1.366676 411.996423 0.330349 412.446229 3.567777   6  
  70  4   10   2   0    3  416.511051 1.933013 418.560123 0.404572 419.076553 2.934729   6  
  71  2   10   1   0    1  422.508327 1.949792 424.574058 0.003290 424.690669 3.317897   6  
  72  3   10   4   0    2  428.505604 1.999656 430.621320 0.345172 431.087767 2.918080   6  
  73  1   10   3   0    2  434.502886 2.083025 436.701895 0.095353 436.901822 3.101296   6  
  74  3   10   1   0    6  440.500172 1.783089 442.399320 0.501551 443.015697 2.984673   6  
  75  3   10   3   1    7  446.497444 1.383358 447.996773 0.242521 448.346616 3.650984   6  
  76  1   10   1   1    8  452.494719 1.216701 453.827458 0.118052 454.060684 3.934150   6  
  77  2   10   3   0    1  458.492001 1.799874 460.407802 0.202257 460.724324 3.267745   6  
  78  2   10   2   1    5  464.505939 1.849680 466.471718 0.969475 467.554556 2.451613   6  
  79  4   10   2   0    7  470.503228 2.016349 472.635596 0.186982 472.935462 3.067989   6  
  80  3   10   1   0    2  476.500504 2.266240 478.882754 1.044165 480.032230 1.968500   6  
  81  2   10   3   0    4  482.497780 1.833150 484.446898 0.161567 484.713439 3.284576   6  
  82  2   10   4   0    7  488.495059 1.649843 490.260936 0.236166 490.610775 3.384518   6  
  83  3   10   4   0    5  494.508998 1.766446 496.391487 0.250286 496.757980 3.251262   6  
  84  1   10   2   0    5  500.506283 1.633233 502.255491 0.639147 503.005142 3.001347   6  
  85  1   10   4   0    7  506.503555 1.299823 507.919584 0.247467 508.286081 3.717646   6  
  86  4   10   4   1    6  512.500845 2.133012 514.749817 0.407903 515.266252 2.734710   6  
  87  2   10   4   0    5  518.498107 1.916413 520.530531 0.356445 520.996978 3.001220   6  
  88  3   10   1   0    4  524.512051 1.833129 526.461170 1.075435 527.643977 2.368301   6  
  89  1   10  -1   0    3  530.509323 0.000000 533.024866 0.205777 533.341384 2.668186   6  
  90  2   10   2   1    2  536.506604 1.216734 537.839345 0.010981 537.955966 4.050882   6  
]; % This session completes at 27-Jan-2019 18:36:31, 544.005s after session start, 540s on 90 trials, totally 570.552s.

