%% MetaTwins_RDMsc_training for 'chenkeyi': starting at _feedback (       50.0000000000).2-Jan-2019 11:37:59 for '7.374475e+05': starting at 
record = [
%  n coh dir resp isc ckey conf    osti    dsti oopt   rtime     oconf     ctime     oisi       isi       ofb       oiti       iti   total
   1  15  4    4   1    0    6    2.498523   0    0  2.182434   4.797065 0.611738   5.529932 0.999367   6.529299   7.528679 1.470183   7  
   2  15  1    3   0    0    6    9.494079   0    0  1.616189  11.226314 0.516476  11.859243 0.999358  12.858601  13.857959 1.136406   6  
   3  15  2    2   1    0    5   15.490266   0    0  1.832501  17.488999 0.918648  18.521674 0.999368  19.521042  20.520392 1.470138   7  
   4  15  1    3   0    0    5   22.502469   0    0  2.115772  24.751033 0.888322  25.750408 0.999345  26.749754  27.749121 1.253590   7  
   5  15  1    4   0    0    6   29.498023   0    0  2.082740  31.696631 0.820915  32.629381 0.999351  33.628732  34.628093 1.370150   7  
   6  16  2    2   1    0    6   36.493573   0    0  2.232427  38.842069 0.735020  39.691532 0.999362  40.690893  41.690263 1.303497   7  
   7  16  4    4   1    0    6   43.489126   0    0  1.766140  45.371260 0.675138  46.154091 0.999358  47.153449  48.152818 0.836479   6  
   8  14  3    3   1    0    5   49.501965   0    0  1.516018  51.134258 1.017123  52.266866 0.999361  53.266226  54.265605 0.736505   6  
   9  14  1    2   0    0    5   55.498150   0    0  2.132610  57.763342 0.791087  58.662816 0.999344  59.662160  60.661530 1.336739   7  
  10  14  1    3   0    0    6   62.510357   0    0  2.065694  64.725620 0.774080  65.608386 0.999362  66.607748  67.607116 1.403563   7  
  11  15  4    2   0    0    5   69.505899   0    0  1.199580  70.821738 0.648619  71.587915 0.999369  72.587284  73.586633 1.419599   6  
  12  15  1    3   0    0    5   75.502084   0    0  2.298991  77.917219 1.475792  79.499557 0.999351  80.498908  81.498273 0.504140   7  
  13  16  4    3   0    0    4   82.514289   0    0  1.466293  84.096621 0.088455  84.296506 0.999363  85.295869  86.295226 0.719395   5  
  14  16  3    3   1    0    6   87.511116   0    0  1.116467  88.743678 0.560076  89.409914 0.999359  90.409273  91.408637 0.602806   5  
  15  16  4    4   1    0    5   92.507940   0    0  1.599431  94.223524 0.422632  94.756506 0.999379  95.755886  96.755240 1.253022   6  
  16  14  3    3   1    0    5   98.504130   0    0  1.582826 100.203060 0.756487 101.069161 0.999362 102.068523 103.067879 0.936575   6  
  17  14  2    2   1    0    5  104.500307   0    0  1.782568 106.415589 0.980598 107.515075 0.999343 108.514418 109.513785 1.486854   7  
  18  13  1    3   0    0    5  111.512531   0    0  2.000290 113.627719 1.730008 115.476668 0.999346 116.476014 117.475396 0.537445   7  
  19  13  2    4   0    0    5  118.508076   0    0  1.716031 120.340251 1.044748 121.489517 0.999351 122.488867 123.488228 0.520173   6  
  20  14  2    2   1    0    6  124.504257   0    0  2.382372 127.002612 1.598637 128.718243 0.999351 129.717594 130.716958 1.287635   8  
  21  14  2    3   0    0    5  132.499180   0    0  2.166265 134.797712 0.958254 135.863704 0.999347 136.863051 137.862427 1.137072   7  
  22  14  4    2   0    0    5  139.494719   0    0  2.498875 142.142953 1.630094 143.891931 0.999357 144.891288 145.890649 1.104402   8  
  23  15  1    1   1    0    5  147.506304   0    0  1.782640 149.405085 1.184550 150.704253 0.999357 151.703610 152.702998 1.303635   7  
  24  15  2    3   0    0    5  154.501840   0    0  2.082647 156.733760 0.749438 157.599879 0.999344 158.599224 159.598598 1.403573   7  
  25  15  2    3   0    0    6  161.497382   0    0  1.932499 163.546092 0.414192 164.079090 0.999356 165.078446 166.077815 0.919876   6  
  26  16  4    4   1    0    5  167.493582   0    0  1.282982 168.892700 0.725032 169.725499 0.999350 170.724849 171.724221 1.269639   6  
  27  16  2    3   0    0    5  173.506420   0    0  1.782557 175.405220 0.892271 176.404579 0.999357 177.403936 178.403305 0.603379   6  
  28  16  2    1   0    0    6  179.502615   0    0  1.999213 181.651209 0.813352 182.583994 0.999337 183.583330 184.582705 1.420148   7  
  29  18  3    3   1    0    6  186.498149   0    0  1.166213 187.797337 0.828268 188.746728 0.999347 189.746074 190.745459 1.252927   6  
  30  18  1    1   1    0    6  192.494350   0    0  1.266189 193.893463 0.869871 194.876160 0.999363 195.875523 196.874883 1.119663   6  
  31  16  3    3   1    0    6  198.490528   0    0  1.349551 199.956254 0.516348 200.589185 0.999374 201.588558 202.587916 1.402791   6  
  32  16  2    3   0    0    6  204.486725   0    0  1.865808 206.468593 0.768667 207.351556 0.999367 208.350923 209.350280 0.636579   6  
  33  16  1    4   0    0    5  210.499555   0    0  2.065770 212.681503 0.691725 213.480997 0.999357 214.480354 215.479720 0.519961   6  
  34  18  1    1   1    0    6  216.495750   0    0  1.482851 218.111386 0.595380 218.827606 0.999346 219.826952 220.826308 1.169535   6  
  35  18  4    4   1    0    6  222.508585   0    0  1.366274 223.990977 0.624999 224.723842 0.999358 225.723200 226.722577 1.286337   6  
  36  16  4    4   1    0    6  228.504759   0    0  1.566274 230.187033 0.356499 230.653409 0.999353 231.652762 232.652124 1.352981   6  
  37  16  3    4   0    0    5  234.500952   0    0  2.382217 236.999365 0.539490 237.648957 0.999351 238.648307 239.647675 1.353601   7  
  38  16  4    4   1    0    5  241.513169   0    0  1.915976 243.561876 0.778072 244.461292 0.999354 245.460647 246.460005 0.553480   6  
  39  16  4    4   1    0    5  247.509337   0    0  1.516305 249.141655 1.500848 250.757292 0.999360 251.756652 252.756007 1.253661   7  
  40  14  2    1   0    0    5  254.504892   0    0  2.115848 256.753490 0.680715 257.552972 0.999350 258.552322 259.551682 1.453566   7  
  41  14  3    3   1    0    7  261.500443   0    0  1.416400 263.032811 0.724500 263.865619 0.999355 264.864974 265.864334 1.136431   6  
  42  14  3    3   1    0    5  267.496634   0    0  1.799347 269.412091 0.484282 270.011706 0.999356 271.011062 272.010433 0.986521   6  
  43  13  1    4   0    0    6  273.509470   0    0  1.299708 274.925243 0.800811 275.841335 0.999354 276.840689 277.840053 1.169753   6  
  44  13  3    3   1    0    5  279.505658   0    0  1.932563 281.554329 0.382687 282.054050 0.999340 283.053391 284.052768 0.953227   6  
  45  13  2    4   0    0    6  285.501837   0    0  1.299659 286.917615 0.965409 288.000254 0.999359 288.999612 289.998988 1.003191   6  
  46  13  4    4   1    0    5  291.498031   0    0  1.666072 293.280225 0.775868 294.163008 0.999357 295.162365 296.161725 0.836641   6  
  47  13  3    1   0    0    6  297.494219   0    0  2.015839 299.659510 0.679878 300.459014 0.999355 301.458369 302.457721 0.536823   6  
  48  13  1    4   0    0    5  303.507064   0    0  1.949287 305.572409 0.600725 306.288631 0.999347 307.287978 308.287343 0.720057   6  
  49  14  2   -1   0    0    5  309.503243   0    0  0.000000 312.184814 1.004527 313.300826 0.999365 314.300191 315.299554 0.704021   7  
  50  14  3    2   0    0    5  316.498796   0    0  1.716206 318.347559 0.774659 319.230389 0.999364 320.229753 321.229129 0.769980   6  
  51  14  3    4   0    0    5  322.494988   0    0  1.882632 324.493719 0.654045 325.259889 0.999363 326.259252 327.258634 0.736644   6  
  52  15  2    4   0    0    5  328.491170   0    0  1.932590 330.539860 1.066448 331.722446 0.999359 332.721804 333.721188 1.270237   7  
  53  15  3    3   1    0    6  335.503377   0    0  1.815933 337.452143 1.034516 338.601413 0.999357 339.600770 340.600124 1.403503   7  
  54  15  1    1   1    0    5  342.498930   0    0  1.965992 344.614262 0.576534 345.297139 0.999369 346.296508 347.295873 0.703280   6  
  55  14  1    4   0    0    6  348.495122   0    0  1.782624 350.393902 0.940139 351.443247 0.999351 352.442599 353.441960 0.553364   6  
  56  14  4    4   1    0    6  354.491296   0    0  1.399649 356.007019 0.907797 357.023027 0.999345 358.022373 359.021737 0.969737   6  
  57  14  4    3   0    0    4  360.487490   0    0  1.599457 362.203059 0.090893 362.402943 0.999342 363.402285 364.401652 0.585987   5  
  58  14  3    1   0    0    6  365.500964   0    0  1.332936 366.966703 1.398376 368.482399 0.999355 369.481754 370.481128 0.519978   6  
  59  15  3    3   1    0    5  371.497153   0    0  1.416155 373.029399 1.237853 374.378653 0.999367 375.378020 376.377381 0.619886   6  
  60  15  4    4   1    0    6  377.510000   0    0  1.349653 378.975724 0.297385 379.392131 0.999357 380.391488 381.390861 0.619454   5  
]; % This session completes at 22-Jan-2019 11:47:41, 384.004s after session start, 380s on 60 trials, totally 581.721s, correctness is 48.333%.

