%% MetaTwins_RDMsc_training for 'guozhangxi': starting at _feedback (       49.0000000000).6-Mar-2019 16:21:16 for '7.375007e+05': starting at 
record = [
%  n coh dir resp isc ckey conf    osti    dsti oopt   rtime     oconf     ctime     oisi       isi       ofb       oiti       iti   total
   1  14  1    3   0    0    6    2.498979   0    0  1.699376   4.314475 1.056541   5.480412 0.999354   6.479766   7.479128 0.520163   6  
   2  14  3    2   0    0    3    8.495140   0    0  1.616060  10.227391 1.096672  11.443273 0.999347  12.442620  13.441980 0.553481   6  
   3  15  1    3   0    0    5   14.507990   0    0  1.482786  16.106984 1.033183  17.256227 0.999381  18.255608  19.254965 0.753334   6  
   4  15  4    4   1    0    7   20.504172   0    0  1.865912  22.502900 0.899031  23.518906 0.999363  24.518270  25.517634 1.486842   7  
   5  15  1    2   0    0    5   27.499704   0    0  1.249643  28.865499 0.775069  29.748273 0.999350  30.747623  31.746997 1.253032   6  
   6  15  4    2   0    0    7   33.495890   0    0  1.249643  34.861676 0.673137  35.644522 0.999366  36.643888  37.643258 1.352919   6  
   7  16  3    1   0    0    3   39.492070   0    0  1.999219  41.607384 1.100877  42.823278 0.999365  43.822643  44.822002 1.170350   7  
   8  16  4    2   0    0    2   46.504261   0    0  1.199925  47.820057 1.369354  49.302489 0.999349  50.301838  51.301203 0.703340   6  
   9  18  2    2   1    0    5   52.500442   0    0  1.649211  54.265988 1.218033  55.598469 0.999361  56.597830  57.597188 1.403512   7  
  10  18  3    4   0    0    7   59.495999   0    0  1.349507  60.961736 0.981147  62.061024 0.999361  63.060385  64.059750 0.936494   6  
  11  18  4    4   1    0    6   65.492172   0    0  2.482216  68.090511 1.131679  69.339728 0.999383  70.339110  71.338446 0.653967   7  
  12  18  3    4   0    0    5   72.504364   0    0  1.782603  74.403147 1.311025  75.818924 0.999353  76.818277  77.817638 1.186962   7  
  13  18  2    2   1    0    4   79.499903   0    0  1.632832  81.248852 1.204669  82.564633 0.999353  83.563986  84.563359 1.436779   7  
  14  18  3    4   0    0    3   86.495460   0    0  1.632676  88.244348 1.383844  89.743381 0.999362  90.742743  91.742094 1.253588   7  
  15  18  2    2   1    0    8   93.491005   0    0  0.999664  94.606949 1.063257  95.789532 0.999347  96.788880  97.788264 1.202941   6  
  16  18  1    4   0    0    8   99.503836   0    0  1.132936 100.753049 0.524135 101.385967 0.999367 102.385334 103.384695 0.619341   5  
  17  18  3    3   1    0    7  104.500657   0    0  1.566076 106.182909 0.686888 106.982410 0.999344 107.981754 108.981123 1.019739   6  
  18  18  2    2   1    0    6  110.496826   0    0  1.532863 112.145782 0.738894 112.995246 0.999347 113.994592 114.993964 1.003055   6  
  19  16  2    4   0    0    7  116.493011   0    0  1.666036 118.275017 0.698079 119.091349 0.999359 120.090707 121.090074 0.903114   6  
  20  16  3   -1   0    0    3  122.489202   0    0  0.000000 125.004125 0.014663 125.137511 0.999356 126.136867 127.136224 0.853136   6  
  21  16  4    4   1    0    8  128.502023   0    0  1.116375 129.734563 0.714924 130.567380 0.999349 131.566729 132.566096 1.436088   6  
  22  16  3    3   1    0    7  134.498206   0    0  1.516105 136.163844 0.757273 137.029929 0.999353 138.029282 139.028648 0.969707   6  
  23  14  4    4   1    0    7  140.494368   0    0  2.082429 142.692948 0.816895 143.625727 0.999365 144.625092 145.624442 1.370090   7  
  24  14  1    1   1    0    6  147.489922   0    0  1.632601 149.238814 0.894765 150.254913 0.999269 151.254182 152.253560 0.736499   6  
  25  13  1    1   1    0    3  153.486097   0    0  2.382226 155.984464 0.970085 157.067167 0.999351 158.066518 159.065884 0.920348   7  
  26  13  2    2   1    0    5  160.498310   0    0  2.165543 162.780184 0.953246 163.846172 0.999361 164.845532 165.844896 1.153532   7  
  27  12  1    3   0    0    6  167.493852   0    0  2.215527 169.825699 1.224904 171.158187 0.999349 172.157536 173.156908 0.837050   7  
  28  12  4    2   0    0    7  174.506050   0    0  1.483017 176.121687 0.695652 176.937841 0.999345 177.937186 178.936555 1.069821   6  
  29  13  2    4   0    0    3  180.502238   0    0  2.398839 183.017303 0.912174 184.049977 0.999352 185.049328 186.048683 0.953873   7  
  30  13  4    4   1    0    7  187.514423   0    0  1.282828 188.913500 0.617574 189.646407 0.999362 190.645769 191.645134 1.369627   6  
  31  13  4    4   1    0    8  193.510613   0    0  1.134075 194.776472 0.469962 195.359431 0.999360 196.358791 197.358163 0.652772   5  
  32  12  3    3   1    0    5  198.507426   0    0  1.782525 200.406226 0.591898 201.105776 0.999366 202.105142 203.104491 0.903262   6  
  33  12  2    4   0    0    6  204.503593   0    0  1.282928 205.902705 0.743399 206.752180 0.999355 207.751535 208.750884 1.253044   6  
  34  12  4    4   1    0    2  210.516434   0    0  2.232310 212.864948 0.885153 213.864318 0.999361 214.863679 215.863029 1.153732   7  
  35  12  3    3   1    0    7  217.511985   0    0  2.498784 220.126995 0.480498 220.726604 0.999374 221.725977 222.725320 1.286983   7  
  36  11  1    4   0    0    3  224.507527   0    0  1.732608 226.356364 0.994851 227.472303 0.999353 228.471656 229.471037 0.536815   6  
  37  11  2    2   1    0    6  230.503708   0    0  2.449948 233.068734 0.838128 234.018133 0.999361 235.017494 236.016863 0.987162   7  
  38  11  2    3   0    0    5  237.499249   0    0  1.332945 238.948328 0.797189 239.864406 0.999366 240.863773 241.863130 1.136432   6  
  39  11  2    2   1    0    6  243.512074   0    0  1.449344 245.077697 0.908753 246.093780 0.999356 247.093136 248.092496 0.919911   6  
  40  11  3    3   1    0    5  249.508264   0    0  1.599336 251.223844 0.814162 252.156581 0.999364 253.155945 254.155314 0.853277   6  
  41  10  1    1   1    0    5  255.504434   0    0  1.599376 257.219996 1.028417 258.369283 0.999366 259.368649 260.367986 0.636780   6  
  42  10  2    3   0    0    6  261.500612   0    0  2.049125 263.665915 0.647206 264.432064 0.999386 265.431450 266.430825 0.570127   6  
  43  10  4    4   1    0    7  267.513461   0    0  1.749420 269.378732 0.735118 270.228404 0.999347 271.227751 272.227130 0.786682   6  
  44  10  1    1   1    0    3  273.509648   0    0  2.498785 276.124638 0.956427 277.190633 0.999364 278.189997 279.189364 0.820611   7  
  45   9  3    3   1    0    5  280.505178   0    0  1.899277 282.520570 0.608939 283.236775 0.999367 284.236142 285.235505 0.770001   6  
  46   9  3   -1   0    0    1  286.501375   0    0  0.000000 289.016416 0.138185 289.266275 0.999351 290.265626 291.264989 0.736690   6  
  47   9  4    3   0    0    2  292.497534   0    0  1.832403 294.446227 0.746420 295.312412 0.999354 296.311766 297.311141 0.686727   6  
  48   9  2    1   0    0    2  298.510381   0    0  1.882473 300.509111 0.931491 301.558441 0.999358 302.557799 303.557163 1.453537   7  
  49  10  1    1   1    0    4  305.505910   0    0  1.682849 307.304778 0.992020 308.404077 0.999354 309.403431 310.402800 0.603443   6  
  50  10  4    3   0    0    5  311.502096   0    0  1.749238 313.367592 1.028808 314.516851 0.999351 315.516202 316.515569 1.486848   7  
  51  10  3   -1   0    0    1  318.497646   0    0  0.000000 321.012741 0.041452 321.162622 0.999355 322.161976 323.161331 0.836644   6  
  52  10  1    2   0    0    6  324.510493   0    0  1.432600 326.059501 0.569720 326.742383 0.999362 327.741744 328.741113 1.269691   6  
  53  11  1    2   0    0    1  330.506662   0    0  1.582704 332.205583 0.716339 333.038383 0.999369 334.037752 335.037108 0.969877   6  
  54  11  4    3   0    0    2  336.502836   0    0  2.098971 338.734717 0.682885 339.534244 0.999363 340.533607 341.532985 1.470181   7  
  55  12  1    1   1    0    3  343.498379   0    0  1.516315 345.130501 0.730674 345.980132 0.999359 346.979491 347.978861 1.019849   6  
  56  12  2    3   0    0    2  349.511235   0    0  2.215621 351.843072 0.920196 352.875742 0.999369 353.875111 354.874473 1.137064   7  
  57  12  1    1   1    0    5  356.506763   0    0  1.782643 358.405557 0.733329 359.255016 0.999353 360.254369 361.253737 0.753361   6  
  58  12  3    3   1    0    8  362.503024   0    0  1.949155 364.568297 0.912179 365.600967 0.999368 366.600334 367.599688 1.403573   7  
  59  11  4   -1   0    0    4  369.498487   0    0  0.000000 372.013430 0.145704 372.280044 0.999363 373.279408 374.278783 0.720034   6  
  60  11  2    4   0    0    7  375.494659   0    0  1.965837 377.576641 0.975223 378.659321 0.999356 379.658677 380.658036 1.336949   7  
]; % This session completes at 16-Mar-2019 16:28:05, 384.003s after session start, 380s on 60 trials, totally 409.088s, correctness is 48.333%.

