%% MetaTwins_RDMsc_training for 'liufang': starting at _nofeedback (       48.0000000000).9-Mar-2019 11:53:43 for '7.374935e+05': starting at 
record = [
%  n coh dir resp isc ckey conf    osti    dsti oopt   rtime     oconf     ctime     oisi    isi ofb    oiti       iti   total
   1  15  4    4   1    0    7    2.498869   0    0  1.333322   3.948218 0.651130   4.714528  0   0    4.714528 1.284570   4  
   2  15  3    3   1    0    6    6.497055   0    0  1.716465   8.329563 0.934293   9.379086  0   0    9.379086 0.618195   4  
   3  14  3    3   1    0    1   10.495237   0    0  1.983055  12.594299 1.068486  13.777088  0   0   13.777088 1.218393   5  
   4  14  2    2   1    0    8   15.492986   0    0  1.216757  16.825712 0.428701  17.358807  0   0   17.358807 0.634406   3  
   5  13  4    4   1    0    8   18.508294   0    0  1.716530  20.340789 0.420137  20.873883  0   0   20.873883 1.134620   4  
   6  13  3    3   1    0    2   22.506473   0    0  2.416233  25.038653 1.291927  26.438021  0   0   26.438021 0.568684   5  
   7  12  2   -1   0    0    4   27.504203   0    0  0.000000  30.019748 0.072057  30.202988  0   0   30.202988 0.801450   4  
   8  12  4    4   1    0    7   31.502397   0    0  1.449855  33.068356 1.256771  34.434397  0   0   34.434397 0.568227   4  
   9  12  4    4   1    0    5   35.500587   0    0  1.916490  37.533009 0.828291  38.465909  0   0   38.465909 0.534908   4  
  10  11  3    3   1    0    1   39.498776   0    0  2.132924  41.747755 1.127293  42.980529  0   0   42.980529 1.018475   5  
  11  11  1    1   1    0    1   44.496517   0    0  1.833030  46.462281 0.945165  47.511823  0   0   47.511823 1.484914   5  
  12  10  1    2   0    0    5   49.494251   0    0  2.016364  51.676577 0.986748  52.776095  0   0   52.776095 1.218388   5  
  13  10  1    2   0    0    1   54.508646   0    0  1.783133  56.441098 0.663533  57.224080  0   0   57.224080 0.784795   4  
  14  11  4    4   1    0    5   58.506835   0    0  1.283382  59.906192 0.984442  61.005707  0   0   61.005707 1.001360   4  
  15  11  3    3   1    0    6   62.505016   0    0  1.649883  64.270890 1.242225  65.620283  0   0   65.620283 1.384970   5  
  16  10  4    4   1    0    5   67.502766   0    0  1.966296  69.585143 1.435798  71.134450  0   0   71.134450 0.868543   5  
  17  10  3    3   1    0    1   72.500490   0    0  2.066272  74.682769 0.965439  75.765689  0   0   75.765689 1.235041   5  
  18   9  4    4   1    0   -1   77.498239   0    0  2.233564  79.847174 0.000000  81.846205  0   0   81.846205 1.152248   6  
  19   9  4    4   1    0    1   83.495514   0    0  2.032838  85.644538 1.159870  86.910640  0   0   86.910640 1.085107   5  
  20   9  2    1   0    0    2   88.509918   0    0  2.166132  90.792214 1.658985  92.558074  0   0   92.558074 1.452056   6  
  21   9  3    2   0    0    2   94.507189   0    0  2.349603  96.972745 1.397495  98.488724  0   0   98.488724 0.518692   5  
  22  10  1    2   0    0    3   99.504927   0    0  1.866367 101.504035 1.290019 102.903389  0   0  102.903389 1.101783   5  
  23  10  4    4   1    0   -1  104.502676   0    0  1.533158 106.151920 0.000000 108.150961  0   0  108.150961 0.851933   5  
  24  10  3    4   0    0    2  109.500416   0    0  1.999654 111.616103 1.069613 112.798913  0   0  112.798913 1.201716   5  
  25  11  1    1   1    0    5  114.498145   0    0  1.499786 116.114069 0.928874 117.163602  0   0  117.163602 0.834766   4  
  26  11  3    3   1    0    2  118.496327   0    0  1.649845 120.262201 1.705154 122.078038  0   0  122.078038 0.918518   5  
  27  10  2    2   1    0    4  123.494068   0    0  2.199700 125.809695 1.689075 127.608876  0   0  127.608876 1.385417   6  
  28  10  1    3   0    0    2  129.507998   0    0  2.366271 131.990220 1.304545 133.406255  0   0  133.406255 0.601991   5  
  29  10  3    2   0    0    4  134.505755   0    0  1.883170 136.504839 1.500390 138.120781  0   0  138.120781 0.885194   5  
  30  11  1    1   1    0    6  139.503477   0    0  1.366552 140.986135 1.235609 142.335532  0   0  142.335532 0.668173   4  
  31  11  3    3   1    0    6  143.501679   0    0  2.132775 145.750653 1.255269 147.116702  0   0  147.116702 0.885201   5  
  32  10  1    3   0    0    2  148.499415   0    0  2.116313 150.731732 1.427604 152.264377  0   0  152.264377 0.735253   5  
  33  10  3    2   0    0    3  153.497145   0    0  2.216317 155.829420 1.959348 157.895155  0   0  157.895155 1.102221   6  
  34  11  2    2   1    0   -1  159.511084   0    0  1.983025 161.610145 0.000000 163.609186  0   0  163.609186 1.402141   6  
  35  11  2    1   0    0    1  165.508369   0    0  1.483271 167.157629 0.924043 168.190483  0   0  168.190483 0.818115   4  
  36  11  2    2   1    0    6  169.506551   0    0  1.350321 170.972556 1.206957 172.288638  0   0  172.288638 0.718151   4  
  37  11  2   -1   0    0    3  173.504747   0    0  0.000000 176.020284 0.171696 176.303485  0   0  176.303485 0.701487   4  
  38  11  4    2   0    0    8  177.502936   0    0  1.250003 178.868988 1.717577 180.701500  0   0  180.701500 1.301665   5  
  39  11  2    2   1    0    3  182.500669   0    0  2.216205 184.832958 1.112488 186.065731  0   0  186.065731 0.935173   5  
  40  11  1    1   1    0    3  187.498406   0    0  1.766302 189.380898 1.358673 190.846901  0   0  190.846901 1.151763   5  
  41  10  1    2   0    0    4  192.496141   0    0  1.683199 194.295333 1.633419 196.044543  0   0  196.044543 0.951833   5  
  42  10  2    2   1    0    3  197.510547   0    0  1.883016 199.509643 1.170251 200.792399  0   0  200.792399 1.218377   5  
  43  10  1    1   1    0    1  202.508281   0    0  2.016314 204.640643 1.218371 205.973371  0   0  205.973371 1.035131   5  
  44   9  3    3   1    0    7  207.506016   0    0  1.516481 209.138628 1.372116 210.621271  0   0  210.621271 1.384980   5  
  45   9  1    2   0    0   -1  212.503755   0    0  1.916312 214.536167 0.000000 216.535212  0   0  216.535212 1.468770   6  
  46   9  4    4   1    0    8  218.501040   0    0  1.300217 219.917072 0.827392 220.849973  0   0  220.849973 1.151294   4  
  47   8  2    3   0    0    6  222.499221   0    0  1.549731 224.165131 0.607848 224.881485  0   0  224.881485 1.117968   4  
  48   8  1    4   0    0    6  226.497412   0    0  1.616493 228.229961 0.553982 228.896325  0   0  228.896325 1.101325   4  
  49   9  4    4   1    0    6  230.512272   0    0  1.183408 231.811689 0.379144 232.311447  0   0  232.311447 0.701041   3  
  50   9  4    3   0    0    2  233.510899   0    0  1.983010 235.609957 0.829209 236.559521  0   0  236.559521 1.451614   5  
  51   9  2    4   0    0    2  238.508644   0    0  1.549623 240.174568 0.892135 241.174106  0   0  241.174106 0.834796   4  
  52  10  4    4   1    0    2  242.506835   0    0  1.850083 244.472604 1.555183 246.138526  0   0  246.138526 0.868535   5  
  53  10  1    4   0    0    2  247.504570   0    0  2.016412 249.636926 1.470212 251.219551  0   0  251.219551 0.785246   5  
  54  10  2    3   0    0    2  252.502304   0    0  1.649927 254.268168 1.312985 255.700857  0   0  255.700857 1.301671   5  
  55  11  1    1   1    0    5  257.500031   0    0  1.700588 259.332440 0.977336 260.415385  0   0  260.415385 0.584889   4  
  56  11  3    2   0    0    3  261.498233   0    0  2.382858 263.997095 0.924332 265.029966  0   0  265.029966 0.968492   5  
  57  11  2    2   1    0    8  266.512628   0    0  1.116699 267.745394 0.679405 268.545037  0   0  268.545037 1.467810   4  
  58  11  2   -1   0    0    4  270.510816   0    0  0.000000 273.026347 0.315399 273.459483  0   0  273.459483 0.551556   4  
  59  11  4    4   1    0    6  274.509006   0    0  1.499739 276.124939 0.998830 277.241095  0   0  277.241095 0.768142   4  
  60  10  3    4   0    0    2  278.507191   0    0  1.566677 280.189774 0.623884 280.922781  0   0  280.922781 1.084637   4  
]; % This session completes at 09-Mar-2019 11:58:44, 284.004s after session start, 280s on 60 trials, totally 300.279s, correctness is 58.333%.

