[2018-12-31 15:53:51.375] Calling `MetaTwins_RDMsc_training` for `maoming` at 31-Dec-2018 15:53:51(737425.6623965047).
[2018-12-31 15:54:04.490] Initial coherence is 30 .
                          Running MetaTwins_RDMsc_training('maoming', 1, [2018-12-31 15:54:04.580] Session 1 has 60 trials, requires 454s, 7.5s per trial.
[2018-12-31 15:54:05.584] Trying to open PTB window...
[easyPTB Info] Using 14.0 inch screen with PPI=157.8


PTB-INFO: This is Psychtoolbox-3 for Microsoft Windows, under Matlab 64-Bit (Version 3.0.14 - Build date: Oct  3 2017).
PTB-INFO: Support status on this operating system release: Windows version 10.0 supported and tested to some limited degree.
PTB-INFO: Type 'PsychtoolboxVersion' for more detailed version information.
PTB-INFO: Most parts of the Psychtoolbox distribution are licensed to you under terms of the MIT License, with
PTB-INFO: some restrictions. See file 'License.txt' in the Psychtoolbox root folder for the exact licensing conditions.

PTB-INFO: The detected endline of the vertical blank interval is equal or lower than the startline. This indicates
PTB-INFO: that i couldn't detect the duration of the vertical blank interval and won't be able to correct timestamps
PTB-INFO: for it. This will introduce a very small and constant offset (typically << 1 msec). Read 'help BeampositionQueries'
PTB-INFO: for how to correct this, should you really require that last few microseconds of precision.
PTB-INFO: Btw. this can also mean that your systems beamposition queries are slightly broken. It may help timing precision to
PTB-INFO: enable the beamposition workaround, as explained in 'help ConserveVRAMSettings', section 'kPsychUseBeampositionQueryWorkaround'.


PTB-INFO: OpenGL-Renderer is NVIDIA Corporation :: GeForce 940MX/PCIe/SSE2 :: 4.6.0 NVIDIA 398.36
PTB-INFO: VBL startline = 1080 , VBL Endline = 1080
PTB-INFO: Measured monitor refresh interval from beamposition = 16.659094 ms [60.027274 Hz].
PTB-INFO: Will use beamposition query for accurate Flip time stamping.
PTB-INFO: Measured monitor refresh interval from VBLsync = 16.666056 ms [60.002198 Hz]. (50 valid samples taken, stddev=0.122609 ms.)
PTB-INFO: Reported monitor refresh interval from operating system = 16.666667 ms [60.000000 Hz].
PTB-INFO: Small deviations between reported values are normal and no reason to worry.
PTB-INFO: Anti-Aliasing with 8 samples per pixel enabled.
PTB-INFO: ==============================================================================================================================
PTB-INFO: WINDOWS DWM DESKTOP COMPOSITOR IS ACTIVE. On this Windows-10 or later system, Psychtoolbox can no longer reliably detect if
PTB-INFO: this will cause trouble for timing and integrity of visual stimuli or not. You might be just fine, or you could be in trouble.
PTB-INFO: Use external measurement equipment and independent procedures to verify reliability of timing if you care about proper timing.
PTB-INFO: ==============================================================================================================================
[2018-12-31 15:54:08.415] PTB window opened.
[2018-12-31 15:54:08.657] Preparation slide displayed.
[2018-12-31 15:54:31.780] fMRI trigger recieved. 0 secs before recording, 2 secs before task.
                          time stamp 25102.7336229395, Flip delay: 0.0166772028.
[2018-12-31 16:00:02.765] 60 trials finished in 329s.
       icoh: 30
    session: 1
    lastcoh: 24

[2018-12-31 16:00:06.250] This session completes at 31-Dec-2018 16:00:05, 333.294s after session start, 329s on 60 trials, totally 373.999s, correctness is 68.333%.


corr_isc_conf: 0.0788

AUC: 0.5813
[2018-12-31 16:00:08.555] MetaTwins_RDMsc_training ends at 31-Dec-2018 16:00:08(737425.6667655671), totally 6min17.487s passed.



[2018-12-31 16:00:22.128] Calling `MetaTwins_RDMsc_training` for `maoming` at 31-Dec-2018 16:00:22(737425.6669223843).
                          Running MetaTwins_RDMsc_training('maoming', 2, [2018-12-31 16:00:22.160] Session 2 has 60 trials, requires 454s, 7.5s per trial.
[2018-12-31 16:00:23.162] Trying to open PTB window...
[easyPTB Info] Using 14.0 inch screen with PPI=157.8


PTB-INFO: This is Psychtoolbox-3 for Microsoft Windows, under Matlab 64-Bit (Version 3.0.14 - Build date: Oct  3 2017).
PTB-INFO: Support status on this operating system release: Windows version 10.0 supported and tested to some limited degree.
PTB-INFO: Type 'PsychtoolboxVersion' for more detailed version information.
PTB-INFO: Most parts of the Psychtoolbox distribution are licensed to you under terms of the MIT License, with
PTB-INFO: some restrictions. See file 'License.txt' in the Psychtoolbox root folder for the exact licensing conditions.

PTB-INFO: The detected endline of the vertical blank interval is equal or lower than the startline. This indicates
PTB-INFO: that i couldn't detect the duration of the vertical blank interval and won't be able to correct timestamps
PTB-INFO: for it. This will introduce a very small and constant offset (typically << 1 msec). Read 'help BeampositionQueries'
PTB-INFO: for how to correct this, should you really require that last few microseconds of precision.
PTB-INFO: Btw. this can also mean that your systems beamposition queries are slightly broken. It may help timing precision to
PTB-INFO: enable the beamposition workaround, as explained in 'help ConserveVRAMSettings', section 'kPsychUseBeampositionQueryWorkaround'.


PTB-INFO: OpenGL-Renderer is NVIDIA Corporation :: GeForce 940MX/PCIe/SSE2 :: 4.6.0 NVIDIA 398.36
PTB-INFO: VBL startline = 1080 , VBL Endline = 1080
PTB-INFO: Measured monitor refresh interval from beamposition = 16.658978 ms [60.027694 Hz].
PTB-INFO: Will use beamposition query for accurate Flip time stamping.
PTB-INFO: Measured monitor refresh interval from VBLsync = 16.668714 ms [59.992631 Hz]. (50 valid samples taken, stddev=0.172310 ms.)
PTB-INFO: Reported monitor refresh interval from operating system = 16.666667 ms [60.000000 Hz].
PTB-INFO: Small deviations between reported values are normal and no reason to worry.
PTB-INFO: Anti-Aliasing with 8 samples per pixel enabled.
PTB-INFO: ==============================================================================================================================
PTB-INFO: WINDOWS DWM DESKTOP COMPOSITOR IS ACTIVE. On this Windows-10 or later system, Psychtoolbox can no longer reliably detect if
PTB-INFO: this will cause trouble for timing and integrity of visual stimuli or not. You might be just fine, or you could be in trouble.
PTB-INFO: Use external measurement equipment and independent procedures to verify reliability of timing if you care about proper timing.
PTB-INFO: ==============================================================================================================================
[2018-12-31 16:00:26.192] PTB window opened.
[2018-12-31 16:00:26.351] Preparation slide displayed.
[2018-12-31 16:00:31.350] fMRI trigger recieved. 0 secs before recording, 2 secs before task.
                          time stamp 25462.3031399482, Flip delay: 0.0166567241.
[2018-12-31 16:05:51.333] 60 trials finished in 318s.
       icoh: 30
    session: 2
    lastcoh: 16

[2018-12-31 16:05:53.947] This session completes at 31-Dec-2018 16:05:53, 322.004s after session start, 318s on 60 trials, totally 331.242s, correctness is 73.333%.


corr_isc_conf: 0.0258

AUC: 0.5094
[2018-12-31 16:05:54.050] MetaTwins_RDMsc_training ends at 31-Dec-2018 16:05:54(737425.6707644444), totally 5min31.954s passed.



