[2019-01-06 15:13:43.129] Calling `MetaTwins_RDMsc_training` for `shiwei` at 06-Jan-2019 15:13:43(737431.6345268982).
[2019-01-06 15:13:47.298] Initial coherence is 20 .
                          Running MetaTwins_RDMsc_training('shiwei', 1, [2019-01-06 15:13:47.319] Session 1 has 60 trials, requires 454s, 7.5s per trial.
[2019-01-06 15:13:48.310] Trying to open PTB window...
[easyPTB Info] Using 14.0 inch screen with PPI=157.8


PTB-INFO: This is Psychtoolbox-3 for Microsoft Windows, under Matlab 64-Bit (Version 3.0.14 - Build date: Oct  3 2017).
PTB-INFO: Support status on this operating system release: Windows version 10.0 supported and tested to some limited degree.
PTB-INFO: Type 'PsychtoolboxVersion' for more detailed version information.
PTB-INFO: Most parts of the Psychtoolbox distribution are licensed to you under terms of the MIT License, with
PTB-INFO: some restrictions. See file 'License.txt' in the Psychtoolbox root folder for the exact licensing conditions.

PTB-INFO: The detected endline of the vertical blank interval is equal or lower than the startline. This indicates
PTB-INFO: that i couldn't detect the duration of the vertical blank interval and won't be able to correct timestamps
PTB-INFO: for it. This will introduce a very small and constant offset (typically << 1 msec). Read 'help BeampositionQueries'
PTB-INFO: for how to correct this, should you really require that last few microseconds of precision.
PTB-INFO: Btw. this can also mean that your systems beamposition queries are slightly broken. It may help timing precision to
PTB-INFO: enable the beamposition workaround, as explained in 'help ConserveVRAMSettings', section 'kPsychUseBeampositionQueryWorkaround'.


PTB-INFO: OpenGL-Renderer is NVIDIA Corporation :: GeForce 940MX/PCIe/SSE2 :: 4.6.0 NVIDIA 391.25
PTB-INFO: VBL startline = 1080 , VBL Endline = 1080
PTB-INFO: Measured monitor refresh interval from beamposition = 16.658839 ms [60.028194 Hz].
PTB-INFO: Will use beamposition query for accurate Flip time stamping.
PTB-INFO: Measured monitor refresh interval from VBLsync = 16.660314 ms [60.022878 Hz]. (50 valid samples taken, stddev=0.135120 ms.)
PTB-INFO: Reported monitor refresh interval from operating system = 16.666667 ms [60.000000 Hz].
PTB-INFO: Small deviations between reported values are normal and no reason to worry.
PTB-INFO: Anti-Aliasing with 8 samples per pixel enabled.
PTB-INFO: ==============================================================================================================================
PTB-INFO: WINDOWS DWM DESKTOP COMPOSITOR IS ACTIVE. On this Windows-10 or later system, Psychtoolbox can no longer reliably detect if
PTB-INFO: this will cause trouble for timing and integrity of visual stimuli or not. You might be just fine, or you could be in trouble.
PTB-INFO: Use external measurement equipment and independent procedures to verify reliability of timing if you care about proper timing.
PTB-INFO: ==============================================================================================================================
[2019-01-06 15:13:51.023] PTB window opened.
[2019-01-06 15:13:51.153] Preparation slide displayed.
[2019-01-06 15:14:22.256] fMRI trigger recieved. 0 secs before recording, 2 secs before task.
                          time stamp 85394.0391262873, Flip delay: 0.0166609768.
[2019-01-06 15:19:57.239] 60 trials finished in 333s.
         icoh: 20
      session: 1
      lastcoh: 16
    recentcoh: 13.8000
[2019-01-06 15:19:59.773] This session completes at 06-Jan-2019 15:19:59, 337.004s after session start, 333s on 60 trials, totally 376.118s, correctness is 48.333%.


corr_isc_conf: 0.2144

AUC: 0.5981
[2019-01-06 15:19:59.817] MetaTwins_RDMsc_training ends at 06-Jan-2019 15:19:59(737431.6388867708), totally 6min16.693s passed.



[2019-01-06 15:20:14.641] Calling `MetaTwins_RDMsc_training` for `shiwei` at 06-Jan-2019 15:20:14(737431.6390582987).
                          Running MetaTwins_RDMsc_training('shiwei', 2, [2019-01-06 15:20:14.661] Session 2 has 60 trials, requires 454s, 7.5s per trial.
[2019-01-06 15:20:15.656] Trying to open PTB window...
[easyPTB Info] Using 14.0 inch screen with PPI=157.8


PTB-INFO: This is Psychtoolbox-3 for Microsoft Windows, under Matlab 64-Bit (Version 3.0.14 - Build date: Oct  3 2017).
PTB-INFO: Support status on this operating system release: Windows version 10.0 supported and tested to some limited degree.
PTB-INFO: Type 'PsychtoolboxVersion' for more detailed version information.
PTB-INFO: Most parts of the Psychtoolbox distribution are licensed to you under terms of the MIT License, with
PTB-INFO: some restrictions. See file 'License.txt' in the Psychtoolbox root folder for the exact licensing conditions.

PTB-INFO: The detected endline of the vertical blank interval is equal or lower than the startline. This indicates
PTB-INFO: that i couldn't detect the duration of the vertical blank interval and won't be able to correct timestamps
PTB-INFO: for it. This will introduce a very small and constant offset (typically << 1 msec). Read 'help BeampositionQueries'
PTB-INFO: for how to correct this, should you really require that last few microseconds of precision.
PTB-INFO: Btw. this can also mean that your systems beamposition queries are slightly broken. It may help timing precision to
PTB-INFO: enable the beamposition workaround, as explained in 'help ConserveVRAMSettings', section 'kPsychUseBeampositionQueryWorkaround'.


PTB-INFO: OpenGL-Renderer is NVIDIA Corporation :: GeForce 940MX/PCIe/SSE2 :: 4.6.0 NVIDIA 391.25
PTB-INFO: VBL startline = 1080 , VBL Endline = 1080
PTB-INFO: Measured monitor refresh interval from beamposition = 16.658855 ms [60.028135 Hz].
PTB-INFO: Will use beamposition query for accurate Flip time stamping.
PTB-INFO: Measured monitor refresh interval from VBLsync = 16.663826 ms [60.010228 Hz]. (50 valid samples taken, stddev=0.152586 ms.)
PTB-INFO: Reported monitor refresh interval from operating system = 16.666667 ms [60.000000 Hz].
PTB-INFO: Small deviations between reported values are normal and no reason to worry.
PTB-INFO: Anti-Aliasing with 8 samples per pixel enabled.
PTB-INFO: ==============================================================================================================================
PTB-INFO: WINDOWS DWM DESKTOP COMPOSITOR IS ACTIVE. On this Windows-10 or later system, Psychtoolbox can no longer reliably detect if
PTB-INFO: this will cause trouble for timing and integrity of visual stimuli or not. You might be just fine, or you could be in trouble.
PTB-INFO: Use external measurement equipment and independent procedures to verify reliability of timing if you care about proper timing.
PTB-INFO: ==============================================================================================================================
[2019-01-06 15:20:18.714] PTB window opened.
[2019-01-06 15:20:18.844] Preparation slide displayed.
[2019-01-06 15:20:20.527] fMRI trigger recieved. 0 secs before recording, 2 secs before task.
                          time stamp 85752.3100268522, Flip delay: 0.0167025459.
[2019-01-06 15:25:57.509] 60 trials finished in 335s.
         icoh: 20
      session: 2
      lastcoh: 11
    recentcoh: 12.4000
[2019-01-06 15:26:01.870] This session completes at 06-Jan-2019 15:25:59, 339.003s after session start, 335s on 60 trials, totally 344.876s, correctness is 48.333%.


corr_isc_conf: 0.3202

AUC: 0.6564
[2019-01-06 15:26:01.915] MetaTwins_RDMsc_training ends at 06-Jan-2019 15:26:01(737431.6430777200), totally 5min47.278s passed.



[2019-01-06 15:26:21.308] Calling `MetaTwins_RDMsc_training` for `shiwei` at 06-Jan-2019 15:26:21(737431.6433021412).
                          Running MetaTwins_RDMsc_training('shiwei', 3, [2019-01-06 15:26:21.337] Session 3 has 60 trials, requires 454s, 7.5s per trial.
[2019-01-06 15:26:22.338] Trying to open PTB window...
[easyPTB Info] Using 14.0 inch screen with PPI=157.8


PTB-INFO: This is Psychtoolbox-3 for Microsoft Windows, under Matlab 64-Bit (Version 3.0.14 - Build date: Oct  3 2017).
PTB-INFO: Support status on this operating system release: Windows version 10.0 supported and tested to some limited degree.
PTB-INFO: Type 'PsychtoolboxVersion' for more detailed version information.
PTB-INFO: Most parts of the Psychtoolbox distribution are licensed to you under terms of the MIT License, with
PTB-INFO: some restrictions. See file 'License.txt' in the Psychtoolbox root folder for the exact licensing conditions.

PTB-INFO: The detected endline of the vertical blank interval is equal or lower than the startline. This indicates
PTB-INFO: that i couldn't detect the duration of the vertical blank interval and won't be able to correct timestamps
PTB-INFO: for it. This will introduce a very small and constant offset (typically << 1 msec). Read 'help BeampositionQueries'
PTB-INFO: for how to correct this, should you really require that last few microseconds of precision.
PTB-INFO: Btw. this can also mean that your systems beamposition queries are slightly broken. It may help timing precision to
PTB-INFO: enable the beamposition workaround, as explained in 'help ConserveVRAMSettings', section 'kPsychUseBeampositionQueryWorkaround'.


PTB-INFO: OpenGL-Renderer is NVIDIA Corporation :: GeForce 940MX/PCIe/SSE2 :: 4.6.0 NVIDIA 391.25
PTB-INFO: VBL startline = 1080 , VBL Endline = 1080
PTB-INFO: Measured monitor refresh interval from beamposition = 16.658839 ms [60.028194 Hz].
PTB-INFO: Will use beamposition query for accurate Flip time stamping.
PTB-INFO: Measured monitor refresh interval from VBLsync = 16.667096 ms [59.998454 Hz]. (50 valid samples taken, stddev=0.160695 ms.)
PTB-INFO: Reported monitor refresh interval from operating system = 16.666667 ms [60.000000 Hz].
PTB-INFO: Small deviations between reported values are normal and no reason to worry.
PTB-INFO: Anti-Aliasing with 8 samples per pixel enabled.
PTB-INFO: ==============================================================================================================================
PTB-INFO: WINDOWS DWM DESKTOP COMPOSITOR IS ACTIVE. On this Windows-10 or later system, Psychtoolbox can no longer reliably detect if
PTB-INFO: this will cause trouble for timing and integrity of visual stimuli or not. You might be just fine, or you could be in trouble.
PTB-INFO: Use external measurement equipment and independent procedures to verify reliability of timing if you care about proper timing.
PTB-INFO: ==============================================================================================================================
[2019-01-06 15:26:25.499] PTB window opened.
[2019-01-06 15:26:25.628] Preparation slide displayed.
[2019-01-06 15:26:28.810] fMRI trigger recieved. 0 secs before recording, 2 secs before task.
                          time stamp 86120.5930731182, Flip delay: 0.0167292795.
[2019-01-06 15:31:59.793] 60 trials finished in 329s.
         icoh: 20
      session: 3
      lastcoh: 8
    recentcoh: 7.4000
[2019-01-06 15:32:02.331] This session completes at 06-Jan-2019 15:32:01, 333.003s after session start, 329s on 60 trials, totally 340.491s, correctness is 53.333%.


corr_isc_conf: 0.1287

AUC: 0.5698
[2019-01-06 15:32:02.375] MetaTwins_RDMsc_training ends at 06-Jan-2019 15:32:02(737431.6472497106), totally 5min41.07s passed.



